[0.068s] DEBUG:colcon:Command line arguments: ['/usr/bin/colcon', 'build']
[0.068s] DEBUG:colcon:Parsed command line arguments: Namespace(log_base=None, log_level=None, verb_name='build', build_base='build', install_base='install', merge_install=False, symlink_install=False, test_result_base=None, continue_on_error=False, executor='parallel', parallel_workers=8, event_handlers=None, ignore_user_meta=False, metas=['./colcon.meta'], base_paths=['.'], packages_ignore=None, packages_ignore_regex=None, paths=None, packages_up_to=None, packages_up_to_regex=None, packages_above=None, packages_above_and_dependencies=None, packages_above_depth=None, packages_select_by_dep=None, packages_skip_by_dep=None, packages_skip_up_to=None, packages_select_build_failed=False, packages_skip_build_finished=False, packages_select_test_failures=False, packages_skip_test_passed=False, packages_select=None, packages_skip=None, packages_select_regex=None, packages_skip_regex=None, packages_start=None, packages_end=None, allow_overriding=[], cmake_args=None, cmake_target=None, cmake_target_skip_unavailable=False, cmake_clean_cache=False, cmake_clean_first=False, cmake_force_configure=False, ament_cmake_args=None, catkin_cmake_args=None, catkin_skip_building_tests=False, verb_parser=<colcon_defaults.argument_parser.defaults.DefaultArgumentsDecorator object at 0x7e76e9784170>, verb_extension=<colcon_core.verb.build.BuildVerb object at 0x7e76e975bfb0>, main=<bound method BuildVerb.main of <colcon_core.verb.build.BuildVerb object at 0x7e76e975bfb0>>)
[0.093s] Level 1:colcon.colcon_core.package_discovery:discover_packages(colcon_meta) check parameters
[0.093s] Level 1:colcon.colcon_core.package_discovery:discover_packages(recursive) check parameters
[0.093s] Level 1:colcon.colcon_core.package_discovery:discover_packages(ignore) check parameters
[0.093s] Level 1:colcon.colcon_core.package_discovery:discover_packages(path) check parameters
[0.093s] Level 1:colcon.colcon_core.package_discovery:discover_packages(colcon_meta) discover
[0.093s] Level 1:colcon.colcon_core.package_discovery:discover_packages(recursive) discover
[0.093s] INFO:colcon.colcon_core.package_discovery:Crawling recursively for packages in '/home/ivan/Desktop/Unicamp/IvanUnicamp/Disciplinas/IM_420_Sistemas_Embarcados_de_Tempo_Real/Trabalho/microros_ros/banana'
[0.093s] Level 1:colcon.colcon_core.package_identification:_identify(.) by extensions ['ignore', 'ignore_ament_install']
[0.093s] Level 1:colcon.colcon_core.package_identification:_identify(.) by extension 'ignore'
[0.094s] Level 1:colcon.colcon_core.package_identification:_identify(.) by extension 'ignore_ament_install'
[0.094s] Level 1:colcon.colcon_core.package_identification:_identify(.) by extensions ['colcon_pkg']
[0.094s] Level 1:colcon.colcon_core.package_identification:_identify(.) by extension 'colcon_pkg'
[0.094s] Level 1:colcon.colcon_core.package_identification:_identify(.) by extensions ['colcon_meta']
[0.094s] Level 1:colcon.colcon_core.package_identification:_identify(.) by extension 'colcon_meta'
[0.094s] Level 1:colcon.colcon_core.package_identification:_identify(.) by extensions ['ros']
[0.094s] Level 1:colcon.colcon_core.package_identification:_identify(.) by extension 'ros'
[0.110s] Level 1:colcon.colcon_core.package_identification:_identify(.) by extensions ['cmake', 'python']
[0.110s] Level 1:colcon.colcon_core.package_identification:_identify(.) by extension 'cmake'
[0.111s] Level 1:colcon.colcon_core.package_identification:_identify(.) by extension 'python'
[0.111s] Level 1:colcon.colcon_core.package_identification:_identify(.) by extensions ['python_setup_py']
[0.111s] Level 1:colcon.colcon_core.package_identification:_identify(.) by extension 'python_setup_py'
[0.111s] Level 1:colcon.colcon_core.package_identification:_identify(build) by extensions ['ignore', 'ignore_ament_install']
[0.111s] Level 1:colcon.colcon_core.package_identification:_identify(build) by extension 'ignore'
[0.111s] Level 1:colcon.colcon_core.package_identification:_identify(build) ignored
[0.111s] Level 1:colcon.colcon_core.package_identification:_identify(install) by extensions ['ignore', 'ignore_ament_install']
[0.111s] Level 1:colcon.colcon_core.package_identification:_identify(install) by extension 'ignore'
[0.111s] Level 1:colcon.colcon_core.package_identification:_identify(install) ignored
[0.111s] Level 1:colcon.colcon_core.package_identification:_identify(log) by extensions ['ignore', 'ignore_ament_install']
[0.111s] Level 1:colcon.colcon_core.package_identification:_identify(log) by extension 'ignore'
[0.111s] Level 1:colcon.colcon_core.package_identification:_identify(log) ignored
[0.111s] Level 1:colcon.colcon_core.package_identification:_identify(src) by extensions ['ignore', 'ignore_ament_install']
[0.111s] Level 1:colcon.colcon_core.package_identification:_identify(src) by extension 'ignore'
[0.111s] Level 1:colcon.colcon_core.package_identification:_identify(src) by extension 'ignore_ament_install'
[0.111s] Level 1:colcon.colcon_core.package_identification:_identify(src) by extensions ['colcon_pkg']
[0.111s] Level 1:colcon.colcon_core.package_identification:_identify(src) by extension 'colcon_pkg'
[0.111s] Level 1:colcon.colcon_core.package_identification:_identify(src) by extensions ['colcon_meta']
[0.111s] Level 1:colcon.colcon_core.package_identification:_identify(src) by extension 'colcon_meta'
[0.111s] Level 1:colcon.colcon_core.package_identification:_identify(src) by extensions ['ros']
[0.111s] Level 1:colcon.colcon_core.package_identification:_identify(src) by extension 'ros'
[0.111s] Level 1:colcon.colcon_core.package_identification:_identify(src) by extensions ['cmake', 'python']
[0.111s] Level 1:colcon.colcon_core.package_identification:_identify(src) by extension 'cmake'
[0.111s] Level 1:colcon.colcon_core.package_identification:_identify(src) by extension 'python'
[0.111s] Level 1:colcon.colcon_core.package_identification:_identify(src) by extensions ['python_setup_py']
[0.111s] Level 1:colcon.colcon_core.package_identification:_identify(src) by extension 'python_setup_py'
[0.111s] Level 1:colcon.colcon_core.package_identification:_identify(src/micro_ros_setup) by extensions ['ignore', 'ignore_ament_install']
[0.112s] Level 1:colcon.colcon_core.package_identification:_identify(src/micro_ros_setup) by extension 'ignore'
[0.112s] Level 1:colcon.colcon_core.package_identification:_identify(src/micro_ros_setup) by extension 'ignore_ament_install'
[0.112s] Level 1:colcon.colcon_core.package_identification:_identify(src/micro_ros_setup) by extensions ['colcon_pkg']
[0.112s] Level 1:colcon.colcon_core.package_identification:_identify(src/micro_ros_setup) by extension 'colcon_pkg'
[0.112s] Level 1:colcon.colcon_core.package_identification:_identify(src/micro_ros_setup) by extensions ['colcon_meta']
[0.112s] Level 1:colcon.colcon_core.package_identification:_identify(src/micro_ros_setup) by extension 'colcon_meta'
[0.112s] Level 1:colcon.colcon_core.package_identification:_identify(src/micro_ros_setup) by extensions ['ros']
[0.112s] Level 1:colcon.colcon_core.package_identification:_identify(src/micro_ros_setup) by extension 'ros'
[0.114s] DEBUG:colcon.colcon_core.package_identification:Package 'src/micro_ros_setup' with type 'ros.ament_cmake' and name 'micro_ros_setup'
[0.114s] Level 1:colcon.colcon_core.package_identification:_identify(src/uros) by extensions ['ignore', 'ignore_ament_install']
[0.114s] Level 1:colcon.colcon_core.package_identification:_identify(src/uros) by extension 'ignore'
[0.114s] Level 1:colcon.colcon_core.package_identification:_identify(src/uros) by extension 'ignore_ament_install'
[0.114s] Level 1:colcon.colcon_core.package_identification:_identify(src/uros) by extensions ['colcon_pkg']
[0.114s] Level 1:colcon.colcon_core.package_identification:_identify(src/uros) by extension 'colcon_pkg'
[0.114s] Level 1:colcon.colcon_core.package_identification:_identify(src/uros) by extensions ['colcon_meta']
[0.114s] Level 1:colcon.colcon_core.package_identification:_identify(src/uros) by extension 'colcon_meta'
[0.114s] Level 1:colcon.colcon_core.package_identification:_identify(src/uros) by extensions ['ros']
[0.114s] Level 1:colcon.colcon_core.package_identification:_identify(src/uros) by extension 'ros'
[0.114s] Level 1:colcon.colcon_core.package_identification:_identify(src/uros) by extensions ['cmake', 'python']
[0.114s] Level 1:colcon.colcon_core.package_identification:_identify(src/uros) by extension 'cmake'
[0.114s] Level 1:colcon.colcon_core.package_identification:_identify(src/uros) by extension 'python'
[0.114s] Level 1:colcon.colcon_core.package_identification:_identify(src/uros) by extensions ['python_setup_py']
[0.114s] Level 1:colcon.colcon_core.package_identification:_identify(src/uros) by extension 'python_setup_py'
[0.114s] Level 1:colcon.colcon_core.package_identification:_identify(src/uros/drive_base) by extensions ['ignore', 'ignore_ament_install']
[0.114s] Level 1:colcon.colcon_core.package_identification:_identify(src/uros/drive_base) by extension 'ignore'
[0.114s] Level 1:colcon.colcon_core.package_identification:_identify(src/uros/drive_base) by extension 'ignore_ament_install'
[0.114s] Level 1:colcon.colcon_core.package_identification:_identify(src/uros/drive_base) by extensions ['colcon_pkg']
[0.114s] Level 1:colcon.colcon_core.package_identification:_identify(src/uros/drive_base) by extension 'colcon_pkg'
[0.114s] Level 1:colcon.colcon_core.package_identification:_identify(src/uros/drive_base) by extensions ['colcon_meta']
[0.114s] Level 1:colcon.colcon_core.package_identification:_identify(src/uros/drive_base) by extension 'colcon_meta'
[0.114s] Level 1:colcon.colcon_core.package_identification:_identify(src/uros/drive_base) by extensions ['ros']
[0.115s] Level 1:colcon.colcon_core.package_identification:_identify(src/uros/drive_base) by extension 'ros'
[0.115s] Level 1:colcon.colcon_core.package_identification:_identify(src/uros/drive_base) by extensions ['cmake', 'python']
[0.115s] Level 1:colcon.colcon_core.package_identification:_identify(src/uros/drive_base) by extension 'cmake'
[0.115s] Level 1:colcon.colcon_core.package_identification:_identify(src/uros/drive_base) by extension 'python'
[0.115s] Level 1:colcon.colcon_core.package_identification:_identify(src/uros/drive_base) by extensions ['python_setup_py']
[0.115s] Level 1:colcon.colcon_core.package_identification:_identify(src/uros/drive_base) by extension 'python_setup_py'
[0.115s] Level 1:colcon.colcon_core.package_identification:_identify(src/uros/drive_base/drive_base_msgs) by extensions ['ignore', 'ignore_ament_install']
[0.115s] Level 1:colcon.colcon_core.package_identification:_identify(src/uros/drive_base/drive_base_msgs) by extension 'ignore'
[0.115s] Level 1:colcon.colcon_core.package_identification:_identify(src/uros/drive_base/drive_base_msgs) by extension 'ignore_ament_install'
[0.115s] Level 1:colcon.colcon_core.package_identification:_identify(src/uros/drive_base/drive_base_msgs) by extensions ['colcon_pkg']
[0.115s] Level 1:colcon.colcon_core.package_identification:_identify(src/uros/drive_base/drive_base_msgs) by extension 'colcon_pkg'
[0.115s] Level 1:colcon.colcon_core.package_identification:_identify(src/uros/drive_base/drive_base_msgs) by extensions ['colcon_meta']
[0.115s] Level 1:colcon.colcon_core.package_identification:_identify(src/uros/drive_base/drive_base_msgs) by extension 'colcon_meta'
[0.115s] Level 1:colcon.colcon_core.package_identification:_identify(src/uros/drive_base/drive_base_msgs) by extensions ['ros']
[0.115s] Level 1:colcon.colcon_core.package_identification:_identify(src/uros/drive_base/drive_base_msgs) by extension 'ros'
[0.116s] DEBUG:colcon.colcon_core.package_identification:Package 'src/uros/drive_base/drive_base_msgs' with type 'ros.ament_cmake' and name 'drive_base_msgs'
[0.116s] Level 1:colcon.colcon_core.package_identification:_identify(src/uros/micro-ROS-Agent) by extensions ['ignore', 'ignore_ament_install']
[0.116s] Level 1:colcon.colcon_core.package_identification:_identify(src/uros/micro-ROS-Agent) by extension 'ignore'
[0.116s] Level 1:colcon.colcon_core.package_identification:_identify(src/uros/micro-ROS-Agent) by extension 'ignore_ament_install'
[0.116s] Level 1:colcon.colcon_core.package_identification:_identify(src/uros/micro-ROS-Agent) by extensions ['colcon_pkg']
[0.116s] Level 1:colcon.colcon_core.package_identification:_identify(src/uros/micro-ROS-Agent) by extension 'colcon_pkg'
[0.116s] Level 1:colcon.colcon_core.package_identification:_identify(src/uros/micro-ROS-Agent) by extensions ['colcon_meta']
[0.116s] Level 1:colcon.colcon_core.package_identification:_identify(src/uros/micro-ROS-Agent) by extension 'colcon_meta'
[0.116s] Level 1:colcon.colcon_core.package_identification:_identify(src/uros/micro-ROS-Agent) by extensions ['ros']
[0.116s] Level 1:colcon.colcon_core.package_identification:_identify(src/uros/micro-ROS-Agent) by extension 'ros'
[0.116s] Level 1:colcon.colcon_core.package_identification:_identify(src/uros/micro-ROS-Agent) by extensions ['cmake', 'python']
[0.116s] Level 1:colcon.colcon_core.package_identification:_identify(src/uros/micro-ROS-Agent) by extension 'cmake'
[0.116s] Level 1:colcon.colcon_core.package_identification:_identify(src/uros/micro-ROS-Agent) by extension 'python'
[0.116s] Level 1:colcon.colcon_core.package_identification:_identify(src/uros/micro-ROS-Agent) by extensions ['python_setup_py']
[0.116s] Level 1:colcon.colcon_core.package_identification:_identify(src/uros/micro-ROS-Agent) by extension 'python_setup_py'
[0.116s] Level 1:colcon.colcon_core.package_identification:_identify(src/uros/micro-ROS-Agent/micro_ros_agent) by extensions ['ignore', 'ignore_ament_install']
[0.117s] Level 1:colcon.colcon_core.package_identification:_identify(src/uros/micro-ROS-Agent/micro_ros_agent) by extension 'ignore'
[0.117s] Level 1:colcon.colcon_core.package_identification:_identify(src/uros/micro-ROS-Agent/micro_ros_agent) by extension 'ignore_ament_install'
[0.117s] Level 1:colcon.colcon_core.package_identification:_identify(src/uros/micro-ROS-Agent/micro_ros_agent) by extensions ['colcon_pkg']
[0.117s] Level 1:colcon.colcon_core.package_identification:_identify(src/uros/micro-ROS-Agent/micro_ros_agent) by extension 'colcon_pkg'
[0.117s] Level 1:colcon.colcon_core.package_identification:_identify(src/uros/micro-ROS-Agent/micro_ros_agent) by extensions ['colcon_meta']
[0.117s] Level 1:colcon.colcon_core.package_identification:_identify(src/uros/micro-ROS-Agent/micro_ros_agent) by extension 'colcon_meta'
[0.117s] Level 1:colcon.colcon_core.package_identification:_identify(src/uros/micro-ROS-Agent/micro_ros_agent) by extensions ['ros']
[0.117s] Level 1:colcon.colcon_core.package_identification:_identify(src/uros/micro-ROS-Agent/micro_ros_agent) by extension 'ros'
[0.117s] DEBUG:colcon.colcon_core.package_identification:Package 'src/uros/micro-ROS-Agent/micro_ros_agent' with type 'ros.ament_cmake' and name 'micro_ros_agent'
[0.117s] Level 1:colcon.colcon_core.package_identification:_identify(src/uros/micro-ROS-Agent/snap) by extensions ['ignore', 'ignore_ament_install']
[0.118s] Level 1:colcon.colcon_core.package_identification:_identify(src/uros/micro-ROS-Agent/snap) by extension 'ignore'
[0.118s] Level 1:colcon.colcon_core.package_identification:_identify(src/uros/micro-ROS-Agent/snap) by extension 'ignore_ament_install'
[0.118s] Level 1:colcon.colcon_core.package_identification:_identify(src/uros/micro-ROS-Agent/snap) by extensions ['colcon_pkg']
[0.118s] Level 1:colcon.colcon_core.package_identification:_identify(src/uros/micro-ROS-Agent/snap) by extension 'colcon_pkg'
[0.118s] Level 1:colcon.colcon_core.package_identification:_identify(src/uros/micro-ROS-Agent/snap) by extensions ['colcon_meta']
[0.118s] Level 1:colcon.colcon_core.package_identification:_identify(src/uros/micro-ROS-Agent/snap) by extension 'colcon_meta'
[0.118s] Level 1:colcon.colcon_core.package_identification:_identify(src/uros/micro-ROS-Agent/snap) by extensions ['ros']
[0.118s] Level 1:colcon.colcon_core.package_identification:_identify(src/uros/micro-ROS-Agent/snap) by extension 'ros'
[0.118s] Level 1:colcon.colcon_core.package_identification:_identify(src/uros/micro-ROS-Agent/snap) by extensions ['cmake', 'python']
[0.118s] Level 1:colcon.colcon_core.package_identification:_identify(src/uros/micro-ROS-Agent/snap) by extension 'cmake'
[0.118s] Level 1:colcon.colcon_core.package_identification:_identify(src/uros/micro-ROS-Agent/snap) by extension 'python'
[0.118s] Level 1:colcon.colcon_core.package_identification:_identify(src/uros/micro-ROS-Agent/snap) by extensions ['python_setup_py']
[0.118s] Level 1:colcon.colcon_core.package_identification:_identify(src/uros/micro-ROS-Agent/snap) by extension 'python_setup_py'
[0.118s] Level 1:colcon.colcon_core.package_identification:_identify(src/uros/micro-ROS-Agent/snap/hooks) by extensions ['ignore', 'ignore_ament_install']
[0.118s] Level 1:colcon.colcon_core.package_identification:_identify(src/uros/micro-ROS-Agent/snap/hooks) by extension 'ignore'
[0.118s] Level 1:colcon.colcon_core.package_identification:_identify(src/uros/micro-ROS-Agent/snap/hooks) by extension 'ignore_ament_install'
[0.118s] Level 1:colcon.colcon_core.package_identification:_identify(src/uros/micro-ROS-Agent/snap/hooks) by extensions ['colcon_pkg']
[0.118s] Level 1:colcon.colcon_core.package_identification:_identify(src/uros/micro-ROS-Agent/snap/hooks) by extension 'colcon_pkg'
[0.118s] Level 1:colcon.colcon_core.package_identification:_identify(src/uros/micro-ROS-Agent/snap/hooks) by extensions ['colcon_meta']
[0.118s] Level 1:colcon.colcon_core.package_identification:_identify(src/uros/micro-ROS-Agent/snap/hooks) by extension 'colcon_meta'
[0.118s] Level 1:colcon.colcon_core.package_identification:_identify(src/uros/micro-ROS-Agent/snap/hooks) by extensions ['ros']
[0.119s] Level 1:colcon.colcon_core.package_identification:_identify(src/uros/micro-ROS-Agent/snap/hooks) by extension 'ros'
[0.119s] Level 1:colcon.colcon_core.package_identification:_identify(src/uros/micro-ROS-Agent/snap/hooks) by extensions ['cmake', 'python']
[0.119s] Level 1:colcon.colcon_core.package_identification:_identify(src/uros/micro-ROS-Agent/snap/hooks) by extension 'cmake'
[0.119s] Level 1:colcon.colcon_core.package_identification:_identify(src/uros/micro-ROS-Agent/snap/hooks) by extension 'python'
[0.119s] Level 1:colcon.colcon_core.package_identification:_identify(src/uros/micro-ROS-Agent/snap/hooks) by extensions ['python_setup_py']
[0.119s] Level 1:colcon.colcon_core.package_identification:_identify(src/uros/micro-ROS-Agent/snap/hooks) by extension 'python_setup_py'
[0.119s] Level 1:colcon.colcon_core.package_identification:_identify(src/uros/micro-ROS-Agent/snap/local) by extensions ['ignore', 'ignore_ament_install']
[0.119s] Level 1:colcon.colcon_core.package_identification:_identify(src/uros/micro-ROS-Agent/snap/local) by extension 'ignore'
[0.119s] Level 1:colcon.colcon_core.package_identification:_identify(src/uros/micro-ROS-Agent/snap/local) by extension 'ignore_ament_install'
[0.119s] Level 1:colcon.colcon_core.package_identification:_identify(src/uros/micro-ROS-Agent/snap/local) by extensions ['colcon_pkg']
[0.119s] Level 1:colcon.colcon_core.package_identification:_identify(src/uros/micro-ROS-Agent/snap/local) by extension 'colcon_pkg'
[0.119s] Level 1:colcon.colcon_core.package_identification:_identify(src/uros/micro-ROS-Agent/snap/local) by extensions ['colcon_meta']
[0.119s] Level 1:colcon.colcon_core.package_identification:_identify(src/uros/micro-ROS-Agent/snap/local) by extension 'colcon_meta'
[0.119s] Level 1:colcon.colcon_core.package_identification:_identify(src/uros/micro-ROS-Agent/snap/local) by extensions ['ros']
[0.119s] Level 1:colcon.colcon_core.package_identification:_identify(src/uros/micro-ROS-Agent/snap/local) by extension 'ros'
[0.119s] Level 1:colcon.colcon_core.package_identification:_identify(src/uros/micro-ROS-Agent/snap/local) by extensions ['cmake', 'python']
[0.119s] Level 1:colcon.colcon_core.package_identification:_identify(src/uros/micro-ROS-Agent/snap/local) by extension 'cmake'
[0.119s] Level 1:colcon.colcon_core.package_identification:_identify(src/uros/micro-ROS-Agent/snap/local) by extension 'python'
[0.119s] Level 1:colcon.colcon_core.package_identification:_identify(src/uros/micro-ROS-Agent/snap/local) by extensions ['python_setup_py']
[0.119s] Level 1:colcon.colcon_core.package_identification:_identify(src/uros/micro-ROS-Agent/snap/local) by extension 'python_setup_py'
[0.119s] Level 1:colcon.colcon_core.package_identification:_identify(src/uros/micro_ros_msgs) by extensions ['ignore', 'ignore_ament_install']
[0.120s] Level 1:colcon.colcon_core.package_identification:_identify(src/uros/micro_ros_msgs) by extension 'ignore'
[0.120s] Level 1:colcon.colcon_core.package_identification:_identify(src/uros/micro_ros_msgs) by extension 'ignore_ament_install'
[0.120s] Level 1:colcon.colcon_core.package_identification:_identify(src/uros/micro_ros_msgs) by extensions ['colcon_pkg']
[0.120s] Level 1:colcon.colcon_core.package_identification:_identify(src/uros/micro_ros_msgs) by extension 'colcon_pkg'
[0.120s] Level 1:colcon.colcon_core.package_identification:_identify(src/uros/micro_ros_msgs) by extensions ['colcon_meta']
[0.120s] Level 1:colcon.colcon_core.package_identification:_identify(src/uros/micro_ros_msgs) by extension 'colcon_meta'
[0.120s] Level 1:colcon.colcon_core.package_identification:_identify(src/uros/micro_ros_msgs) by extensions ['ros']
[0.120s] Level 1:colcon.colcon_core.package_identification:_identify(src/uros/micro_ros_msgs) by extension 'ros'
[0.120s] DEBUG:colcon.colcon_core.package_identification:Package 'src/uros/micro_ros_msgs' with type 'ros.ament_cmake' and name 'micro_ros_msgs'
[0.120s] Level 1:colcon.colcon_core.package_discovery:discover_packages(recursive) using defaults
[0.120s] Level 1:colcon.colcon_core.package_discovery:discover_packages(ignore) discover
[0.120s] Level 1:colcon.colcon_core.package_discovery:discover_packages(ignore) using defaults
[0.120s] Level 1:colcon.colcon_core.package_discovery:discover_packages(path) discover
[0.120s] Level 1:colcon.colcon_core.package_discovery:discover_packages(path) using defaults
[0.132s] Level 1:colcon.colcon_core.package_discovery:discover_packages(prefix_path) check parameters
[0.132s] Level 1:colcon.colcon_core.package_discovery:discover_packages(prefix_path) discover
[0.134s] DEBUG:colcon.colcon_installed_package_information.package_discovery:Found 346 installed packages in /opt/ros/jazzy
[0.135s] Level 1:colcon.colcon_core.package_discovery:discover_packages(prefix_path) using defaults
[0.168s] Level 5:colcon.colcon_core.verb:set package 'drive_base_msgs' build argument 'cmake_args' from command line to 'None'
[0.168s] Level 5:colcon.colcon_core.verb:set package 'drive_base_msgs' build argument 'cmake_target' from command line to 'None'
[0.168s] Level 5:colcon.colcon_core.verb:set package 'drive_base_msgs' build argument 'cmake_target_skip_unavailable' from command line to 'False'
[0.168s] Level 5:colcon.colcon_core.verb:set package 'drive_base_msgs' build argument 'cmake_clean_cache' from command line to 'False'
[0.168s] Level 5:colcon.colcon_core.verb:set package 'drive_base_msgs' build argument 'cmake_clean_first' from command line to 'False'
[0.168s] Level 5:colcon.colcon_core.verb:set package 'drive_base_msgs' build argument 'cmake_force_configure' from command line to 'False'
[0.168s] Level 5:colcon.colcon_core.verb:set package 'drive_base_msgs' build argument 'ament_cmake_args' from command line to 'None'
[0.168s] Level 5:colcon.colcon_core.verb:set package 'drive_base_msgs' build argument 'catkin_cmake_args' from command line to 'None'
[0.168s] Level 5:colcon.colcon_core.verb:set package 'drive_base_msgs' build argument 'catkin_skip_building_tests' from command line to 'False'
[0.168s] DEBUG:colcon.colcon_core.verb:Building package 'drive_base_msgs' with the following arguments: {'ament_cmake_args': None, 'build_base': '/home/ivan/Desktop/Unicamp/IvanUnicamp/Disciplinas/IM_420_Sistemas_Embarcados_de_Tempo_Real/Trabalho/microros_ros/banana/build/drive_base_msgs', 'catkin_cmake_args': None, 'catkin_skip_building_tests': False, 'cmake_args': None, 'cmake_clean_cache': False, 'cmake_clean_first': False, 'cmake_force_configure': False, 'cmake_target': None, 'cmake_target_skip_unavailable': False, 'install_base': '/home/ivan/Desktop/Unicamp/IvanUnicamp/Disciplinas/IM_420_Sistemas_Embarcados_de_Tempo_Real/Trabalho/microros_ros/banana/install/drive_base_msgs', 'merge_install': False, 'path': '/home/ivan/Desktop/Unicamp/IvanUnicamp/Disciplinas/IM_420_Sistemas_Embarcados_de_Tempo_Real/Trabalho/microros_ros/banana/src/uros/drive_base/drive_base_msgs', 'symlink_install': False, 'test_result_base': None}
[0.168s] Level 5:colcon.colcon_core.verb:set package 'micro_ros_msgs' build argument 'cmake_args' from command line to 'None'
[0.168s] Level 5:colcon.colcon_core.verb:set package 'micro_ros_msgs' build argument 'cmake_target' from command line to 'None'
[0.168s] Level 5:colcon.colcon_core.verb:set package 'micro_ros_msgs' build argument 'cmake_target_skip_unavailable' from command line to 'False'
[0.168s] Level 5:colcon.colcon_core.verb:set package 'micro_ros_msgs' build argument 'cmake_clean_cache' from command line to 'False'
[0.168s] Level 5:colcon.colcon_core.verb:set package 'micro_ros_msgs' build argument 'cmake_clean_first' from command line to 'False'
[0.168s] Level 5:colcon.colcon_core.verb:set package 'micro_ros_msgs' build argument 'cmake_force_configure' from command line to 'False'
[0.168s] Level 5:colcon.colcon_core.verb:set package 'micro_ros_msgs' build argument 'ament_cmake_args' from command line to 'None'
[0.168s] Level 5:colcon.colcon_core.verb:set package 'micro_ros_msgs' build argument 'catkin_cmake_args' from command line to 'None'
[0.168s] Level 5:colcon.colcon_core.verb:set package 'micro_ros_msgs' build argument 'catkin_skip_building_tests' from command line to 'False'
[0.168s] DEBUG:colcon.colcon_core.verb:Building package 'micro_ros_msgs' with the following arguments: {'ament_cmake_args': None, 'build_base': '/home/ivan/Desktop/Unicamp/IvanUnicamp/Disciplinas/IM_420_Sistemas_Embarcados_de_Tempo_Real/Trabalho/microros_ros/banana/build/micro_ros_msgs', 'catkin_cmake_args': None, 'catkin_skip_building_tests': False, 'cmake_args': None, 'cmake_clean_cache': False, 'cmake_clean_first': False, 'cmake_force_configure': False, 'cmake_target': None, 'cmake_target_skip_unavailable': False, 'install_base': '/home/ivan/Desktop/Unicamp/IvanUnicamp/Disciplinas/IM_420_Sistemas_Embarcados_de_Tempo_Real/Trabalho/microros_ros/banana/install/micro_ros_msgs', 'merge_install': False, 'path': '/home/ivan/Desktop/Unicamp/IvanUnicamp/Disciplinas/IM_420_Sistemas_Embarcados_de_Tempo_Real/Trabalho/microros_ros/banana/src/uros/micro_ros_msgs', 'symlink_install': False, 'test_result_base': None}
[0.169s] Level 5:colcon.colcon_core.verb:set package 'micro_ros_setup' build argument 'cmake_args' from command line to 'None'
[0.169s] Level 5:colcon.colcon_core.verb:set package 'micro_ros_setup' build argument 'cmake_target' from command line to 'None'
[0.169s] Level 5:colcon.colcon_core.verb:set package 'micro_ros_setup' build argument 'cmake_target_skip_unavailable' from command line to 'False'
[0.169s] Level 5:colcon.colcon_core.verb:set package 'micro_ros_setup' build argument 'cmake_clean_cache' from command line to 'False'
[0.169s] Level 5:colcon.colcon_core.verb:set package 'micro_ros_setup' build argument 'cmake_clean_first' from command line to 'False'
[0.169s] Level 5:colcon.colcon_core.verb:set package 'micro_ros_setup' build argument 'cmake_force_configure' from command line to 'False'
[0.169s] Level 5:colcon.colcon_core.verb:set package 'micro_ros_setup' build argument 'ament_cmake_args' from command line to 'None'
[0.169s] Level 5:colcon.colcon_core.verb:set package 'micro_ros_setup' build argument 'catkin_cmake_args' from command line to 'None'
[0.169s] Level 5:colcon.colcon_core.verb:set package 'micro_ros_setup' build argument 'catkin_skip_building_tests' from command line to 'False'
[0.169s] DEBUG:colcon.colcon_core.verb:Building package 'micro_ros_setup' with the following arguments: {'ament_cmake_args': None, 'build_base': '/home/ivan/Desktop/Unicamp/IvanUnicamp/Disciplinas/IM_420_Sistemas_Embarcados_de_Tempo_Real/Trabalho/microros_ros/banana/build/micro_ros_setup', 'catkin_cmake_args': None, 'catkin_skip_building_tests': False, 'cmake_args': None, 'cmake_clean_cache': False, 'cmake_clean_first': False, 'cmake_force_configure': False, 'cmake_target': None, 'cmake_target_skip_unavailable': False, 'install_base': '/home/ivan/Desktop/Unicamp/IvanUnicamp/Disciplinas/IM_420_Sistemas_Embarcados_de_Tempo_Real/Trabalho/microros_ros/banana/install/micro_ros_setup', 'merge_install': False, 'path': '/home/ivan/Desktop/Unicamp/IvanUnicamp/Disciplinas/IM_420_Sistemas_Embarcados_de_Tempo_Real/Trabalho/microros_ros/banana/src/micro_ros_setup', 'symlink_install': False, 'test_result_base': None}
[0.169s] Level 5:colcon.colcon_core.verb:set package 'micro_ros_agent' build argument 'cmake_args' from command line to 'None'
[0.169s] Level 5:colcon.colcon_core.verb:set package 'micro_ros_agent' build argument 'cmake_target' from command line to 'None'
[0.169s] Level 5:colcon.colcon_core.verb:set package 'micro_ros_agent' build argument 'cmake_target_skip_unavailable' from command line to 'False'
[0.169s] Level 5:colcon.colcon_core.verb:set package 'micro_ros_agent' build argument 'cmake_clean_cache' from command line to 'False'
[0.169s] Level 5:colcon.colcon_core.verb:set package 'micro_ros_agent' build argument 'cmake_clean_first' from command line to 'False'
[0.169s] Level 5:colcon.colcon_core.verb:set package 'micro_ros_agent' build argument 'cmake_force_configure' from command line to 'False'
[0.169s] Level 5:colcon.colcon_core.verb:set package 'micro_ros_agent' build argument 'ament_cmake_args' from command line to 'None'
[0.169s] Level 5:colcon.colcon_core.verb:set package 'micro_ros_agent' build argument 'catkin_cmake_args' from command line to 'None'
[0.169s] Level 5:colcon.colcon_core.verb:set package 'micro_ros_agent' build argument 'catkin_skip_building_tests' from command line to 'False'
[0.169s] DEBUG:colcon.colcon_core.verb:Building package 'micro_ros_agent' with the following arguments: {'ament_cmake_args': None, 'build_base': '/home/ivan/Desktop/Unicamp/IvanUnicamp/Disciplinas/IM_420_Sistemas_Embarcados_de_Tempo_Real/Trabalho/microros_ros/banana/build/micro_ros_agent', 'catkin_cmake_args': None, 'catkin_skip_building_tests': False, 'cmake_args': None, 'cmake_clean_cache': False, 'cmake_clean_first': False, 'cmake_force_configure': False, 'cmake_target': None, 'cmake_target_skip_unavailable': False, 'install_base': '/home/ivan/Desktop/Unicamp/IvanUnicamp/Disciplinas/IM_420_Sistemas_Embarcados_de_Tempo_Real/Trabalho/microros_ros/banana/install/micro_ros_agent', 'merge_install': False, 'path': '/home/ivan/Desktop/Unicamp/IvanUnicamp/Disciplinas/IM_420_Sistemas_Embarcados_de_Tempo_Real/Trabalho/microros_ros/banana/src/uros/micro-ROS-Agent/micro_ros_agent', 'symlink_install': False, 'test_result_base': None}
[0.169s] INFO:colcon.colcon_core.executor:Executing jobs using 'parallel' executor
[0.170s] DEBUG:colcon.colcon_parallel_executor.executor.parallel:run_until_complete
[0.170s] INFO:colcon.colcon_ros.task.ament_cmake.build:Building ROS package in '/home/ivan/Desktop/Unicamp/IvanUnicamp/Disciplinas/IM_420_Sistemas_Embarcados_de_Tempo_Real/Trabalho/microros_ros/banana/src/uros/micro_ros_msgs' with build type 'ament_cmake'
[0.170s] INFO:colcon.colcon_cmake.task.cmake.build:Building CMake package in '/home/ivan/Desktop/Unicamp/IvanUnicamp/Disciplinas/IM_420_Sistemas_Embarcados_de_Tempo_Real/Trabalho/microros_ros/banana/src/uros/micro_ros_msgs'
[0.172s] INFO:colcon.colcon_core.plugin_system:Skipping extension 'colcon_core.shell.bat': Not used on non-Windows systems
[0.172s] INFO:colcon.colcon_core.shell:Skip shell extension 'powershell' for command environment: Not usable outside of PowerShell
[0.172s] DEBUG:colcon.colcon_core.shell:Skip shell extension 'dsv' for command environment
[0.175s] INFO:colcon.colcon_ros.task.ament_cmake.build:Building ROS package in '/home/ivan/Desktop/Unicamp/IvanUnicamp/Disciplinas/IM_420_Sistemas_Embarcados_de_Tempo_Real/Trabalho/microros_ros/banana/src/uros/drive_base/drive_base_msgs' with build type 'ament_cmake'
[0.175s] INFO:colcon.colcon_cmake.task.cmake.build:Building CMake package in '/home/ivan/Desktop/Unicamp/IvanUnicamp/Disciplinas/IM_420_Sistemas_Embarcados_de_Tempo_Real/Trabalho/microros_ros/banana/src/uros/drive_base/drive_base_msgs'
[0.175s] INFO:colcon.colcon_core.shell:Skip shell extension 'powershell' for command environment: Not usable outside of PowerShell
[0.175s] DEBUG:colcon.colcon_core.shell:Skip shell extension 'dsv' for command environment
[0.177s] INFO:colcon.colcon_ros.task.ament_cmake.build:Building ROS package in '/home/ivan/Desktop/Unicamp/IvanUnicamp/Disciplinas/IM_420_Sistemas_Embarcados_de_Tempo_Real/Trabalho/microros_ros/banana/src/micro_ros_setup' with build type 'ament_cmake'
[0.178s] INFO:colcon.colcon_cmake.task.cmake.build:Building CMake package in '/home/ivan/Desktop/Unicamp/IvanUnicamp/Disciplinas/IM_420_Sistemas_Embarcados_de_Tempo_Real/Trabalho/microros_ros/banana/src/micro_ros_setup'
[0.178s] INFO:colcon.colcon_core.shell:Skip shell extension 'powershell' for command environment: Not usable outside of PowerShell
[0.178s] DEBUG:colcon.colcon_core.shell:Skip shell extension 'dsv' for command environment
[0.183s] DEBUG:colcon.colcon_core.event_handler.log_command:Invoking command in '/home/ivan/Desktop/Unicamp/IvanUnicamp/Disciplinas/IM_420_Sistemas_Embarcados_de_Tempo_Real/Trabalho/microros_ros/banana/build/micro_ros_msgs': CMAKE_PREFIX_PATH=${CMAKE_PREFIX_PATH}:/opt/ros/jazzy DEBUGINFOD_URLS=https://debuginfod.ubuntu.com /usr/bin/cmake /home/ivan/Desktop/Unicamp/IvanUnicamp/Disciplinas/IM_420_Sistemas_Embarcados_de_Tempo_Real/Trabalho/microros_ros/banana/src/uros/micro_ros_msgs -DCMAKE_INSTALL_PREFIX=/home/ivan/Desktop/Unicamp/IvanUnicamp/Disciplinas/IM_420_Sistemas_Embarcados_de_Tempo_Real/Trabalho/microros_ros/banana/install/micro_ros_msgs
[0.185s] DEBUG:colcon.colcon_core.event_handler.log_command:Invoking command in '/home/ivan/Desktop/Unicamp/IvanUnicamp/Disciplinas/IM_420_Sistemas_Embarcados_de_Tempo_Real/Trabalho/microros_ros/banana/build/drive_base_msgs': CMAKE_PREFIX_PATH=${CMAKE_PREFIX_PATH}:/opt/ros/jazzy DEBUGINFOD_URLS=https://debuginfod.ubuntu.com /usr/bin/cmake /home/ivan/Desktop/Unicamp/IvanUnicamp/Disciplinas/IM_420_Sistemas_Embarcados_de_Tempo_Real/Trabalho/microros_ros/banana/src/uros/drive_base/drive_base_msgs -DCMAKE_INSTALL_PREFIX=/home/ivan/Desktop/Unicamp/IvanUnicamp/Disciplinas/IM_420_Sistemas_Embarcados_de_Tempo_Real/Trabalho/microros_ros/banana/install/drive_base_msgs
[0.188s] DEBUG:colcon.colcon_core.event_handler.log_command:Invoking command in '/home/ivan/Desktop/Unicamp/IvanUnicamp/Disciplinas/IM_420_Sistemas_Embarcados_de_Tempo_Real/Trabalho/microros_ros/banana/build/micro_ros_setup': CMAKE_PREFIX_PATH=${CMAKE_PREFIX_PATH}:/opt/ros/jazzy DEBUGINFOD_URLS=https://debuginfod.ubuntu.com /usr/bin/cmake --build /home/ivan/Desktop/Unicamp/IvanUnicamp/Disciplinas/IM_420_Sistemas_Embarcados_de_Tempo_Real/Trabalho/microros_ros/banana/build/micro_ros_setup -- -j8 -l8
[0.217s] DEBUG:colcon.colcon_core.event_handler.log_command:Invoked command in '/home/ivan/Desktop/Unicamp/IvanUnicamp/Disciplinas/IM_420_Sistemas_Embarcados_de_Tempo_Real/Trabalho/microros_ros/banana/build/micro_ros_setup' returned '0': CMAKE_PREFIX_PATH=${CMAKE_PREFIX_PATH}:/opt/ros/jazzy DEBUGINFOD_URLS=https://debuginfod.ubuntu.com /usr/bin/cmake --build /home/ivan/Desktop/Unicamp/IvanUnicamp/Disciplinas/IM_420_Sistemas_Embarcados_de_Tempo_Real/Trabalho/microros_ros/banana/build/micro_ros_setup -- -j8 -l8
[0.239s] DEBUG:colcon.colcon_core.event_handler.log_command:Invoking command in '/home/ivan/Desktop/Unicamp/IvanUnicamp/Disciplinas/IM_420_Sistemas_Embarcados_de_Tempo_Real/Trabalho/microros_ros/banana/build/micro_ros_setup': CMAKE_PREFIX_PATH=${CMAKE_PREFIX_PATH}:/opt/ros/jazzy DEBUGINFOD_URLS=https://debuginfod.ubuntu.com /usr/bin/cmake --install /home/ivan/Desktop/Unicamp/IvanUnicamp/Disciplinas/IM_420_Sistemas_Embarcados_de_Tempo_Real/Trabalho/microros_ros/banana/build/micro_ros_setup
[0.250s] Level 1:colcon.colcon_core.environment:create_environment_scripts_only(micro_ros_setup)
[0.257s] DEBUG:colcon.colcon_core.event_handler.log_command:Invoked command in '/home/ivan/Desktop/Unicamp/IvanUnicamp/Disciplinas/IM_420_Sistemas_Embarcados_de_Tempo_Real/Trabalho/microros_ros/banana/build/micro_ros_setup' returned '0': CMAKE_PREFIX_PATH=${CMAKE_PREFIX_PATH}:/opt/ros/jazzy DEBUGINFOD_URLS=https://debuginfod.ubuntu.com /usr/bin/cmake --install /home/ivan/Desktop/Unicamp/IvanUnicamp/Disciplinas/IM_420_Sistemas_Embarcados_de_Tempo_Real/Trabalho/microros_ros/banana/build/micro_ros_setup
[0.258s] Level 1:colcon.colcon_core.environment:checking '/home/ivan/Desktop/Unicamp/IvanUnicamp/Disciplinas/IM_420_Sistemas_Embarcados_de_Tempo_Real/Trabalho/microros_ros/banana/install/micro_ros_setup' for CMake module files
[0.259s] Level 1:colcon.colcon_core.environment:checking '/home/ivan/Desktop/Unicamp/IvanUnicamp/Disciplinas/IM_420_Sistemas_Embarcados_de_Tempo_Real/Trabalho/microros_ros/banana/install/micro_ros_setup' for CMake config files
[0.260s] Level 1:colcon.colcon_core.shell:create_environment_hook('micro_ros_setup', 'cmake_prefix_path')
[0.260s] INFO:colcon.colcon_core.shell:Creating environment hook '/home/ivan/Desktop/Unicamp/IvanUnicamp/Disciplinas/IM_420_Sistemas_Embarcados_de_Tempo_Real/Trabalho/microros_ros/banana/install/micro_ros_setup/share/micro_ros_setup/hook/cmake_prefix_path.ps1'
[0.261s] INFO:colcon.colcon_core.shell:Creating environment descriptor '/home/ivan/Desktop/Unicamp/IvanUnicamp/Disciplinas/IM_420_Sistemas_Embarcados_de_Tempo_Real/Trabalho/microros_ros/banana/install/micro_ros_setup/share/micro_ros_setup/hook/cmake_prefix_path.dsv'
[0.261s] INFO:colcon.colcon_core.shell:Creating environment hook '/home/ivan/Desktop/Unicamp/IvanUnicamp/Disciplinas/IM_420_Sistemas_Embarcados_de_Tempo_Real/Trabalho/microros_ros/banana/install/micro_ros_setup/share/micro_ros_setup/hook/cmake_prefix_path.sh'
[0.262s] Level 1:colcon.colcon_core.environment:checking '/home/ivan/Desktop/Unicamp/IvanUnicamp/Disciplinas/IM_420_Sistemas_Embarcados_de_Tempo_Real/Trabalho/microros_ros/banana/install/micro_ros_setup/lib'
[0.262s] Level 1:colcon.colcon_core.environment:checking '/home/ivan/Desktop/Unicamp/IvanUnicamp/Disciplinas/IM_420_Sistemas_Embarcados_de_Tempo_Real/Trabalho/microros_ros/banana/install/micro_ros_setup/bin'
[0.262s] Level 1:colcon.colcon_core.environment:checking '/home/ivan/Desktop/Unicamp/IvanUnicamp/Disciplinas/IM_420_Sistemas_Embarcados_de_Tempo_Real/Trabalho/microros_ros/banana/install/micro_ros_setup/lib/pkgconfig/micro_ros_setup.pc'
[0.262s] Level 1:colcon.colcon_core.environment:checking '/home/ivan/Desktop/Unicamp/IvanUnicamp/Disciplinas/IM_420_Sistemas_Embarcados_de_Tempo_Real/Trabalho/microros_ros/banana/install/micro_ros_setup/lib/python3.12/site-packages'
[0.263s] Level 1:colcon.colcon_core.environment:checking '/home/ivan/Desktop/Unicamp/IvanUnicamp/Disciplinas/IM_420_Sistemas_Embarcados_de_Tempo_Real/Trabalho/microros_ros/banana/install/micro_ros_setup/bin'
[0.263s] INFO:colcon.colcon_core.shell:Creating package script '/home/ivan/Desktop/Unicamp/IvanUnicamp/Disciplinas/IM_420_Sistemas_Embarcados_de_Tempo_Real/Trabalho/microros_ros/banana/install/micro_ros_setup/share/micro_ros_setup/package.ps1'
[0.263s] INFO:colcon.colcon_core.shell:Creating package descriptor '/home/ivan/Desktop/Unicamp/IvanUnicamp/Disciplinas/IM_420_Sistemas_Embarcados_de_Tempo_Real/Trabalho/microros_ros/banana/install/micro_ros_setup/share/micro_ros_setup/package.dsv'
[0.264s] INFO:colcon.colcon_core.shell:Creating package script '/home/ivan/Desktop/Unicamp/IvanUnicamp/Disciplinas/IM_420_Sistemas_Embarcados_de_Tempo_Real/Trabalho/microros_ros/banana/install/micro_ros_setup/share/micro_ros_setup/package.sh'
[0.265s] INFO:colcon.colcon_core.shell:Creating package script '/home/ivan/Desktop/Unicamp/IvanUnicamp/Disciplinas/IM_420_Sistemas_Embarcados_de_Tempo_Real/Trabalho/microros_ros/banana/install/micro_ros_setup/share/micro_ros_setup/package.bash'
[0.265s] INFO:colcon.colcon_core.shell:Creating package script '/home/ivan/Desktop/Unicamp/IvanUnicamp/Disciplinas/IM_420_Sistemas_Embarcados_de_Tempo_Real/Trabalho/microros_ros/banana/install/micro_ros_setup/share/micro_ros_setup/package.zsh'
[0.266s] Level 1:colcon.colcon_core.environment:create_file_with_runtime_dependencies(/home/ivan/Desktop/Unicamp/IvanUnicamp/Disciplinas/IM_420_Sistemas_Embarcados_de_Tempo_Real/Trabalho/microros_ros/banana/install/micro_ros_setup/share/colcon-core/packages/micro_ros_setup)
[0.282s] Level 1:colcon.colcon_core.environment:create_environment_scripts_only(micro_ros_setup)
[0.283s] Level 1:colcon.colcon_core.environment:checking '/home/ivan/Desktop/Unicamp/IvanUnicamp/Disciplinas/IM_420_Sistemas_Embarcados_de_Tempo_Real/Trabalho/microros_ros/banana/install/micro_ros_setup' for CMake module files
[0.283s] Level 1:colcon.colcon_core.environment:checking '/home/ivan/Desktop/Unicamp/IvanUnicamp/Disciplinas/IM_420_Sistemas_Embarcados_de_Tempo_Real/Trabalho/microros_ros/banana/install/micro_ros_setup' for CMake config files
[0.284s] Level 1:colcon.colcon_core.shell:create_environment_hook('micro_ros_setup', 'cmake_prefix_path')
[0.284s] INFO:colcon.colcon_core.shell:Creating environment hook '/home/ivan/Desktop/Unicamp/IvanUnicamp/Disciplinas/IM_420_Sistemas_Embarcados_de_Tempo_Real/Trabalho/microros_ros/banana/install/micro_ros_setup/share/micro_ros_setup/hook/cmake_prefix_path.ps1'
[0.284s] INFO:colcon.colcon_core.shell:Creating environment descriptor '/home/ivan/Desktop/Unicamp/IvanUnicamp/Disciplinas/IM_420_Sistemas_Embarcados_de_Tempo_Real/Trabalho/microros_ros/banana/install/micro_ros_setup/share/micro_ros_setup/hook/cmake_prefix_path.dsv'
[0.284s] INFO:colcon.colcon_core.shell:Creating environment hook '/home/ivan/Desktop/Unicamp/IvanUnicamp/Disciplinas/IM_420_Sistemas_Embarcados_de_Tempo_Real/Trabalho/microros_ros/banana/install/micro_ros_setup/share/micro_ros_setup/hook/cmake_prefix_path.sh'
[0.285s] Level 1:colcon.colcon_core.environment:checking '/home/ivan/Desktop/Unicamp/IvanUnicamp/Disciplinas/IM_420_Sistemas_Embarcados_de_Tempo_Real/Trabalho/microros_ros/banana/install/micro_ros_setup/lib'
[0.285s] Level 1:colcon.colcon_core.environment:checking '/home/ivan/Desktop/Unicamp/IvanUnicamp/Disciplinas/IM_420_Sistemas_Embarcados_de_Tempo_Real/Trabalho/microros_ros/banana/install/micro_ros_setup/bin'
[0.285s] Level 1:colcon.colcon_core.environment:checking '/home/ivan/Desktop/Unicamp/IvanUnicamp/Disciplinas/IM_420_Sistemas_Embarcados_de_Tempo_Real/Trabalho/microros_ros/banana/install/micro_ros_setup/lib/pkgconfig/micro_ros_setup.pc'
[0.285s] Level 1:colcon.colcon_core.environment:checking '/home/ivan/Desktop/Unicamp/IvanUnicamp/Disciplinas/IM_420_Sistemas_Embarcados_de_Tempo_Real/Trabalho/microros_ros/banana/install/micro_ros_setup/lib/python3.12/site-packages'
[0.286s] Level 1:colcon.colcon_core.environment:checking '/home/ivan/Desktop/Unicamp/IvanUnicamp/Disciplinas/IM_420_Sistemas_Embarcados_de_Tempo_Real/Trabalho/microros_ros/banana/install/micro_ros_setup/bin'
[0.286s] INFO:colcon.colcon_core.shell:Creating package script '/home/ivan/Desktop/Unicamp/IvanUnicamp/Disciplinas/IM_420_Sistemas_Embarcados_de_Tempo_Real/Trabalho/microros_ros/banana/install/micro_ros_setup/share/micro_ros_setup/package.ps1'
[0.286s] INFO:colcon.colcon_core.shell:Creating package descriptor '/home/ivan/Desktop/Unicamp/IvanUnicamp/Disciplinas/IM_420_Sistemas_Embarcados_de_Tempo_Real/Trabalho/microros_ros/banana/install/micro_ros_setup/share/micro_ros_setup/package.dsv'
[0.287s] INFO:colcon.colcon_core.shell:Creating package script '/home/ivan/Desktop/Unicamp/IvanUnicamp/Disciplinas/IM_420_Sistemas_Embarcados_de_Tempo_Real/Trabalho/microros_ros/banana/install/micro_ros_setup/share/micro_ros_setup/package.sh'
[0.287s] INFO:colcon.colcon_core.shell:Creating package script '/home/ivan/Desktop/Unicamp/IvanUnicamp/Disciplinas/IM_420_Sistemas_Embarcados_de_Tempo_Real/Trabalho/microros_ros/banana/install/micro_ros_setup/share/micro_ros_setup/package.bash'
[0.287s] INFO:colcon.colcon_core.shell:Creating package script '/home/ivan/Desktop/Unicamp/IvanUnicamp/Disciplinas/IM_420_Sistemas_Embarcados_de_Tempo_Real/Trabalho/microros_ros/banana/install/micro_ros_setup/share/micro_ros_setup/package.zsh'
[0.288s] Level 1:colcon.colcon_core.environment:create_file_with_runtime_dependencies(/home/ivan/Desktop/Unicamp/IvanUnicamp/Disciplinas/IM_420_Sistemas_Embarcados_de_Tempo_Real/Trabalho/microros_ros/banana/install/micro_ros_setup/share/colcon-core/packages/micro_ros_setup)
[1.099s] DEBUG:colcon.colcon_core.event_handler.log_command:Invoked command in '/home/ivan/Desktop/Unicamp/IvanUnicamp/Disciplinas/IM_420_Sistemas_Embarcados_de_Tempo_Real/Trabalho/microros_ros/banana/build/micro_ros_msgs' returned '0': CMAKE_PREFIX_PATH=${CMAKE_PREFIX_PATH}:/opt/ros/jazzy DEBUGINFOD_URLS=https://debuginfod.ubuntu.com /usr/bin/cmake /home/ivan/Desktop/Unicamp/IvanUnicamp/Disciplinas/IM_420_Sistemas_Embarcados_de_Tempo_Real/Trabalho/microros_ros/banana/src/uros/micro_ros_msgs -DCMAKE_INSTALL_PREFIX=/home/ivan/Desktop/Unicamp/IvanUnicamp/Disciplinas/IM_420_Sistemas_Embarcados_de_Tempo_Real/Trabalho/microros_ros/banana/install/micro_ros_msgs
[1.100s] DEBUG:colcon.colcon_core.event_handler.log_command:Invoking command in '/home/ivan/Desktop/Unicamp/IvanUnicamp/Disciplinas/IM_420_Sistemas_Embarcados_de_Tempo_Real/Trabalho/microros_ros/banana/build/micro_ros_msgs': CMAKE_PREFIX_PATH=${CMAKE_PREFIX_PATH}:/opt/ros/jazzy DEBUGINFOD_URLS=https://debuginfod.ubuntu.com /usr/bin/cmake --build /home/ivan/Desktop/Unicamp/IvanUnicamp/Disciplinas/IM_420_Sistemas_Embarcados_de_Tempo_Real/Trabalho/microros_ros/banana/build/micro_ros_msgs -- -j8 -l8
[1.450s] DEBUG:colcon.colcon_core.event_handler.log_command:Invoked command in '/home/ivan/Desktop/Unicamp/IvanUnicamp/Disciplinas/IM_420_Sistemas_Embarcados_de_Tempo_Real/Trabalho/microros_ros/banana/build/micro_ros_msgs' returned '0': CMAKE_PREFIX_PATH=${CMAKE_PREFIX_PATH}:/opt/ros/jazzy DEBUGINFOD_URLS=https://debuginfod.ubuntu.com /usr/bin/cmake --build /home/ivan/Desktop/Unicamp/IvanUnicamp/Disciplinas/IM_420_Sistemas_Embarcados_de_Tempo_Real/Trabalho/microros_ros/banana/build/micro_ros_msgs -- -j8 -l8
[1.518s] DEBUG:colcon.colcon_core.event_handler.log_command:Invoking command in '/home/ivan/Desktop/Unicamp/IvanUnicamp/Disciplinas/IM_420_Sistemas_Embarcados_de_Tempo_Real/Trabalho/microros_ros/banana/build/micro_ros_msgs': CMAKE_PREFIX_PATH=${CMAKE_PREFIX_PATH}:/opt/ros/jazzy DEBUGINFOD_URLS=https://debuginfod.ubuntu.com /usr/bin/cmake --install /home/ivan/Desktop/Unicamp/IvanUnicamp/Disciplinas/IM_420_Sistemas_Embarcados_de_Tempo_Real/Trabalho/microros_ros/banana/build/micro_ros_msgs
[1.564s] Level 1:colcon.colcon_core.environment:create_environment_scripts_only(micro_ros_msgs)
[1.564s] Level 1:colcon.colcon_core.environment:checking '/home/ivan/Desktop/Unicamp/IvanUnicamp/Disciplinas/IM_420_Sistemas_Embarcados_de_Tempo_Real/Trabalho/microros_ros/banana/install/micro_ros_msgs' for CMake module files
[1.564s] DEBUG:colcon.colcon_core.event_handler.log_command:Invoked command in '/home/ivan/Desktop/Unicamp/IvanUnicamp/Disciplinas/IM_420_Sistemas_Embarcados_de_Tempo_Real/Trabalho/microros_ros/banana/build/micro_ros_msgs' returned '0': CMAKE_PREFIX_PATH=${CMAKE_PREFIX_PATH}:/opt/ros/jazzy DEBUGINFOD_URLS=https://debuginfod.ubuntu.com /usr/bin/cmake --install /home/ivan/Desktop/Unicamp/IvanUnicamp/Disciplinas/IM_420_Sistemas_Embarcados_de_Tempo_Real/Trabalho/microros_ros/banana/build/micro_ros_msgs
[1.565s] Level 1:colcon.colcon_core.environment:checking '/home/ivan/Desktop/Unicamp/IvanUnicamp/Disciplinas/IM_420_Sistemas_Embarcados_de_Tempo_Real/Trabalho/microros_ros/banana/install/micro_ros_msgs' for CMake config files
[1.565s] Level 1:colcon.colcon_core.shell:create_environment_hook('micro_ros_msgs', 'cmake_prefix_path')
[1.565s] INFO:colcon.colcon_core.shell:Creating environment hook '/home/ivan/Desktop/Unicamp/IvanUnicamp/Disciplinas/IM_420_Sistemas_Embarcados_de_Tempo_Real/Trabalho/microros_ros/banana/install/micro_ros_msgs/share/micro_ros_msgs/hook/cmake_prefix_path.ps1'
[1.565s] INFO:colcon.colcon_core.shell:Creating environment descriptor '/home/ivan/Desktop/Unicamp/IvanUnicamp/Disciplinas/IM_420_Sistemas_Embarcados_de_Tempo_Real/Trabalho/microros_ros/banana/install/micro_ros_msgs/share/micro_ros_msgs/hook/cmake_prefix_path.dsv'
[1.565s] INFO:colcon.colcon_core.shell:Creating environment hook '/home/ivan/Desktop/Unicamp/IvanUnicamp/Disciplinas/IM_420_Sistemas_Embarcados_de_Tempo_Real/Trabalho/microros_ros/banana/install/micro_ros_msgs/share/micro_ros_msgs/hook/cmake_prefix_path.sh'
[1.566s] Level 1:colcon.colcon_core.environment:checking '/home/ivan/Desktop/Unicamp/IvanUnicamp/Disciplinas/IM_420_Sistemas_Embarcados_de_Tempo_Real/Trabalho/microros_ros/banana/install/micro_ros_msgs/lib'
[1.566s] Level 1:colcon.colcon_core.shell:create_environment_hook('micro_ros_msgs', 'ld_library_path_lib')
[1.566s] INFO:colcon.colcon_core.shell:Creating environment hook '/home/ivan/Desktop/Unicamp/IvanUnicamp/Disciplinas/IM_420_Sistemas_Embarcados_de_Tempo_Real/Trabalho/microros_ros/banana/install/micro_ros_msgs/share/micro_ros_msgs/hook/ld_library_path_lib.ps1'
[1.566s] INFO:colcon.colcon_core.shell:Creating environment descriptor '/home/ivan/Desktop/Unicamp/IvanUnicamp/Disciplinas/IM_420_Sistemas_Embarcados_de_Tempo_Real/Trabalho/microros_ros/banana/install/micro_ros_msgs/share/micro_ros_msgs/hook/ld_library_path_lib.dsv'
[1.566s] INFO:colcon.colcon_core.shell:Creating environment hook '/home/ivan/Desktop/Unicamp/IvanUnicamp/Disciplinas/IM_420_Sistemas_Embarcados_de_Tempo_Real/Trabalho/microros_ros/banana/install/micro_ros_msgs/share/micro_ros_msgs/hook/ld_library_path_lib.sh'
[1.567s] Level 1:colcon.colcon_core.environment:checking '/home/ivan/Desktop/Unicamp/IvanUnicamp/Disciplinas/IM_420_Sistemas_Embarcados_de_Tempo_Real/Trabalho/microros_ros/banana/install/micro_ros_msgs/bin'
[1.567s] Level 1:colcon.colcon_core.environment:checking '/home/ivan/Desktop/Unicamp/IvanUnicamp/Disciplinas/IM_420_Sistemas_Embarcados_de_Tempo_Real/Trabalho/microros_ros/banana/install/micro_ros_msgs/lib/pkgconfig/micro_ros_msgs.pc'
[1.567s] Level 1:colcon.colcon_core.environment:checking '/home/ivan/Desktop/Unicamp/IvanUnicamp/Disciplinas/IM_420_Sistemas_Embarcados_de_Tempo_Real/Trabalho/microros_ros/banana/install/micro_ros_msgs/lib/python3.12/site-packages'
[1.567s] Level 1:colcon.colcon_core.shell:create_environment_hook('micro_ros_msgs', 'pythonpath')
[1.567s] INFO:colcon.colcon_core.shell:Creating environment hook '/home/ivan/Desktop/Unicamp/IvanUnicamp/Disciplinas/IM_420_Sistemas_Embarcados_de_Tempo_Real/Trabalho/microros_ros/banana/install/micro_ros_msgs/share/micro_ros_msgs/hook/pythonpath.ps1'
[1.568s] INFO:colcon.colcon_core.shell:Creating environment descriptor '/home/ivan/Desktop/Unicamp/IvanUnicamp/Disciplinas/IM_420_Sistemas_Embarcados_de_Tempo_Real/Trabalho/microros_ros/banana/install/micro_ros_msgs/share/micro_ros_msgs/hook/pythonpath.dsv'
[1.568s] INFO:colcon.colcon_core.shell:Creating environment hook '/home/ivan/Desktop/Unicamp/IvanUnicamp/Disciplinas/IM_420_Sistemas_Embarcados_de_Tempo_Real/Trabalho/microros_ros/banana/install/micro_ros_msgs/share/micro_ros_msgs/hook/pythonpath.sh'
[1.568s] Level 1:colcon.colcon_core.environment:checking '/home/ivan/Desktop/Unicamp/IvanUnicamp/Disciplinas/IM_420_Sistemas_Embarcados_de_Tempo_Real/Trabalho/microros_ros/banana/install/micro_ros_msgs/bin'
[1.568s] INFO:colcon.colcon_core.shell:Creating package script '/home/ivan/Desktop/Unicamp/IvanUnicamp/Disciplinas/IM_420_Sistemas_Embarcados_de_Tempo_Real/Trabalho/microros_ros/banana/install/micro_ros_msgs/share/micro_ros_msgs/package.ps1'
[1.569s] INFO:colcon.colcon_core.shell:Creating package descriptor '/home/ivan/Desktop/Unicamp/IvanUnicamp/Disciplinas/IM_420_Sistemas_Embarcados_de_Tempo_Real/Trabalho/microros_ros/banana/install/micro_ros_msgs/share/micro_ros_msgs/package.dsv'
[1.569s] INFO:colcon.colcon_core.shell:Creating package script '/home/ivan/Desktop/Unicamp/IvanUnicamp/Disciplinas/IM_420_Sistemas_Embarcados_de_Tempo_Real/Trabalho/microros_ros/banana/install/micro_ros_msgs/share/micro_ros_msgs/package.sh'
[1.569s] INFO:colcon.colcon_core.shell:Creating package script '/home/ivan/Desktop/Unicamp/IvanUnicamp/Disciplinas/IM_420_Sistemas_Embarcados_de_Tempo_Real/Trabalho/microros_ros/banana/install/micro_ros_msgs/share/micro_ros_msgs/package.bash'
[1.569s] INFO:colcon.colcon_core.shell:Creating package script '/home/ivan/Desktop/Unicamp/IvanUnicamp/Disciplinas/IM_420_Sistemas_Embarcados_de_Tempo_Real/Trabalho/microros_ros/banana/install/micro_ros_msgs/share/micro_ros_msgs/package.zsh'
[1.570s] Level 1:colcon.colcon_core.environment:create_file_with_runtime_dependencies(/home/ivan/Desktop/Unicamp/IvanUnicamp/Disciplinas/IM_420_Sistemas_Embarcados_de_Tempo_Real/Trabalho/microros_ros/banana/install/micro_ros_msgs/share/colcon-core/packages/micro_ros_msgs)
[1.640s] Level 1:colcon.colcon_core.environment:create_environment_scripts_only(micro_ros_msgs)
[1.640s] Level 1:colcon.colcon_core.environment:checking '/home/ivan/Desktop/Unicamp/IvanUnicamp/Disciplinas/IM_420_Sistemas_Embarcados_de_Tempo_Real/Trabalho/microros_ros/banana/install/micro_ros_msgs' for CMake module files
[1.641s] Level 1:colcon.colcon_core.environment:checking '/home/ivan/Desktop/Unicamp/IvanUnicamp/Disciplinas/IM_420_Sistemas_Embarcados_de_Tempo_Real/Trabalho/microros_ros/banana/install/micro_ros_msgs' for CMake config files
[1.641s] Level 1:colcon.colcon_core.shell:create_environment_hook('micro_ros_msgs', 'cmake_prefix_path')
[1.641s] INFO:colcon.colcon_core.shell:Creating environment hook '/home/ivan/Desktop/Unicamp/IvanUnicamp/Disciplinas/IM_420_Sistemas_Embarcados_de_Tempo_Real/Trabalho/microros_ros/banana/install/micro_ros_msgs/share/micro_ros_msgs/hook/cmake_prefix_path.ps1'
[1.642s] INFO:colcon.colcon_core.shell:Creating environment descriptor '/home/ivan/Desktop/Unicamp/IvanUnicamp/Disciplinas/IM_420_Sistemas_Embarcados_de_Tempo_Real/Trabalho/microros_ros/banana/install/micro_ros_msgs/share/micro_ros_msgs/hook/cmake_prefix_path.dsv'
[1.642s] INFO:colcon.colcon_core.shell:Creating environment hook '/home/ivan/Desktop/Unicamp/IvanUnicamp/Disciplinas/IM_420_Sistemas_Embarcados_de_Tempo_Real/Trabalho/microros_ros/banana/install/micro_ros_msgs/share/micro_ros_msgs/hook/cmake_prefix_path.sh'
[1.643s] Level 1:colcon.colcon_core.environment:checking '/home/ivan/Desktop/Unicamp/IvanUnicamp/Disciplinas/IM_420_Sistemas_Embarcados_de_Tempo_Real/Trabalho/microros_ros/banana/install/micro_ros_msgs/lib'
[1.643s] Level 1:colcon.colcon_core.shell:create_environment_hook('micro_ros_msgs', 'ld_library_path_lib')
[1.643s] INFO:colcon.colcon_core.shell:Creating environment hook '/home/ivan/Desktop/Unicamp/IvanUnicamp/Disciplinas/IM_420_Sistemas_Embarcados_de_Tempo_Real/Trabalho/microros_ros/banana/install/micro_ros_msgs/share/micro_ros_msgs/hook/ld_library_path_lib.ps1'
[1.643s] INFO:colcon.colcon_core.shell:Creating environment descriptor '/home/ivan/Desktop/Unicamp/IvanUnicamp/Disciplinas/IM_420_Sistemas_Embarcados_de_Tempo_Real/Trabalho/microros_ros/banana/install/micro_ros_msgs/share/micro_ros_msgs/hook/ld_library_path_lib.dsv'
[1.643s] INFO:colcon.colcon_core.shell:Creating environment hook '/home/ivan/Desktop/Unicamp/IvanUnicamp/Disciplinas/IM_420_Sistemas_Embarcados_de_Tempo_Real/Trabalho/microros_ros/banana/install/micro_ros_msgs/share/micro_ros_msgs/hook/ld_library_path_lib.sh'
[1.644s] Level 1:colcon.colcon_core.environment:checking '/home/ivan/Desktop/Unicamp/IvanUnicamp/Disciplinas/IM_420_Sistemas_Embarcados_de_Tempo_Real/Trabalho/microros_ros/banana/install/micro_ros_msgs/bin'
[1.644s] Level 1:colcon.colcon_core.environment:checking '/home/ivan/Desktop/Unicamp/IvanUnicamp/Disciplinas/IM_420_Sistemas_Embarcados_de_Tempo_Real/Trabalho/microros_ros/banana/install/micro_ros_msgs/lib/pkgconfig/micro_ros_msgs.pc'
[1.644s] Level 1:colcon.colcon_core.environment:checking '/home/ivan/Desktop/Unicamp/IvanUnicamp/Disciplinas/IM_420_Sistemas_Embarcados_de_Tempo_Real/Trabalho/microros_ros/banana/install/micro_ros_msgs/lib/python3.12/site-packages'
[1.644s] Level 1:colcon.colcon_core.shell:create_environment_hook('micro_ros_msgs', 'pythonpath')
[1.644s] INFO:colcon.colcon_core.shell:Creating environment hook '/home/ivan/Desktop/Unicamp/IvanUnicamp/Disciplinas/IM_420_Sistemas_Embarcados_de_Tempo_Real/Trabalho/microros_ros/banana/install/micro_ros_msgs/share/micro_ros_msgs/hook/pythonpath.ps1'
[1.645s] INFO:colcon.colcon_core.shell:Creating environment descriptor '/home/ivan/Desktop/Unicamp/IvanUnicamp/Disciplinas/IM_420_Sistemas_Embarcados_de_Tempo_Real/Trabalho/microros_ros/banana/install/micro_ros_msgs/share/micro_ros_msgs/hook/pythonpath.dsv'
[1.645s] INFO:colcon.colcon_core.shell:Creating environment hook '/home/ivan/Desktop/Unicamp/IvanUnicamp/Disciplinas/IM_420_Sistemas_Embarcados_de_Tempo_Real/Trabalho/microros_ros/banana/install/micro_ros_msgs/share/micro_ros_msgs/hook/pythonpath.sh'
[1.645s] Level 1:colcon.colcon_core.environment:checking '/home/ivan/Desktop/Unicamp/IvanUnicamp/Disciplinas/IM_420_Sistemas_Embarcados_de_Tempo_Real/Trabalho/microros_ros/banana/install/micro_ros_msgs/bin'
[1.646s] INFO:colcon.colcon_core.shell:Creating package script '/home/ivan/Desktop/Unicamp/IvanUnicamp/Disciplinas/IM_420_Sistemas_Embarcados_de_Tempo_Real/Trabalho/microros_ros/banana/install/micro_ros_msgs/share/micro_ros_msgs/package.ps1'
[1.646s] INFO:colcon.colcon_core.shell:Creating package descriptor '/home/ivan/Desktop/Unicamp/IvanUnicamp/Disciplinas/IM_420_Sistemas_Embarcados_de_Tempo_Real/Trabalho/microros_ros/banana/install/micro_ros_msgs/share/micro_ros_msgs/package.dsv'
[1.647s] INFO:colcon.colcon_core.shell:Creating package script '/home/ivan/Desktop/Unicamp/IvanUnicamp/Disciplinas/IM_420_Sistemas_Embarcados_de_Tempo_Real/Trabalho/microros_ros/banana/install/micro_ros_msgs/share/micro_ros_msgs/package.sh'
[1.647s] INFO:colcon.colcon_core.shell:Creating package script '/home/ivan/Desktop/Unicamp/IvanUnicamp/Disciplinas/IM_420_Sistemas_Embarcados_de_Tempo_Real/Trabalho/microros_ros/banana/install/micro_ros_msgs/share/micro_ros_msgs/package.bash'
[1.648s] INFO:colcon.colcon_core.shell:Creating package script '/home/ivan/Desktop/Unicamp/IvanUnicamp/Disciplinas/IM_420_Sistemas_Embarcados_de_Tempo_Real/Trabalho/microros_ros/banana/install/micro_ros_msgs/share/micro_ros_msgs/package.zsh'
[1.648s] Level 1:colcon.colcon_core.environment:create_file_with_runtime_dependencies(/home/ivan/Desktop/Unicamp/IvanUnicamp/Disciplinas/IM_420_Sistemas_Embarcados_de_Tempo_Real/Trabalho/microros_ros/banana/install/micro_ros_msgs/share/colcon-core/packages/micro_ros_msgs)
[1.648s] INFO:colcon.colcon_ros.task.ament_cmake.build:Building ROS package in '/home/ivan/Desktop/Unicamp/IvanUnicamp/Disciplinas/IM_420_Sistemas_Embarcados_de_Tempo_Real/Trabalho/microros_ros/banana/src/uros/micro-ROS-Agent/micro_ros_agent' with build type 'ament_cmake'
[1.648s] INFO:colcon.colcon_cmake.task.cmake.build:Building CMake package in '/home/ivan/Desktop/Unicamp/IvanUnicamp/Disciplinas/IM_420_Sistemas_Embarcados_de_Tempo_Real/Trabalho/microros_ros/banana/src/uros/micro-ROS-Agent/micro_ros_agent'
[1.649s] INFO:colcon.colcon_core.shell:Skip shell extension 'powershell' for command environment: Not usable outside of PowerShell
[1.649s] DEBUG:colcon.colcon_core.shell:Skip shell extension 'dsv' for command environment
[1.659s] DEBUG:colcon.colcon_core.event_handler.log_command:Invoking command in '/home/ivan/Desktop/Unicamp/IvanUnicamp/Disciplinas/IM_420_Sistemas_Embarcados_de_Tempo_Real/Trabalho/microros_ros/banana/build/micro_ros_agent': AMENT_PREFIX_PATH=/home/ivan/Desktop/Unicamp/IvanUnicamp/Disciplinas/IM_420_Sistemas_Embarcados_de_Tempo_Real/Trabalho/microros_ros/banana/install/micro_ros_msgs:${AMENT_PREFIX_PATH} CMAKE_PREFIX_PATH=/home/ivan/Desktop/Unicamp/IvanUnicamp/Disciplinas/IM_420_Sistemas_Embarcados_de_Tempo_Real/Trabalho/microros_ros/banana/install/micro_ros_msgs:/opt/ros/jazzy/opt/gz_sim_vendor:/opt/ros/jazzy/opt/gz_sensors_vendor:/opt/ros/jazzy/opt/gz_physics_vendor:/opt/ros/jazzy/opt/sdformat_vendor:/opt/ros/jazzy/opt/gz_gui_vendor:/opt/ros/jazzy/opt/gz_transport_vendor:/opt/ros/jazzy/opt/gz_rendering_vendor:/opt/ros/jazzy/opt/gz_plugin_vendor:/opt/ros/jazzy/opt/gz_fuel_tools_vendor:/opt/ros/jazzy/opt/gz_msgs_vendor:/opt/ros/jazzy/opt/gz_common_vendor:/opt/ros/jazzy/opt/gz_math_vendor:/opt/ros/jazzy/opt/gz_utils_vendor:/opt/ros/jazzy/opt/gz_tools_vendor:/opt/ros/jazzy/opt/gz_ogre_next_vendor:/opt/ros/jazzy/opt/gz_dartsim_vendor:/opt/ros/jazzy/opt/gz_cmake_vendor:/opt/ros/jazzy DEBUGINFOD_URLS=https://debuginfod.ubuntu.com LD_LIBRARY_PATH=/home/ivan/Desktop/Unicamp/IvanUnicamp/Disciplinas/IM_420_Sistemas_Embarcados_de_Tempo_Real/Trabalho/microros_ros/banana/install/micro_ros_msgs/lib:${LD_LIBRARY_PATH} PYTHONPATH=/home/ivan/Desktop/Unicamp/IvanUnicamp/Disciplinas/IM_420_Sistemas_Embarcados_de_Tempo_Real/Trabalho/microros_ros/banana/install/micro_ros_msgs/lib/python3.12/site-packages:${PYTHONPATH} /usr/bin/cmake /home/ivan/Desktop/Unicamp/IvanUnicamp/Disciplinas/IM_420_Sistemas_Embarcados_de_Tempo_Real/Trabalho/microros_ros/banana/src/uros/micro-ROS-Agent/micro_ros_agent -DCMAKE_INSTALL_PREFIX=/home/ivan/Desktop/Unicamp/IvanUnicamp/Disciplinas/IM_420_Sistemas_Embarcados_de_Tempo_Real/Trabalho/microros_ros/banana/install/micro_ros_agent
[2.081s] DEBUG:colcon.colcon_core.event_handler.log_command:Invoked command in '/home/ivan/Desktop/Unicamp/IvanUnicamp/Disciplinas/IM_420_Sistemas_Embarcados_de_Tempo_Real/Trabalho/microros_ros/banana/build/micro_ros_agent' returned '0': AMENT_PREFIX_PATH=/home/ivan/Desktop/Unicamp/IvanUnicamp/Disciplinas/IM_420_Sistemas_Embarcados_de_Tempo_Real/Trabalho/microros_ros/banana/install/micro_ros_msgs:${AMENT_PREFIX_PATH} CMAKE_PREFIX_PATH=/home/ivan/Desktop/Unicamp/IvanUnicamp/Disciplinas/IM_420_Sistemas_Embarcados_de_Tempo_Real/Trabalho/microros_ros/banana/install/micro_ros_msgs:/opt/ros/jazzy/opt/gz_sim_vendor:/opt/ros/jazzy/opt/gz_sensors_vendor:/opt/ros/jazzy/opt/gz_physics_vendor:/opt/ros/jazzy/opt/sdformat_vendor:/opt/ros/jazzy/opt/gz_gui_vendor:/opt/ros/jazzy/opt/gz_transport_vendor:/opt/ros/jazzy/opt/gz_rendering_vendor:/opt/ros/jazzy/opt/gz_plugin_vendor:/opt/ros/jazzy/opt/gz_fuel_tools_vendor:/opt/ros/jazzy/opt/gz_msgs_vendor:/opt/ros/jazzy/opt/gz_common_vendor:/opt/ros/jazzy/opt/gz_math_vendor:/opt/ros/jazzy/opt/gz_utils_vendor:/opt/ros/jazzy/opt/gz_tools_vendor:/opt/ros/jazzy/opt/gz_ogre_next_vendor:/opt/ros/jazzy/opt/gz_dartsim_vendor:/opt/ros/jazzy/opt/gz_cmake_vendor:/opt/ros/jazzy DEBUGINFOD_URLS=https://debuginfod.ubuntu.com LD_LIBRARY_PATH=/home/ivan/Desktop/Unicamp/IvanUnicamp/Disciplinas/IM_420_Sistemas_Embarcados_de_Tempo_Real/Trabalho/microros_ros/banana/install/micro_ros_msgs/lib:${LD_LIBRARY_PATH} PYTHONPATH=/home/ivan/Desktop/Unicamp/IvanUnicamp/Disciplinas/IM_420_Sistemas_Embarcados_de_Tempo_Real/Trabalho/microros_ros/banana/install/micro_ros_msgs/lib/python3.12/site-packages:${PYTHONPATH} /usr/bin/cmake /home/ivan/Desktop/Unicamp/IvanUnicamp/Disciplinas/IM_420_Sistemas_Embarcados_de_Tempo_Real/Trabalho/microros_ros/banana/src/uros/micro-ROS-Agent/micro_ros_agent -DCMAKE_INSTALL_PREFIX=/home/ivan/Desktop/Unicamp/IvanUnicamp/Disciplinas/IM_420_Sistemas_Embarcados_de_Tempo_Real/Trabalho/microros_ros/banana/install/micro_ros_agent
[2.082s] DEBUG:colcon.colcon_core.event_handler.log_command:Invoking command in '/home/ivan/Desktop/Unicamp/IvanUnicamp/Disciplinas/IM_420_Sistemas_Embarcados_de_Tempo_Real/Trabalho/microros_ros/banana/build/micro_ros_agent': AMENT_PREFIX_PATH=/home/ivan/Desktop/Unicamp/IvanUnicamp/Disciplinas/IM_420_Sistemas_Embarcados_de_Tempo_Real/Trabalho/microros_ros/banana/install/micro_ros_msgs:${AMENT_PREFIX_PATH} CMAKE_PREFIX_PATH=/home/ivan/Desktop/Unicamp/IvanUnicamp/Disciplinas/IM_420_Sistemas_Embarcados_de_Tempo_Real/Trabalho/microros_ros/banana/install/micro_ros_msgs:/opt/ros/jazzy/opt/gz_sim_vendor:/opt/ros/jazzy/opt/gz_sensors_vendor:/opt/ros/jazzy/opt/gz_physics_vendor:/opt/ros/jazzy/opt/sdformat_vendor:/opt/ros/jazzy/opt/gz_gui_vendor:/opt/ros/jazzy/opt/gz_transport_vendor:/opt/ros/jazzy/opt/gz_rendering_vendor:/opt/ros/jazzy/opt/gz_plugin_vendor:/opt/ros/jazzy/opt/gz_fuel_tools_vendor:/opt/ros/jazzy/opt/gz_msgs_vendor:/opt/ros/jazzy/opt/gz_common_vendor:/opt/ros/jazzy/opt/gz_math_vendor:/opt/ros/jazzy/opt/gz_utils_vendor:/opt/ros/jazzy/opt/gz_tools_vendor:/opt/ros/jazzy/opt/gz_ogre_next_vendor:/opt/ros/jazzy/opt/gz_dartsim_vendor:/opt/ros/jazzy/opt/gz_cmake_vendor:/opt/ros/jazzy DEBUGINFOD_URLS=https://debuginfod.ubuntu.com LD_LIBRARY_PATH=/home/ivan/Desktop/Unicamp/IvanUnicamp/Disciplinas/IM_420_Sistemas_Embarcados_de_Tempo_Real/Trabalho/microros_ros/banana/install/micro_ros_msgs/lib:${LD_LIBRARY_PATH} PYTHONPATH=/home/ivan/Desktop/Unicamp/IvanUnicamp/Disciplinas/IM_420_Sistemas_Embarcados_de_Tempo_Real/Trabalho/microros_ros/banana/install/micro_ros_msgs/lib/python3.12/site-packages:${PYTHONPATH} /usr/bin/cmake --build /home/ivan/Desktop/Unicamp/IvanUnicamp/Disciplinas/IM_420_Sistemas_Embarcados_de_Tempo_Real/Trabalho/microros_ros/banana/build/micro_ros_agent -- -j8 -l8
[2.153s] DEBUG:colcon.colcon_core.event_handler.log_command:Invoked command in '/home/ivan/Desktop/Unicamp/IvanUnicamp/Disciplinas/IM_420_Sistemas_Embarcados_de_Tempo_Real/Trabalho/microros_ros/banana/build/micro_ros_agent' returned '0': AMENT_PREFIX_PATH=/home/ivan/Desktop/Unicamp/IvanUnicamp/Disciplinas/IM_420_Sistemas_Embarcados_de_Tempo_Real/Trabalho/microros_ros/banana/install/micro_ros_msgs:${AMENT_PREFIX_PATH} CMAKE_PREFIX_PATH=/home/ivan/Desktop/Unicamp/IvanUnicamp/Disciplinas/IM_420_Sistemas_Embarcados_de_Tempo_Real/Trabalho/microros_ros/banana/install/micro_ros_msgs:/opt/ros/jazzy/opt/gz_sim_vendor:/opt/ros/jazzy/opt/gz_sensors_vendor:/opt/ros/jazzy/opt/gz_physics_vendor:/opt/ros/jazzy/opt/sdformat_vendor:/opt/ros/jazzy/opt/gz_gui_vendor:/opt/ros/jazzy/opt/gz_transport_vendor:/opt/ros/jazzy/opt/gz_rendering_vendor:/opt/ros/jazzy/opt/gz_plugin_vendor:/opt/ros/jazzy/opt/gz_fuel_tools_vendor:/opt/ros/jazzy/opt/gz_msgs_vendor:/opt/ros/jazzy/opt/gz_common_vendor:/opt/ros/jazzy/opt/gz_math_vendor:/opt/ros/jazzy/opt/gz_utils_vendor:/opt/ros/jazzy/opt/gz_tools_vendor:/opt/ros/jazzy/opt/gz_ogre_next_vendor:/opt/ros/jazzy/opt/gz_dartsim_vendor:/opt/ros/jazzy/opt/gz_cmake_vendor:/opt/ros/jazzy DEBUGINFOD_URLS=https://debuginfod.ubuntu.com LD_LIBRARY_PATH=/home/ivan/Desktop/Unicamp/IvanUnicamp/Disciplinas/IM_420_Sistemas_Embarcados_de_Tempo_Real/Trabalho/microros_ros/banana/install/micro_ros_msgs/lib:${LD_LIBRARY_PATH} PYTHONPATH=/home/ivan/Desktop/Unicamp/IvanUnicamp/Disciplinas/IM_420_Sistemas_Embarcados_de_Tempo_Real/Trabalho/microros_ros/banana/install/micro_ros_msgs/lib/python3.12/site-packages:${PYTHONPATH} /usr/bin/cmake --build /home/ivan/Desktop/Unicamp/IvanUnicamp/Disciplinas/IM_420_Sistemas_Embarcados_de_Tempo_Real/Trabalho/microros_ros/banana/build/micro_ros_agent -- -j8 -l8
[2.176s] DEBUG:colcon.colcon_core.event_handler.log_command:Invoking command in '/home/ivan/Desktop/Unicamp/IvanUnicamp/Disciplinas/IM_420_Sistemas_Embarcados_de_Tempo_Real/Trabalho/microros_ros/banana/build/micro_ros_agent': AMENT_PREFIX_PATH=/home/ivan/Desktop/Unicamp/IvanUnicamp/Disciplinas/IM_420_Sistemas_Embarcados_de_Tempo_Real/Trabalho/microros_ros/banana/install/micro_ros_msgs:${AMENT_PREFIX_PATH} CMAKE_PREFIX_PATH=/home/ivan/Desktop/Unicamp/IvanUnicamp/Disciplinas/IM_420_Sistemas_Embarcados_de_Tempo_Real/Trabalho/microros_ros/banana/install/micro_ros_msgs:/opt/ros/jazzy/opt/gz_sim_vendor:/opt/ros/jazzy/opt/gz_sensors_vendor:/opt/ros/jazzy/opt/gz_physics_vendor:/opt/ros/jazzy/opt/sdformat_vendor:/opt/ros/jazzy/opt/gz_gui_vendor:/opt/ros/jazzy/opt/gz_transport_vendor:/opt/ros/jazzy/opt/gz_rendering_vendor:/opt/ros/jazzy/opt/gz_plugin_vendor:/opt/ros/jazzy/opt/gz_fuel_tools_vendor:/opt/ros/jazzy/opt/gz_msgs_vendor:/opt/ros/jazzy/opt/gz_common_vendor:/opt/ros/jazzy/opt/gz_math_vendor:/opt/ros/jazzy/opt/gz_utils_vendor:/opt/ros/jazzy/opt/gz_tools_vendor:/opt/ros/jazzy/opt/gz_ogre_next_vendor:/opt/ros/jazzy/opt/gz_dartsim_vendor:/opt/ros/jazzy/opt/gz_cmake_vendor:/opt/ros/jazzy DEBUGINFOD_URLS=https://debuginfod.ubuntu.com LD_LIBRARY_PATH=/home/ivan/Desktop/Unicamp/IvanUnicamp/Disciplinas/IM_420_Sistemas_Embarcados_de_Tempo_Real/Trabalho/microros_ros/banana/install/micro_ros_msgs/lib:${LD_LIBRARY_PATH} PYTHONPATH=/home/ivan/Desktop/Unicamp/IvanUnicamp/Disciplinas/IM_420_Sistemas_Embarcados_de_Tempo_Real/Trabalho/microros_ros/banana/install/micro_ros_msgs/lib/python3.12/site-packages:${PYTHONPATH} /usr/bin/cmake --install /home/ivan/Desktop/Unicamp/IvanUnicamp/Disciplinas/IM_420_Sistemas_Embarcados_de_Tempo_Real/Trabalho/microros_ros/banana/build/micro_ros_agent
[2.184s] Level 1:colcon.colcon_core.environment:create_environment_scripts_only(micro_ros_agent)
[2.184s] Level 1:colcon.colcon_core.environment:checking '/home/ivan/Desktop/Unicamp/IvanUnicamp/Disciplinas/IM_420_Sistemas_Embarcados_de_Tempo_Real/Trabalho/microros_ros/banana/install/micro_ros_agent' for CMake module files
[2.185s] DEBUG:colcon.colcon_core.event_handler.log_command:Invoked command in '/home/ivan/Desktop/Unicamp/IvanUnicamp/Disciplinas/IM_420_Sistemas_Embarcados_de_Tempo_Real/Trabalho/microros_ros/banana/build/micro_ros_agent' returned '0': AMENT_PREFIX_PATH=/home/ivan/Desktop/Unicamp/IvanUnicamp/Disciplinas/IM_420_Sistemas_Embarcados_de_Tempo_Real/Trabalho/microros_ros/banana/install/micro_ros_msgs:${AMENT_PREFIX_PATH} CMAKE_PREFIX_PATH=/home/ivan/Desktop/Unicamp/IvanUnicamp/Disciplinas/IM_420_Sistemas_Embarcados_de_Tempo_Real/Trabalho/microros_ros/banana/install/micro_ros_msgs:/opt/ros/jazzy/opt/gz_sim_vendor:/opt/ros/jazzy/opt/gz_sensors_vendor:/opt/ros/jazzy/opt/gz_physics_vendor:/opt/ros/jazzy/opt/sdformat_vendor:/opt/ros/jazzy/opt/gz_gui_vendor:/opt/ros/jazzy/opt/gz_transport_vendor:/opt/ros/jazzy/opt/gz_rendering_vendor:/opt/ros/jazzy/opt/gz_plugin_vendor:/opt/ros/jazzy/opt/gz_fuel_tools_vendor:/opt/ros/jazzy/opt/gz_msgs_vendor:/opt/ros/jazzy/opt/gz_common_vendor:/opt/ros/jazzy/opt/gz_math_vendor:/opt/ros/jazzy/opt/gz_utils_vendor:/opt/ros/jazzy/opt/gz_tools_vendor:/opt/ros/jazzy/opt/gz_ogre_next_vendor:/opt/ros/jazzy/opt/gz_dartsim_vendor:/opt/ros/jazzy/opt/gz_cmake_vendor:/opt/ros/jazzy DEBUGINFOD_URLS=https://debuginfod.ubuntu.com LD_LIBRARY_PATH=/home/ivan/Desktop/Unicamp/IvanUnicamp/Disciplinas/IM_420_Sistemas_Embarcados_de_Tempo_Real/Trabalho/microros_ros/banana/install/micro_ros_msgs/lib:${LD_LIBRARY_PATH} PYTHONPATH=/home/ivan/Desktop/Unicamp/IvanUnicamp/Disciplinas/IM_420_Sistemas_Embarcados_de_Tempo_Real/Trabalho/microros_ros/banana/install/micro_ros_msgs/lib/python3.12/site-packages:${PYTHONPATH} /usr/bin/cmake --install /home/ivan/Desktop/Unicamp/IvanUnicamp/Disciplinas/IM_420_Sistemas_Embarcados_de_Tempo_Real/Trabalho/microros_ros/banana/build/micro_ros_agent
[2.185s] Level 1:colcon.colcon_core.environment:checking '/home/ivan/Desktop/Unicamp/IvanUnicamp/Disciplinas/IM_420_Sistemas_Embarcados_de_Tempo_Real/Trabalho/microros_ros/banana/install/micro_ros_agent' for CMake config files
[2.185s] Level 1:colcon.colcon_core.shell:create_environment_hook('micro_ros_agent', 'cmake_prefix_path')
[2.185s] INFO:colcon.colcon_core.shell:Creating environment hook '/home/ivan/Desktop/Unicamp/IvanUnicamp/Disciplinas/IM_420_Sistemas_Embarcados_de_Tempo_Real/Trabalho/microros_ros/banana/install/micro_ros_agent/share/micro_ros_agent/hook/cmake_prefix_path.ps1'
[2.186s] INFO:colcon.colcon_core.shell:Creating environment descriptor '/home/ivan/Desktop/Unicamp/IvanUnicamp/Disciplinas/IM_420_Sistemas_Embarcados_de_Tempo_Real/Trabalho/microros_ros/banana/install/micro_ros_agent/share/micro_ros_agent/hook/cmake_prefix_path.dsv'
[2.186s] INFO:colcon.colcon_core.shell:Creating environment hook '/home/ivan/Desktop/Unicamp/IvanUnicamp/Disciplinas/IM_420_Sistemas_Embarcados_de_Tempo_Real/Trabalho/microros_ros/banana/install/micro_ros_agent/share/micro_ros_agent/hook/cmake_prefix_path.sh'
[2.186s] Level 1:colcon.colcon_core.environment:checking '/home/ivan/Desktop/Unicamp/IvanUnicamp/Disciplinas/IM_420_Sistemas_Embarcados_de_Tempo_Real/Trabalho/microros_ros/banana/install/micro_ros_agent/lib'
[2.186s] Level 1:colcon.colcon_core.shell:create_environment_hook('micro_ros_agent', 'ld_library_path_lib')
[2.186s] INFO:colcon.colcon_core.shell:Creating environment hook '/home/ivan/Desktop/Unicamp/IvanUnicamp/Disciplinas/IM_420_Sistemas_Embarcados_de_Tempo_Real/Trabalho/microros_ros/banana/install/micro_ros_agent/share/micro_ros_agent/hook/ld_library_path_lib.ps1'
[2.187s] INFO:colcon.colcon_core.shell:Creating environment descriptor '/home/ivan/Desktop/Unicamp/IvanUnicamp/Disciplinas/IM_420_Sistemas_Embarcados_de_Tempo_Real/Trabalho/microros_ros/banana/install/micro_ros_agent/share/micro_ros_agent/hook/ld_library_path_lib.dsv'
[2.187s] INFO:colcon.colcon_core.shell:Creating environment hook '/home/ivan/Desktop/Unicamp/IvanUnicamp/Disciplinas/IM_420_Sistemas_Embarcados_de_Tempo_Real/Trabalho/microros_ros/banana/install/micro_ros_agent/share/micro_ros_agent/hook/ld_library_path_lib.sh'
[2.187s] Level 1:colcon.colcon_core.environment:checking '/home/ivan/Desktop/Unicamp/IvanUnicamp/Disciplinas/IM_420_Sistemas_Embarcados_de_Tempo_Real/Trabalho/microros_ros/banana/install/micro_ros_agent/bin'
[2.187s] Level 1:colcon.colcon_core.environment:checking '/home/ivan/Desktop/Unicamp/IvanUnicamp/Disciplinas/IM_420_Sistemas_Embarcados_de_Tempo_Real/Trabalho/microros_ros/banana/install/micro_ros_agent/lib/pkgconfig/micro_ros_agent.pc'
[2.187s] Level 1:colcon.colcon_core.environment:checking '/home/ivan/Desktop/Unicamp/IvanUnicamp/Disciplinas/IM_420_Sistemas_Embarcados_de_Tempo_Real/Trabalho/microros_ros/banana/install/micro_ros_agent/lib/python3.12/site-packages'
[2.187s] Level 1:colcon.colcon_core.environment:checking '/home/ivan/Desktop/Unicamp/IvanUnicamp/Disciplinas/IM_420_Sistemas_Embarcados_de_Tempo_Real/Trabalho/microros_ros/banana/install/micro_ros_agent/bin'
[2.188s] INFO:colcon.colcon_core.shell:Creating package script '/home/ivan/Desktop/Unicamp/IvanUnicamp/Disciplinas/IM_420_Sistemas_Embarcados_de_Tempo_Real/Trabalho/microros_ros/banana/install/micro_ros_agent/share/micro_ros_agent/package.ps1'
[2.188s] INFO:colcon.colcon_core.shell:Creating package descriptor '/home/ivan/Desktop/Unicamp/IvanUnicamp/Disciplinas/IM_420_Sistemas_Embarcados_de_Tempo_Real/Trabalho/microros_ros/banana/install/micro_ros_agent/share/micro_ros_agent/package.dsv'
[2.188s] INFO:colcon.colcon_core.shell:Creating package script '/home/ivan/Desktop/Unicamp/IvanUnicamp/Disciplinas/IM_420_Sistemas_Embarcados_de_Tempo_Real/Trabalho/microros_ros/banana/install/micro_ros_agent/share/micro_ros_agent/package.sh'
[2.188s] INFO:colcon.colcon_core.shell:Creating package script '/home/ivan/Desktop/Unicamp/IvanUnicamp/Disciplinas/IM_420_Sistemas_Embarcados_de_Tempo_Real/Trabalho/microros_ros/banana/install/micro_ros_agent/share/micro_ros_agent/package.bash'
[2.189s] INFO:colcon.colcon_core.shell:Creating package script '/home/ivan/Desktop/Unicamp/IvanUnicamp/Disciplinas/IM_420_Sistemas_Embarcados_de_Tempo_Real/Trabalho/microros_ros/banana/install/micro_ros_agent/share/micro_ros_agent/package.zsh'
[2.189s] Level 1:colcon.colcon_core.environment:create_file_with_runtime_dependencies(/home/ivan/Desktop/Unicamp/IvanUnicamp/Disciplinas/IM_420_Sistemas_Embarcados_de_Tempo_Real/Trabalho/microros_ros/banana/install/micro_ros_agent/share/colcon-core/packages/micro_ros_agent)
[2.210s] Level 1:colcon.colcon_core.environment:create_environment_scripts_only(micro_ros_agent)
[2.211s] Level 1:colcon.colcon_core.environment:checking '/home/ivan/Desktop/Unicamp/IvanUnicamp/Disciplinas/IM_420_Sistemas_Embarcados_de_Tempo_Real/Trabalho/microros_ros/banana/install/micro_ros_agent' for CMake module files
[2.211s] Level 1:colcon.colcon_core.environment:checking '/home/ivan/Desktop/Unicamp/IvanUnicamp/Disciplinas/IM_420_Sistemas_Embarcados_de_Tempo_Real/Trabalho/microros_ros/banana/install/micro_ros_agent' for CMake config files
[2.211s] Level 1:colcon.colcon_core.shell:create_environment_hook('micro_ros_agent', 'cmake_prefix_path')
[2.211s] INFO:colcon.colcon_core.shell:Creating environment hook '/home/ivan/Desktop/Unicamp/IvanUnicamp/Disciplinas/IM_420_Sistemas_Embarcados_de_Tempo_Real/Trabalho/microros_ros/banana/install/micro_ros_agent/share/micro_ros_agent/hook/cmake_prefix_path.ps1'
[2.212s] INFO:colcon.colcon_core.shell:Creating environment descriptor '/home/ivan/Desktop/Unicamp/IvanUnicamp/Disciplinas/IM_420_Sistemas_Embarcados_de_Tempo_Real/Trabalho/microros_ros/banana/install/micro_ros_agent/share/micro_ros_agent/hook/cmake_prefix_path.dsv'
[2.212s] INFO:colcon.colcon_core.shell:Creating environment hook '/home/ivan/Desktop/Unicamp/IvanUnicamp/Disciplinas/IM_420_Sistemas_Embarcados_de_Tempo_Real/Trabalho/microros_ros/banana/install/micro_ros_agent/share/micro_ros_agent/hook/cmake_prefix_path.sh'
[2.212s] Level 1:colcon.colcon_core.environment:checking '/home/ivan/Desktop/Unicamp/IvanUnicamp/Disciplinas/IM_420_Sistemas_Embarcados_de_Tempo_Real/Trabalho/microros_ros/banana/install/micro_ros_agent/lib'
[2.212s] Level 1:colcon.colcon_core.shell:create_environment_hook('micro_ros_agent', 'ld_library_path_lib')
[2.212s] INFO:colcon.colcon_core.shell:Creating environment hook '/home/ivan/Desktop/Unicamp/IvanUnicamp/Disciplinas/IM_420_Sistemas_Embarcados_de_Tempo_Real/Trabalho/microros_ros/banana/install/micro_ros_agent/share/micro_ros_agent/hook/ld_library_path_lib.ps1'
[2.213s] INFO:colcon.colcon_core.shell:Creating environment descriptor '/home/ivan/Desktop/Unicamp/IvanUnicamp/Disciplinas/IM_420_Sistemas_Embarcados_de_Tempo_Real/Trabalho/microros_ros/banana/install/micro_ros_agent/share/micro_ros_agent/hook/ld_library_path_lib.dsv'
[2.213s] INFO:colcon.colcon_core.shell:Creating environment hook '/home/ivan/Desktop/Unicamp/IvanUnicamp/Disciplinas/IM_420_Sistemas_Embarcados_de_Tempo_Real/Trabalho/microros_ros/banana/install/micro_ros_agent/share/micro_ros_agent/hook/ld_library_path_lib.sh'
[2.213s] Level 1:colcon.colcon_core.environment:checking '/home/ivan/Desktop/Unicamp/IvanUnicamp/Disciplinas/IM_420_Sistemas_Embarcados_de_Tempo_Real/Trabalho/microros_ros/banana/install/micro_ros_agent/bin'
[2.213s] Level 1:colcon.colcon_core.environment:checking '/home/ivan/Desktop/Unicamp/IvanUnicamp/Disciplinas/IM_420_Sistemas_Embarcados_de_Tempo_Real/Trabalho/microros_ros/banana/install/micro_ros_agent/lib/pkgconfig/micro_ros_agent.pc'
[2.213s] Level 1:colcon.colcon_core.environment:checking '/home/ivan/Desktop/Unicamp/IvanUnicamp/Disciplinas/IM_420_Sistemas_Embarcados_de_Tempo_Real/Trabalho/microros_ros/banana/install/micro_ros_agent/lib/python3.12/site-packages'
[2.213s] Level 1:colcon.colcon_core.environment:checking '/home/ivan/Desktop/Unicamp/IvanUnicamp/Disciplinas/IM_420_Sistemas_Embarcados_de_Tempo_Real/Trabalho/microros_ros/banana/install/micro_ros_agent/bin'
[2.213s] INFO:colcon.colcon_core.shell:Creating package script '/home/ivan/Desktop/Unicamp/IvanUnicamp/Disciplinas/IM_420_Sistemas_Embarcados_de_Tempo_Real/Trabalho/microros_ros/banana/install/micro_ros_agent/share/micro_ros_agent/package.ps1'
[2.214s] INFO:colcon.colcon_core.shell:Creating package descriptor '/home/ivan/Desktop/Unicamp/IvanUnicamp/Disciplinas/IM_420_Sistemas_Embarcados_de_Tempo_Real/Trabalho/microros_ros/banana/install/micro_ros_agent/share/micro_ros_agent/package.dsv'
[2.214s] INFO:colcon.colcon_core.shell:Creating package script '/home/ivan/Desktop/Unicamp/IvanUnicamp/Disciplinas/IM_420_Sistemas_Embarcados_de_Tempo_Real/Trabalho/microros_ros/banana/install/micro_ros_agent/share/micro_ros_agent/package.sh'
[2.214s] INFO:colcon.colcon_core.shell:Creating package script '/home/ivan/Desktop/Unicamp/IvanUnicamp/Disciplinas/IM_420_Sistemas_Embarcados_de_Tempo_Real/Trabalho/microros_ros/banana/install/micro_ros_agent/share/micro_ros_agent/package.bash'
[2.215s] INFO:colcon.colcon_core.shell:Creating package script '/home/ivan/Desktop/Unicamp/IvanUnicamp/Disciplinas/IM_420_Sistemas_Embarcados_de_Tempo_Real/Trabalho/microros_ros/banana/install/micro_ros_agent/share/micro_ros_agent/package.zsh'
[2.215s] Level 1:colcon.colcon_core.environment:create_file_with_runtime_dependencies(/home/ivan/Desktop/Unicamp/IvanUnicamp/Disciplinas/IM_420_Sistemas_Embarcados_de_Tempo_Real/Trabalho/microros_ros/banana/install/micro_ros_agent/share/colcon-core/packages/micro_ros_agent)
[2.981s] DEBUG:colcon.colcon_core.event_handler.log_command:Invoked command in '/home/ivan/Desktop/Unicamp/IvanUnicamp/Disciplinas/IM_420_Sistemas_Embarcados_de_Tempo_Real/Trabalho/microros_ros/banana/build/drive_base_msgs' returned '0': CMAKE_PREFIX_PATH=${CMAKE_PREFIX_PATH}:/opt/ros/jazzy DEBUGINFOD_URLS=https://debuginfod.ubuntu.com /usr/bin/cmake /home/ivan/Desktop/Unicamp/IvanUnicamp/Disciplinas/IM_420_Sistemas_Embarcados_de_Tempo_Real/Trabalho/microros_ros/banana/src/uros/drive_base/drive_base_msgs -DCMAKE_INSTALL_PREFIX=/home/ivan/Desktop/Unicamp/IvanUnicamp/Disciplinas/IM_420_Sistemas_Embarcados_de_Tempo_Real/Trabalho/microros_ros/banana/install/drive_base_msgs
[2.981s] DEBUG:colcon.colcon_core.event_handler.log_command:Invoking command in '/home/ivan/Desktop/Unicamp/IvanUnicamp/Disciplinas/IM_420_Sistemas_Embarcados_de_Tempo_Real/Trabalho/microros_ros/banana/build/drive_base_msgs': CMAKE_PREFIX_PATH=${CMAKE_PREFIX_PATH}:/opt/ros/jazzy DEBUGINFOD_URLS=https://debuginfod.ubuntu.com /usr/bin/cmake --build /home/ivan/Desktop/Unicamp/IvanUnicamp/Disciplinas/IM_420_Sistemas_Embarcados_de_Tempo_Real/Trabalho/microros_ros/banana/build/drive_base_msgs -- -j8 -l8
[7.711s] DEBUG:colcon.colcon_core.event_handler.log_command:Invoked command in '/home/ivan/Desktop/Unicamp/IvanUnicamp/Disciplinas/IM_420_Sistemas_Embarcados_de_Tempo_Real/Trabalho/microros_ros/banana/build/drive_base_msgs' returned '0': CMAKE_PREFIX_PATH=${CMAKE_PREFIX_PATH}:/opt/ros/jazzy DEBUGINFOD_URLS=https://debuginfod.ubuntu.com /usr/bin/cmake --build /home/ivan/Desktop/Unicamp/IvanUnicamp/Disciplinas/IM_420_Sistemas_Embarcados_de_Tempo_Real/Trabalho/microros_ros/banana/build/drive_base_msgs -- -j8 -l8
[7.798s] DEBUG:colcon.colcon_core.event_handler.log_command:Invoking command in '/home/ivan/Desktop/Unicamp/IvanUnicamp/Disciplinas/IM_420_Sistemas_Embarcados_de_Tempo_Real/Trabalho/microros_ros/banana/build/drive_base_msgs': CMAKE_PREFIX_PATH=${CMAKE_PREFIX_PATH}:/opt/ros/jazzy DEBUGINFOD_URLS=https://debuginfod.ubuntu.com /usr/bin/cmake --install /home/ivan/Desktop/Unicamp/IvanUnicamp/Disciplinas/IM_420_Sistemas_Embarcados_de_Tempo_Real/Trabalho/microros_ros/banana/build/drive_base_msgs
[7.865s] Level 1:colcon.colcon_core.environment:create_environment_scripts_only(drive_base_msgs)
[7.865s] Level 1:colcon.colcon_core.environment:checking '/home/ivan/Desktop/Unicamp/IvanUnicamp/Disciplinas/IM_420_Sistemas_Embarcados_de_Tempo_Real/Trabalho/microros_ros/banana/install/drive_base_msgs' for CMake module files
[7.865s] DEBUG:colcon.colcon_core.event_handler.log_command:Invoked command in '/home/ivan/Desktop/Unicamp/IvanUnicamp/Disciplinas/IM_420_Sistemas_Embarcados_de_Tempo_Real/Trabalho/microros_ros/banana/build/drive_base_msgs' returned '0': CMAKE_PREFIX_PATH=${CMAKE_PREFIX_PATH}:/opt/ros/jazzy DEBUGINFOD_URLS=https://debuginfod.ubuntu.com /usr/bin/cmake --install /home/ivan/Desktop/Unicamp/IvanUnicamp/Disciplinas/IM_420_Sistemas_Embarcados_de_Tempo_Real/Trabalho/microros_ros/banana/build/drive_base_msgs
[7.866s] Level 1:colcon.colcon_core.environment:checking '/home/ivan/Desktop/Unicamp/IvanUnicamp/Disciplinas/IM_420_Sistemas_Embarcados_de_Tempo_Real/Trabalho/microros_ros/banana/install/drive_base_msgs' for CMake config files
[7.866s] Level 1:colcon.colcon_core.shell:create_environment_hook('drive_base_msgs', 'cmake_prefix_path')
[7.866s] INFO:colcon.colcon_core.shell:Creating environment hook '/home/ivan/Desktop/Unicamp/IvanUnicamp/Disciplinas/IM_420_Sistemas_Embarcados_de_Tempo_Real/Trabalho/microros_ros/banana/install/drive_base_msgs/share/drive_base_msgs/hook/cmake_prefix_path.ps1'
[7.867s] INFO:colcon.colcon_core.shell:Creating environment descriptor '/home/ivan/Desktop/Unicamp/IvanUnicamp/Disciplinas/IM_420_Sistemas_Embarcados_de_Tempo_Real/Trabalho/microros_ros/banana/install/drive_base_msgs/share/drive_base_msgs/hook/cmake_prefix_path.dsv'
[7.867s] INFO:colcon.colcon_core.shell:Creating environment hook '/home/ivan/Desktop/Unicamp/IvanUnicamp/Disciplinas/IM_420_Sistemas_Embarcados_de_Tempo_Real/Trabalho/microros_ros/banana/install/drive_base_msgs/share/drive_base_msgs/hook/cmake_prefix_path.sh'
[7.867s] Level 1:colcon.colcon_core.environment:checking '/home/ivan/Desktop/Unicamp/IvanUnicamp/Disciplinas/IM_420_Sistemas_Embarcados_de_Tempo_Real/Trabalho/microros_ros/banana/install/drive_base_msgs/lib'
[7.867s] Level 1:colcon.colcon_core.shell:create_environment_hook('drive_base_msgs', 'ld_library_path_lib')
[7.867s] INFO:colcon.colcon_core.shell:Creating environment hook '/home/ivan/Desktop/Unicamp/IvanUnicamp/Disciplinas/IM_420_Sistemas_Embarcados_de_Tempo_Real/Trabalho/microros_ros/banana/install/drive_base_msgs/share/drive_base_msgs/hook/ld_library_path_lib.ps1'
[7.868s] INFO:colcon.colcon_core.shell:Creating environment descriptor '/home/ivan/Desktop/Unicamp/IvanUnicamp/Disciplinas/IM_420_Sistemas_Embarcados_de_Tempo_Real/Trabalho/microros_ros/banana/install/drive_base_msgs/share/drive_base_msgs/hook/ld_library_path_lib.dsv'
[7.868s] INFO:colcon.colcon_core.shell:Creating environment hook '/home/ivan/Desktop/Unicamp/IvanUnicamp/Disciplinas/IM_420_Sistemas_Embarcados_de_Tempo_Real/Trabalho/microros_ros/banana/install/drive_base_msgs/share/drive_base_msgs/hook/ld_library_path_lib.sh'
[7.868s] Level 1:colcon.colcon_core.environment:checking '/home/ivan/Desktop/Unicamp/IvanUnicamp/Disciplinas/IM_420_Sistemas_Embarcados_de_Tempo_Real/Trabalho/microros_ros/banana/install/drive_base_msgs/bin'
[7.868s] Level 1:colcon.colcon_core.environment:checking '/home/ivan/Desktop/Unicamp/IvanUnicamp/Disciplinas/IM_420_Sistemas_Embarcados_de_Tempo_Real/Trabalho/microros_ros/banana/install/drive_base_msgs/lib/pkgconfig/drive_base_msgs.pc'
[7.868s] Level 1:colcon.colcon_core.environment:checking '/home/ivan/Desktop/Unicamp/IvanUnicamp/Disciplinas/IM_420_Sistemas_Embarcados_de_Tempo_Real/Trabalho/microros_ros/banana/install/drive_base_msgs/lib/python3.12/site-packages'
[7.868s] Level 1:colcon.colcon_core.shell:create_environment_hook('drive_base_msgs', 'pythonpath')
[7.869s] INFO:colcon.colcon_core.shell:Creating environment hook '/home/ivan/Desktop/Unicamp/IvanUnicamp/Disciplinas/IM_420_Sistemas_Embarcados_de_Tempo_Real/Trabalho/microros_ros/banana/install/drive_base_msgs/share/drive_base_msgs/hook/pythonpath.ps1'
[7.869s] INFO:colcon.colcon_core.shell:Creating environment descriptor '/home/ivan/Desktop/Unicamp/IvanUnicamp/Disciplinas/IM_420_Sistemas_Embarcados_de_Tempo_Real/Trabalho/microros_ros/banana/install/drive_base_msgs/share/drive_base_msgs/hook/pythonpath.dsv'
[7.869s] INFO:colcon.colcon_core.shell:Creating environment hook '/home/ivan/Desktop/Unicamp/IvanUnicamp/Disciplinas/IM_420_Sistemas_Embarcados_de_Tempo_Real/Trabalho/microros_ros/banana/install/drive_base_msgs/share/drive_base_msgs/hook/pythonpath.sh'
[7.869s] Level 1:colcon.colcon_core.environment:checking '/home/ivan/Desktop/Unicamp/IvanUnicamp/Disciplinas/IM_420_Sistemas_Embarcados_de_Tempo_Real/Trabalho/microros_ros/banana/install/drive_base_msgs/bin'
[7.870s] INFO:colcon.colcon_core.shell:Creating package script '/home/ivan/Desktop/Unicamp/IvanUnicamp/Disciplinas/IM_420_Sistemas_Embarcados_de_Tempo_Real/Trabalho/microros_ros/banana/install/drive_base_msgs/share/drive_base_msgs/package.ps1'
[7.870s] INFO:colcon.colcon_core.shell:Creating package descriptor '/home/ivan/Desktop/Unicamp/IvanUnicamp/Disciplinas/IM_420_Sistemas_Embarcados_de_Tempo_Real/Trabalho/microros_ros/banana/install/drive_base_msgs/share/drive_base_msgs/package.dsv'
[7.870s] INFO:colcon.colcon_core.shell:Creating package script '/home/ivan/Desktop/Unicamp/IvanUnicamp/Disciplinas/IM_420_Sistemas_Embarcados_de_Tempo_Real/Trabalho/microros_ros/banana/install/drive_base_msgs/share/drive_base_msgs/package.sh'
[7.870s] INFO:colcon.colcon_core.shell:Creating package script '/home/ivan/Desktop/Unicamp/IvanUnicamp/Disciplinas/IM_420_Sistemas_Embarcados_de_Tempo_Real/Trabalho/microros_ros/banana/install/drive_base_msgs/share/drive_base_msgs/package.bash'
[7.871s] INFO:colcon.colcon_core.shell:Creating package script '/home/ivan/Desktop/Unicamp/IvanUnicamp/Disciplinas/IM_420_Sistemas_Embarcados_de_Tempo_Real/Trabalho/microros_ros/banana/install/drive_base_msgs/share/drive_base_msgs/package.zsh'
[7.871s] Level 1:colcon.colcon_core.environment:create_file_with_runtime_dependencies(/home/ivan/Desktop/Unicamp/IvanUnicamp/Disciplinas/IM_420_Sistemas_Embarcados_de_Tempo_Real/Trabalho/microros_ros/banana/install/drive_base_msgs/share/colcon-core/packages/drive_base_msgs)
[7.969s] Level 1:colcon.colcon_core.environment:create_environment_scripts_only(drive_base_msgs)
[7.969s] Level 1:colcon.colcon_core.environment:checking '/home/ivan/Desktop/Unicamp/IvanUnicamp/Disciplinas/IM_420_Sistemas_Embarcados_de_Tempo_Real/Trabalho/microros_ros/banana/install/drive_base_msgs' for CMake module files
[7.970s] Level 1:colcon.colcon_core.environment:checking '/home/ivan/Desktop/Unicamp/IvanUnicamp/Disciplinas/IM_420_Sistemas_Embarcados_de_Tempo_Real/Trabalho/microros_ros/banana/install/drive_base_msgs' for CMake config files
[7.970s] Level 1:colcon.colcon_core.shell:create_environment_hook('drive_base_msgs', 'cmake_prefix_path')
[7.970s] INFO:colcon.colcon_core.shell:Creating environment hook '/home/ivan/Desktop/Unicamp/IvanUnicamp/Disciplinas/IM_420_Sistemas_Embarcados_de_Tempo_Real/Trabalho/microros_ros/banana/install/drive_base_msgs/share/drive_base_msgs/hook/cmake_prefix_path.ps1'
[7.971s] INFO:colcon.colcon_core.shell:Creating environment descriptor '/home/ivan/Desktop/Unicamp/IvanUnicamp/Disciplinas/IM_420_Sistemas_Embarcados_de_Tempo_Real/Trabalho/microros_ros/banana/install/drive_base_msgs/share/drive_base_msgs/hook/cmake_prefix_path.dsv'
[7.971s] INFO:colcon.colcon_core.shell:Creating environment hook '/home/ivan/Desktop/Unicamp/IvanUnicamp/Disciplinas/IM_420_Sistemas_Embarcados_de_Tempo_Real/Trabalho/microros_ros/banana/install/drive_base_msgs/share/drive_base_msgs/hook/cmake_prefix_path.sh'
[7.972s] Level 1:colcon.colcon_core.environment:checking '/home/ivan/Desktop/Unicamp/IvanUnicamp/Disciplinas/IM_420_Sistemas_Embarcados_de_Tempo_Real/Trabalho/microros_ros/banana/install/drive_base_msgs/lib'
[7.972s] Level 1:colcon.colcon_core.shell:create_environment_hook('drive_base_msgs', 'ld_library_path_lib')
[7.972s] INFO:colcon.colcon_core.shell:Creating environment hook '/home/ivan/Desktop/Unicamp/IvanUnicamp/Disciplinas/IM_420_Sistemas_Embarcados_de_Tempo_Real/Trabalho/microros_ros/banana/install/drive_base_msgs/share/drive_base_msgs/hook/ld_library_path_lib.ps1'
[7.972s] INFO:colcon.colcon_core.shell:Creating environment descriptor '/home/ivan/Desktop/Unicamp/IvanUnicamp/Disciplinas/IM_420_Sistemas_Embarcados_de_Tempo_Real/Trabalho/microros_ros/banana/install/drive_base_msgs/share/drive_base_msgs/hook/ld_library_path_lib.dsv'
[7.972s] INFO:colcon.colcon_core.shell:Creating environment hook '/home/ivan/Desktop/Unicamp/IvanUnicamp/Disciplinas/IM_420_Sistemas_Embarcados_de_Tempo_Real/Trabalho/microros_ros/banana/install/drive_base_msgs/share/drive_base_msgs/hook/ld_library_path_lib.sh'
[7.972s] Level 1:colcon.colcon_core.environment:checking '/home/ivan/Desktop/Unicamp/IvanUnicamp/Disciplinas/IM_420_Sistemas_Embarcados_de_Tempo_Real/Trabalho/microros_ros/banana/install/drive_base_msgs/bin'
[7.972s] Level 1:colcon.colcon_core.environment:checking '/home/ivan/Desktop/Unicamp/IvanUnicamp/Disciplinas/IM_420_Sistemas_Embarcados_de_Tempo_Real/Trabalho/microros_ros/banana/install/drive_base_msgs/lib/pkgconfig/drive_base_msgs.pc'
[7.973s] Level 1:colcon.colcon_core.environment:checking '/home/ivan/Desktop/Unicamp/IvanUnicamp/Disciplinas/IM_420_Sistemas_Embarcados_de_Tempo_Real/Trabalho/microros_ros/banana/install/drive_base_msgs/lib/python3.12/site-packages'
[7.973s] Level 1:colcon.colcon_core.shell:create_environment_hook('drive_base_msgs', 'pythonpath')
[7.973s] INFO:colcon.colcon_core.shell:Creating environment hook '/home/ivan/Desktop/Unicamp/IvanUnicamp/Disciplinas/IM_420_Sistemas_Embarcados_de_Tempo_Real/Trabalho/microros_ros/banana/install/drive_base_msgs/share/drive_base_msgs/hook/pythonpath.ps1'
[7.973s] INFO:colcon.colcon_core.shell:Creating environment descriptor '/home/ivan/Desktop/Unicamp/IvanUnicamp/Disciplinas/IM_420_Sistemas_Embarcados_de_Tempo_Real/Trabalho/microros_ros/banana/install/drive_base_msgs/share/drive_base_msgs/hook/pythonpath.dsv'
[7.974s] INFO:colcon.colcon_core.shell:Creating environment hook '/home/ivan/Desktop/Unicamp/IvanUnicamp/Disciplinas/IM_420_Sistemas_Embarcados_de_Tempo_Real/Trabalho/microros_ros/banana/install/drive_base_msgs/share/drive_base_msgs/hook/pythonpath.sh'
[7.974s] Level 1:colcon.colcon_core.environment:checking '/home/ivan/Desktop/Unicamp/IvanUnicamp/Disciplinas/IM_420_Sistemas_Embarcados_de_Tempo_Real/Trabalho/microros_ros/banana/install/drive_base_msgs/bin'
[7.974s] INFO:colcon.colcon_core.shell:Creating package script '/home/ivan/Desktop/Unicamp/IvanUnicamp/Disciplinas/IM_420_Sistemas_Embarcados_de_Tempo_Real/Trabalho/microros_ros/banana/install/drive_base_msgs/share/drive_base_msgs/package.ps1'
[7.975s] INFO:colcon.colcon_core.shell:Creating package descriptor '/home/ivan/Desktop/Unicamp/IvanUnicamp/Disciplinas/IM_420_Sistemas_Embarcados_de_Tempo_Real/Trabalho/microros_ros/banana/install/drive_base_msgs/share/drive_base_msgs/package.dsv'
[7.975s] INFO:colcon.colcon_core.shell:Creating package script '/home/ivan/Desktop/Unicamp/IvanUnicamp/Disciplinas/IM_420_Sistemas_Embarcados_de_Tempo_Real/Trabalho/microros_ros/banana/install/drive_base_msgs/share/drive_base_msgs/package.sh'
[7.975s] INFO:colcon.colcon_core.shell:Creating package script '/home/ivan/Desktop/Unicamp/IvanUnicamp/Disciplinas/IM_420_Sistemas_Embarcados_de_Tempo_Real/Trabalho/microros_ros/banana/install/drive_base_msgs/share/drive_base_msgs/package.bash'
[7.976s] INFO:colcon.colcon_core.shell:Creating package script '/home/ivan/Desktop/Unicamp/IvanUnicamp/Disciplinas/IM_420_Sistemas_Embarcados_de_Tempo_Real/Trabalho/microros_ros/banana/install/drive_base_msgs/share/drive_base_msgs/package.zsh'
[7.976s] Level 1:colcon.colcon_core.environment:create_file_with_runtime_dependencies(/home/ivan/Desktop/Unicamp/IvanUnicamp/Disciplinas/IM_420_Sistemas_Embarcados_de_Tempo_Real/Trabalho/microros_ros/banana/install/drive_base_msgs/share/colcon-core/packages/drive_base_msgs)
[7.976s] DEBUG:colcon.colcon_parallel_executor.executor.parallel:closing loop
[7.976s] DEBUG:colcon.colcon_parallel_executor.executor.parallel:loop closed
[7.977s] DEBUG:colcon.colcon_parallel_executor.executor.parallel:run_until_complete finished with '0'
[7.977s] DEBUG:colcon.colcon_core.event_reactor:joining thread
[7.981s] INFO:colcon.colcon_core.plugin_system:Skipping extension 'colcon_notification.desktop_notification.terminal_notifier': Not used on non-Darwin systems
[7.981s] INFO:colcon.colcon_core.plugin_system:Skipping extension 'colcon_notification.desktop_notification.win32': Not used on non-Windows systems
[7.981s] INFO:colcon.colcon_notification.desktop_notification:Sending desktop notification using 'notify2'
[7.991s] DEBUG:colcon.colcon_core.event_reactor:joined thread
[7.992s] INFO:colcon.colcon_core.shell:Creating prefix script '/home/ivan/Desktop/Unicamp/IvanUnicamp/Disciplinas/IM_420_Sistemas_Embarcados_de_Tempo_Real/Trabalho/microros_ros/banana/install/local_setup.ps1'
[7.992s] INFO:colcon.colcon_core.shell:Creating prefix util module '/home/ivan/Desktop/Unicamp/IvanUnicamp/Disciplinas/IM_420_Sistemas_Embarcados_de_Tempo_Real/Trabalho/microros_ros/banana/install/_local_setup_util_ps1.py'
[7.993s] INFO:colcon.colcon_core.shell:Creating prefix chain script '/home/ivan/Desktop/Unicamp/IvanUnicamp/Disciplinas/IM_420_Sistemas_Embarcados_de_Tempo_Real/Trabalho/microros_ros/banana/install/setup.ps1'
[7.994s] INFO:colcon.colcon_core.shell:Creating prefix script '/home/ivan/Desktop/Unicamp/IvanUnicamp/Disciplinas/IM_420_Sistemas_Embarcados_de_Tempo_Real/Trabalho/microros_ros/banana/install/local_setup.sh'
[7.994s] INFO:colcon.colcon_core.shell:Creating prefix util module '/home/ivan/Desktop/Unicamp/IvanUnicamp/Disciplinas/IM_420_Sistemas_Embarcados_de_Tempo_Real/Trabalho/microros_ros/banana/install/_local_setup_util_sh.py'
[7.995s] INFO:colcon.colcon_core.shell:Creating prefix chain script '/home/ivan/Desktop/Unicamp/IvanUnicamp/Disciplinas/IM_420_Sistemas_Embarcados_de_Tempo_Real/Trabalho/microros_ros/banana/install/setup.sh'
[7.995s] INFO:colcon.colcon_core.shell:Creating prefix script '/home/ivan/Desktop/Unicamp/IvanUnicamp/Disciplinas/IM_420_Sistemas_Embarcados_de_Tempo_Real/Trabalho/microros_ros/banana/install/local_setup.bash'
[7.996s] INFO:colcon.colcon_core.shell:Creating prefix chain script '/home/ivan/Desktop/Unicamp/IvanUnicamp/Disciplinas/IM_420_Sistemas_Embarcados_de_Tempo_Real/Trabalho/microros_ros/banana/install/setup.bash'
[7.997s] INFO:colcon.colcon_core.shell:Creating prefix script '/home/ivan/Desktop/Unicamp/IvanUnicamp/Disciplinas/IM_420_Sistemas_Embarcados_de_Tempo_Real/Trabalho/microros_ros/banana/install/local_setup.zsh'
[7.997s] INFO:colcon.colcon_core.shell:Creating prefix chain script '/home/ivan/Desktop/Unicamp/IvanUnicamp/Disciplinas/IM_420_Sistemas_Embarcados_de_Tempo_Real/Trabalho/microros_ros/banana/install/setup.zsh'
