1731790470.574313 client started (27552): version 3.4, socket /tmp/tmux-1000/default, protocol 8
1731790470.574369 on Linux 6.8.0-48-generic #48-Ubuntu SMP PREEMPT_DYNAMIC Fri Sep 27 14:04:52 UTC 2024
1731790470.574375 using libevent 2.1.12-stable poll
1731790470.574378 using ncurses 6.4 20240113
1731790470.574392 flags are 0x18010000
1731790470.574405 socket is /tmp/tmux-1000/default
1731790470.574418 trying connect
1731790470.574476 add peer 0x62708c2cf780: 6 ((nil))
1731790470.574749 sending message 100 to peer 0x62708c2cf780 (4 bytes)
1731790470.574759 sending message 111 to peer 0x62708c2cf780 (8 bytes)
1731790470.574764 sending message 101 to peer 0x62708c2cf780 (15 bytes)
1731790470.574768 sending message 109 to peer 0x62708c2cf780 (4 bytes)
1731790470.574771 sending message 102 to peer 0x62708c2cf780 (11 bytes)
1731790470.574775 sending message 108 to peer 0x62708c2cf780 (114 bytes)
1731790470.574778 sending message 112 to peer 0x62708c2cf780 (58 bytes)
1731790470.574782 sending message 112 to peer 0x62708c2cf780 (5 bytes)
1731790470.574786 sending message 112 to peer 0x62708c2cf780 (5 bytes)
1731790470.574789 sending message 112 to peer 0x62708c2cf780 (6 bytes)
1731790470.574793 sending message 112 to peer 0x62708c2cf780 (6 bytes)
1731790470.574796 sending message 112 to peer 0x62708c2cf780 (11 bytes)
1731790470.574800 sending message 112 to peer 0x62708c2cf780 (10 bytes)
1731790470.574804 sending message 112 to peer 0x62708c2cf780 (13 bytes)
1731790470.574807 sending message 112 to peer 0x62708c2cf780 (14 bytes)
1731790470.574810 sending message 112 to peer 0x62708c2cf780 (19 bytes)
1731790470.574813 sending message 112 to peer 0x62708c2cf780 (11 bytes)
1731790470.574816 sending message 112 to peer 0x62708c2cf780 (10 bytes)
1731790470.574819 sending message 112 to peer 0x62708c2cf780 (15 bytes)
1731790470.574821 sending message 112 to peer 0x62708c2cf780 (21 bytes)
1731790470.574825 sending message 112 to peer 0x62708c2cf780 (13 bytes)
1731790470.574828 sending message 112 to peer 0x62708c2cf780 (7 bytes)
1731790470.574831 sending message 112 to peer 0x62708c2cf780 (13 bytes)
1731790470.574835 sending message 112 to peer 0x62708c2cf780 (7 bytes)
1731790470.574838 sending message 112 to peer 0x62708c2cf780 (13 bytes)
1731790470.574841 sending message 112 to peer 0x62708c2cf780 (9 bytes)
1731790470.574845 sending message 112 to peer 0x62708c2cf780 (21 bytes)
1731790470.574848 sending message 112 to peer 0x62708c2cf780 (13 bytes)
1731790470.574851 sending message 112 to peer 0x62708c2cf780 (9 bytes)
1731790470.574855 sending message 112 to peer 0x62708c2cf780 (16 bytes)
1731790470.574859 sending message 112 to peer 0x62708c2cf780 (13 bytes)
1731790470.574862 sending message 112 to peer 0x62708c2cf780 (9 bytes)
1731790470.574866 sending message 112 to peer 0x62708c2cf780 (9 bytes)
1731790470.574870 sending message 112 to peer 0x62708c2cf780 (12 bytes)
1731790470.574874 sending message 112 to peer 0x62708c2cf780 (8 bytes)
1731790470.574877 sending message 112 to peer 0x62708c2cf780 (8 bytes)
1731790470.574881 sending message 112 to peer 0x62708c2cf780 (13 bytes)
1731790470.574885 sending message 112 to peer 0x62708c2cf780 (7 bytes)
1731790470.574888 sending message 112 to peer 0x62708c2cf780 (7 bytes)
1731790470.574892 sending message 112 to peer 0x62708c2cf780 (9 bytes)
1731790470.574897 sending message 112 to peer 0x62708c2cf780 (9 bytes)
1731790470.574901 sending message 112 to peer 0x62708c2cf780 (15 bytes)
1731790470.574905 sending message 112 to peer 0x62708c2cf780 (13 bytes)
1731790470.574909 sending message 112 to peer 0x62708c2cf780 (12 bytes)
1731790470.574913 sending message 112 to peer 0x62708c2cf780 (8 bytes)
1731790470.574916 sending message 112 to peer 0x62708c2cf780 (14 bytes)
1731790470.574920 sending message 112 to peer 0x62708c2cf780 (11 bytes)
1731790470.574924 sending message 112 to peer 0x62708c2cf780 (9 bytes)
1731790470.574928 sending message 112 to peer 0x62708c2cf780 (10 bytes)
1731790470.574932 sending message 112 to peer 0x62708c2cf780 (10 bytes)
1731790470.574935 sending message 112 to peer 0x62708c2cf780 (10 bytes)
1731790470.574948 sending message 112 to peer 0x62708c2cf780 (10 bytes)
1731790470.574952 sending message 112 to peer 0x62708c2cf780 (11 bytes)
1731790470.574956 sending message 112 to peer 0x62708c2cf780 (12 bytes)
1731790470.574960 sending message 112 to peer 0x62708c2cf780 (12 bytes)
1731790470.574964 sending message 112 to peer 0x62708c2cf780 (12 bytes)
1731790470.574969 sending message 112 to peer 0x62708c2cf780 (12 bytes)
1731790470.574972 sending message 112 to peer 0x62708c2cf780 (12 bytes)
1731790470.574976 sending message 112 to peer 0x62708c2cf780 (11 bytes)
1731790470.574981 sending message 112 to peer 0x62708c2cf780 (11 bytes)
1731790470.574985 sending message 112 to peer 0x62708c2cf780 (12 bytes)
1731790470.574989 sending message 112 to peer 0x62708c2cf780 (12 bytes)
1731790470.574992 sending message 112 to peer 0x62708c2cf780 (12 bytes)
1731790470.574996 sending message 112 to peer 0x62708c2cf780 (12 bytes)
1731790470.575000 sending message 112 to peer 0x62708c2cf780 (12 bytes)
1731790470.575003 sending message 112 to peer 0x62708c2cf780 (9 bytes)
1731790470.575007 sending message 112 to peer 0x62708c2cf780 (12 bytes)
1731790470.575021 sending message 112 to peer 0x62708c2cf780 (13 bytes)
1731790470.575028 sending message 112 to peer 0x62708c2cf780 (13 bytes)
1731790470.575032 sending message 112 to peer 0x62708c2cf780 (13 bytes)
1731790470.575037 sending message 112 to peer 0x62708c2cf780 (13 bytes)
1731790470.575041 sending message 112 to peer 0x62708c2cf780 (13 bytes)
1731790470.575045 sending message 112 to peer 0x62708c2cf780 (8 bytes)
1731790470.575049 sending message 112 to peer 0x62708c2cf780 (11 bytes)
1731790470.575052 sending message 112 to peer 0x62708c2cf780 (11 bytes)
1731790470.575057 sending message 112 to peer 0x62708c2cf780 (11 bytes)
1731790470.575061 sending message 112 to peer 0x62708c2cf780 (12 bytes)
1731790470.575064 sending message 112 to peer 0x62708c2cf780 (12 bytes)
1731790470.575068 sending message 112 to peer 0x62708c2cf780 (12 bytes)
1731790470.575072 sending message 112 to peer 0x62708c2cf780 (12 bytes)
1731790470.575076 sending message 112 to peer 0x62708c2cf780 (13 bytes)
1731790470.575080 sending message 112 to peer 0x62708c2cf780 (13 bytes)
1731790470.575084 sending message 112 to peer 0x62708c2cf780 (13 bytes)
1731790470.575088 sending message 112 to peer 0x62708c2cf780 (8 bytes)
1731790470.575092 sending message 112 to peer 0x62708c2cf780 (13 bytes)
1731790470.575096 sending message 112 to peer 0x62708c2cf780 (13 bytes)
1731790470.575099 sending message 112 to peer 0x62708c2cf780 (13 bytes)
1731790470.575103 sending message 112 to peer 0x62708c2cf780 (13 bytes)
1731790470.575106 sending message 112 to peer 0x62708c2cf780 (13 bytes)
1731790470.575109 sending message 112 to peer 0x62708c2cf780 (12 bytes)
1731790470.575111 sending message 112 to peer 0x62708c2cf780 (12 bytes)
1731790470.575113 sending message 112 to peer 0x62708c2cf780 (12 bytes)
1731790470.575116 sending message 112 to peer 0x62708c2cf780 (12 bytes)
1731790470.575118 sending message 112 to peer 0x62708c2cf780 (13 bytes)
1731790470.575120 sending message 112 to peer 0x62708c2cf780 (8 bytes)
1731790470.575123 sending message 112 to peer 0x62708c2cf780 (13 bytes)
1731790470.575125 sending message 112 to peer 0x62708c2cf780 (13 bytes)
1731790470.575128 sending message 112 to peer 0x62708c2cf780 (13 bytes)
1731790470.575132 sending message 112 to peer 0x62708c2cf780 (13 bytes)
1731790470.575135 sending message 112 to peer 0x62708c2cf780 (13 bytes)
1731790470.575138 sending message 112 to peer 0x62708c2cf780 (13 bytes)
1731790470.575141 sending message 112 to peer 0x62708c2cf780 (13 bytes)
1731790470.575145 sending message 112 to peer 0x62708c2cf780 (12 bytes)
1731790470.575148 sending message 112 to peer 0x62708c2cf780 (12 bytes)
1731790470.575151 sending message 112 to peer 0x62708c2cf780 (12 bytes)
1731790470.575154 sending message 112 to peer 0x62708c2cf780 (8 bytes)
1731790470.575159 sending message 112 to peer 0x62708c2cf780 (12 bytes)
1731790470.575162 sending message 112 to peer 0x62708c2cf780 (13 bytes)
1731790470.575172 sending message 112 to peer 0x62708c2cf780 (13 bytes)
1731790470.575174 sending message 112 to peer 0x62708c2cf780 (13 bytes)
1731790470.575177 sending message 112 to peer 0x62708c2cf780 (13 bytes)
1731790470.575179 sending message 112 to peer 0x62708c2cf780 (13 bytes)
1731790470.575181 sending message 112 to peer 0x62708c2cf780 (13 bytes)
1731790470.575184 sending message 112 to peer 0x62708c2cf780 (13 bytes)
1731790470.575186 sending message 112 to peer 0x62708c2cf780 (13 bytes)
1731790470.575188 sending message 112 to peer 0x62708c2cf780 (12 bytes)
1731790470.575191 sending message 112 to peer 0x62708c2cf780 (10 bytes)
1731790470.575193 sending message 112 to peer 0x62708c2cf780 (12 bytes)
1731790470.575196 sending message 112 to peer 0x62708c2cf780 (12 bytes)
1731790470.575198 sending message 112 to peer 0x62708c2cf780 (12 bytes)
1731790470.575201 sending message 112 to peer 0x62708c2cf780 (13 bytes)
1731790470.575203 sending message 112 to peer 0x62708c2cf780 (13 bytes)
1731790470.575206 sending message 112 to peer 0x62708c2cf780 (13 bytes)
1731790470.575208 sending message 112 to peer 0x62708c2cf780 (13 bytes)
1731790470.575210 sending message 112 to peer 0x62708c2cf780 (13 bytes)
1731790470.575213 sending message 112 to peer 0x62708c2cf780 (13 bytes)
1731790470.575215 sending message 112 to peer 0x62708c2cf780 (13 bytes)
1731790470.575217 sending message 112 to peer 0x62708c2cf780 (10 bytes)
1731790470.575221 sending message 112 to peer 0x62708c2cf780 (13 bytes)
1731790470.575225 sending message 112 to peer 0x62708c2cf780 (12 bytes)
1731790470.575228 sending message 112 to peer 0x62708c2cf780 (12 bytes)
1731790470.575232 sending message 112 to peer 0x62708c2cf780 (12 bytes)
1731790470.575235 sending message 112 to peer 0x62708c2cf780 (10 bytes)
1731790470.575238 sending message 112 to peer 0x62708c2cf780 (10 bytes)
1731790470.575242 sending message 112 to peer 0x62708c2cf780 (10 bytes)
1731790470.575245 sending message 112 to peer 0x62708c2cf780 (12 bytes)
1731790470.575249 sending message 112 to peer 0x62708c2cf780 (13 bytes)
1731790470.575252 sending message 112 to peer 0x62708c2cf780 (13 bytes)
1731790470.575255 sending message 112 to peer 0x62708c2cf780 (13 bytes)
1731790470.575258 sending message 112 to peer 0x62708c2cf780 (13 bytes)
1731790470.575262 sending message 112 to peer 0x62708c2cf780 (13 bytes)
1731790470.575265 sending message 112 to peer 0x62708c2cf780 (10 bytes)
1731790470.575268 sending message 112 to peer 0x62708c2cf780 (11 bytes)
1731790470.575272 sending message 112 to peer 0x62708c2cf780 (12 bytes)
1731790470.575275 sending message 112 to peer 0x62708c2cf780 (12 bytes)
1731790470.575277 sending message 112 to peer 0x62708c2cf780 (12 bytes)
1731790470.575280 sending message 112 to peer 0x62708c2cf780 (12 bytes)
1731790470.575282 sending message 112 to peer 0x62708c2cf780 (12 bytes)
1731790470.575286 sending message 112 to peer 0x62708c2cf780 (11 bytes)
1731790470.575289 sending message 112 to peer 0x62708c2cf780 (12 bytes)
1731790470.575292 sending message 112 to peer 0x62708c2cf780 (12 bytes)
1731790470.575295 sending message 112 to peer 0x62708c2cf780 (13 bytes)
1731790470.575299 sending message 112 to peer 0x62708c2cf780 (13 bytes)
1731790470.575302 sending message 112 to peer 0x62708c2cf780 (13 bytes)
1731790470.575306 sending message 112 to peer 0x62708c2cf780 (13 bytes)
1731790470.575308 sending message 112 to peer 0x62708c2cf780 (13 bytes)
1731790470.575311 sending message 112 to peer 0x62708c2cf780 (10 bytes)
1731790470.575313 sending message 112 to peer 0x62708c2cf780 (9 bytes)
1731790470.575315 sending message 112 to peer 0x62708c2cf780 (12 bytes)
1731790470.575319 sending message 112 to peer 0x62708c2cf780 (13 bytes)
1731790470.575322 sending message 112 to peer 0x62708c2cf780 (13 bytes)
1731790470.575326 sending message 112 to peer 0x62708c2cf780 (13 bytes)
1731790470.575330 sending message 112 to peer 0x62708c2cf780 (13 bytes)
1731790470.575334 sending message 112 to peer 0x62708c2cf780 (13 bytes)
1731790470.575337 sending message 112 to peer 0x62708c2cf780 (9 bytes)
1731790470.575344 sending message 112 to peer 0x62708c2cf780 (12 bytes)
1731790470.575347 sending message 112 to peer 0x62708c2cf780 (13 bytes)
1731790470.575350 sending message 112 to peer 0x62708c2cf780 (13 bytes)
1731790470.575354 sending message 112 to peer 0x62708c2cf780 (13 bytes)
1731790470.575358 sending message 112 to peer 0x62708c2cf780 (13 bytes)
1731790470.575362 sending message 112 to peer 0x62708c2cf780 (13 bytes)
1731790470.575365 sending message 112 to peer 0x62708c2cf780 (11 bytes)
1731790470.575369 sending message 112 to peer 0x62708c2cf780 (12 bytes)
1731790470.575373 sending message 112 to peer 0x62708c2cf780 (13 bytes)
1731790470.575376 sending message 112 to peer 0x62708c2cf780 (13 bytes)
1731790470.575379 sending message 112 to peer 0x62708c2cf780 (13 bytes)
1731790470.575381 sending message 112 to peer 0x62708c2cf780 (13 bytes)
1731790470.575383 sending message 112 to peer 0x62708c2cf780 (13 bytes)
1731790470.575386 sending message 112 to peer 0x62708c2cf780 (11 bytes)
1731790470.575390 sending message 112 to peer 0x62708c2cf780 (12 bytes)
1731790470.575393 sending message 112 to peer 0x62708c2cf780 (12 bytes)
1731790470.575398 sending message 112 to peer 0x62708c2cf780 (12 bytes)
1731790470.575400 sending message 112 to peer 0x62708c2cf780 (12 bytes)
1731790470.575403 sending message 112 to peer 0x62708c2cf780 (12 bytes)
1731790470.575407 sending message 112 to peer 0x62708c2cf780 (21 bytes)
1731790470.575411 sending message 112 to peer 0x62708c2cf780 (12 bytes)
1731790470.575414 sending message 112 to peer 0x62708c2cf780 (9 bytes)
1731790470.575417 sending message 112 to peer 0x62708c2cf780 (6 bytes)
1731790470.575420 sending message 112 to peer 0x62708c2cf780 (13 bytes)
1731790470.575423 sending message 112 to peer 0x62708c2cf780 (10 bytes)
1731790470.575426 sending message 112 to peer 0x62708c2cf780 (24 bytes)
1731790470.575429 sending message 112 to peer 0x62708c2cf780 (13 bytes)
1731790470.575434 sending message 112 to peer 0x62708c2cf780 (9 bytes)
1731790470.575438 sending message 112 to peer 0x62708c2cf780 (70 bytes)
1731790470.575441 sending message 112 to peer 0x62708c2cf780 (69 bytes)
1731790470.575444 sending message 112 to peer 0x62708c2cf780 (12 bytes)
1731790470.575448 sending message 112 to peer 0x62708c2cf780 (10 bytes)
1731790470.575451 sending message 112 to peer 0x62708c2cf780 (10 bytes)
1731790470.575455 sending message 112 to peer 0x62708c2cf780 (24 bytes)
1731790470.575458 sending message 112 to peer 0x62708c2cf780 (13 bytes)
1731790470.575461 sending message 112 to peer 0x62708c2cf780 (10 bytes)
1731790470.575464 sending message 112 to peer 0x62708c2cf780 (10 bytes)
1731790470.575468 sending message 112 to peer 0x62708c2cf780 (10 bytes)
1731790470.575471 sending message 112 to peer 0x62708c2cf780 (13 bytes)
1731790470.575475 sending message 112 to peer 0x62708c2cf780 (15 bytes)
1731790470.575479 sending message 112 to peer 0x62708c2cf780 (5 bytes)
1731790470.575484 sending message 104 to peer 0x62708c2cf780 (0 bytes)
1731790470.575487 sending message 110 to peer 0x62708c2cf780 (0 bytes)
1731790470.575491 sending message 107 to peer 0x62708c2cf780 (4 bytes)
1731790470.575496 sending message 105 to peer 0x62708c2cf780 (16 bytes)
1731790470.575499 sending message 105 to peer 0x62708c2cf780 (14 bytes)
1731790470.575502 sending message 105 to peer 0x62708c2cf780 (92 bytes)
1731790470.575505 sending message 105 to peer 0x62708c2cf780 (19 bytes)
1731790470.575508 sending message 105 to peer 0x62708c2cf780 (20 bytes)
1731790470.575512 sending message 105 to peer 0x62708c2cf780 (45 bytes)
1731790470.575515 sending message 105 to peer 0x62708c2cf780 (23 bytes)
1731790470.575518 sending message 105 to peer 0x62708c2cf780 (44 bytes)
1731790470.575521 sending message 105 to peer 0x62708c2cf780 (45 bytes)
1731790470.575524 sending message 105 to peer 0x62708c2cf780 (21 bytes)
1731790470.575528 sending message 105 to peer 0x62708c2cf780 (18 bytes)
1731790470.575531 sending message 105 to peer 0x62708c2cf780 (23 bytes)
1731790470.575534 sending message 105 to peer 0x62708c2cf780 (32 bytes)
1731790470.575542 sending message 105 to peer 0x62708c2cf780 (20 bytes)
1731790470.575546 sending message 105 to peer 0x62708c2cf780 (41 bytes)
1731790470.575550 sending message 105 to peer 0x62708c2cf780 (421 bytes)
1731790470.575553 sending message 105 to peer 0x62708c2cf780 (51 bytes)
1731790470.575557 sending message 105 to peer 0x62708c2cf780 (20 bytes)
1731790470.575560 sending message 105 to peer 0x62708c2cf780 (23 bytes)
1731790470.575565 sending message 105 to peer 0x62708c2cf780 (24 bytes)
1731790470.575569 sending message 105 to peer 0x62708c2cf780 (28 bytes)
1731790470.575573 sending message 105 to peer 0x62708c2cf780 (118 bytes)
1731790470.575577 sending message 105 to peer 0x62708c2cf780 (13 bytes)
1731790470.575581 sending message 105 to peer 0x62708c2cf780 (27 bytes)
1731790470.575584 sending message 105 to peer 0x62708c2cf780 (25 bytes)
1731790470.575586 sending message 105 to peer 0x62708c2cf780 (22 bytes)
1731790470.575591 sending message 105 to peer 0x62708c2cf780 (54 bytes)
1731790470.575594 sending message 105 to peer 0x62708c2cf780 (16 bytes)
1731790470.575597 sending message 105 to peer 0x62708c2cf780 (14 bytes)
1731790470.575600 sending message 105 to peer 0x62708c2cf780 (18 bytes)
1731790470.575603 sending message 105 to peer 0x62708c2cf780 (21 bytes)
1731790470.575606 sending message 105 to peer 0x62708c2cf780 (17 bytes)
1731790470.575610 sending message 105 to peer 0x62708c2cf780 (1817 bytes)
1731790470.575632 sending message 105 to peer 0x62708c2cf780 (33 bytes)
1731790470.575636 sending message 105 to peer 0x62708c2cf780 (155 bytes)
1731790470.575639 sending message 105 to peer 0x62708c2cf780 (17 bytes)
1731790470.575643 sending message 105 to peer 0x62708c2cf780 (26 bytes)
1731790470.575646 sending message 105 to peer 0x62708c2cf780 (33 bytes)
1731790470.575650 sending message 105 to peer 0x62708c2cf780 (632 bytes)
1731790470.575653 sending message 105 to peer 0x62708c2cf780 (86 bytes)
1731790470.575657 sending message 105 to peer 0x62708c2cf780 (37 bytes)
1731790470.575660 sending message 105 to peer 0x62708c2cf780 (20 bytes)
1731790470.575664 sending message 105 to peer 0x62708c2cf780 (23 bytes)
1731790470.575668 sending message 105 to peer 0x62708c2cf780 (34 bytes)
1731790470.575672 sending message 105 to peer 0x62708c2cf780 (23 bytes)
1731790470.575676 sending message 105 to peer 0x62708c2cf780 (55 bytes)
1731790470.575680 sending message 105 to peer 0x62708c2cf780 (20 bytes)
1731790470.575684 sending message 105 to peer 0x62708c2cf780 (30 bytes)
1731790470.575687 sending message 105 to peer 0x62708c2cf780 (32 bytes)
1731790470.575691 sending message 105 to peer 0x62708c2cf780 (10 bytes)
1731790470.575694 sending message 105 to peer 0x62708c2cf780 (30 bytes)
1731790470.575697 sending message 105 to peer 0x62708c2cf780 (11 bytes)
1731790470.575700 sending message 105 to peer 0x62708c2cf780 (8 bytes)
1731790470.575704 sending message 105 to peer 0x62708c2cf780 (35 bytes)
1731790470.575707 sending message 105 to peer 0x62708c2cf780 (25 bytes)
1731790470.575710 sending message 105 to peer 0x62708c2cf780 (18 bytes)
1731790470.575713 sending message 105 to peer 0x62708c2cf780 (27 bytes)
1731790470.575717 sending message 105 to peer 0x62708c2cf780 (13 bytes)
1731790470.575720 sending message 105 to peer 0x62708c2cf780 (793 bytes)
1731790470.575724 sending message 105 to peer 0x62708c2cf780 (21 bytes)
1731790470.575727 sending message 105 to peer 0x62708c2cf780 (31 bytes)
1731790470.575730 sending message 105 to peer 0x62708c2cf780 (47 bytes)
1731790470.575733 sending message 105 to peer 0x62708c2cf780 (20 bytes)
1731790470.575737 sending message 105 to peer 0x62708c2cf780 (179 bytes)
1731790470.575741 sending message 105 to peer 0x62708c2cf780 (275 bytes)
1731790470.575744 sending message 105 to peer 0x62708c2cf780 (18 bytes)
1731790470.575748 sending message 105 to peer 0x62708c2cf780 (54 bytes)
1731790470.575751 sending message 105 to peer 0x62708c2cf780 (17 bytes)
1731790470.575754 sending message 105 to peer 0x62708c2cf780 (23 bytes)
1731790470.575758 sending message 105 to peer 0x62708c2cf780 (99 bytes)
1731790470.575766 sending message 105 to peer 0x62708c2cf780 (16 bytes)
1731790470.575770 sending message 106 to peer 0x62708c2cf780 (0 bytes)
1731790470.575814 sending message 200 to peer 0x62708c2cf780 (4 bytes)
1731790470.575819 client loop enter
1731790470.580518 peer 0x62708c2cf780 message 207
1731790470.580534 sending message 208 to peer 0x62708c2cf780 (0 bytes)
1731790476.688683 peer 0x62708c2cf780 message 203
1731790476.688713 sending message 205 to peer 0x62708c2cf780 (0 bytes)
1731790476.688969 peer 0x62708c2cf780 message 204
1731790476.688988 client loop exit
