[0.120s] DEBUG:colcon:Command line arguments: ['/usr/bin/colcon', 'build']
[0.120s] DEBUG:colcon:Parsed command line arguments: Namespace(log_base=None, log_level=None, verb_name='build', build_base='build', install_base='install', merge_install=False, symlink_install=False, test_result_base=None, continue_on_error=False, executor='parallel', parallel_workers=8, event_handlers=None, ignore_user_meta=False, metas=['./colcon.meta'], base_paths=['.'], packages_ignore=None, packages_ignore_regex=None, paths=None, packages_up_to=None, packages_up_to_regex=None, packages_above=None, packages_above_and_dependencies=None, packages_above_depth=None, packages_select_by_dep=None, packages_skip_by_dep=None, packages_skip_up_to=None, packages_select_build_failed=False, packages_skip_build_finished=False, packages_select_test_failures=False, packages_skip_test_passed=False, packages_select=None, packages_skip=None, packages_select_regex=None, packages_skip_regex=None, packages_start=None, packages_end=None, allow_overriding=[], cmake_args=None, cmake_target=None, cmake_target_skip_unavailable=False, cmake_clean_cache=False, cmake_clean_first=False, cmake_force_configure=False, ament_cmake_args=None, catkin_cmake_args=None, catkin_skip_building_tests=False, verb_parser=<colcon_defaults.argument_parser.defaults.DefaultArgumentsDecorator object at 0x77150099c140>, verb_extension=<colcon_core.verb.build.BuildVerb object at 0x771500973f50>, main=<bound method BuildVerb.main of <colcon_core.verb.build.BuildVerb object at 0x771500973f50>>)
[0.149s] Level 1:colcon.colcon_core.package_discovery:discover_packages(colcon_meta) check parameters
[0.149s] Level 1:colcon.colcon_core.package_discovery:discover_packages(recursive) check parameters
[0.149s] Level 1:colcon.colcon_core.package_discovery:discover_packages(ignore) check parameters
[0.149s] Level 1:colcon.colcon_core.package_discovery:discover_packages(path) check parameters
[0.149s] Level 1:colcon.colcon_core.package_discovery:discover_packages(colcon_meta) discover
[0.149s] Level 1:colcon.colcon_core.package_discovery:discover_packages(recursive) discover
[0.149s] INFO:colcon.colcon_core.package_discovery:Crawling recursively for packages in '/home/ivan/Desktop/Unicamp/IvanUnicamp/Disciplinas/IM_420_Sistemas_Embarcados_de_Tempo_Real/Trabalho/microros_ros/banana'
[0.149s] Level 1:colcon.colcon_core.package_identification:_identify(.) by extensions ['ignore', 'ignore_ament_install']
[0.149s] Level 1:colcon.colcon_core.package_identification:_identify(.) by extension 'ignore'
[0.149s] Level 1:colcon.colcon_core.package_identification:_identify(.) by extension 'ignore_ament_install'
[0.149s] Level 1:colcon.colcon_core.package_identification:_identify(.) by extensions ['colcon_pkg']
[0.149s] Level 1:colcon.colcon_core.package_identification:_identify(.) by extension 'colcon_pkg'
[0.149s] Level 1:colcon.colcon_core.package_identification:_identify(.) by extensions ['colcon_meta']
[0.149s] Level 1:colcon.colcon_core.package_identification:_identify(.) by extension 'colcon_meta'
[0.149s] Level 1:colcon.colcon_core.package_identification:_identify(.) by extensions ['ros']
[0.150s] Level 1:colcon.colcon_core.package_identification:_identify(.) by extension 'ros'
[0.167s] Level 1:colcon.colcon_core.package_identification:_identify(.) by extensions ['cmake', 'python']
[0.167s] Level 1:colcon.colcon_core.package_identification:_identify(.) by extension 'cmake'
[0.167s] Level 1:colcon.colcon_core.package_identification:_identify(.) by extension 'python'
[0.167s] Level 1:colcon.colcon_core.package_identification:_identify(.) by extensions ['python_setup_py']
[0.167s] Level 1:colcon.colcon_core.package_identification:_identify(.) by extension 'python_setup_py'
[0.167s] Level 1:colcon.colcon_core.package_identification:_identify(build) by extensions ['ignore', 'ignore_ament_install']
[0.167s] Level 1:colcon.colcon_core.package_identification:_identify(build) by extension 'ignore'
[0.167s] Level 1:colcon.colcon_core.package_identification:_identify(build) ignored
[0.167s] Level 1:colcon.colcon_core.package_identification:_identify(install) by extensions ['ignore', 'ignore_ament_install']
[0.167s] Level 1:colcon.colcon_core.package_identification:_identify(install) by extension 'ignore'
[0.167s] Level 1:colcon.colcon_core.package_identification:_identify(install) ignored
[0.167s] Level 1:colcon.colcon_core.package_identification:_identify(log) by extensions ['ignore', 'ignore_ament_install']
[0.167s] Level 1:colcon.colcon_core.package_identification:_identify(log) by extension 'ignore'
[0.167s] Level 1:colcon.colcon_core.package_identification:_identify(log) ignored
[0.167s] Level 1:colcon.colcon_core.package_identification:_identify(src) by extensions ['ignore', 'ignore_ament_install']
[0.168s] Level 1:colcon.colcon_core.package_identification:_identify(src) by extension 'ignore'
[0.168s] Level 1:colcon.colcon_core.package_identification:_identify(src) by extension 'ignore_ament_install'
[0.168s] Level 1:colcon.colcon_core.package_identification:_identify(src) by extensions ['colcon_pkg']
[0.168s] Level 1:colcon.colcon_core.package_identification:_identify(src) by extension 'colcon_pkg'
[0.168s] Level 1:colcon.colcon_core.package_identification:_identify(src) by extensions ['colcon_meta']
[0.168s] Level 1:colcon.colcon_core.package_identification:_identify(src) by extension 'colcon_meta'
[0.168s] Level 1:colcon.colcon_core.package_identification:_identify(src) by extensions ['ros']
[0.168s] Level 1:colcon.colcon_core.package_identification:_identify(src) by extension 'ros'
[0.168s] Level 1:colcon.colcon_core.package_identification:_identify(src) by extensions ['cmake', 'python']
[0.168s] Level 1:colcon.colcon_core.package_identification:_identify(src) by extension 'cmake'
[0.168s] Level 1:colcon.colcon_core.package_identification:_identify(src) by extension 'python'
[0.168s] Level 1:colcon.colcon_core.package_identification:_identify(src) by extensions ['python_setup_py']
[0.168s] Level 1:colcon.colcon_core.package_identification:_identify(src) by extension 'python_setup_py'
[0.168s] Level 1:colcon.colcon_core.package_identification:_identify(src/micro_ros_setup) by extensions ['ignore', 'ignore_ament_install']
[0.168s] Level 1:colcon.colcon_core.package_identification:_identify(src/micro_ros_setup) by extension 'ignore'
[0.168s] Level 1:colcon.colcon_core.package_identification:_identify(src/micro_ros_setup) by extension 'ignore_ament_install'
[0.168s] Level 1:colcon.colcon_core.package_identification:_identify(src/micro_ros_setup) by extensions ['colcon_pkg']
[0.168s] Level 1:colcon.colcon_core.package_identification:_identify(src/micro_ros_setup) by extension 'colcon_pkg'
[0.168s] Level 1:colcon.colcon_core.package_identification:_identify(src/micro_ros_setup) by extensions ['colcon_meta']
[0.168s] Level 1:colcon.colcon_core.package_identification:_identify(src/micro_ros_setup) by extension 'colcon_meta'
[0.168s] Level 1:colcon.colcon_core.package_identification:_identify(src/micro_ros_setup) by extensions ['ros']
[0.168s] Level 1:colcon.colcon_core.package_identification:_identify(src/micro_ros_setup) by extension 'ros'
[0.170s] DEBUG:colcon.colcon_core.package_identification:Package 'src/micro_ros_setup' with type 'ros.ament_cmake' and name 'micro_ros_setup'
[0.170s] Level 1:colcon.colcon_core.package_identification:_identify(src/uros) by extensions ['ignore', 'ignore_ament_install']
[0.170s] Level 1:colcon.colcon_core.package_identification:_identify(src/uros) by extension 'ignore'
[0.170s] Level 1:colcon.colcon_core.package_identification:_identify(src/uros) by extension 'ignore_ament_install'
[0.170s] Level 1:colcon.colcon_core.package_identification:_identify(src/uros) by extensions ['colcon_pkg']
[0.171s] Level 1:colcon.colcon_core.package_identification:_identify(src/uros) by extension 'colcon_pkg'
[0.171s] Level 1:colcon.colcon_core.package_identification:_identify(src/uros) by extensions ['colcon_meta']
[0.171s] Level 1:colcon.colcon_core.package_identification:_identify(src/uros) by extension 'colcon_meta'
[0.171s] Level 1:colcon.colcon_core.package_identification:_identify(src/uros) by extensions ['ros']
[0.171s] Level 1:colcon.colcon_core.package_identification:_identify(src/uros) by extension 'ros'
[0.171s] Level 1:colcon.colcon_core.package_identification:_identify(src/uros) by extensions ['cmake', 'python']
[0.171s] Level 1:colcon.colcon_core.package_identification:_identify(src/uros) by extension 'cmake'
[0.171s] Level 1:colcon.colcon_core.package_identification:_identify(src/uros) by extension 'python'
[0.171s] Level 1:colcon.colcon_core.package_identification:_identify(src/uros) by extensions ['python_setup_py']
[0.171s] Level 1:colcon.colcon_core.package_identification:_identify(src/uros) by extension 'python_setup_py'
[0.171s] Level 1:colcon.colcon_core.package_identification:_identify(src/uros/drive_base) by extensions ['ignore', 'ignore_ament_install']
[0.171s] Level 1:colcon.colcon_core.package_identification:_identify(src/uros/drive_base) by extension 'ignore'
[0.171s] Level 1:colcon.colcon_core.package_identification:_identify(src/uros/drive_base) by extension 'ignore_ament_install'
[0.171s] Level 1:colcon.colcon_core.package_identification:_identify(src/uros/drive_base) by extensions ['colcon_pkg']
[0.171s] Level 1:colcon.colcon_core.package_identification:_identify(src/uros/drive_base) by extension 'colcon_pkg'
[0.171s] Level 1:colcon.colcon_core.package_identification:_identify(src/uros/drive_base) by extensions ['colcon_meta']
[0.171s] Level 1:colcon.colcon_core.package_identification:_identify(src/uros/drive_base) by extension 'colcon_meta'
[0.171s] Level 1:colcon.colcon_core.package_identification:_identify(src/uros/drive_base) by extensions ['ros']
[0.171s] Level 1:colcon.colcon_core.package_identification:_identify(src/uros/drive_base) by extension 'ros'
[0.171s] Level 1:colcon.colcon_core.package_identification:_identify(src/uros/drive_base) by extensions ['cmake', 'python']
[0.171s] Level 1:colcon.colcon_core.package_identification:_identify(src/uros/drive_base) by extension 'cmake'
[0.171s] Level 1:colcon.colcon_core.package_identification:_identify(src/uros/drive_base) by extension 'python'
[0.171s] Level 1:colcon.colcon_core.package_identification:_identify(src/uros/drive_base) by extensions ['python_setup_py']
[0.171s] Level 1:colcon.colcon_core.package_identification:_identify(src/uros/drive_base) by extension 'python_setup_py'
[0.171s] Level 1:colcon.colcon_core.package_identification:_identify(src/uros/drive_base/drive_base_msgs) by extensions ['ignore', 'ignore_ament_install']
[0.171s] Level 1:colcon.colcon_core.package_identification:_identify(src/uros/drive_base/drive_base_msgs) by extension 'ignore'
[0.171s] Level 1:colcon.colcon_core.package_identification:_identify(src/uros/drive_base/drive_base_msgs) by extension 'ignore_ament_install'
[0.171s] Level 1:colcon.colcon_core.package_identification:_identify(src/uros/drive_base/drive_base_msgs) by extensions ['colcon_pkg']
[0.171s] Level 1:colcon.colcon_core.package_identification:_identify(src/uros/drive_base/drive_base_msgs) by extension 'colcon_pkg'
[0.171s] Level 1:colcon.colcon_core.package_identification:_identify(src/uros/drive_base/drive_base_msgs) by extensions ['colcon_meta']
[0.171s] Level 1:colcon.colcon_core.package_identification:_identify(src/uros/drive_base/drive_base_msgs) by extension 'colcon_meta'
[0.171s] Level 1:colcon.colcon_core.package_identification:_identify(src/uros/drive_base/drive_base_msgs) by extensions ['ros']
[0.171s] Level 1:colcon.colcon_core.package_identification:_identify(src/uros/drive_base/drive_base_msgs) by extension 'ros'
[0.172s] DEBUG:colcon.colcon_core.package_identification:Package 'src/uros/drive_base/drive_base_msgs' with type 'ros.ament_cmake' and name 'drive_base_msgs'
[0.172s] Level 1:colcon.colcon_core.package_identification:_identify(src/uros/micro-ROS-Agent) by extensions ['ignore', 'ignore_ament_install']
[0.172s] Level 1:colcon.colcon_core.package_identification:_identify(src/uros/micro-ROS-Agent) by extension 'ignore'
[0.172s] Level 1:colcon.colcon_core.package_identification:_identify(src/uros/micro-ROS-Agent) by extension 'ignore_ament_install'
[0.172s] Level 1:colcon.colcon_core.package_identification:_identify(src/uros/micro-ROS-Agent) by extensions ['colcon_pkg']
[0.172s] Level 1:colcon.colcon_core.package_identification:_identify(src/uros/micro-ROS-Agent) by extension 'colcon_pkg'
[0.172s] Level 1:colcon.colcon_core.package_identification:_identify(src/uros/micro-ROS-Agent) by extensions ['colcon_meta']
[0.172s] Level 1:colcon.colcon_core.package_identification:_identify(src/uros/micro-ROS-Agent) by extension 'colcon_meta'
[0.172s] Level 1:colcon.colcon_core.package_identification:_identify(src/uros/micro-ROS-Agent) by extensions ['ros']
[0.172s] Level 1:colcon.colcon_core.package_identification:_identify(src/uros/micro-ROS-Agent) by extension 'ros'
[0.172s] Level 1:colcon.colcon_core.package_identification:_identify(src/uros/micro-ROS-Agent) by extensions ['cmake', 'python']
[0.172s] Level 1:colcon.colcon_core.package_identification:_identify(src/uros/micro-ROS-Agent) by extension 'cmake'
[0.172s] Level 1:colcon.colcon_core.package_identification:_identify(src/uros/micro-ROS-Agent) by extension 'python'
[0.172s] Level 1:colcon.colcon_core.package_identification:_identify(src/uros/micro-ROS-Agent) by extensions ['python_setup_py']
[0.172s] Level 1:colcon.colcon_core.package_identification:_identify(src/uros/micro-ROS-Agent) by extension 'python_setup_py'
[0.173s] Level 1:colcon.colcon_core.package_identification:_identify(src/uros/micro-ROS-Agent/micro_ros_agent) by extensions ['ignore', 'ignore_ament_install']
[0.173s] Level 1:colcon.colcon_core.package_identification:_identify(src/uros/micro-ROS-Agent/micro_ros_agent) by extension 'ignore'
[0.173s] Level 1:colcon.colcon_core.package_identification:_identify(src/uros/micro-ROS-Agent/micro_ros_agent) by extension 'ignore_ament_install'
[0.173s] Level 1:colcon.colcon_core.package_identification:_identify(src/uros/micro-ROS-Agent/micro_ros_agent) by extensions ['colcon_pkg']
[0.173s] Level 1:colcon.colcon_core.package_identification:_identify(src/uros/micro-ROS-Agent/micro_ros_agent) by extension 'colcon_pkg'
[0.173s] Level 1:colcon.colcon_core.package_identification:_identify(src/uros/micro-ROS-Agent/micro_ros_agent) by extensions ['colcon_meta']
[0.173s] Level 1:colcon.colcon_core.package_identification:_identify(src/uros/micro-ROS-Agent/micro_ros_agent) by extension 'colcon_meta'
[0.173s] Level 1:colcon.colcon_core.package_identification:_identify(src/uros/micro-ROS-Agent/micro_ros_agent) by extensions ['ros']
[0.173s] Level 1:colcon.colcon_core.package_identification:_identify(src/uros/micro-ROS-Agent/micro_ros_agent) by extension 'ros'
[0.173s] DEBUG:colcon.colcon_core.package_identification:Package 'src/uros/micro-ROS-Agent/micro_ros_agent' with type 'ros.ament_cmake' and name 'micro_ros_agent'
[0.173s] Level 1:colcon.colcon_core.package_identification:_identify(src/uros/micro-ROS-Agent/snap) by extensions ['ignore', 'ignore_ament_install']
[0.173s] Level 1:colcon.colcon_core.package_identification:_identify(src/uros/micro-ROS-Agent/snap) by extension 'ignore'
[0.174s] Level 1:colcon.colcon_core.package_identification:_identify(src/uros/micro-ROS-Agent/snap) by extension 'ignore_ament_install'
[0.174s] Level 1:colcon.colcon_core.package_identification:_identify(src/uros/micro-ROS-Agent/snap) by extensions ['colcon_pkg']
[0.174s] Level 1:colcon.colcon_core.package_identification:_identify(src/uros/micro-ROS-Agent/snap) by extension 'colcon_pkg'
[0.174s] Level 1:colcon.colcon_core.package_identification:_identify(src/uros/micro-ROS-Agent/snap) by extensions ['colcon_meta']
[0.174s] Level 1:colcon.colcon_core.package_identification:_identify(src/uros/micro-ROS-Agent/snap) by extension 'colcon_meta'
[0.174s] Level 1:colcon.colcon_core.package_identification:_identify(src/uros/micro-ROS-Agent/snap) by extensions ['ros']
[0.174s] Level 1:colcon.colcon_core.package_identification:_identify(src/uros/micro-ROS-Agent/snap) by extension 'ros'
[0.174s] Level 1:colcon.colcon_core.package_identification:_identify(src/uros/micro-ROS-Agent/snap) by extensions ['cmake', 'python']
[0.174s] Level 1:colcon.colcon_core.package_identification:_identify(src/uros/micro-ROS-Agent/snap) by extension 'cmake'
[0.174s] Level 1:colcon.colcon_core.package_identification:_identify(src/uros/micro-ROS-Agent/snap) by extension 'python'
[0.174s] Level 1:colcon.colcon_core.package_identification:_identify(src/uros/micro-ROS-Agent/snap) by extensions ['python_setup_py']
[0.174s] Level 1:colcon.colcon_core.package_identification:_identify(src/uros/micro-ROS-Agent/snap) by extension 'python_setup_py'
[0.174s] Level 1:colcon.colcon_core.package_identification:_identify(src/uros/micro-ROS-Agent/snap/hooks) by extensions ['ignore', 'ignore_ament_install']
[0.174s] Level 1:colcon.colcon_core.package_identification:_identify(src/uros/micro-ROS-Agent/snap/hooks) by extension 'ignore'
[0.174s] Level 1:colcon.colcon_core.package_identification:_identify(src/uros/micro-ROS-Agent/snap/hooks) by extension 'ignore_ament_install'
[0.174s] Level 1:colcon.colcon_core.package_identification:_identify(src/uros/micro-ROS-Agent/snap/hooks) by extensions ['colcon_pkg']
[0.174s] Level 1:colcon.colcon_core.package_identification:_identify(src/uros/micro-ROS-Agent/snap/hooks) by extension 'colcon_pkg'
[0.174s] Level 1:colcon.colcon_core.package_identification:_identify(src/uros/micro-ROS-Agent/snap/hooks) by extensions ['colcon_meta']
[0.174s] Level 1:colcon.colcon_core.package_identification:_identify(src/uros/micro-ROS-Agent/snap/hooks) by extension 'colcon_meta'
[0.174s] Level 1:colcon.colcon_core.package_identification:_identify(src/uros/micro-ROS-Agent/snap/hooks) by extensions ['ros']
[0.174s] Level 1:colcon.colcon_core.package_identification:_identify(src/uros/micro-ROS-Agent/snap/hooks) by extension 'ros'
[0.174s] Level 1:colcon.colcon_core.package_identification:_identify(src/uros/micro-ROS-Agent/snap/hooks) by extensions ['cmake', 'python']
[0.174s] Level 1:colcon.colcon_core.package_identification:_identify(src/uros/micro-ROS-Agent/snap/hooks) by extension 'cmake'
[0.174s] Level 1:colcon.colcon_core.package_identification:_identify(src/uros/micro-ROS-Agent/snap/hooks) by extension 'python'
[0.174s] Level 1:colcon.colcon_core.package_identification:_identify(src/uros/micro-ROS-Agent/snap/hooks) by extensions ['python_setup_py']
[0.174s] Level 1:colcon.colcon_core.package_identification:_identify(src/uros/micro-ROS-Agent/snap/hooks) by extension 'python_setup_py'
[0.174s] Level 1:colcon.colcon_core.package_identification:_identify(src/uros/micro-ROS-Agent/snap/local) by extensions ['ignore', 'ignore_ament_install']
[0.174s] Level 1:colcon.colcon_core.package_identification:_identify(src/uros/micro-ROS-Agent/snap/local) by extension 'ignore'
[0.175s] Level 1:colcon.colcon_core.package_identification:_identify(src/uros/micro-ROS-Agent/snap/local) by extension 'ignore_ament_install'
[0.175s] Level 1:colcon.colcon_core.package_identification:_identify(src/uros/micro-ROS-Agent/snap/local) by extensions ['colcon_pkg']
[0.175s] Level 1:colcon.colcon_core.package_identification:_identify(src/uros/micro-ROS-Agent/snap/local) by extension 'colcon_pkg'
[0.175s] Level 1:colcon.colcon_core.package_identification:_identify(src/uros/micro-ROS-Agent/snap/local) by extensions ['colcon_meta']
[0.175s] Level 1:colcon.colcon_core.package_identification:_identify(src/uros/micro-ROS-Agent/snap/local) by extension 'colcon_meta'
[0.175s] Level 1:colcon.colcon_core.package_identification:_identify(src/uros/micro-ROS-Agent/snap/local) by extensions ['ros']
[0.175s] Level 1:colcon.colcon_core.package_identification:_identify(src/uros/micro-ROS-Agent/snap/local) by extension 'ros'
[0.175s] Level 1:colcon.colcon_core.package_identification:_identify(src/uros/micro-ROS-Agent/snap/local) by extensions ['cmake', 'python']
[0.175s] Level 1:colcon.colcon_core.package_identification:_identify(src/uros/micro-ROS-Agent/snap/local) by extension 'cmake'
[0.175s] Level 1:colcon.colcon_core.package_identification:_identify(src/uros/micro-ROS-Agent/snap/local) by extension 'python'
[0.175s] Level 1:colcon.colcon_core.package_identification:_identify(src/uros/micro-ROS-Agent/snap/local) by extensions ['python_setup_py']
[0.175s] Level 1:colcon.colcon_core.package_identification:_identify(src/uros/micro-ROS-Agent/snap/local) by extension 'python_setup_py'
[0.175s] Level 1:colcon.colcon_core.package_identification:_identify(src/uros/micro_ros_msgs) by extensions ['ignore', 'ignore_ament_install']
[0.175s] Level 1:colcon.colcon_core.package_identification:_identify(src/uros/micro_ros_msgs) by extension 'ignore'
[0.175s] Level 1:colcon.colcon_core.package_identification:_identify(src/uros/micro_ros_msgs) by extension 'ignore_ament_install'
[0.175s] Level 1:colcon.colcon_core.package_identification:_identify(src/uros/micro_ros_msgs) by extensions ['colcon_pkg']
[0.175s] Level 1:colcon.colcon_core.package_identification:_identify(src/uros/micro_ros_msgs) by extension 'colcon_pkg'
[0.175s] Level 1:colcon.colcon_core.package_identification:_identify(src/uros/micro_ros_msgs) by extensions ['colcon_meta']
[0.175s] Level 1:colcon.colcon_core.package_identification:_identify(src/uros/micro_ros_msgs) by extension 'colcon_meta'
[0.175s] Level 1:colcon.colcon_core.package_identification:_identify(src/uros/micro_ros_msgs) by extensions ['ros']
[0.175s] Level 1:colcon.colcon_core.package_identification:_identify(src/uros/micro_ros_msgs) by extension 'ros'
[0.176s] DEBUG:colcon.colcon_core.package_identification:Package 'src/uros/micro_ros_msgs' with type 'ros.ament_cmake' and name 'micro_ros_msgs'
[0.176s] Level 1:colcon.colcon_core.package_discovery:discover_packages(recursive) using defaults
[0.176s] Level 1:colcon.colcon_core.package_discovery:discover_packages(ignore) discover
[0.176s] Level 1:colcon.colcon_core.package_discovery:discover_packages(ignore) using defaults
[0.176s] Level 1:colcon.colcon_core.package_discovery:discover_packages(path) discover
[0.176s] Level 1:colcon.colcon_core.package_discovery:discover_packages(path) using defaults
[0.193s] Level 1:colcon.colcon_core.package_discovery:discover_packages(prefix_path) check parameters
[0.193s] Level 1:colcon.colcon_core.package_discovery:discover_packages(prefix_path) discover
[0.196s] DEBUG:colcon.colcon_installed_package_information.package_discovery:Found 346 installed packages in /opt/ros/jazzy
[0.197s] Level 1:colcon.colcon_core.package_discovery:discover_packages(prefix_path) using defaults
[0.230s] Level 5:colcon.colcon_core.verb:set package 'drive_base_msgs' build argument 'cmake_args' from command line to 'None'
[0.230s] Level 5:colcon.colcon_core.verb:set package 'drive_base_msgs' build argument 'cmake_target' from command line to 'None'
[0.230s] Level 5:colcon.colcon_core.verb:set package 'drive_base_msgs' build argument 'cmake_target_skip_unavailable' from command line to 'False'
[0.230s] Level 5:colcon.colcon_core.verb:set package 'drive_base_msgs' build argument 'cmake_clean_cache' from command line to 'False'
[0.230s] Level 5:colcon.colcon_core.verb:set package 'drive_base_msgs' build argument 'cmake_clean_first' from command line to 'False'
[0.230s] Level 5:colcon.colcon_core.verb:set package 'drive_base_msgs' build argument 'cmake_force_configure' from command line to 'False'
[0.230s] Level 5:colcon.colcon_core.verb:set package 'drive_base_msgs' build argument 'ament_cmake_args' from command line to 'None'
[0.230s] Level 5:colcon.colcon_core.verb:set package 'drive_base_msgs' build argument 'catkin_cmake_args' from command line to 'None'
[0.230s] Level 5:colcon.colcon_core.verb:set package 'drive_base_msgs' build argument 'catkin_skip_building_tests' from command line to 'False'
[0.230s] DEBUG:colcon.colcon_core.verb:Building package 'drive_base_msgs' with the following arguments: {'ament_cmake_args': None, 'build_base': '/home/ivan/Desktop/Unicamp/IvanUnicamp/Disciplinas/IM_420_Sistemas_Embarcados_de_Tempo_Real/Trabalho/microros_ros/banana/build/drive_base_msgs', 'catkin_cmake_args': None, 'catkin_skip_building_tests': False, 'cmake_args': None, 'cmake_clean_cache': False, 'cmake_clean_first': False, 'cmake_force_configure': False, 'cmake_target': None, 'cmake_target_skip_unavailable': False, 'install_base': '/home/ivan/Desktop/Unicamp/IvanUnicamp/Disciplinas/IM_420_Sistemas_Embarcados_de_Tempo_Real/Trabalho/microros_ros/banana/install/drive_base_msgs', 'merge_install': False, 'path': '/home/ivan/Desktop/Unicamp/IvanUnicamp/Disciplinas/IM_420_Sistemas_Embarcados_de_Tempo_Real/Trabalho/microros_ros/banana/src/uros/drive_base/drive_base_msgs', 'symlink_install': False, 'test_result_base': None}
[0.230s] Level 5:colcon.colcon_core.verb:set package 'micro_ros_msgs' build argument 'cmake_args' from command line to 'None'
[0.230s] Level 5:colcon.colcon_core.verb:set package 'micro_ros_msgs' build argument 'cmake_target' from command line to 'None'
[0.230s] Level 5:colcon.colcon_core.verb:set package 'micro_ros_msgs' build argument 'cmake_target_skip_unavailable' from command line to 'False'
[0.230s] Level 5:colcon.colcon_core.verb:set package 'micro_ros_msgs' build argument 'cmake_clean_cache' from command line to 'False'
[0.230s] Level 5:colcon.colcon_core.verb:set package 'micro_ros_msgs' build argument 'cmake_clean_first' from command line to 'False'
[0.230s] Level 5:colcon.colcon_core.verb:set package 'micro_ros_msgs' build argument 'cmake_force_configure' from command line to 'False'
[0.230s] Level 5:colcon.colcon_core.verb:set package 'micro_ros_msgs' build argument 'ament_cmake_args' from command line to 'None'
[0.230s] Level 5:colcon.colcon_core.verb:set package 'micro_ros_msgs' build argument 'catkin_cmake_args' from command line to 'None'
[0.230s] Level 5:colcon.colcon_core.verb:set package 'micro_ros_msgs' build argument 'catkin_skip_building_tests' from command line to 'False'
[0.230s] DEBUG:colcon.colcon_core.verb:Building package 'micro_ros_msgs' with the following arguments: {'ament_cmake_args': None, 'build_base': '/home/ivan/Desktop/Unicamp/IvanUnicamp/Disciplinas/IM_420_Sistemas_Embarcados_de_Tempo_Real/Trabalho/microros_ros/banana/build/micro_ros_msgs', 'catkin_cmake_args': None, 'catkin_skip_building_tests': False, 'cmake_args': None, 'cmake_clean_cache': False, 'cmake_clean_first': False, 'cmake_force_configure': False, 'cmake_target': None, 'cmake_target_skip_unavailable': False, 'install_base': '/home/ivan/Desktop/Unicamp/IvanUnicamp/Disciplinas/IM_420_Sistemas_Embarcados_de_Tempo_Real/Trabalho/microros_ros/banana/install/micro_ros_msgs', 'merge_install': False, 'path': '/home/ivan/Desktop/Unicamp/IvanUnicamp/Disciplinas/IM_420_Sistemas_Embarcados_de_Tempo_Real/Trabalho/microros_ros/banana/src/uros/micro_ros_msgs', 'symlink_install': False, 'test_result_base': None}
[0.231s] Level 5:colcon.colcon_core.verb:set package 'micro_ros_setup' build argument 'cmake_args' from command line to 'None'
[0.231s] Level 5:colcon.colcon_core.verb:set package 'micro_ros_setup' build argument 'cmake_target' from command line to 'None'
[0.231s] Level 5:colcon.colcon_core.verb:set package 'micro_ros_setup' build argument 'cmake_target_skip_unavailable' from command line to 'False'
[0.231s] Level 5:colcon.colcon_core.verb:set package 'micro_ros_setup' build argument 'cmake_clean_cache' from command line to 'False'
[0.231s] Level 5:colcon.colcon_core.verb:set package 'micro_ros_setup' build argument 'cmake_clean_first' from command line to 'False'
[0.231s] Level 5:colcon.colcon_core.verb:set package 'micro_ros_setup' build argument 'cmake_force_configure' from command line to 'False'
[0.231s] Level 5:colcon.colcon_core.verb:set package 'micro_ros_setup' build argument 'ament_cmake_args' from command line to 'None'
[0.231s] Level 5:colcon.colcon_core.verb:set package 'micro_ros_setup' build argument 'catkin_cmake_args' from command line to 'None'
[0.231s] Level 5:colcon.colcon_core.verb:set package 'micro_ros_setup' build argument 'catkin_skip_building_tests' from command line to 'False'
[0.231s] DEBUG:colcon.colcon_core.verb:Building package 'micro_ros_setup' with the following arguments: {'ament_cmake_args': None, 'build_base': '/home/ivan/Desktop/Unicamp/IvanUnicamp/Disciplinas/IM_420_Sistemas_Embarcados_de_Tempo_Real/Trabalho/microros_ros/banana/build/micro_ros_setup', 'catkin_cmake_args': None, 'catkin_skip_building_tests': False, 'cmake_args': None, 'cmake_clean_cache': False, 'cmake_clean_first': False, 'cmake_force_configure': False, 'cmake_target': None, 'cmake_target_skip_unavailable': False, 'install_base': '/home/ivan/Desktop/Unicamp/IvanUnicamp/Disciplinas/IM_420_Sistemas_Embarcados_de_Tempo_Real/Trabalho/microros_ros/banana/install/micro_ros_setup', 'merge_install': False, 'path': '/home/ivan/Desktop/Unicamp/IvanUnicamp/Disciplinas/IM_420_Sistemas_Embarcados_de_Tempo_Real/Trabalho/microros_ros/banana/src/micro_ros_setup', 'symlink_install': False, 'test_result_base': None}
[0.231s] Level 5:colcon.colcon_core.verb:set package 'micro_ros_agent' build argument 'cmake_args' from command line to 'None'
[0.231s] Level 5:colcon.colcon_core.verb:set package 'micro_ros_agent' build argument 'cmake_target' from command line to 'None'
[0.231s] Level 5:colcon.colcon_core.verb:set package 'micro_ros_agent' build argument 'cmake_target_skip_unavailable' from command line to 'False'
[0.231s] Level 5:colcon.colcon_core.verb:set package 'micro_ros_agent' build argument 'cmake_clean_cache' from command line to 'False'
[0.231s] Level 5:colcon.colcon_core.verb:set package 'micro_ros_agent' build argument 'cmake_clean_first' from command line to 'False'
[0.231s] Level 5:colcon.colcon_core.verb:set package 'micro_ros_agent' build argument 'cmake_force_configure' from command line to 'False'
[0.231s] Level 5:colcon.colcon_core.verb:set package 'micro_ros_agent' build argument 'ament_cmake_args' from command line to 'None'
[0.231s] Level 5:colcon.colcon_core.verb:set package 'micro_ros_agent' build argument 'catkin_cmake_args' from command line to 'None'
[0.231s] Level 5:colcon.colcon_core.verb:set package 'micro_ros_agent' build argument 'catkin_skip_building_tests' from command line to 'False'
[0.231s] DEBUG:colcon.colcon_core.verb:Building package 'micro_ros_agent' with the following arguments: {'ament_cmake_args': None, 'build_base': '/home/ivan/Desktop/Unicamp/IvanUnicamp/Disciplinas/IM_420_Sistemas_Embarcados_de_Tempo_Real/Trabalho/microros_ros/banana/build/micro_ros_agent', 'catkin_cmake_args': None, 'catkin_skip_building_tests': False, 'cmake_args': None, 'cmake_clean_cache': False, 'cmake_clean_first': False, 'cmake_force_configure': False, 'cmake_target': None, 'cmake_target_skip_unavailable': False, 'install_base': '/home/ivan/Desktop/Unicamp/IvanUnicamp/Disciplinas/IM_420_Sistemas_Embarcados_de_Tempo_Real/Trabalho/microros_ros/banana/install/micro_ros_agent', 'merge_install': False, 'path': '/home/ivan/Desktop/Unicamp/IvanUnicamp/Disciplinas/IM_420_Sistemas_Embarcados_de_Tempo_Real/Trabalho/microros_ros/banana/src/uros/micro-ROS-Agent/micro_ros_agent', 'symlink_install': False, 'test_result_base': None}
[0.231s] INFO:colcon.colcon_core.executor:Executing jobs using 'parallel' executor
[0.232s] DEBUG:colcon.colcon_parallel_executor.executor.parallel:run_until_complete
[0.232s] INFO:colcon.colcon_ros.task.ament_cmake.build:Building ROS package in '/home/ivan/Desktop/Unicamp/IvanUnicamp/Disciplinas/IM_420_Sistemas_Embarcados_de_Tempo_Real/Trabalho/microros_ros/banana/src/uros/micro_ros_msgs' with build type 'ament_cmake'
[0.232s] INFO:colcon.colcon_cmake.task.cmake.build:Building CMake package in '/home/ivan/Desktop/Unicamp/IvanUnicamp/Disciplinas/IM_420_Sistemas_Embarcados_de_Tempo_Real/Trabalho/microros_ros/banana/src/uros/micro_ros_msgs'
[0.235s] INFO:colcon.colcon_core.plugin_system:Skipping extension 'colcon_core.shell.bat': Not used on non-Windows systems
[0.235s] INFO:colcon.colcon_core.shell:Skip shell extension 'powershell' for command environment: Not usable outside of PowerShell
[0.235s] DEBUG:colcon.colcon_core.shell:Skip shell extension 'dsv' for command environment
[0.238s] INFO:colcon.colcon_ros.task.ament_cmake.build:Building ROS package in '/home/ivan/Desktop/Unicamp/IvanUnicamp/Disciplinas/IM_420_Sistemas_Embarcados_de_Tempo_Real/Trabalho/microros_ros/banana/src/uros/drive_base/drive_base_msgs' with build type 'ament_cmake'
[0.238s] INFO:colcon.colcon_cmake.task.cmake.build:Building CMake package in '/home/ivan/Desktop/Unicamp/IvanUnicamp/Disciplinas/IM_420_Sistemas_Embarcados_de_Tempo_Real/Trabalho/microros_ros/banana/src/uros/drive_base/drive_base_msgs'
[0.238s] INFO:colcon.colcon_core.shell:Skip shell extension 'powershell' for command environment: Not usable outside of PowerShell
[0.238s] DEBUG:colcon.colcon_core.shell:Skip shell extension 'dsv' for command environment
[0.240s] INFO:colcon.colcon_ros.task.ament_cmake.build:Building ROS package in '/home/ivan/Desktop/Unicamp/IvanUnicamp/Disciplinas/IM_420_Sistemas_Embarcados_de_Tempo_Real/Trabalho/microros_ros/banana/src/micro_ros_setup' with build type 'ament_cmake'
[0.240s] INFO:colcon.colcon_cmake.task.cmake.build:Building CMake package in '/home/ivan/Desktop/Unicamp/IvanUnicamp/Disciplinas/IM_420_Sistemas_Embarcados_de_Tempo_Real/Trabalho/microros_ros/banana/src/micro_ros_setup'
[0.240s] INFO:colcon.colcon_core.shell:Skip shell extension 'powershell' for command environment: Not usable outside of PowerShell
[0.240s] DEBUG:colcon.colcon_core.shell:Skip shell extension 'dsv' for command environment
[0.245s] DEBUG:colcon.colcon_core.event_handler.log_command:Invoking command in '/home/ivan/Desktop/Unicamp/IvanUnicamp/Disciplinas/IM_420_Sistemas_Embarcados_de_Tempo_Real/Trabalho/microros_ros/banana/build/micro_ros_msgs': CMAKE_PREFIX_PATH=${CMAKE_PREFIX_PATH}:/opt/ros/jazzy DEBUGINFOD_URLS=https://debuginfod.ubuntu.com /usr/bin/cmake /home/ivan/Desktop/Unicamp/IvanUnicamp/Disciplinas/IM_420_Sistemas_Embarcados_de_Tempo_Real/Trabalho/microros_ros/banana/src/uros/micro_ros_msgs -DCMAKE_INSTALL_PREFIX=/home/ivan/Desktop/Unicamp/IvanUnicamp/Disciplinas/IM_420_Sistemas_Embarcados_de_Tempo_Real/Trabalho/microros_ros/banana/install/micro_ros_msgs
[0.250s] DEBUG:colcon.colcon_core.event_handler.log_command:Invoking command in '/home/ivan/Desktop/Unicamp/IvanUnicamp/Disciplinas/IM_420_Sistemas_Embarcados_de_Tempo_Real/Trabalho/microros_ros/banana/build/drive_base_msgs': CMAKE_PREFIX_PATH=${CMAKE_PREFIX_PATH}:/opt/ros/jazzy DEBUGINFOD_URLS=https://debuginfod.ubuntu.com /usr/bin/cmake --build /home/ivan/Desktop/Unicamp/IvanUnicamp/Disciplinas/IM_420_Sistemas_Embarcados_de_Tempo_Real/Trabalho/microros_ros/banana/build/drive_base_msgs -- -j8 -l8
[0.253s] DEBUG:colcon.colcon_core.event_handler.log_command:Invoking command in '/home/ivan/Desktop/Unicamp/IvanUnicamp/Disciplinas/IM_420_Sistemas_Embarcados_de_Tempo_Real/Trabalho/microros_ros/banana/build/micro_ros_setup': CMAKE_PREFIX_PATH=${CMAKE_PREFIX_PATH}:/opt/ros/jazzy DEBUGINFOD_URLS=https://debuginfod.ubuntu.com /usr/bin/cmake --build /home/ivan/Desktop/Unicamp/IvanUnicamp/Disciplinas/IM_420_Sistemas_Embarcados_de_Tempo_Real/Trabalho/microros_ros/banana/build/micro_ros_setup -- -j8 -l8
[0.286s] DEBUG:colcon.colcon_core.event_handler.log_command:Invoked command in '/home/ivan/Desktop/Unicamp/IvanUnicamp/Disciplinas/IM_420_Sistemas_Embarcados_de_Tempo_Real/Trabalho/microros_ros/banana/build/micro_ros_setup' returned '0': CMAKE_PREFIX_PATH=${CMAKE_PREFIX_PATH}:/opt/ros/jazzy DEBUGINFOD_URLS=https://debuginfod.ubuntu.com /usr/bin/cmake --build /home/ivan/Desktop/Unicamp/IvanUnicamp/Disciplinas/IM_420_Sistemas_Embarcados_de_Tempo_Real/Trabalho/microros_ros/banana/build/micro_ros_setup -- -j8 -l8
[0.307s] DEBUG:colcon.colcon_core.event_handler.log_command:Invoking command in '/home/ivan/Desktop/Unicamp/IvanUnicamp/Disciplinas/IM_420_Sistemas_Embarcados_de_Tempo_Real/Trabalho/microros_ros/banana/build/micro_ros_setup': CMAKE_PREFIX_PATH=${CMAKE_PREFIX_PATH}:/opt/ros/jazzy DEBUGINFOD_URLS=https://debuginfod.ubuntu.com /usr/bin/cmake --install /home/ivan/Desktop/Unicamp/IvanUnicamp/Disciplinas/IM_420_Sistemas_Embarcados_de_Tempo_Real/Trabalho/microros_ros/banana/build/micro_ros_setup
[0.323s] Level 1:colcon.colcon_core.environment:create_environment_scripts_only(micro_ros_setup)
[0.335s] DEBUG:colcon.colcon_core.event_handler.log_command:Invoked command in '/home/ivan/Desktop/Unicamp/IvanUnicamp/Disciplinas/IM_420_Sistemas_Embarcados_de_Tempo_Real/Trabalho/microros_ros/banana/build/micro_ros_setup' returned '0': CMAKE_PREFIX_PATH=${CMAKE_PREFIX_PATH}:/opt/ros/jazzy DEBUGINFOD_URLS=https://debuginfod.ubuntu.com /usr/bin/cmake --install /home/ivan/Desktop/Unicamp/IvanUnicamp/Disciplinas/IM_420_Sistemas_Embarcados_de_Tempo_Real/Trabalho/microros_ros/banana/build/micro_ros_setup
[0.338s] Level 1:colcon.colcon_core.environment:checking '/home/ivan/Desktop/Unicamp/IvanUnicamp/Disciplinas/IM_420_Sistemas_Embarcados_de_Tempo_Real/Trabalho/microros_ros/banana/install/micro_ros_setup' for CMake module files
[0.339s] Level 1:colcon.colcon_core.environment:checking '/home/ivan/Desktop/Unicamp/IvanUnicamp/Disciplinas/IM_420_Sistemas_Embarcados_de_Tempo_Real/Trabalho/microros_ros/banana/install/micro_ros_setup' for CMake config files
[0.340s] Level 1:colcon.colcon_core.shell:create_environment_hook('micro_ros_setup', 'cmake_prefix_path')
[0.340s] INFO:colcon.colcon_core.shell:Creating environment hook '/home/ivan/Desktop/Unicamp/IvanUnicamp/Disciplinas/IM_420_Sistemas_Embarcados_de_Tempo_Real/Trabalho/microros_ros/banana/install/micro_ros_setup/share/micro_ros_setup/hook/cmake_prefix_path.ps1'
[0.341s] INFO:colcon.colcon_core.shell:Creating environment descriptor '/home/ivan/Desktop/Unicamp/IvanUnicamp/Disciplinas/IM_420_Sistemas_Embarcados_de_Tempo_Real/Trabalho/microros_ros/banana/install/micro_ros_setup/share/micro_ros_setup/hook/cmake_prefix_path.dsv'
[0.343s] INFO:colcon.colcon_core.shell:Creating environment hook '/home/ivan/Desktop/Unicamp/IvanUnicamp/Disciplinas/IM_420_Sistemas_Embarcados_de_Tempo_Real/Trabalho/microros_ros/banana/install/micro_ros_setup/share/micro_ros_setup/hook/cmake_prefix_path.sh'
[0.345s] Level 1:colcon.colcon_core.environment:checking '/home/ivan/Desktop/Unicamp/IvanUnicamp/Disciplinas/IM_420_Sistemas_Embarcados_de_Tempo_Real/Trabalho/microros_ros/banana/install/micro_ros_setup/lib'
[0.346s] Level 1:colcon.colcon_core.environment:checking '/home/ivan/Desktop/Unicamp/IvanUnicamp/Disciplinas/IM_420_Sistemas_Embarcados_de_Tempo_Real/Trabalho/microros_ros/banana/install/micro_ros_setup/bin'
[0.346s] Level 1:colcon.colcon_core.environment:checking '/home/ivan/Desktop/Unicamp/IvanUnicamp/Disciplinas/IM_420_Sistemas_Embarcados_de_Tempo_Real/Trabalho/microros_ros/banana/install/micro_ros_setup/lib/pkgconfig/micro_ros_setup.pc'
[0.346s] Level 1:colcon.colcon_core.environment:checking '/home/ivan/Desktop/Unicamp/IvanUnicamp/Disciplinas/IM_420_Sistemas_Embarcados_de_Tempo_Real/Trabalho/microros_ros/banana/install/micro_ros_setup/lib/python3.12/site-packages'
[0.346s] Level 1:colcon.colcon_core.environment:checking '/home/ivan/Desktop/Unicamp/IvanUnicamp/Disciplinas/IM_420_Sistemas_Embarcados_de_Tempo_Real/Trabalho/microros_ros/banana/install/micro_ros_setup/bin'
[0.347s] INFO:colcon.colcon_core.shell:Creating package script '/home/ivan/Desktop/Unicamp/IvanUnicamp/Disciplinas/IM_420_Sistemas_Embarcados_de_Tempo_Real/Trabalho/microros_ros/banana/install/micro_ros_setup/share/micro_ros_setup/package.ps1'
[0.348s] INFO:colcon.colcon_core.shell:Creating package descriptor '/home/ivan/Desktop/Unicamp/IvanUnicamp/Disciplinas/IM_420_Sistemas_Embarcados_de_Tempo_Real/Trabalho/microros_ros/banana/install/micro_ros_setup/share/micro_ros_setup/package.dsv'
[0.349s] INFO:colcon.colcon_core.shell:Creating package script '/home/ivan/Desktop/Unicamp/IvanUnicamp/Disciplinas/IM_420_Sistemas_Embarcados_de_Tempo_Real/Trabalho/microros_ros/banana/install/micro_ros_setup/share/micro_ros_setup/package.sh'
[0.350s] INFO:colcon.colcon_core.shell:Creating package script '/home/ivan/Desktop/Unicamp/IvanUnicamp/Disciplinas/IM_420_Sistemas_Embarcados_de_Tempo_Real/Trabalho/microros_ros/banana/install/micro_ros_setup/share/micro_ros_setup/package.bash'
[0.352s] INFO:colcon.colcon_core.shell:Creating package script '/home/ivan/Desktop/Unicamp/IvanUnicamp/Disciplinas/IM_420_Sistemas_Embarcados_de_Tempo_Real/Trabalho/microros_ros/banana/install/micro_ros_setup/share/micro_ros_setup/package.zsh'
[0.354s] Level 1:colcon.colcon_core.environment:create_file_with_runtime_dependencies(/home/ivan/Desktop/Unicamp/IvanUnicamp/Disciplinas/IM_420_Sistemas_Embarcados_de_Tempo_Real/Trabalho/microros_ros/banana/install/micro_ros_setup/share/colcon-core/packages/micro_ros_setup)
[0.373s] Level 1:colcon.colcon_core.environment:create_environment_scripts_only(micro_ros_setup)
[0.373s] Level 1:colcon.colcon_core.environment:checking '/home/ivan/Desktop/Unicamp/IvanUnicamp/Disciplinas/IM_420_Sistemas_Embarcados_de_Tempo_Real/Trabalho/microros_ros/banana/install/micro_ros_setup' for CMake module files
[0.373s] Level 1:colcon.colcon_core.environment:checking '/home/ivan/Desktop/Unicamp/IvanUnicamp/Disciplinas/IM_420_Sistemas_Embarcados_de_Tempo_Real/Trabalho/microros_ros/banana/install/micro_ros_setup' for CMake config files
[0.374s] Level 1:colcon.colcon_core.shell:create_environment_hook('micro_ros_setup', 'cmake_prefix_path')
[0.374s] INFO:colcon.colcon_core.shell:Creating environment hook '/home/ivan/Desktop/Unicamp/IvanUnicamp/Disciplinas/IM_420_Sistemas_Embarcados_de_Tempo_Real/Trabalho/microros_ros/banana/install/micro_ros_setup/share/micro_ros_setup/hook/cmake_prefix_path.ps1'
[0.374s] INFO:colcon.colcon_core.shell:Creating environment descriptor '/home/ivan/Desktop/Unicamp/IvanUnicamp/Disciplinas/IM_420_Sistemas_Embarcados_de_Tempo_Real/Trabalho/microros_ros/banana/install/micro_ros_setup/share/micro_ros_setup/hook/cmake_prefix_path.dsv'
[0.374s] INFO:colcon.colcon_core.shell:Creating environment hook '/home/ivan/Desktop/Unicamp/IvanUnicamp/Disciplinas/IM_420_Sistemas_Embarcados_de_Tempo_Real/Trabalho/microros_ros/banana/install/micro_ros_setup/share/micro_ros_setup/hook/cmake_prefix_path.sh'
[0.375s] Level 1:colcon.colcon_core.environment:checking '/home/ivan/Desktop/Unicamp/IvanUnicamp/Disciplinas/IM_420_Sistemas_Embarcados_de_Tempo_Real/Trabalho/microros_ros/banana/install/micro_ros_setup/lib'
[0.375s] Level 1:colcon.colcon_core.environment:checking '/home/ivan/Desktop/Unicamp/IvanUnicamp/Disciplinas/IM_420_Sistemas_Embarcados_de_Tempo_Real/Trabalho/microros_ros/banana/install/micro_ros_setup/bin'
[0.375s] Level 1:colcon.colcon_core.environment:checking '/home/ivan/Desktop/Unicamp/IvanUnicamp/Disciplinas/IM_420_Sistemas_Embarcados_de_Tempo_Real/Trabalho/microros_ros/banana/install/micro_ros_setup/lib/pkgconfig/micro_ros_setup.pc'
[0.375s] Level 1:colcon.colcon_core.environment:checking '/home/ivan/Desktop/Unicamp/IvanUnicamp/Disciplinas/IM_420_Sistemas_Embarcados_de_Tempo_Real/Trabalho/microros_ros/banana/install/micro_ros_setup/lib/python3.12/site-packages'
[0.375s] Level 1:colcon.colcon_core.environment:checking '/home/ivan/Desktop/Unicamp/IvanUnicamp/Disciplinas/IM_420_Sistemas_Embarcados_de_Tempo_Real/Trabalho/microros_ros/banana/install/micro_ros_setup/bin'
[0.375s] INFO:colcon.colcon_core.shell:Creating package script '/home/ivan/Desktop/Unicamp/IvanUnicamp/Disciplinas/IM_420_Sistemas_Embarcados_de_Tempo_Real/Trabalho/microros_ros/banana/install/micro_ros_setup/share/micro_ros_setup/package.ps1'
[0.376s] INFO:colcon.colcon_core.shell:Creating package descriptor '/home/ivan/Desktop/Unicamp/IvanUnicamp/Disciplinas/IM_420_Sistemas_Embarcados_de_Tempo_Real/Trabalho/microros_ros/banana/install/micro_ros_setup/share/micro_ros_setup/package.dsv'
[0.376s] INFO:colcon.colcon_core.shell:Creating package script '/home/ivan/Desktop/Unicamp/IvanUnicamp/Disciplinas/IM_420_Sistemas_Embarcados_de_Tempo_Real/Trabalho/microros_ros/banana/install/micro_ros_setup/share/micro_ros_setup/package.sh'
[0.376s] INFO:colcon.colcon_core.shell:Creating package script '/home/ivan/Desktop/Unicamp/IvanUnicamp/Disciplinas/IM_420_Sistemas_Embarcados_de_Tempo_Real/Trabalho/microros_ros/banana/install/micro_ros_setup/share/micro_ros_setup/package.bash'
[0.377s] INFO:colcon.colcon_core.shell:Creating package script '/home/ivan/Desktop/Unicamp/IvanUnicamp/Disciplinas/IM_420_Sistemas_Embarcados_de_Tempo_Real/Trabalho/microros_ros/banana/install/micro_ros_setup/share/micro_ros_setup/package.zsh'
[0.377s] Level 1:colcon.colcon_core.environment:create_file_with_runtime_dependencies(/home/ivan/Desktop/Unicamp/IvanUnicamp/Disciplinas/IM_420_Sistemas_Embarcados_de_Tempo_Real/Trabalho/microros_ros/banana/install/micro_ros_setup/share/colcon-core/packages/micro_ros_setup)
[0.601s] DEBUG:colcon.colcon_core.event_handler.log_command:Invoked command in '/home/ivan/Desktop/Unicamp/IvanUnicamp/Disciplinas/IM_420_Sistemas_Embarcados_de_Tempo_Real/Trabalho/microros_ros/banana/build/drive_base_msgs' returned '0': CMAKE_PREFIX_PATH=${CMAKE_PREFIX_PATH}:/opt/ros/jazzy DEBUGINFOD_URLS=https://debuginfod.ubuntu.com /usr/bin/cmake --build /home/ivan/Desktop/Unicamp/IvanUnicamp/Disciplinas/IM_420_Sistemas_Embarcados_de_Tempo_Real/Trabalho/microros_ros/banana/build/drive_base_msgs -- -j8 -l8
[0.685s] DEBUG:colcon.colcon_core.event_handler.log_command:Invoking command in '/home/ivan/Desktop/Unicamp/IvanUnicamp/Disciplinas/IM_420_Sistemas_Embarcados_de_Tempo_Real/Trabalho/microros_ros/banana/build/drive_base_msgs': CMAKE_PREFIX_PATH=${CMAKE_PREFIX_PATH}:/opt/ros/jazzy DEBUGINFOD_URLS=https://debuginfod.ubuntu.com /usr/bin/cmake --install /home/ivan/Desktop/Unicamp/IvanUnicamp/Disciplinas/IM_420_Sistemas_Embarcados_de_Tempo_Real/Trabalho/microros_ros/banana/build/drive_base_msgs
[0.743s] Level 1:colcon.colcon_core.environment:create_environment_scripts_only(drive_base_msgs)
[0.743s] Level 1:colcon.colcon_core.environment:checking '/home/ivan/Desktop/Unicamp/IvanUnicamp/Disciplinas/IM_420_Sistemas_Embarcados_de_Tempo_Real/Trabalho/microros_ros/banana/install/drive_base_msgs' for CMake module files
[0.744s] DEBUG:colcon.colcon_core.event_handler.log_command:Invoked command in '/home/ivan/Desktop/Unicamp/IvanUnicamp/Disciplinas/IM_420_Sistemas_Embarcados_de_Tempo_Real/Trabalho/microros_ros/banana/build/drive_base_msgs' returned '0': CMAKE_PREFIX_PATH=${CMAKE_PREFIX_PATH}:/opt/ros/jazzy DEBUGINFOD_URLS=https://debuginfod.ubuntu.com /usr/bin/cmake --install /home/ivan/Desktop/Unicamp/IvanUnicamp/Disciplinas/IM_420_Sistemas_Embarcados_de_Tempo_Real/Trabalho/microros_ros/banana/build/drive_base_msgs
[0.744s] Level 1:colcon.colcon_core.environment:checking '/home/ivan/Desktop/Unicamp/IvanUnicamp/Disciplinas/IM_420_Sistemas_Embarcados_de_Tempo_Real/Trabalho/microros_ros/banana/install/drive_base_msgs' for CMake config files
[0.744s] Level 1:colcon.colcon_core.shell:create_environment_hook('drive_base_msgs', 'cmake_prefix_path')
[0.744s] INFO:colcon.colcon_core.shell:Creating environment hook '/home/ivan/Desktop/Unicamp/IvanUnicamp/Disciplinas/IM_420_Sistemas_Embarcados_de_Tempo_Real/Trabalho/microros_ros/banana/install/drive_base_msgs/share/drive_base_msgs/hook/cmake_prefix_path.ps1'
[0.745s] INFO:colcon.colcon_core.shell:Creating environment descriptor '/home/ivan/Desktop/Unicamp/IvanUnicamp/Disciplinas/IM_420_Sistemas_Embarcados_de_Tempo_Real/Trabalho/microros_ros/banana/install/drive_base_msgs/share/drive_base_msgs/hook/cmake_prefix_path.dsv'
[0.745s] INFO:colcon.colcon_core.shell:Creating environment hook '/home/ivan/Desktop/Unicamp/IvanUnicamp/Disciplinas/IM_420_Sistemas_Embarcados_de_Tempo_Real/Trabalho/microros_ros/banana/install/drive_base_msgs/share/drive_base_msgs/hook/cmake_prefix_path.sh'
[0.745s] Level 1:colcon.colcon_core.environment:checking '/home/ivan/Desktop/Unicamp/IvanUnicamp/Disciplinas/IM_420_Sistemas_Embarcados_de_Tempo_Real/Trabalho/microros_ros/banana/install/drive_base_msgs/lib'
[0.745s] Level 1:colcon.colcon_core.shell:create_environment_hook('drive_base_msgs', 'ld_library_path_lib')
[0.745s] INFO:colcon.colcon_core.shell:Creating environment hook '/home/ivan/Desktop/Unicamp/IvanUnicamp/Disciplinas/IM_420_Sistemas_Embarcados_de_Tempo_Real/Trabalho/microros_ros/banana/install/drive_base_msgs/share/drive_base_msgs/hook/ld_library_path_lib.ps1'
[0.746s] INFO:colcon.colcon_core.shell:Creating environment descriptor '/home/ivan/Desktop/Unicamp/IvanUnicamp/Disciplinas/IM_420_Sistemas_Embarcados_de_Tempo_Real/Trabalho/microros_ros/banana/install/drive_base_msgs/share/drive_base_msgs/hook/ld_library_path_lib.dsv'
[0.746s] INFO:colcon.colcon_core.shell:Creating environment hook '/home/ivan/Desktop/Unicamp/IvanUnicamp/Disciplinas/IM_420_Sistemas_Embarcados_de_Tempo_Real/Trabalho/microros_ros/banana/install/drive_base_msgs/share/drive_base_msgs/hook/ld_library_path_lib.sh'
[0.746s] Level 1:colcon.colcon_core.environment:checking '/home/ivan/Desktop/Unicamp/IvanUnicamp/Disciplinas/IM_420_Sistemas_Embarcados_de_Tempo_Real/Trabalho/microros_ros/banana/install/drive_base_msgs/bin'
[0.746s] Level 1:colcon.colcon_core.environment:checking '/home/ivan/Desktop/Unicamp/IvanUnicamp/Disciplinas/IM_420_Sistemas_Embarcados_de_Tempo_Real/Trabalho/microros_ros/banana/install/drive_base_msgs/lib/pkgconfig/drive_base_msgs.pc'
[0.746s] Level 1:colcon.colcon_core.environment:checking '/home/ivan/Desktop/Unicamp/IvanUnicamp/Disciplinas/IM_420_Sistemas_Embarcados_de_Tempo_Real/Trabalho/microros_ros/banana/install/drive_base_msgs/lib/python3.12/site-packages'
[0.746s] Level 1:colcon.colcon_core.shell:create_environment_hook('drive_base_msgs', 'pythonpath')
[0.746s] INFO:colcon.colcon_core.shell:Creating environment hook '/home/ivan/Desktop/Unicamp/IvanUnicamp/Disciplinas/IM_420_Sistemas_Embarcados_de_Tempo_Real/Trabalho/microros_ros/banana/install/drive_base_msgs/share/drive_base_msgs/hook/pythonpath.ps1'
[0.747s] INFO:colcon.colcon_core.shell:Creating environment descriptor '/home/ivan/Desktop/Unicamp/IvanUnicamp/Disciplinas/IM_420_Sistemas_Embarcados_de_Tempo_Real/Trabalho/microros_ros/banana/install/drive_base_msgs/share/drive_base_msgs/hook/pythonpath.dsv'
[0.747s] INFO:colcon.colcon_core.shell:Creating environment hook '/home/ivan/Desktop/Unicamp/IvanUnicamp/Disciplinas/IM_420_Sistemas_Embarcados_de_Tempo_Real/Trabalho/microros_ros/banana/install/drive_base_msgs/share/drive_base_msgs/hook/pythonpath.sh'
[0.747s] Level 1:colcon.colcon_core.environment:checking '/home/ivan/Desktop/Unicamp/IvanUnicamp/Disciplinas/IM_420_Sistemas_Embarcados_de_Tempo_Real/Trabalho/microros_ros/banana/install/drive_base_msgs/bin'
[0.747s] INFO:colcon.colcon_core.shell:Creating package script '/home/ivan/Desktop/Unicamp/IvanUnicamp/Disciplinas/IM_420_Sistemas_Embarcados_de_Tempo_Real/Trabalho/microros_ros/banana/install/drive_base_msgs/share/drive_base_msgs/package.ps1'
[0.748s] INFO:colcon.colcon_core.shell:Creating package descriptor '/home/ivan/Desktop/Unicamp/IvanUnicamp/Disciplinas/IM_420_Sistemas_Embarcados_de_Tempo_Real/Trabalho/microros_ros/banana/install/drive_base_msgs/share/drive_base_msgs/package.dsv'
[0.748s] INFO:colcon.colcon_core.shell:Creating package script '/home/ivan/Desktop/Unicamp/IvanUnicamp/Disciplinas/IM_420_Sistemas_Embarcados_de_Tempo_Real/Trabalho/microros_ros/banana/install/drive_base_msgs/share/drive_base_msgs/package.sh'
[0.748s] INFO:colcon.colcon_core.shell:Creating package script '/home/ivan/Desktop/Unicamp/IvanUnicamp/Disciplinas/IM_420_Sistemas_Embarcados_de_Tempo_Real/Trabalho/microros_ros/banana/install/drive_base_msgs/share/drive_base_msgs/package.bash'
[0.748s] INFO:colcon.colcon_core.shell:Creating package script '/home/ivan/Desktop/Unicamp/IvanUnicamp/Disciplinas/IM_420_Sistemas_Embarcados_de_Tempo_Real/Trabalho/microros_ros/banana/install/drive_base_msgs/share/drive_base_msgs/package.zsh'
[0.749s] Level 1:colcon.colcon_core.environment:create_file_with_runtime_dependencies(/home/ivan/Desktop/Unicamp/IvanUnicamp/Disciplinas/IM_420_Sistemas_Embarcados_de_Tempo_Real/Trabalho/microros_ros/banana/install/drive_base_msgs/share/colcon-core/packages/drive_base_msgs)
[0.837s] Level 1:colcon.colcon_core.environment:create_environment_scripts_only(drive_base_msgs)
[0.837s] Level 1:colcon.colcon_core.environment:checking '/home/ivan/Desktop/Unicamp/IvanUnicamp/Disciplinas/IM_420_Sistemas_Embarcados_de_Tempo_Real/Trabalho/microros_ros/banana/install/drive_base_msgs' for CMake module files
[0.837s] Level 1:colcon.colcon_core.environment:checking '/home/ivan/Desktop/Unicamp/IvanUnicamp/Disciplinas/IM_420_Sistemas_Embarcados_de_Tempo_Real/Trabalho/microros_ros/banana/install/drive_base_msgs' for CMake config files
[0.838s] Level 1:colcon.colcon_core.shell:create_environment_hook('drive_base_msgs', 'cmake_prefix_path')
[0.838s] INFO:colcon.colcon_core.shell:Creating environment hook '/home/ivan/Desktop/Unicamp/IvanUnicamp/Disciplinas/IM_420_Sistemas_Embarcados_de_Tempo_Real/Trabalho/microros_ros/banana/install/drive_base_msgs/share/drive_base_msgs/hook/cmake_prefix_path.ps1'
[0.838s] INFO:colcon.colcon_core.shell:Creating environment descriptor '/home/ivan/Desktop/Unicamp/IvanUnicamp/Disciplinas/IM_420_Sistemas_Embarcados_de_Tempo_Real/Trabalho/microros_ros/banana/install/drive_base_msgs/share/drive_base_msgs/hook/cmake_prefix_path.dsv'
[0.839s] INFO:colcon.colcon_core.shell:Creating environment hook '/home/ivan/Desktop/Unicamp/IvanUnicamp/Disciplinas/IM_420_Sistemas_Embarcados_de_Tempo_Real/Trabalho/microros_ros/banana/install/drive_base_msgs/share/drive_base_msgs/hook/cmake_prefix_path.sh'
[0.839s] Level 1:colcon.colcon_core.environment:checking '/home/ivan/Desktop/Unicamp/IvanUnicamp/Disciplinas/IM_420_Sistemas_Embarcados_de_Tempo_Real/Trabalho/microros_ros/banana/install/drive_base_msgs/lib'
[0.839s] Level 1:colcon.colcon_core.shell:create_environment_hook('drive_base_msgs', 'ld_library_path_lib')
[0.840s] INFO:colcon.colcon_core.shell:Creating environment hook '/home/ivan/Desktop/Unicamp/IvanUnicamp/Disciplinas/IM_420_Sistemas_Embarcados_de_Tempo_Real/Trabalho/microros_ros/banana/install/drive_base_msgs/share/drive_base_msgs/hook/ld_library_path_lib.ps1'
[0.840s] INFO:colcon.colcon_core.shell:Creating environment descriptor '/home/ivan/Desktop/Unicamp/IvanUnicamp/Disciplinas/IM_420_Sistemas_Embarcados_de_Tempo_Real/Trabalho/microros_ros/banana/install/drive_base_msgs/share/drive_base_msgs/hook/ld_library_path_lib.dsv'
[0.840s] INFO:colcon.colcon_core.shell:Creating environment hook '/home/ivan/Desktop/Unicamp/IvanUnicamp/Disciplinas/IM_420_Sistemas_Embarcados_de_Tempo_Real/Trabalho/microros_ros/banana/install/drive_base_msgs/share/drive_base_msgs/hook/ld_library_path_lib.sh'
[0.841s] Level 1:colcon.colcon_core.environment:checking '/home/ivan/Desktop/Unicamp/IvanUnicamp/Disciplinas/IM_420_Sistemas_Embarcados_de_Tempo_Real/Trabalho/microros_ros/banana/install/drive_base_msgs/bin'
[0.841s] Level 1:colcon.colcon_core.environment:checking '/home/ivan/Desktop/Unicamp/IvanUnicamp/Disciplinas/IM_420_Sistemas_Embarcados_de_Tempo_Real/Trabalho/microros_ros/banana/install/drive_base_msgs/lib/pkgconfig/drive_base_msgs.pc'
[0.841s] Level 1:colcon.colcon_core.environment:checking '/home/ivan/Desktop/Unicamp/IvanUnicamp/Disciplinas/IM_420_Sistemas_Embarcados_de_Tempo_Real/Trabalho/microros_ros/banana/install/drive_base_msgs/lib/python3.12/site-packages'
[0.841s] Level 1:colcon.colcon_core.shell:create_environment_hook('drive_base_msgs', 'pythonpath')
[0.841s] INFO:colcon.colcon_core.shell:Creating environment hook '/home/ivan/Desktop/Unicamp/IvanUnicamp/Disciplinas/IM_420_Sistemas_Embarcados_de_Tempo_Real/Trabalho/microros_ros/banana/install/drive_base_msgs/share/drive_base_msgs/hook/pythonpath.ps1'
[0.842s] INFO:colcon.colcon_core.shell:Creating environment descriptor '/home/ivan/Desktop/Unicamp/IvanUnicamp/Disciplinas/IM_420_Sistemas_Embarcados_de_Tempo_Real/Trabalho/microros_ros/banana/install/drive_base_msgs/share/drive_base_msgs/hook/pythonpath.dsv'
[0.842s] INFO:colcon.colcon_core.shell:Creating environment hook '/home/ivan/Desktop/Unicamp/IvanUnicamp/Disciplinas/IM_420_Sistemas_Embarcados_de_Tempo_Real/Trabalho/microros_ros/banana/install/drive_base_msgs/share/drive_base_msgs/hook/pythonpath.sh'
[0.843s] Level 1:colcon.colcon_core.environment:checking '/home/ivan/Desktop/Unicamp/IvanUnicamp/Disciplinas/IM_420_Sistemas_Embarcados_de_Tempo_Real/Trabalho/microros_ros/banana/install/drive_base_msgs/bin'
[0.843s] INFO:colcon.colcon_core.shell:Creating package script '/home/ivan/Desktop/Unicamp/IvanUnicamp/Disciplinas/IM_420_Sistemas_Embarcados_de_Tempo_Real/Trabalho/microros_ros/banana/install/drive_base_msgs/share/drive_base_msgs/package.ps1'
[0.843s] INFO:colcon.colcon_core.shell:Creating package descriptor '/home/ivan/Desktop/Unicamp/IvanUnicamp/Disciplinas/IM_420_Sistemas_Embarcados_de_Tempo_Real/Trabalho/microros_ros/banana/install/drive_base_msgs/share/drive_base_msgs/package.dsv'
[0.844s] INFO:colcon.colcon_core.shell:Creating package script '/home/ivan/Desktop/Unicamp/IvanUnicamp/Disciplinas/IM_420_Sistemas_Embarcados_de_Tempo_Real/Trabalho/microros_ros/banana/install/drive_base_msgs/share/drive_base_msgs/package.sh'
[0.844s] INFO:colcon.colcon_core.shell:Creating package script '/home/ivan/Desktop/Unicamp/IvanUnicamp/Disciplinas/IM_420_Sistemas_Embarcados_de_Tempo_Real/Trabalho/microros_ros/banana/install/drive_base_msgs/share/drive_base_msgs/package.bash'
[0.844s] INFO:colcon.colcon_core.shell:Creating package script '/home/ivan/Desktop/Unicamp/IvanUnicamp/Disciplinas/IM_420_Sistemas_Embarcados_de_Tempo_Real/Trabalho/microros_ros/banana/install/drive_base_msgs/share/drive_base_msgs/package.zsh'
[0.845s] Level 1:colcon.colcon_core.environment:create_file_with_runtime_dependencies(/home/ivan/Desktop/Unicamp/IvanUnicamp/Disciplinas/IM_420_Sistemas_Embarcados_de_Tempo_Real/Trabalho/microros_ros/banana/install/drive_base_msgs/share/colcon-core/packages/drive_base_msgs)
[1.288s] DEBUG:colcon.colcon_core.event_handler.log_command:Invoked command in '/home/ivan/Desktop/Unicamp/IvanUnicamp/Disciplinas/IM_420_Sistemas_Embarcados_de_Tempo_Real/Trabalho/microros_ros/banana/build/micro_ros_msgs' returned '0': CMAKE_PREFIX_PATH=${CMAKE_PREFIX_PATH}:/opt/ros/jazzy DEBUGINFOD_URLS=https://debuginfod.ubuntu.com /usr/bin/cmake /home/ivan/Desktop/Unicamp/IvanUnicamp/Disciplinas/IM_420_Sistemas_Embarcados_de_Tempo_Real/Trabalho/microros_ros/banana/src/uros/micro_ros_msgs -DCMAKE_INSTALL_PREFIX=/home/ivan/Desktop/Unicamp/IvanUnicamp/Disciplinas/IM_420_Sistemas_Embarcados_de_Tempo_Real/Trabalho/microros_ros/banana/install/micro_ros_msgs
[1.289s] DEBUG:colcon.colcon_core.event_handler.log_command:Invoking command in '/home/ivan/Desktop/Unicamp/IvanUnicamp/Disciplinas/IM_420_Sistemas_Embarcados_de_Tempo_Real/Trabalho/microros_ros/banana/build/micro_ros_msgs': CMAKE_PREFIX_PATH=${CMAKE_PREFIX_PATH}:/opt/ros/jazzy DEBUGINFOD_URLS=https://debuginfod.ubuntu.com /usr/bin/cmake --build /home/ivan/Desktop/Unicamp/IvanUnicamp/Disciplinas/IM_420_Sistemas_Embarcados_de_Tempo_Real/Trabalho/microros_ros/banana/build/micro_ros_msgs -- -j8 -l8
[1.652s] DEBUG:colcon.colcon_core.event_handler.log_command:Invoked command in '/home/ivan/Desktop/Unicamp/IvanUnicamp/Disciplinas/IM_420_Sistemas_Embarcados_de_Tempo_Real/Trabalho/microros_ros/banana/build/micro_ros_msgs' returned '0': CMAKE_PREFIX_PATH=${CMAKE_PREFIX_PATH}:/opt/ros/jazzy DEBUGINFOD_URLS=https://debuginfod.ubuntu.com /usr/bin/cmake --build /home/ivan/Desktop/Unicamp/IvanUnicamp/Disciplinas/IM_420_Sistemas_Embarcados_de_Tempo_Real/Trabalho/microros_ros/banana/build/micro_ros_msgs -- -j8 -l8
[1.720s] DEBUG:colcon.colcon_core.event_handler.log_command:Invoking command in '/home/ivan/Desktop/Unicamp/IvanUnicamp/Disciplinas/IM_420_Sistemas_Embarcados_de_Tempo_Real/Trabalho/microros_ros/banana/build/micro_ros_msgs': CMAKE_PREFIX_PATH=${CMAKE_PREFIX_PATH}:/opt/ros/jazzy DEBUGINFOD_URLS=https://debuginfod.ubuntu.com /usr/bin/cmake --install /home/ivan/Desktop/Unicamp/IvanUnicamp/Disciplinas/IM_420_Sistemas_Embarcados_de_Tempo_Real/Trabalho/microros_ros/banana/build/micro_ros_msgs
[1.777s] Level 1:colcon.colcon_core.environment:create_environment_scripts_only(micro_ros_msgs)
[1.778s] Level 1:colcon.colcon_core.environment:checking '/home/ivan/Desktop/Unicamp/IvanUnicamp/Disciplinas/IM_420_Sistemas_Embarcados_de_Tempo_Real/Trabalho/microros_ros/banana/install/micro_ros_msgs' for CMake module files
[1.778s] DEBUG:colcon.colcon_core.event_handler.log_command:Invoked command in '/home/ivan/Desktop/Unicamp/IvanUnicamp/Disciplinas/IM_420_Sistemas_Embarcados_de_Tempo_Real/Trabalho/microros_ros/banana/build/micro_ros_msgs' returned '0': CMAKE_PREFIX_PATH=${CMAKE_PREFIX_PATH}:/opt/ros/jazzy DEBUGINFOD_URLS=https://debuginfod.ubuntu.com /usr/bin/cmake --install /home/ivan/Desktop/Unicamp/IvanUnicamp/Disciplinas/IM_420_Sistemas_Embarcados_de_Tempo_Real/Trabalho/microros_ros/banana/build/micro_ros_msgs
[1.778s] Level 1:colcon.colcon_core.environment:checking '/home/ivan/Desktop/Unicamp/IvanUnicamp/Disciplinas/IM_420_Sistemas_Embarcados_de_Tempo_Real/Trabalho/microros_ros/banana/install/micro_ros_msgs' for CMake config files
[1.779s] Level 1:colcon.colcon_core.shell:create_environment_hook('micro_ros_msgs', 'cmake_prefix_path')
[1.779s] INFO:colcon.colcon_core.shell:Creating environment hook '/home/ivan/Desktop/Unicamp/IvanUnicamp/Disciplinas/IM_420_Sistemas_Embarcados_de_Tempo_Real/Trabalho/microros_ros/banana/install/micro_ros_msgs/share/micro_ros_msgs/hook/cmake_prefix_path.ps1'
[1.779s] INFO:colcon.colcon_core.shell:Creating environment descriptor '/home/ivan/Desktop/Unicamp/IvanUnicamp/Disciplinas/IM_420_Sistemas_Embarcados_de_Tempo_Real/Trabalho/microros_ros/banana/install/micro_ros_msgs/share/micro_ros_msgs/hook/cmake_prefix_path.dsv'
[1.779s] INFO:colcon.colcon_core.shell:Creating environment hook '/home/ivan/Desktop/Unicamp/IvanUnicamp/Disciplinas/IM_420_Sistemas_Embarcados_de_Tempo_Real/Trabalho/microros_ros/banana/install/micro_ros_msgs/share/micro_ros_msgs/hook/cmake_prefix_path.sh'
[1.780s] Level 1:colcon.colcon_core.environment:checking '/home/ivan/Desktop/Unicamp/IvanUnicamp/Disciplinas/IM_420_Sistemas_Embarcados_de_Tempo_Real/Trabalho/microros_ros/banana/install/micro_ros_msgs/lib'
[1.780s] Level 1:colcon.colcon_core.shell:create_environment_hook('micro_ros_msgs', 'ld_library_path_lib')
[1.780s] INFO:colcon.colcon_core.shell:Creating environment hook '/home/ivan/Desktop/Unicamp/IvanUnicamp/Disciplinas/IM_420_Sistemas_Embarcados_de_Tempo_Real/Trabalho/microros_ros/banana/install/micro_ros_msgs/share/micro_ros_msgs/hook/ld_library_path_lib.ps1'
[1.780s] INFO:colcon.colcon_core.shell:Creating environment descriptor '/home/ivan/Desktop/Unicamp/IvanUnicamp/Disciplinas/IM_420_Sistemas_Embarcados_de_Tempo_Real/Trabalho/microros_ros/banana/install/micro_ros_msgs/share/micro_ros_msgs/hook/ld_library_path_lib.dsv'
[1.780s] INFO:colcon.colcon_core.shell:Creating environment hook '/home/ivan/Desktop/Unicamp/IvanUnicamp/Disciplinas/IM_420_Sistemas_Embarcados_de_Tempo_Real/Trabalho/microros_ros/banana/install/micro_ros_msgs/share/micro_ros_msgs/hook/ld_library_path_lib.sh'
[1.780s] Level 1:colcon.colcon_core.environment:checking '/home/ivan/Desktop/Unicamp/IvanUnicamp/Disciplinas/IM_420_Sistemas_Embarcados_de_Tempo_Real/Trabalho/microros_ros/banana/install/micro_ros_msgs/bin'
[1.781s] Level 1:colcon.colcon_core.environment:checking '/home/ivan/Desktop/Unicamp/IvanUnicamp/Disciplinas/IM_420_Sistemas_Embarcados_de_Tempo_Real/Trabalho/microros_ros/banana/install/micro_ros_msgs/lib/pkgconfig/micro_ros_msgs.pc'
[1.781s] Level 1:colcon.colcon_core.environment:checking '/home/ivan/Desktop/Unicamp/IvanUnicamp/Disciplinas/IM_420_Sistemas_Embarcados_de_Tempo_Real/Trabalho/microros_ros/banana/install/micro_ros_msgs/lib/python3.12/site-packages'
[1.781s] Level 1:colcon.colcon_core.shell:create_environment_hook('micro_ros_msgs', 'pythonpath')
[1.781s] INFO:colcon.colcon_core.shell:Creating environment hook '/home/ivan/Desktop/Unicamp/IvanUnicamp/Disciplinas/IM_420_Sistemas_Embarcados_de_Tempo_Real/Trabalho/microros_ros/banana/install/micro_ros_msgs/share/micro_ros_msgs/hook/pythonpath.ps1'
[1.781s] INFO:colcon.colcon_core.shell:Creating environment descriptor '/home/ivan/Desktop/Unicamp/IvanUnicamp/Disciplinas/IM_420_Sistemas_Embarcados_de_Tempo_Real/Trabalho/microros_ros/banana/install/micro_ros_msgs/share/micro_ros_msgs/hook/pythonpath.dsv'
[1.781s] INFO:colcon.colcon_core.shell:Creating environment hook '/home/ivan/Desktop/Unicamp/IvanUnicamp/Disciplinas/IM_420_Sistemas_Embarcados_de_Tempo_Real/Trabalho/microros_ros/banana/install/micro_ros_msgs/share/micro_ros_msgs/hook/pythonpath.sh'
[1.782s] Level 1:colcon.colcon_core.environment:checking '/home/ivan/Desktop/Unicamp/IvanUnicamp/Disciplinas/IM_420_Sistemas_Embarcados_de_Tempo_Real/Trabalho/microros_ros/banana/install/micro_ros_msgs/bin'
[1.782s] INFO:colcon.colcon_core.shell:Creating package script '/home/ivan/Desktop/Unicamp/IvanUnicamp/Disciplinas/IM_420_Sistemas_Embarcados_de_Tempo_Real/Trabalho/microros_ros/banana/install/micro_ros_msgs/share/micro_ros_msgs/package.ps1'
[1.782s] INFO:colcon.colcon_core.shell:Creating package descriptor '/home/ivan/Desktop/Unicamp/IvanUnicamp/Disciplinas/IM_420_Sistemas_Embarcados_de_Tempo_Real/Trabalho/microros_ros/banana/install/micro_ros_msgs/share/micro_ros_msgs/package.dsv'
[1.782s] INFO:colcon.colcon_core.shell:Creating package script '/home/ivan/Desktop/Unicamp/IvanUnicamp/Disciplinas/IM_420_Sistemas_Embarcados_de_Tempo_Real/Trabalho/microros_ros/banana/install/micro_ros_msgs/share/micro_ros_msgs/package.sh'
[1.783s] INFO:colcon.colcon_core.shell:Creating package script '/home/ivan/Desktop/Unicamp/IvanUnicamp/Disciplinas/IM_420_Sistemas_Embarcados_de_Tempo_Real/Trabalho/microros_ros/banana/install/micro_ros_msgs/share/micro_ros_msgs/package.bash'
[1.783s] INFO:colcon.colcon_core.shell:Creating package script '/home/ivan/Desktop/Unicamp/IvanUnicamp/Disciplinas/IM_420_Sistemas_Embarcados_de_Tempo_Real/Trabalho/microros_ros/banana/install/micro_ros_msgs/share/micro_ros_msgs/package.zsh'
[1.783s] Level 1:colcon.colcon_core.environment:create_file_with_runtime_dependencies(/home/ivan/Desktop/Unicamp/IvanUnicamp/Disciplinas/IM_420_Sistemas_Embarcados_de_Tempo_Real/Trabalho/microros_ros/banana/install/micro_ros_msgs/share/colcon-core/packages/micro_ros_msgs)
[1.853s] Level 1:colcon.colcon_core.environment:create_environment_scripts_only(micro_ros_msgs)
[1.853s] Level 1:colcon.colcon_core.environment:checking '/home/ivan/Desktop/Unicamp/IvanUnicamp/Disciplinas/IM_420_Sistemas_Embarcados_de_Tempo_Real/Trabalho/microros_ros/banana/install/micro_ros_msgs' for CMake module files
[1.854s] Level 1:colcon.colcon_core.environment:checking '/home/ivan/Desktop/Unicamp/IvanUnicamp/Disciplinas/IM_420_Sistemas_Embarcados_de_Tempo_Real/Trabalho/microros_ros/banana/install/micro_ros_msgs' for CMake config files
[1.854s] Level 1:colcon.colcon_core.shell:create_environment_hook('micro_ros_msgs', 'cmake_prefix_path')
[1.854s] INFO:colcon.colcon_core.shell:Creating environment hook '/home/ivan/Desktop/Unicamp/IvanUnicamp/Disciplinas/IM_420_Sistemas_Embarcados_de_Tempo_Real/Trabalho/microros_ros/banana/install/micro_ros_msgs/share/micro_ros_msgs/hook/cmake_prefix_path.ps1'
[1.855s] INFO:colcon.colcon_core.shell:Creating environment descriptor '/home/ivan/Desktop/Unicamp/IvanUnicamp/Disciplinas/IM_420_Sistemas_Embarcados_de_Tempo_Real/Trabalho/microros_ros/banana/install/micro_ros_msgs/share/micro_ros_msgs/hook/cmake_prefix_path.dsv'
[1.855s] INFO:colcon.colcon_core.shell:Creating environment hook '/home/ivan/Desktop/Unicamp/IvanUnicamp/Disciplinas/IM_420_Sistemas_Embarcados_de_Tempo_Real/Trabalho/microros_ros/banana/install/micro_ros_msgs/share/micro_ros_msgs/hook/cmake_prefix_path.sh'
[1.856s] Level 1:colcon.colcon_core.environment:checking '/home/ivan/Desktop/Unicamp/IvanUnicamp/Disciplinas/IM_420_Sistemas_Embarcados_de_Tempo_Real/Trabalho/microros_ros/banana/install/micro_ros_msgs/lib'
[1.856s] Level 1:colcon.colcon_core.shell:create_environment_hook('micro_ros_msgs', 'ld_library_path_lib')
[1.856s] INFO:colcon.colcon_core.shell:Creating environment hook '/home/ivan/Desktop/Unicamp/IvanUnicamp/Disciplinas/IM_420_Sistemas_Embarcados_de_Tempo_Real/Trabalho/microros_ros/banana/install/micro_ros_msgs/share/micro_ros_msgs/hook/ld_library_path_lib.ps1'
[1.856s] INFO:colcon.colcon_core.shell:Creating environment descriptor '/home/ivan/Desktop/Unicamp/IvanUnicamp/Disciplinas/IM_420_Sistemas_Embarcados_de_Tempo_Real/Trabalho/microros_ros/banana/install/micro_ros_msgs/share/micro_ros_msgs/hook/ld_library_path_lib.dsv'
[1.857s] INFO:colcon.colcon_core.shell:Creating environment hook '/home/ivan/Desktop/Unicamp/IvanUnicamp/Disciplinas/IM_420_Sistemas_Embarcados_de_Tempo_Real/Trabalho/microros_ros/banana/install/micro_ros_msgs/share/micro_ros_msgs/hook/ld_library_path_lib.sh'
[1.857s] Level 1:colcon.colcon_core.environment:checking '/home/ivan/Desktop/Unicamp/IvanUnicamp/Disciplinas/IM_420_Sistemas_Embarcados_de_Tempo_Real/Trabalho/microros_ros/banana/install/micro_ros_msgs/bin'
[1.857s] Level 1:colcon.colcon_core.environment:checking '/home/ivan/Desktop/Unicamp/IvanUnicamp/Disciplinas/IM_420_Sistemas_Embarcados_de_Tempo_Real/Trabalho/microros_ros/banana/install/micro_ros_msgs/lib/pkgconfig/micro_ros_msgs.pc'
[1.857s] Level 1:colcon.colcon_core.environment:checking '/home/ivan/Desktop/Unicamp/IvanUnicamp/Disciplinas/IM_420_Sistemas_Embarcados_de_Tempo_Real/Trabalho/microros_ros/banana/install/micro_ros_msgs/lib/python3.12/site-packages'
[1.857s] Level 1:colcon.colcon_core.shell:create_environment_hook('micro_ros_msgs', 'pythonpath')
[1.857s] INFO:colcon.colcon_core.shell:Creating environment hook '/home/ivan/Desktop/Unicamp/IvanUnicamp/Disciplinas/IM_420_Sistemas_Embarcados_de_Tempo_Real/Trabalho/microros_ros/banana/install/micro_ros_msgs/share/micro_ros_msgs/hook/pythonpath.ps1'
[1.858s] INFO:colcon.colcon_core.shell:Creating environment descriptor '/home/ivan/Desktop/Unicamp/IvanUnicamp/Disciplinas/IM_420_Sistemas_Embarcados_de_Tempo_Real/Trabalho/microros_ros/banana/install/micro_ros_msgs/share/micro_ros_msgs/hook/pythonpath.dsv'
[1.858s] INFO:colcon.colcon_core.shell:Creating environment hook '/home/ivan/Desktop/Unicamp/IvanUnicamp/Disciplinas/IM_420_Sistemas_Embarcados_de_Tempo_Real/Trabalho/microros_ros/banana/install/micro_ros_msgs/share/micro_ros_msgs/hook/pythonpath.sh'
[1.859s] Level 1:colcon.colcon_core.environment:checking '/home/ivan/Desktop/Unicamp/IvanUnicamp/Disciplinas/IM_420_Sistemas_Embarcados_de_Tempo_Real/Trabalho/microros_ros/banana/install/micro_ros_msgs/bin'
[1.859s] INFO:colcon.colcon_core.shell:Creating package script '/home/ivan/Desktop/Unicamp/IvanUnicamp/Disciplinas/IM_420_Sistemas_Embarcados_de_Tempo_Real/Trabalho/microros_ros/banana/install/micro_ros_msgs/share/micro_ros_msgs/package.ps1'
[1.859s] INFO:colcon.colcon_core.shell:Creating package descriptor '/home/ivan/Desktop/Unicamp/IvanUnicamp/Disciplinas/IM_420_Sistemas_Embarcados_de_Tempo_Real/Trabalho/microros_ros/banana/install/micro_ros_msgs/share/micro_ros_msgs/package.dsv'
[1.860s] INFO:colcon.colcon_core.shell:Creating package script '/home/ivan/Desktop/Unicamp/IvanUnicamp/Disciplinas/IM_420_Sistemas_Embarcados_de_Tempo_Real/Trabalho/microros_ros/banana/install/micro_ros_msgs/share/micro_ros_msgs/package.sh'
[1.860s] INFO:colcon.colcon_core.shell:Creating package script '/home/ivan/Desktop/Unicamp/IvanUnicamp/Disciplinas/IM_420_Sistemas_Embarcados_de_Tempo_Real/Trabalho/microros_ros/banana/install/micro_ros_msgs/share/micro_ros_msgs/package.bash'
[1.861s] INFO:colcon.colcon_core.shell:Creating package script '/home/ivan/Desktop/Unicamp/IvanUnicamp/Disciplinas/IM_420_Sistemas_Embarcados_de_Tempo_Real/Trabalho/microros_ros/banana/install/micro_ros_msgs/share/micro_ros_msgs/package.zsh'
[1.861s] Level 1:colcon.colcon_core.environment:create_file_with_runtime_dependencies(/home/ivan/Desktop/Unicamp/IvanUnicamp/Disciplinas/IM_420_Sistemas_Embarcados_de_Tempo_Real/Trabalho/microros_ros/banana/install/micro_ros_msgs/share/colcon-core/packages/micro_ros_msgs)
[1.861s] INFO:colcon.colcon_ros.task.ament_cmake.build:Building ROS package in '/home/ivan/Desktop/Unicamp/IvanUnicamp/Disciplinas/IM_420_Sistemas_Embarcados_de_Tempo_Real/Trabalho/microros_ros/banana/src/uros/micro-ROS-Agent/micro_ros_agent' with build type 'ament_cmake'
[1.861s] INFO:colcon.colcon_cmake.task.cmake.build:Building CMake package in '/home/ivan/Desktop/Unicamp/IvanUnicamp/Disciplinas/IM_420_Sistemas_Embarcados_de_Tempo_Real/Trabalho/microros_ros/banana/src/uros/micro-ROS-Agent/micro_ros_agent'
[1.861s] INFO:colcon.colcon_core.shell:Skip shell extension 'powershell' for command environment: Not usable outside of PowerShell
[1.861s] DEBUG:colcon.colcon_core.shell:Skip shell extension 'dsv' for command environment
[1.871s] DEBUG:colcon.colcon_core.event_handler.log_command:Invoking command in '/home/ivan/Desktop/Unicamp/IvanUnicamp/Disciplinas/IM_420_Sistemas_Embarcados_de_Tempo_Real/Trabalho/microros_ros/banana/build/micro_ros_agent': AMENT_PREFIX_PATH=/home/ivan/Desktop/Unicamp/IvanUnicamp/Disciplinas/IM_420_Sistemas_Embarcados_de_Tempo_Real/Trabalho/microros_ros/banana/install/micro_ros_msgs:${AMENT_PREFIX_PATH} CMAKE_PREFIX_PATH=/home/ivan/Desktop/Unicamp/IvanUnicamp/Disciplinas/IM_420_Sistemas_Embarcados_de_Tempo_Real/Trabalho/microros_ros/banana/install/micro_ros_msgs:/opt/ros/jazzy/opt/gz_sim_vendor:/opt/ros/jazzy/opt/gz_sensors_vendor:/opt/ros/jazzy/opt/gz_physics_vendor:/opt/ros/jazzy/opt/sdformat_vendor:/opt/ros/jazzy/opt/gz_gui_vendor:/opt/ros/jazzy/opt/gz_transport_vendor:/opt/ros/jazzy/opt/gz_rendering_vendor:/opt/ros/jazzy/opt/gz_plugin_vendor:/opt/ros/jazzy/opt/gz_fuel_tools_vendor:/opt/ros/jazzy/opt/gz_msgs_vendor:/opt/ros/jazzy/opt/gz_common_vendor:/opt/ros/jazzy/opt/gz_math_vendor:/opt/ros/jazzy/opt/gz_utils_vendor:/opt/ros/jazzy/opt/gz_tools_vendor:/opt/ros/jazzy/opt/gz_ogre_next_vendor:/opt/ros/jazzy/opt/gz_dartsim_vendor:/opt/ros/jazzy/opt/gz_cmake_vendor:/opt/ros/jazzy DEBUGINFOD_URLS=https://debuginfod.ubuntu.com LD_LIBRARY_PATH=/home/ivan/Desktop/Unicamp/IvanUnicamp/Disciplinas/IM_420_Sistemas_Embarcados_de_Tempo_Real/Trabalho/microros_ros/banana/install/micro_ros_msgs/lib:${LD_LIBRARY_PATH} PYTHONPATH=/home/ivan/Desktop/Unicamp/IvanUnicamp/Disciplinas/IM_420_Sistemas_Embarcados_de_Tempo_Real/Trabalho/microros_ros/banana/install/micro_ros_msgs/lib/python3.12/site-packages:${PYTHONPATH} /usr/bin/cmake /home/ivan/Desktop/Unicamp/IvanUnicamp/Disciplinas/IM_420_Sistemas_Embarcados_de_Tempo_Real/Trabalho/microros_ros/banana/src/uros/micro-ROS-Agent/micro_ros_agent -DCMAKE_INSTALL_PREFIX=/home/ivan/Desktop/Unicamp/IvanUnicamp/Disciplinas/IM_420_Sistemas_Embarcados_de_Tempo_Real/Trabalho/microros_ros/banana/install/micro_ros_agent
[2.265s] DEBUG:colcon.colcon_core.event_handler.log_command:Invoked command in '/home/ivan/Desktop/Unicamp/IvanUnicamp/Disciplinas/IM_420_Sistemas_Embarcados_de_Tempo_Real/Trabalho/microros_ros/banana/build/micro_ros_agent' returned '0': AMENT_PREFIX_PATH=/home/ivan/Desktop/Unicamp/IvanUnicamp/Disciplinas/IM_420_Sistemas_Embarcados_de_Tempo_Real/Trabalho/microros_ros/banana/install/micro_ros_msgs:${AMENT_PREFIX_PATH} CMAKE_PREFIX_PATH=/home/ivan/Desktop/Unicamp/IvanUnicamp/Disciplinas/IM_420_Sistemas_Embarcados_de_Tempo_Real/Trabalho/microros_ros/banana/install/micro_ros_msgs:/opt/ros/jazzy/opt/gz_sim_vendor:/opt/ros/jazzy/opt/gz_sensors_vendor:/opt/ros/jazzy/opt/gz_physics_vendor:/opt/ros/jazzy/opt/sdformat_vendor:/opt/ros/jazzy/opt/gz_gui_vendor:/opt/ros/jazzy/opt/gz_transport_vendor:/opt/ros/jazzy/opt/gz_rendering_vendor:/opt/ros/jazzy/opt/gz_plugin_vendor:/opt/ros/jazzy/opt/gz_fuel_tools_vendor:/opt/ros/jazzy/opt/gz_msgs_vendor:/opt/ros/jazzy/opt/gz_common_vendor:/opt/ros/jazzy/opt/gz_math_vendor:/opt/ros/jazzy/opt/gz_utils_vendor:/opt/ros/jazzy/opt/gz_tools_vendor:/opt/ros/jazzy/opt/gz_ogre_next_vendor:/opt/ros/jazzy/opt/gz_dartsim_vendor:/opt/ros/jazzy/opt/gz_cmake_vendor:/opt/ros/jazzy DEBUGINFOD_URLS=https://debuginfod.ubuntu.com LD_LIBRARY_PATH=/home/ivan/Desktop/Unicamp/IvanUnicamp/Disciplinas/IM_420_Sistemas_Embarcados_de_Tempo_Real/Trabalho/microros_ros/banana/install/micro_ros_msgs/lib:${LD_LIBRARY_PATH} PYTHONPATH=/home/ivan/Desktop/Unicamp/IvanUnicamp/Disciplinas/IM_420_Sistemas_Embarcados_de_Tempo_Real/Trabalho/microros_ros/banana/install/micro_ros_msgs/lib/python3.12/site-packages:${PYTHONPATH} /usr/bin/cmake /home/ivan/Desktop/Unicamp/IvanUnicamp/Disciplinas/IM_420_Sistemas_Embarcados_de_Tempo_Real/Trabalho/microros_ros/banana/src/uros/micro-ROS-Agent/micro_ros_agent -DCMAKE_INSTALL_PREFIX=/home/ivan/Desktop/Unicamp/IvanUnicamp/Disciplinas/IM_420_Sistemas_Embarcados_de_Tempo_Real/Trabalho/microros_ros/banana/install/micro_ros_agent
[2.266s] DEBUG:colcon.colcon_core.event_handler.log_command:Invoking command in '/home/ivan/Desktop/Unicamp/IvanUnicamp/Disciplinas/IM_420_Sistemas_Embarcados_de_Tempo_Real/Trabalho/microros_ros/banana/build/micro_ros_agent': AMENT_PREFIX_PATH=/home/ivan/Desktop/Unicamp/IvanUnicamp/Disciplinas/IM_420_Sistemas_Embarcados_de_Tempo_Real/Trabalho/microros_ros/banana/install/micro_ros_msgs:${AMENT_PREFIX_PATH} CMAKE_PREFIX_PATH=/home/ivan/Desktop/Unicamp/IvanUnicamp/Disciplinas/IM_420_Sistemas_Embarcados_de_Tempo_Real/Trabalho/microros_ros/banana/install/micro_ros_msgs:/opt/ros/jazzy/opt/gz_sim_vendor:/opt/ros/jazzy/opt/gz_sensors_vendor:/opt/ros/jazzy/opt/gz_physics_vendor:/opt/ros/jazzy/opt/sdformat_vendor:/opt/ros/jazzy/opt/gz_gui_vendor:/opt/ros/jazzy/opt/gz_transport_vendor:/opt/ros/jazzy/opt/gz_rendering_vendor:/opt/ros/jazzy/opt/gz_plugin_vendor:/opt/ros/jazzy/opt/gz_fuel_tools_vendor:/opt/ros/jazzy/opt/gz_msgs_vendor:/opt/ros/jazzy/opt/gz_common_vendor:/opt/ros/jazzy/opt/gz_math_vendor:/opt/ros/jazzy/opt/gz_utils_vendor:/opt/ros/jazzy/opt/gz_tools_vendor:/opt/ros/jazzy/opt/gz_ogre_next_vendor:/opt/ros/jazzy/opt/gz_dartsim_vendor:/opt/ros/jazzy/opt/gz_cmake_vendor:/opt/ros/jazzy DEBUGINFOD_URLS=https://debuginfod.ubuntu.com LD_LIBRARY_PATH=/home/ivan/Desktop/Unicamp/IvanUnicamp/Disciplinas/IM_420_Sistemas_Embarcados_de_Tempo_Real/Trabalho/microros_ros/banana/install/micro_ros_msgs/lib:${LD_LIBRARY_PATH} PYTHONPATH=/home/ivan/Desktop/Unicamp/IvanUnicamp/Disciplinas/IM_420_Sistemas_Embarcados_de_Tempo_Real/Trabalho/microros_ros/banana/install/micro_ros_msgs/lib/python3.12/site-packages:${PYTHONPATH} /usr/bin/cmake --build /home/ivan/Desktop/Unicamp/IvanUnicamp/Disciplinas/IM_420_Sistemas_Embarcados_de_Tempo_Real/Trabalho/microros_ros/banana/build/micro_ros_agent -- -j8 -l8
[2.331s] DEBUG:colcon.colcon_core.event_handler.log_command:Invoked command in '/home/ivan/Desktop/Unicamp/IvanUnicamp/Disciplinas/IM_420_Sistemas_Embarcados_de_Tempo_Real/Trabalho/microros_ros/banana/build/micro_ros_agent' returned '0': AMENT_PREFIX_PATH=/home/ivan/Desktop/Unicamp/IvanUnicamp/Disciplinas/IM_420_Sistemas_Embarcados_de_Tempo_Real/Trabalho/microros_ros/banana/install/micro_ros_msgs:${AMENT_PREFIX_PATH} CMAKE_PREFIX_PATH=/home/ivan/Desktop/Unicamp/IvanUnicamp/Disciplinas/IM_420_Sistemas_Embarcados_de_Tempo_Real/Trabalho/microros_ros/banana/install/micro_ros_msgs:/opt/ros/jazzy/opt/gz_sim_vendor:/opt/ros/jazzy/opt/gz_sensors_vendor:/opt/ros/jazzy/opt/gz_physics_vendor:/opt/ros/jazzy/opt/sdformat_vendor:/opt/ros/jazzy/opt/gz_gui_vendor:/opt/ros/jazzy/opt/gz_transport_vendor:/opt/ros/jazzy/opt/gz_rendering_vendor:/opt/ros/jazzy/opt/gz_plugin_vendor:/opt/ros/jazzy/opt/gz_fuel_tools_vendor:/opt/ros/jazzy/opt/gz_msgs_vendor:/opt/ros/jazzy/opt/gz_common_vendor:/opt/ros/jazzy/opt/gz_math_vendor:/opt/ros/jazzy/opt/gz_utils_vendor:/opt/ros/jazzy/opt/gz_tools_vendor:/opt/ros/jazzy/opt/gz_ogre_next_vendor:/opt/ros/jazzy/opt/gz_dartsim_vendor:/opt/ros/jazzy/opt/gz_cmake_vendor:/opt/ros/jazzy DEBUGINFOD_URLS=https://debuginfod.ubuntu.com LD_LIBRARY_PATH=/home/ivan/Desktop/Unicamp/IvanUnicamp/Disciplinas/IM_420_Sistemas_Embarcados_de_Tempo_Real/Trabalho/microros_ros/banana/install/micro_ros_msgs/lib:${LD_LIBRARY_PATH} PYTHONPATH=/home/ivan/Desktop/Unicamp/IvanUnicamp/Disciplinas/IM_420_Sistemas_Embarcados_de_Tempo_Real/Trabalho/microros_ros/banana/install/micro_ros_msgs/lib/python3.12/site-packages:${PYTHONPATH} /usr/bin/cmake --build /home/ivan/Desktop/Unicamp/IvanUnicamp/Disciplinas/IM_420_Sistemas_Embarcados_de_Tempo_Real/Trabalho/microros_ros/banana/build/micro_ros_agent -- -j8 -l8
[2.354s] DEBUG:colcon.colcon_core.event_handler.log_command:Invoking command in '/home/ivan/Desktop/Unicamp/IvanUnicamp/Disciplinas/IM_420_Sistemas_Embarcados_de_Tempo_Real/Trabalho/microros_ros/banana/build/micro_ros_agent': AMENT_PREFIX_PATH=/home/ivan/Desktop/Unicamp/IvanUnicamp/Disciplinas/IM_420_Sistemas_Embarcados_de_Tempo_Real/Trabalho/microros_ros/banana/install/micro_ros_msgs:${AMENT_PREFIX_PATH} CMAKE_PREFIX_PATH=/home/ivan/Desktop/Unicamp/IvanUnicamp/Disciplinas/IM_420_Sistemas_Embarcados_de_Tempo_Real/Trabalho/microros_ros/banana/install/micro_ros_msgs:/opt/ros/jazzy/opt/gz_sim_vendor:/opt/ros/jazzy/opt/gz_sensors_vendor:/opt/ros/jazzy/opt/gz_physics_vendor:/opt/ros/jazzy/opt/sdformat_vendor:/opt/ros/jazzy/opt/gz_gui_vendor:/opt/ros/jazzy/opt/gz_transport_vendor:/opt/ros/jazzy/opt/gz_rendering_vendor:/opt/ros/jazzy/opt/gz_plugin_vendor:/opt/ros/jazzy/opt/gz_fuel_tools_vendor:/opt/ros/jazzy/opt/gz_msgs_vendor:/opt/ros/jazzy/opt/gz_common_vendor:/opt/ros/jazzy/opt/gz_math_vendor:/opt/ros/jazzy/opt/gz_utils_vendor:/opt/ros/jazzy/opt/gz_tools_vendor:/opt/ros/jazzy/opt/gz_ogre_next_vendor:/opt/ros/jazzy/opt/gz_dartsim_vendor:/opt/ros/jazzy/opt/gz_cmake_vendor:/opt/ros/jazzy DEBUGINFOD_URLS=https://debuginfod.ubuntu.com LD_LIBRARY_PATH=/home/ivan/Desktop/Unicamp/IvanUnicamp/Disciplinas/IM_420_Sistemas_Embarcados_de_Tempo_Real/Trabalho/microros_ros/banana/install/micro_ros_msgs/lib:${LD_LIBRARY_PATH} PYTHONPATH=/home/ivan/Desktop/Unicamp/IvanUnicamp/Disciplinas/IM_420_Sistemas_Embarcados_de_Tempo_Real/Trabalho/microros_ros/banana/install/micro_ros_msgs/lib/python3.12/site-packages:${PYTHONPATH} /usr/bin/cmake --install /home/ivan/Desktop/Unicamp/IvanUnicamp/Disciplinas/IM_420_Sistemas_Embarcados_de_Tempo_Real/Trabalho/microros_ros/banana/build/micro_ros_agent
[2.362s] Level 1:colcon.colcon_core.environment:create_environment_scripts_only(micro_ros_agent)
[2.363s] Level 1:colcon.colcon_core.environment:checking '/home/ivan/Desktop/Unicamp/IvanUnicamp/Disciplinas/IM_420_Sistemas_Embarcados_de_Tempo_Real/Trabalho/microros_ros/banana/install/micro_ros_agent' for CMake module files
[2.363s] DEBUG:colcon.colcon_core.event_handler.log_command:Invoked command in '/home/ivan/Desktop/Unicamp/IvanUnicamp/Disciplinas/IM_420_Sistemas_Embarcados_de_Tempo_Real/Trabalho/microros_ros/banana/build/micro_ros_agent' returned '0': AMENT_PREFIX_PATH=/home/ivan/Desktop/Unicamp/IvanUnicamp/Disciplinas/IM_420_Sistemas_Embarcados_de_Tempo_Real/Trabalho/microros_ros/banana/install/micro_ros_msgs:${AMENT_PREFIX_PATH} CMAKE_PREFIX_PATH=/home/ivan/Desktop/Unicamp/IvanUnicamp/Disciplinas/IM_420_Sistemas_Embarcados_de_Tempo_Real/Trabalho/microros_ros/banana/install/micro_ros_msgs:/opt/ros/jazzy/opt/gz_sim_vendor:/opt/ros/jazzy/opt/gz_sensors_vendor:/opt/ros/jazzy/opt/gz_physics_vendor:/opt/ros/jazzy/opt/sdformat_vendor:/opt/ros/jazzy/opt/gz_gui_vendor:/opt/ros/jazzy/opt/gz_transport_vendor:/opt/ros/jazzy/opt/gz_rendering_vendor:/opt/ros/jazzy/opt/gz_plugin_vendor:/opt/ros/jazzy/opt/gz_fuel_tools_vendor:/opt/ros/jazzy/opt/gz_msgs_vendor:/opt/ros/jazzy/opt/gz_common_vendor:/opt/ros/jazzy/opt/gz_math_vendor:/opt/ros/jazzy/opt/gz_utils_vendor:/opt/ros/jazzy/opt/gz_tools_vendor:/opt/ros/jazzy/opt/gz_ogre_next_vendor:/opt/ros/jazzy/opt/gz_dartsim_vendor:/opt/ros/jazzy/opt/gz_cmake_vendor:/opt/ros/jazzy DEBUGINFOD_URLS=https://debuginfod.ubuntu.com LD_LIBRARY_PATH=/home/ivan/Desktop/Unicamp/IvanUnicamp/Disciplinas/IM_420_Sistemas_Embarcados_de_Tempo_Real/Trabalho/microros_ros/banana/install/micro_ros_msgs/lib:${LD_LIBRARY_PATH} PYTHONPATH=/home/ivan/Desktop/Unicamp/IvanUnicamp/Disciplinas/IM_420_Sistemas_Embarcados_de_Tempo_Real/Trabalho/microros_ros/banana/install/micro_ros_msgs/lib/python3.12/site-packages:${PYTHONPATH} /usr/bin/cmake --install /home/ivan/Desktop/Unicamp/IvanUnicamp/Disciplinas/IM_420_Sistemas_Embarcados_de_Tempo_Real/Trabalho/microros_ros/banana/build/micro_ros_agent
[2.363s] Level 1:colcon.colcon_core.environment:checking '/home/ivan/Desktop/Unicamp/IvanUnicamp/Disciplinas/IM_420_Sistemas_Embarcados_de_Tempo_Real/Trabalho/microros_ros/banana/install/micro_ros_agent' for CMake config files
[2.364s] Level 1:colcon.colcon_core.shell:create_environment_hook('micro_ros_agent', 'cmake_prefix_path')
[2.364s] INFO:colcon.colcon_core.shell:Creating environment hook '/home/ivan/Desktop/Unicamp/IvanUnicamp/Disciplinas/IM_420_Sistemas_Embarcados_de_Tempo_Real/Trabalho/microros_ros/banana/install/micro_ros_agent/share/micro_ros_agent/hook/cmake_prefix_path.ps1'
[2.364s] INFO:colcon.colcon_core.shell:Creating environment descriptor '/home/ivan/Desktop/Unicamp/IvanUnicamp/Disciplinas/IM_420_Sistemas_Embarcados_de_Tempo_Real/Trabalho/microros_ros/banana/install/micro_ros_agent/share/micro_ros_agent/hook/cmake_prefix_path.dsv'
[2.365s] INFO:colcon.colcon_core.shell:Creating environment hook '/home/ivan/Desktop/Unicamp/IvanUnicamp/Disciplinas/IM_420_Sistemas_Embarcados_de_Tempo_Real/Trabalho/microros_ros/banana/install/micro_ros_agent/share/micro_ros_agent/hook/cmake_prefix_path.sh'
[2.365s] Level 1:colcon.colcon_core.environment:checking '/home/ivan/Desktop/Unicamp/IvanUnicamp/Disciplinas/IM_420_Sistemas_Embarcados_de_Tempo_Real/Trabalho/microros_ros/banana/install/micro_ros_agent/lib'
[2.365s] Level 1:colcon.colcon_core.shell:create_environment_hook('micro_ros_agent', 'ld_library_path_lib')
[2.365s] INFO:colcon.colcon_core.shell:Creating environment hook '/home/ivan/Desktop/Unicamp/IvanUnicamp/Disciplinas/IM_420_Sistemas_Embarcados_de_Tempo_Real/Trabalho/microros_ros/banana/install/micro_ros_agent/share/micro_ros_agent/hook/ld_library_path_lib.ps1'
[2.366s] INFO:colcon.colcon_core.shell:Creating environment descriptor '/home/ivan/Desktop/Unicamp/IvanUnicamp/Disciplinas/IM_420_Sistemas_Embarcados_de_Tempo_Real/Trabalho/microros_ros/banana/install/micro_ros_agent/share/micro_ros_agent/hook/ld_library_path_lib.dsv'
[2.366s] INFO:colcon.colcon_core.shell:Creating environment hook '/home/ivan/Desktop/Unicamp/IvanUnicamp/Disciplinas/IM_420_Sistemas_Embarcados_de_Tempo_Real/Trabalho/microros_ros/banana/install/micro_ros_agent/share/micro_ros_agent/hook/ld_library_path_lib.sh'
[2.366s] Level 1:colcon.colcon_core.environment:checking '/home/ivan/Desktop/Unicamp/IvanUnicamp/Disciplinas/IM_420_Sistemas_Embarcados_de_Tempo_Real/Trabalho/microros_ros/banana/install/micro_ros_agent/bin'
[2.366s] Level 1:colcon.colcon_core.environment:checking '/home/ivan/Desktop/Unicamp/IvanUnicamp/Disciplinas/IM_420_Sistemas_Embarcados_de_Tempo_Real/Trabalho/microros_ros/banana/install/micro_ros_agent/lib/pkgconfig/micro_ros_agent.pc'
[2.367s] Level 1:colcon.colcon_core.environment:checking '/home/ivan/Desktop/Unicamp/IvanUnicamp/Disciplinas/IM_420_Sistemas_Embarcados_de_Tempo_Real/Trabalho/microros_ros/banana/install/micro_ros_agent/lib/python3.12/site-packages'
[2.367s] Level 1:colcon.colcon_core.environment:checking '/home/ivan/Desktop/Unicamp/IvanUnicamp/Disciplinas/IM_420_Sistemas_Embarcados_de_Tempo_Real/Trabalho/microros_ros/banana/install/micro_ros_agent/bin'
[2.367s] INFO:colcon.colcon_core.shell:Creating package script '/home/ivan/Desktop/Unicamp/IvanUnicamp/Disciplinas/IM_420_Sistemas_Embarcados_de_Tempo_Real/Trabalho/microros_ros/banana/install/micro_ros_agent/share/micro_ros_agent/package.ps1'
[2.368s] INFO:colcon.colcon_core.shell:Creating package descriptor '/home/ivan/Desktop/Unicamp/IvanUnicamp/Disciplinas/IM_420_Sistemas_Embarcados_de_Tempo_Real/Trabalho/microros_ros/banana/install/micro_ros_agent/share/micro_ros_agent/package.dsv'
[2.368s] INFO:colcon.colcon_core.shell:Creating package script '/home/ivan/Desktop/Unicamp/IvanUnicamp/Disciplinas/IM_420_Sistemas_Embarcados_de_Tempo_Real/Trabalho/microros_ros/banana/install/micro_ros_agent/share/micro_ros_agent/package.sh'
[2.368s] INFO:colcon.colcon_core.shell:Creating package script '/home/ivan/Desktop/Unicamp/IvanUnicamp/Disciplinas/IM_420_Sistemas_Embarcados_de_Tempo_Real/Trabalho/microros_ros/banana/install/micro_ros_agent/share/micro_ros_agent/package.bash'
[2.369s] INFO:colcon.colcon_core.shell:Creating package script '/home/ivan/Desktop/Unicamp/IvanUnicamp/Disciplinas/IM_420_Sistemas_Embarcados_de_Tempo_Real/Trabalho/microros_ros/banana/install/micro_ros_agent/share/micro_ros_agent/package.zsh'
[2.369s] Level 1:colcon.colcon_core.environment:create_file_with_runtime_dependencies(/home/ivan/Desktop/Unicamp/IvanUnicamp/Disciplinas/IM_420_Sistemas_Embarcados_de_Tempo_Real/Trabalho/microros_ros/banana/install/micro_ros_agent/share/colcon-core/packages/micro_ros_agent)
[2.392s] Level 1:colcon.colcon_core.environment:create_environment_scripts_only(micro_ros_agent)
[2.392s] Level 1:colcon.colcon_core.environment:checking '/home/ivan/Desktop/Unicamp/IvanUnicamp/Disciplinas/IM_420_Sistemas_Embarcados_de_Tempo_Real/Trabalho/microros_ros/banana/install/micro_ros_agent' for CMake module files
[2.393s] Level 1:colcon.colcon_core.environment:checking '/home/ivan/Desktop/Unicamp/IvanUnicamp/Disciplinas/IM_420_Sistemas_Embarcados_de_Tempo_Real/Trabalho/microros_ros/banana/install/micro_ros_agent' for CMake config files
[2.393s] Level 1:colcon.colcon_core.shell:create_environment_hook('micro_ros_agent', 'cmake_prefix_path')
[2.393s] INFO:colcon.colcon_core.shell:Creating environment hook '/home/ivan/Desktop/Unicamp/IvanUnicamp/Disciplinas/IM_420_Sistemas_Embarcados_de_Tempo_Real/Trabalho/microros_ros/banana/install/micro_ros_agent/share/micro_ros_agent/hook/cmake_prefix_path.ps1'
[2.393s] INFO:colcon.colcon_core.shell:Creating environment descriptor '/home/ivan/Desktop/Unicamp/IvanUnicamp/Disciplinas/IM_420_Sistemas_Embarcados_de_Tempo_Real/Trabalho/microros_ros/banana/install/micro_ros_agent/share/micro_ros_agent/hook/cmake_prefix_path.dsv'
[2.393s] INFO:colcon.colcon_core.shell:Creating environment hook '/home/ivan/Desktop/Unicamp/IvanUnicamp/Disciplinas/IM_420_Sistemas_Embarcados_de_Tempo_Real/Trabalho/microros_ros/banana/install/micro_ros_agent/share/micro_ros_agent/hook/cmake_prefix_path.sh'
[2.394s] Level 1:colcon.colcon_core.environment:checking '/home/ivan/Desktop/Unicamp/IvanUnicamp/Disciplinas/IM_420_Sistemas_Embarcados_de_Tempo_Real/Trabalho/microros_ros/banana/install/micro_ros_agent/lib'
[2.394s] Level 1:colcon.colcon_core.shell:create_environment_hook('micro_ros_agent', 'ld_library_path_lib')
[2.394s] INFO:colcon.colcon_core.shell:Creating environment hook '/home/ivan/Desktop/Unicamp/IvanUnicamp/Disciplinas/IM_420_Sistemas_Embarcados_de_Tempo_Real/Trabalho/microros_ros/banana/install/micro_ros_agent/share/micro_ros_agent/hook/ld_library_path_lib.ps1'
[2.394s] INFO:colcon.colcon_core.shell:Creating environment descriptor '/home/ivan/Desktop/Unicamp/IvanUnicamp/Disciplinas/IM_420_Sistemas_Embarcados_de_Tempo_Real/Trabalho/microros_ros/banana/install/micro_ros_agent/share/micro_ros_agent/hook/ld_library_path_lib.dsv'
[2.394s] INFO:colcon.colcon_core.shell:Creating environment hook '/home/ivan/Desktop/Unicamp/IvanUnicamp/Disciplinas/IM_420_Sistemas_Embarcados_de_Tempo_Real/Trabalho/microros_ros/banana/install/micro_ros_agent/share/micro_ros_agent/hook/ld_library_path_lib.sh'
[2.395s] Level 1:colcon.colcon_core.environment:checking '/home/ivan/Desktop/Unicamp/IvanUnicamp/Disciplinas/IM_420_Sistemas_Embarcados_de_Tempo_Real/Trabalho/microros_ros/banana/install/micro_ros_agent/bin'
[2.395s] Level 1:colcon.colcon_core.environment:checking '/home/ivan/Desktop/Unicamp/IvanUnicamp/Disciplinas/IM_420_Sistemas_Embarcados_de_Tempo_Real/Trabalho/microros_ros/banana/install/micro_ros_agent/lib/pkgconfig/micro_ros_agent.pc'
[2.395s] Level 1:colcon.colcon_core.environment:checking '/home/ivan/Desktop/Unicamp/IvanUnicamp/Disciplinas/IM_420_Sistemas_Embarcados_de_Tempo_Real/Trabalho/microros_ros/banana/install/micro_ros_agent/lib/python3.12/site-packages'
[2.395s] Level 1:colcon.colcon_core.environment:checking '/home/ivan/Desktop/Unicamp/IvanUnicamp/Disciplinas/IM_420_Sistemas_Embarcados_de_Tempo_Real/Trabalho/microros_ros/banana/install/micro_ros_agent/bin'
[2.395s] INFO:colcon.colcon_core.shell:Creating package script '/home/ivan/Desktop/Unicamp/IvanUnicamp/Disciplinas/IM_420_Sistemas_Embarcados_de_Tempo_Real/Trabalho/microros_ros/banana/install/micro_ros_agent/share/micro_ros_agent/package.ps1'
[2.396s] INFO:colcon.colcon_core.shell:Creating package descriptor '/home/ivan/Desktop/Unicamp/IvanUnicamp/Disciplinas/IM_420_Sistemas_Embarcados_de_Tempo_Real/Trabalho/microros_ros/banana/install/micro_ros_agent/share/micro_ros_agent/package.dsv'
[2.396s] INFO:colcon.colcon_core.shell:Creating package script '/home/ivan/Desktop/Unicamp/IvanUnicamp/Disciplinas/IM_420_Sistemas_Embarcados_de_Tempo_Real/Trabalho/microros_ros/banana/install/micro_ros_agent/share/micro_ros_agent/package.sh'
[2.396s] INFO:colcon.colcon_core.shell:Creating package script '/home/ivan/Desktop/Unicamp/IvanUnicamp/Disciplinas/IM_420_Sistemas_Embarcados_de_Tempo_Real/Trabalho/microros_ros/banana/install/micro_ros_agent/share/micro_ros_agent/package.bash'
[2.396s] INFO:colcon.colcon_core.shell:Creating package script '/home/ivan/Desktop/Unicamp/IvanUnicamp/Disciplinas/IM_420_Sistemas_Embarcados_de_Tempo_Real/Trabalho/microros_ros/banana/install/micro_ros_agent/share/micro_ros_agent/package.zsh'
[2.397s] Level 1:colcon.colcon_core.environment:create_file_with_runtime_dependencies(/home/ivan/Desktop/Unicamp/IvanUnicamp/Disciplinas/IM_420_Sistemas_Embarcados_de_Tempo_Real/Trabalho/microros_ros/banana/install/micro_ros_agent/share/colcon-core/packages/micro_ros_agent)
[2.397s] DEBUG:colcon.colcon_parallel_executor.executor.parallel:closing loop
[2.397s] DEBUG:colcon.colcon_parallel_executor.executor.parallel:loop closed
[2.397s] DEBUG:colcon.colcon_parallel_executor.executor.parallel:run_until_complete finished with '0'
[2.397s] DEBUG:colcon.colcon_core.event_reactor:joining thread
[2.402s] INFO:colcon.colcon_core.plugin_system:Skipping extension 'colcon_notification.desktop_notification.terminal_notifier': Not used on non-Darwin systems
[2.402s] INFO:colcon.colcon_core.plugin_system:Skipping extension 'colcon_notification.desktop_notification.win32': Not used on non-Windows systems
[2.402s] INFO:colcon.colcon_notification.desktop_notification:Sending desktop notification using 'notify2'
[2.407s] DEBUG:colcon.colcon_core.event_reactor:joined thread
[2.408s] INFO:colcon.colcon_core.shell:Creating prefix script '/home/ivan/Desktop/Unicamp/IvanUnicamp/Disciplinas/IM_420_Sistemas_Embarcados_de_Tempo_Real/Trabalho/microros_ros/banana/install/local_setup.ps1'
[2.408s] INFO:colcon.colcon_core.shell:Creating prefix util module '/home/ivan/Desktop/Unicamp/IvanUnicamp/Disciplinas/IM_420_Sistemas_Embarcados_de_Tempo_Real/Trabalho/microros_ros/banana/install/_local_setup_util_ps1.py'
[2.410s] INFO:colcon.colcon_core.shell:Creating prefix chain script '/home/ivan/Desktop/Unicamp/IvanUnicamp/Disciplinas/IM_420_Sistemas_Embarcados_de_Tempo_Real/Trabalho/microros_ros/banana/install/setup.ps1'
[2.411s] INFO:colcon.colcon_core.shell:Creating prefix script '/home/ivan/Desktop/Unicamp/IvanUnicamp/Disciplinas/IM_420_Sistemas_Embarcados_de_Tempo_Real/Trabalho/microros_ros/banana/install/local_setup.sh'
[2.412s] INFO:colcon.colcon_core.shell:Creating prefix util module '/home/ivan/Desktop/Unicamp/IvanUnicamp/Disciplinas/IM_420_Sistemas_Embarcados_de_Tempo_Real/Trabalho/microros_ros/banana/install/_local_setup_util_sh.py'
[2.412s] INFO:colcon.colcon_core.shell:Creating prefix chain script '/home/ivan/Desktop/Unicamp/IvanUnicamp/Disciplinas/IM_420_Sistemas_Embarcados_de_Tempo_Real/Trabalho/microros_ros/banana/install/setup.sh'
[2.413s] INFO:colcon.colcon_core.shell:Creating prefix script '/home/ivan/Desktop/Unicamp/IvanUnicamp/Disciplinas/IM_420_Sistemas_Embarcados_de_Tempo_Real/Trabalho/microros_ros/banana/install/local_setup.bash'
[2.414s] INFO:colcon.colcon_core.shell:Creating prefix chain script '/home/ivan/Desktop/Unicamp/IvanUnicamp/Disciplinas/IM_420_Sistemas_Embarcados_de_Tempo_Real/Trabalho/microros_ros/banana/install/setup.bash'
[2.414s] INFO:colcon.colcon_core.shell:Creating prefix script '/home/ivan/Desktop/Unicamp/IvanUnicamp/Disciplinas/IM_420_Sistemas_Embarcados_de_Tempo_Real/Trabalho/microros_ros/banana/install/local_setup.zsh'
[2.415s] INFO:colcon.colcon_core.shell:Creating prefix chain script '/home/ivan/Desktop/Unicamp/IvanUnicamp/Disciplinas/IM_420_Sistemas_Embarcados_de_Tempo_Real/Trabalho/microros_ros/banana/install/setup.zsh'
