[0.012s] Invoking command in '/home/ivan/Desktop/Unicamp/IvanUnicamp/Disciplinas/IM_420_Sistemas_Embarcados_de_Tempo_Real/Trabalho/gazebo_ros/build/my_drone_package': CMAKE_PREFIX_PATH=${CMAKE_PREFIX_PATH}:/opt/ros/jazzy DEBUGINFOD_URLS=https://debuginfod.ubuntu.com /usr/bin/cmake --build /home/ivan/Desktop/Unicamp/IvanUnicamp/Disciplinas/IM_420_Sistemas_Embarcados_de_Tempo_Real/Trabalho/gazebo_ros/build/my_drone_package -- -j8 -l8
[0.058s] [ 50%] [32mBuilding CXX object CMakeFiles/my_drone_node.dir/src/my_drone_node.cpp.o[0m
[1.034s] [01m[K/home/ivan/Desktop/Unicamp/IvanUnicamp/Disciplinas/IM_420_Sistemas_Embarcados_de_Tempo_Real/Trabalho/gazebo_ros/src/my_drone_package/src/my_drone_node.cpp:27:25:[m[K [01;31m[Kerror: [m[K‘[01m[KIMU[m[K’ in namespace ‘[01m[Kgz::msgs[m[K’ does not name a type
[1.034s]    27 | void cb(const gz::msgs::[01;31m[KIMU[m[K &_msg)
[1.035s]       |                         [01;31m[K^~~[m[K
[1.035s] [01m[K/home/ivan/Desktop/Unicamp/IvanUnicamp/Disciplinas/IM_420_Sistemas_Embarcados_de_Tempo_Real/Trabalho/gazebo_ros/src/my_drone_package/src/my_drone_node.cpp:[m[K In function ‘[01m[Kvoid[01;32m[K cb[m[K(const int&)[m[K’:
[1.035s] [01m[K/home/ivan/Desktop/Unicamp/IvanUnicamp/Disciplinas/IM_420_Sistemas_Embarcados_de_Tempo_Real/Trabalho/gazebo_ros/src/my_drone_package/src/my_drone_node.cpp:27:30:[m[K [01;35m[Kwarning: [m[Kunused parameter ‘[01m[K_msg[m[K’ [[01;35m[K]8;;https://gcc.gnu.org/onlinedocs/gcc/Warning-Options.html#index-Wunused-parameter-Wunused-parameter]8;;[m[K]
[1.035s]    27 | void cb([01;35m[Kconst gz::msgs::IMU &_msg[m[K)
[1.035s]       |         [01;35m[K~~~~~~~~~~~~~~~~~~~~~^~~~[m[K
[1.251s] In file included from [01m[K/opt/ros/jazzy/opt/gz_transport_vendor/include/gz/transport13/gz/transport/NodeShared.hh:44[m[K,
[1.251s]                  from [01m[K/opt/ros/jazzy/opt/gz_transport_vendor/include/gz/transport13/gz/transport/Node.hh:33[m[K,
[1.251s]                  from [01m[K/home/ivan/Desktop/Unicamp/IvanUnicamp/Disciplinas/IM_420_Sistemas_Embarcados_de_Tempo_Real/Trabalho/gazebo_ros/src/my_drone_package/src/my_drone_node.cpp:1[m[K:
[1.251s] /opt/ros/jazzy/opt/gz_transport_vendor/include/gz/transport13/gz/transport/SubscriptionHandler.hh: In instantiation of ‘[01m[Kstd::string gz::transport::v13::SubscriptionHandler<T>::[01;32m[KTypeName[m[K() [35m[K[with T = int; std::string = std::__cxx11::basic_string<char>][m[K[m[K’:
[1.251s] [01m[K/opt/ros/jazzy/opt/gz_transport_vendor/include/gz/transport13/gz/transport/SubscriptionHandler.hh:189:27:[m[K   required from here
[1.251s] [01m[K/opt/ros/jazzy/opt/gz_transport_vendor/include/gz/transport13/gz/transport/SubscriptionHandler.hh:191:20:[m[K [01;31m[Kerror: [m[Krequest for member ‘[01m[KGetTypeName[m[K’ in ‘[01m[K0[m[K’, which is of non-class type ‘[01m[Kint[m[K’
[1.251s]   191 |         return [01;31m[KT().GetTypeName[m[K();
[1.251s]       |                [01;31m[K~~~~^~~~~~~~~~~[m[K
[1.252s] /opt/ros/jazzy/opt/gz_transport_vendor/include/gz/transport13/gz/transport/SubscriptionHandler.hh: In instantiation of ‘[01m[Kconst std::shared_ptr<google::protobuf::Message> gz::transport::v13::SubscriptionHandler<T>::[01;32m[KCreateMsg[m[K(const std::string&, const std::string&) const [35m[K[with T = int; std::string = std::__cxx11::basic_string<char>][m[K[m[K’:
[1.252s] [01m[K/opt/ros/jazzy/opt/gz_transport_vendor/include/gz/transport13/gz/transport/SubscriptionHandler.hh:171:47:[m[K   required from here
[1.252s] [01m[K/opt/ros/jazzy/opt/gz_transport_vendor/include/gz/transport13/gz/transport/SubscriptionHandler.hh:179:22:[m[K [01;31m[Kerror: [m[Krequest for member ‘[01m[KParseFromString[m[K’ in ‘[01m[K*((std::__shared_ptr_access<int, __gnu_cxx::_S_atomic, false, false>*)(& msgPtr))->std::__shared_ptr_access<int, __gnu_cxx::_S_atomic, false, false>::operator->()[m[K’, which is of non-class type ‘[01m[Kstd::__shared_ptr_access<int, __gnu_cxx::_S_atomic, false, false>::element_type[m[K’ {aka ‘[01m[Kint[m[K’}
[1.252s]   179 |         if (![01;31m[KmsgPtr->ParseFromString[m[K(_data))
[1.252s]       |              [01;31m[K~~~~~~~~^~~~~~~~~~~~~~~[m[K
[1.252s] [01m[K/opt/ros/jazzy/opt/gz_transport_vendor/include/gz/transport13/gz/transport/SubscriptionHandler.hh:185:16:[m[K [01;31m[Kerror: [m[Kcould not convert ‘[01m[KmsgPtr[m[K’ from ‘[01m[Kshared_ptr<[01;32m[Kint[m[K>[m[K’ to ‘[01m[Kshared_ptr<[01;32m[Kgoogle::protobuf::Message[m[K>[m[K’
[1.252s]   185 |         return [01;31m[KmsgPtr[m[K;
[1.252s]       |                [01;31m[K^~~~~~[m[K
[1.252s]       |                [01;31m[K|[m[K
[1.253s]       |                [01;31m[Kshared_ptr<int>[m[K
[1.253s] In file included from [01m[K/usr/include/google/protobuf/stubs/stringpiece.h:144[m[K,
[1.253s]                  from [01m[K/usr/include/google/protobuf/stubs/common.h:49[m[K,
[1.253s]                  from [01m[K/usr/include/google/protobuf/stubs/casts.h:34[m[K,
[1.253s]                  from [01m[K/usr/include/google/protobuf/message.h:119[m[K,
[1.253s]                  from [01m[K/opt/ros/jazzy/opt/gz_transport_vendor/include/gz/transport13/gz/transport/NodeShared.hh:25[m[K:
[1.253s] /usr/include/google/protobuf/stubs/casts.h: In instantiation of ‘[01m[KTo google::protobuf::internal::[01;32m[Kdown_cast[m[K(From*) [35m[K[with To = const int*; From = const google::protobuf::Message][m[K[m[K’:
[1.253s] [01m[K/opt/ros/jazzy/opt/gz_transport_vendor/include/gz/transport13/gz/transport/SubscriptionHandler.hh:220:60:[m[K   required from ‘[01m[Kbool gz::transport::v13::SubscriptionHandler<T>::[01;32m[KRunLocalCallback[m[K(const gz::transport::v13::ProtoMsg&, const gz::transport::v13::MessageInfo&) [35m[K[with T = int; gz::transport::v13::ProtoMsg = google::protobuf::Message][m[K[m[K’
[1.253s] [01m[K/opt/ros/jazzy/opt/gz_transport_vendor/include/gz/transport13/gz/transport/SubscriptionHandler.hh:202:20:[m[K   required from here
[1.253s] [01m[K/usr/include/google/protobuf/stubs/casts.h:94:3:[m[K [01;31m[Kerror: [m[Kcannot ‘[01m[Kdynamic_cast[m[K’ ‘[01m[Kf[m[K’ (of type ‘[01m[Kconst class google::protobuf::Message*[m[K’) to type ‘[01m[Kconst int*[m[K’ (target is not pointer or reference to class)
[1.253s]    94 |   [01;31m[Kassert[m[K(f == nullptr || dynamic_cast<To>(f) != nullptr);  // RTTI: debug mode only!
[1.254s]       |   [01;31m[K^~~~~~[m[K
[1.254s] [01m[K/usr/include/google/protobuf/stubs/casts.h:96:10:[m[K [01;31m[Kerror: [m[Kinvalid ‘[01m[Kstatic_cast[m[K’ from type ‘[01m[Kconst google::protobuf::Message*[m[K’ to type ‘[01m[Kconst int*[m[K’
[1.254s]    96 |   return [01;31m[Kstatic_cast<To>(f)[m[K;
[1.254s]       |          [01;31m[K^~~~~~~~~~~~~~~~~~[m[K
[1.254s] /usr/include/google/protobuf/stubs/casts.h: In instantiation of ‘[01m[KTo google::protobuf::internal::[01;32m[Kimplicit_cast[m[K(const From&) [35m[K[with To = const google::protobuf::Message*; From = const int*][m[K[m[K’:
[1.254s] [01m[K/usr/include/google/protobuf/stubs/casts.h:90:29:[m[K   required from ‘[01m[KTo google::protobuf::internal::[01;32m[Kdown_cast[m[K(From*) [35m[K[with To = const int*; From = const google::protobuf::Message][m[K[m[K’
[1.254s] [01m[K/opt/ros/jazzy/opt/gz_transport_vendor/include/gz/transport13/gz/transport/SubscriptionHandler.hh:220:60:[m[K   required from ‘[01m[Kbool gz::transport::v13::SubscriptionHandler<T>::[01;32m[KRunLocalCallback[m[K(const gz::transport::v13::ProtoMsg&, const gz::transport::v13::MessageInfo&) [35m[K[with T = int; gz::transport::v13::ProtoMsg = google::protobuf::Message][m[K[m[K’
[1.254s] [01m[K/opt/ros/jazzy/opt/gz_transport_vendor/include/gz/transport13/gz/transport/SubscriptionHandler.hh:202:20:[m[K   required from here
[1.254s] [01m[K/usr/include/google/protobuf/stubs/casts.h:62:10:[m[K [01;31m[Kerror: [m[Kcannot convert ‘[01m[Kconst int* const[m[K’ to ‘[01m[Kconst google::protobuf::Message*[m[K’ in return
[1.254s]    62 |   return [01;31m[Kf[m[K;
[1.254s]       |          [01;31m[K^[m[K
[1.300s] gmake[2]: *** [CMakeFiles/my_drone_node.dir/build.make:76: CMakeFiles/my_drone_node.dir/src/my_drone_node.cpp.o] Error 1
[1.300s] gmake[1]: *** [CMakeFiles/Makefile2:137: CMakeFiles/my_drone_node.dir/all] Error 2
[1.301s] gmake: *** [Makefile:146: all] Error 2
[1.302s] Invoked command in '/home/ivan/Desktop/Unicamp/IvanUnicamp/Disciplinas/IM_420_Sistemas_Embarcados_de_Tempo_Real/Trabalho/gazebo_ros/build/my_drone_package' returned '2': CMAKE_PREFIX_PATH=${CMAKE_PREFIX_PATH}:/opt/ros/jazzy DEBUGINFOD_URLS=https://debuginfod.ubuntu.com /usr/bin/cmake --build /home/ivan/Desktop/Unicamp/IvanUnicamp/Disciplinas/IM_420_Sistemas_Embarcados_de_Tempo_Real/Trabalho/gazebo_ros/build/my_drone_package -- -j8 -l8
