[0.027s] Invoking command in '/home/ivan/Desktop/Unicamp/IvanUnicamp/Disciplinas/IM_420_Sistemas_Embarcados_de_Tempo_Real/Trabalho/gazebo_ros/build/my_drone_package': CMAKE_PREFIX_PATH=${CMAKE_PREFIX_PATH}:/opt/ros/jazzy DEBUGINFOD_URLS=https://debuginfod.ubuntu.com /usr/bin/cmake --build /home/ivan/Desktop/Unicamp/IvanUnicamp/Disciplinas/IM_420_Sistemas_Embarcados_de_Tempo_Real/Trabalho/gazebo_ros/build/my_drone_package -- -j8 -l8
[0.154s] [ 50%] [32mBuilding CXX object CMakeFiles/my_drone_node.dir/src/my_drone_node.cpp.o[0m
[2.909s] [100%] [32m[1mLinking CXX executable my_drone_node[0m
[3.309s] [100%] Built target my_drone_node
[3.344s] Invoked command in '/home/ivan/Desktop/Unicamp/IvanUnicamp/Disciplinas/IM_420_Sistemas_Embarcados_de_Tempo_Real/Trabalho/gazebo_ros/build/my_drone_package' returned '0': CMAKE_PREFIX_PATH=${CMAKE_PREFIX_PATH}:/opt/ros/jazzy DEBUGINFOD_URLS=https://debuginfod.ubuntu.com /usr/bin/cmake --build /home/ivan/Desktop/Unicamp/IvanUnicamp/Disciplinas/IM_420_Sistemas_Embarcados_de_Tempo_Real/Trabalho/gazebo_ros/build/my_drone_package -- -j8 -l8
[3.439s] Invoking command in '/home/ivan/Desktop/Unicamp/IvanUnicamp/Disciplinas/IM_420_Sistemas_Embarcados_de_Tempo_Real/Trabalho/gazebo_ros/build/my_drone_package': CMAKE_PREFIX_PATH=${CMAKE_PREFIX_PATH}:/opt/ros/jazzy DEBUGINFOD_URLS=https://debuginfod.ubuntu.com /usr/bin/cmake --install /home/ivan/Desktop/Unicamp/IvanUnicamp/Disciplinas/IM_420_Sistemas_Embarcados_de_Tempo_Real/Trabalho/gazebo_ros/build/my_drone_package
[3.456s] -- Install configuration: ""
[3.457s] -- Installing: /home/ivan/Desktop/Unicamp/IvanUnicamp/Disciplinas/IM_420_Sistemas_Embarcados_de_Tempo_Real/Trabalho/gazebo_ros/install/my_drone_package/lib/my_drone_package/my_drone_node
[3.457s] -- Set non-toolchain portion of runtime path of "/home/ivan/Desktop/Unicamp/IvanUnicamp/Disciplinas/IM_420_Sistemas_Embarcados_de_Tempo_Real/Trabalho/gazebo_ros/install/my_drone_package/lib/my_drone_package/my_drone_node" to ""
[3.457s] -- Up-to-date: /home/ivan/Desktop/Unicamp/IvanUnicamp/Disciplinas/IM_420_Sistemas_Embarcados_de_Tempo_Real/Trabalho/gazebo_ros/install/my_drone_package/share/ament_index/resource_index/package_run_dependencies/my_drone_package
[3.458s] -- Up-to-date: /home/ivan/Desktop/Unicamp/IvanUnicamp/Disciplinas/IM_420_Sistemas_Embarcados_de_Tempo_Real/Trabalho/gazebo_ros/install/my_drone_package/share/ament_index/resource_index/parent_prefix_path/my_drone_package
[3.458s] -- Up-to-date: /home/ivan/Desktop/Unicamp/IvanUnicamp/Disciplinas/IM_420_Sistemas_Embarcados_de_Tempo_Real/Trabalho/gazebo_ros/install/my_drone_package/share/my_drone_package/environment/ament_prefix_path.sh
[3.459s] -- Up-to-date: /home/ivan/Desktop/Unicamp/IvanUnicamp/Disciplinas/IM_420_Sistemas_Embarcados_de_Tempo_Real/Trabalho/gazebo_ros/install/my_drone_package/share/my_drone_package/environment/ament_prefix_path.dsv
[3.459s] -- Up-to-date: /home/ivan/Desktop/Unicamp/IvanUnicamp/Disciplinas/IM_420_Sistemas_Embarcados_de_Tempo_Real/Trabalho/gazebo_ros/install/my_drone_package/share/my_drone_package/environment/path.sh
[3.459s] -- Up-to-date: /home/ivan/Desktop/Unicamp/IvanUnicamp/Disciplinas/IM_420_Sistemas_Embarcados_de_Tempo_Real/Trabalho/gazebo_ros/install/my_drone_package/share/my_drone_package/environment/path.dsv
[3.460s] -- Up-to-date: /home/ivan/Desktop/Unicamp/IvanUnicamp/Disciplinas/IM_420_Sistemas_Embarcados_de_Tempo_Real/Trabalho/gazebo_ros/install/my_drone_package/share/my_drone_package/local_setup.bash
[3.460s] -- Up-to-date: /home/ivan/Desktop/Unicamp/IvanUnicamp/Disciplinas/IM_420_Sistemas_Embarcados_de_Tempo_Real/Trabalho/gazebo_ros/install/my_drone_package/share/my_drone_package/local_setup.sh
[3.460s] -- Up-to-date: /home/ivan/Desktop/Unicamp/IvanUnicamp/Disciplinas/IM_420_Sistemas_Embarcados_de_Tempo_Real/Trabalho/gazebo_ros/install/my_drone_package/share/my_drone_package/local_setup.zsh
[3.460s] -- Up-to-date: /home/ivan/Desktop/Unicamp/IvanUnicamp/Disciplinas/IM_420_Sistemas_Embarcados_de_Tempo_Real/Trabalho/gazebo_ros/install/my_drone_package/share/my_drone_package/local_setup.dsv
[3.460s] -- Installing: /home/ivan/Desktop/Unicamp/IvanUnicamp/Disciplinas/IM_420_Sistemas_Embarcados_de_Tempo_Real/Trabalho/gazebo_ros/install/my_drone_package/share/my_drone_package/package.dsv
[3.460s] -- Up-to-date: /home/ivan/Desktop/Unicamp/IvanUnicamp/Disciplinas/IM_420_Sistemas_Embarcados_de_Tempo_Real/Trabalho/gazebo_ros/install/my_drone_package/share/ament_index/resource_index/packages/my_drone_package
[3.460s] -- Up-to-date: /home/ivan/Desktop/Unicamp/IvanUnicamp/Disciplinas/IM_420_Sistemas_Embarcados_de_Tempo_Real/Trabalho/gazebo_ros/install/my_drone_package/share/my_drone_package/cmake/my_drone_packageConfig.cmake
[3.461s] -- Up-to-date: /home/ivan/Desktop/Unicamp/IvanUnicamp/Disciplinas/IM_420_Sistemas_Embarcados_de_Tempo_Real/Trabalho/gazebo_ros/install/my_drone_package/share/my_drone_package/cmake/my_drone_packageConfig-version.cmake
[3.461s] -- Up-to-date: /home/ivan/Desktop/Unicamp/IvanUnicamp/Disciplinas/IM_420_Sistemas_Embarcados_de_Tempo_Real/Trabalho/gazebo_ros/install/my_drone_package/share/my_drone_package/package.xml
[3.465s] Invoked command in '/home/ivan/Desktop/Unicamp/IvanUnicamp/Disciplinas/IM_420_Sistemas_Embarcados_de_Tempo_Real/Trabalho/gazebo_ros/build/my_drone_package' returned '0': CMAKE_PREFIX_PATH=${CMAKE_PREFIX_PATH}:/opt/ros/jazzy DEBUGINFOD_URLS=https://debuginfod.ubuntu.com /usr/bin/cmake --install /home/ivan/Desktop/Unicamp/IvanUnicamp/Disciplinas/IM_420_Sistemas_Embarcados_de_Tempo_Real/Trabalho/gazebo_ros/build/my_drone_package
