-- Found ament_cmake: 2.5.2 (/opt/ros/jazzy/share/ament_cmake/cmake)
-- Found Python3: /usr/bin/python3 (found version "3.12.3") found components: Interpreter 
-- Found rosidl_default_generators: 1.6.0 (/opt/ros/jazzy/share/rosidl_default_generators/cmake)
-- Using all available rosidl_typesupport_c: rosidl_typesupport_fastrtps_c;rosidl_typesupport_introspection_c
-- Using all available rosidl_typesupport_cpp: rosidl_typesupport_fastrtps_cpp;rosidl_typesupport_introspection_cpp
-- Found rosidl_adapter: 4.6.4 (/opt/ros/jazzy/share/rosidl_adapter/cmake)
-- Found ament_lint_auto: 0.17.1 (/opt/ros/jazzy/share/ament_lint_auto/cmake)
-- Found ament_cmake_ros: 0.12.0 (/opt/ros/jazzy/share/ament_cmake_ros/cmake)
-- Using all available rosidl_typesupport_c: rosidl_typesupport_fastrtps_c;rosidl_typesupport_introspection_c
-- Using all available rosidl_typesupport_cpp: rosidl_typesupport_fastrtps_cpp;rosidl_typesupport_introspection_cpp
-- Found python_cmake_module: 0.11.1 (/opt/ros/jazzy/share/python_cmake_module/cmake)
-- Found Python3: /usr/bin/python3 (found version "3.12.3") found components: Interpreter Development NumPy Development.Module Development.Embed 
-- Added test 'copyright' to check source files copyright and LICENSE
-- Added test 'lint_cmake' to check CMake code style
-- Added test 'xmllint' to check XML markup files
-- Configuring done (0.8s)
-- Generating done (0.0s)
-- Build files have been written to: /home/ivan/Desktop/Unicamp/IvanUnicamp/Disciplinas/IM_420_Sistemas_Embarcados_de_Tempo_Real/Trabalho/microros_ros/banana/build/micro_ros_msgs
[  1%] Built target micro_ros_msgs__rosidl_generator_type_description
[  1%] Built target ament_cmake_python_copy_micro_ros_msgs
[  3%] Built target micro_ros_msgs__cpp
[ 24%] Built target micro_ros_msgs__rosidl_generator_c
[ 33%] Built target micro_ros_msgs__rosidl_typesupport_c
[ 42%] Built target micro_ros_msgs__rosidl_typesupport_introspection_c
[ 61%] Built target micro_ros_msgs__rosidl_typesupport_fastrtps_c
[ 61%] Built target micro_ros_msgs__rosidl_typesupport_introspection_cpp
[ 70%] Built target micro_ros_msgs__rosidl_typesupport_cpp
[ 79%] Built target micro_ros_msgs__rosidl_typesupport_fastrtps_cpp
[ 79%] Built target micro_ros_msgs
[ 81%] Built target micro_ros_msgs__py
[ 88%] Built target micro_ros_msgs__rosidl_generator_py
[100%] Built target micro_ros_msgs_s__rosidl_typesupport_fastrtps_c
[100%] Built target micro_ros_msgs_s__rosidl_typesupport_introspection_c
[100%] Built target micro_ros_msgs_s__rosidl_typesupport_c
Traceback (most recent call last):
  File "/home/ivan/Desktop/Unicamp/IvanUnicamp/Disciplinas/IM_420_Sistemas_Embarcados_de_Tempo_Real/Trabalho/microros_ros/banana/build/micro_ros_msgs/ament_cmake_python/micro_ros_msgs/setup.py", line 4, in <module>
    setup(
  File "/usr/lib/python3/dist-packages/setuptools/__init__.py", line 107, in setup
    return distutils.core.setup(**attrs)
           ^^^^^^^^^^^^^^^^^^^^^^^^^^^^^
  File "/usr/lib/python3/dist-packages/setuptools/_distutils/core.py", line 147, in setup
    _setup_distribution = dist = klass(attrs)
                                 ^^^^^^^^^^^^
  File "/usr/lib/python3/dist-packages/setuptools/dist.py", line 485, in __init__
    _Distribution.__init__(
  File "/usr/lib/python3/dist-packages/setuptools/_distutils/dist.py", line 283, in __init__
    self.finalize_options()
  File "/usr/lib/python3/dist-packages/setuptools/dist.py", line 926, in finalize_options
    ep(self)
  File "/usr/lib/python3/dist-packages/setuptools/dist.py", line 943, in _finalize_setup_keywords
    for ep in metadata.entry_points(group='distutils.setup_keywords'):
              ^^^^^^^^^^^^^^^^^^^^^^^^^^^^^^^^^^^^^^^^^^^^^^^^^^^^^^^
  File "/usr/lib/python3.12/importlib/metadata/__init__.py", line 913, in entry_points
    return EntryPoints(eps).select(**params)
           ^^^^^^^^^^^^^^^^
  File "/usr/lib/python3.12/importlib/metadata/__init__.py", line 911, in <genexpr>
    dist.entry_points for dist in _unique(distributions())
    ^^^^^^^^^^^^^^^^^
  File "/usr/lib/python3.12/importlib/metadata/__init__.py", line 471, in entry_points
    return EntryPoints._from_text_for(self.read_text('entry_points.txt'), self)
                                      ^^^^^^^^^^^^^^^^^^^^^^^^^^^^^^^^^^
  File "/usr/lib/python3.12/importlib/metadata/__init__.py", line 819, in read_text
    return self._path.joinpath(filename).read_text(encoding='utf-8')
           ^^^^^^^^^^^^^^^^^^^^^^^^^^^^^^^^^^^^^^^^^^^^^^^^^^^^^^^^^
  File "/usr/lib/python3.12/pathlib.py", line 1030, in read_text
    return f.read()
           ^^^^^^^^
  File "<frozen codecs>", line 319, in decode
KeyboardInterrupt
gmake[2]: *** [CMakeFiles/ament_cmake_python_build_micro_ros_msgs_egg.dir/build.make:70: CMakeFiles/ament_cmake_python_build_micro_ros_msgs_egg] Interrupt
gmake[1]: *** [CMakeFiles/Makefile2:478: CMakeFiles/ament_cmake_python_build_micro_ros_msgs_egg.dir/all] Interrupt
gmake: *** [Makefile:146: all] Interrupt
