Not searching for unused variables given on the command line.
-- Found ament_cmake: 2.5.2 (/opt/ros/jazzy/share/ament_cmake/cmake)
-- Found Python3: /usr/bin/python3 (found version "3.12.3") found components: Interpreter 
-- Found rosidl_default_generators: 1.6.0 (/opt/ros/jazzy/share/rosidl_default_generators/cmake)
-- Using all available rosidl_typesupport_c: rosidl_typesupport_fastrtps_c;rosidl_typesupport_introspection_c
-- Using all available rosidl_typesupport_cpp: rosidl_typesupport_fastrtps_cpp;rosidl_typesupport_introspection_cpp
-- Found rosidl_adapter: 4.6.4 (/opt/ros/jazzy/share/rosidl_adapter/cmake)
-- Found ament_lint_auto: 0.17.1 (/opt/ros/jazzy/share/ament_lint_auto/cmake)
-- Found ament_cmake_ros: 0.12.0 (/opt/ros/jazzy/share/ament_cmake_ros/cmake)
-- Using all available rosidl_typesupport_c: rosidl_typesupport_fastrtps_c;rosidl_typesupport_introspection_c
-- Using all available rosidl_typesupport_cpp: rosidl_typesupport_fastrtps_cpp;rosidl_typesupport_introspection_cpp
-- Found python_cmake_module: 0.11.1 (/opt/ros/jazzy/share/python_cmake_module/cmake)
-- Found Python3: /usr/bin/python3 (found version "3.12.3") found components: Interpreter Development NumPy Development.Module Development.Embed 
-- Added test 'copyright' to check source files copyright and LICENSE
-- Added test 'lint_cmake' to check CMake code style
-- Added test 'xmllint' to check XML markup files
-- Configuring done (0.8s)
-- Generating done (0.0s)
-- Build files have been written to: /home/ivan/Desktop/Unicamp/IvanUnicamp/Disciplinas/IM_420_Sistemas_Embarcados_de_Tempo_Real/Trabalho/microros_ros/banana/build/micro_ros_msgs
[  1%] Built target micro_ros_msgs__rosidl_generator_type_description
[  1%] Built target ament_cmake_python_copy_micro_ros_msgs
[  3%] Built target micro_ros_msgs__cpp
[ 24%] Built target micro_ros_msgs__rosidl_generator_c
[ 33%] Built target micro_ros_msgs__rosidl_typesupport_introspection_c
[ 42%] Built target micro_ros_msgs__rosidl_typesupport_cpp
[ 51%] Built target micro_ros_msgs__rosidl_typesupport_fastrtps_cpp
[ 61%] Built target micro_ros_msgs__rosidl_typesupport_c
[ 70%] Built target micro_ros_msgs__rosidl_typesupport_introspection_cpp
[ 79%] Built target micro_ros_msgs__rosidl_typesupport_fastrtps_c
[ 79%] Built target micro_ros_msgs
[ 81%] Built target micro_ros_msgs__py
[ 88%] Built target micro_ros_msgs__rosidl_generator_py
[ 92%] Built target micro_ros_msgs_s__rosidl_typesupport_fastrtps_c
[ 96%] Built target micro_ros_msgs_s__rosidl_typesupport_c
[100%] Built target micro_ros_msgs_s__rosidl_typesupport_introspection_c
running egg_info
writing micro_ros_msgs.egg-info/PKG-INFO
writing dependency_links to micro_ros_msgs.egg-info/dependency_links.txt
writing top-level names to micro_ros_msgs.egg-info/top_level.txt
interrupted
gmake[2]: *** [CMakeFiles/ament_cmake_python_build_micro_ros_msgs_egg.dir/build.make:70: CMakeFiles/ament_cmake_python_build_micro_ros_msgs_egg] Interrupt
gmake[1]: *** [CMakeFiles/Makefile2:478: CMakeFiles/ament_cmake_python_build_micro_ros_msgs_egg.dir/all] Interrupt
gmake: *** [Makefile:146: all] Interrupt
