-- Found ament_cmake: 2.5.2 (/opt/ros/jazzy/share/ament_cmake/cmake)
-- Configuring done (0.9s)
-- Generating done (0.0s)
-- Build files have been written to: /home/ivan/Desktop/Unicamp/IvanUnicamp/Disciplinas/IM_420_Sistemas_Embarcados_de_Tempo_Real/Trabalho/gazebo_ros/build/my_drone_package
[ 50%] [32mBuilding CXX object CMakeFiles/my_drone_node.dir/src/my_drone_node.cpp.o[0m
[100%] [32m[1mLinking CXX executable my_drone_node[0m
[100%] Built target my_drone_node
-- Install configuration: ""
-- Installing: /home/ivan/Desktop/Unicamp/IvanUnicamp/Disciplinas/IM_420_Sistemas_Embarcados_de_Tempo_Real/Trabalho/gazebo_ros/install/my_drone_package/lib/my_drone_package/my_drone_node
-- Set non-toolchain portion of runtime path of "/home/ivan/Desktop/Unicamp/IvanUnicamp/Disciplinas/IM_420_Sistemas_Embarcados_de_Tempo_Real/Trabalho/gazebo_ros/install/my_drone_package/lib/my_drone_package/my_drone_node" to ""
-- Installing: /home/ivan/Desktop/Unicamp/IvanUnicamp/Disciplinas/IM_420_Sistemas_Embarcados_de_Tempo_Real/Trabalho/gazebo_ros/install/my_drone_package/share/ament_index/resource_index/package_run_dependencies/my_drone_package
-- Installing: /home/ivan/Desktop/Unicamp/IvanUnicamp/Disciplinas/IM_420_Sistemas_Embarcados_de_Tempo_Real/Trabalho/gazebo_ros/install/my_drone_package/share/ament_index/resource_index/parent_prefix_path/my_drone_package
-- Installing: /home/ivan/Desktop/Unicamp/IvanUnicamp/Disciplinas/IM_420_Sistemas_Embarcados_de_Tempo_Real/Trabalho/gazebo_ros/install/my_drone_package/share/my_drone_package/environment/ament_prefix_path.sh
-- Installing: /home/ivan/Desktop/Unicamp/IvanUnicamp/Disciplinas/IM_420_Sistemas_Embarcados_de_Tempo_Real/Trabalho/gazebo_ros/install/my_drone_package/share/my_drone_package/environment/ament_prefix_path.dsv
-- Installing: /home/ivan/Desktop/Unicamp/IvanUnicamp/Disciplinas/IM_420_Sistemas_Embarcados_de_Tempo_Real/Trabalho/gazebo_ros/install/my_drone_package/share/my_drone_package/environment/path.sh
-- Installing: /home/ivan/Desktop/Unicamp/IvanUnicamp/Disciplinas/IM_420_Sistemas_Embarcados_de_Tempo_Real/Trabalho/gazebo_ros/install/my_drone_package/share/my_drone_package/environment/path.dsv
-- Installing: /home/ivan/Desktop/Unicamp/IvanUnicamp/Disciplinas/IM_420_Sistemas_Embarcados_de_Tempo_Real/Trabalho/gazebo_ros/install/my_drone_package/share/my_drone_package/local_setup.bash
-- Installing: /home/ivan/Desktop/Unicamp/IvanUnicamp/Disciplinas/IM_420_Sistemas_Embarcados_de_Tempo_Real/Trabalho/gazebo_ros/install/my_drone_package/share/my_drone_package/local_setup.sh
-- Installing: /home/ivan/Desktop/Unicamp/IvanUnicamp/Disciplinas/IM_420_Sistemas_Embarcados_de_Tempo_Real/Trabalho/gazebo_ros/install/my_drone_package/share/my_drone_package/local_setup.zsh
-- Installing: /home/ivan/Desktop/Unicamp/IvanUnicamp/Disciplinas/IM_420_Sistemas_Embarcados_de_Tempo_Real/Trabalho/gazebo_ros/install/my_drone_package/share/my_drone_package/local_setup.dsv
-- Installing: /home/ivan/Desktop/Unicamp/IvanUnicamp/Disciplinas/IM_420_Sistemas_Embarcados_de_Tempo_Real/Trabalho/gazebo_ros/install/my_drone_package/share/my_drone_package/package.dsv
-- Installing: /home/ivan/Desktop/Unicamp/IvanUnicamp/Disciplinas/IM_420_Sistemas_Embarcados_de_Tempo_Real/Trabalho/gazebo_ros/install/my_drone_package/share/ament_index/resource_index/packages/my_drone_package
-- Installing: /home/ivan/Desktop/Unicamp/IvanUnicamp/Disciplinas/IM_420_Sistemas_Embarcados_de_Tempo_Real/Trabalho/gazebo_ros/install/my_drone_package/share/my_drone_package/cmake/my_drone_packageConfig.cmake
-- Installing: /home/ivan/Desktop/Unicamp/IvanUnicamp/Disciplinas/IM_420_Sistemas_Embarcados_de_Tempo_Real/Trabalho/gazebo_ros/install/my_drone_package/share/my_drone_package/cmake/my_drone_packageConfig-version.cmake
-- Installing: /home/ivan/Desktop/Unicamp/IvanUnicamp/Disciplinas/IM_420_Sistemas_Embarcados_de_Tempo_Real/Trabalho/gazebo_ros/install/my_drone_package/share/my_drone_package/package.xml
