[0.016s] Invoking command in '/home/ivan/Desktop/Unicamp/IvanUnicamp/Disciplinas/IM_420_Sistemas_Embarcados_de_Tempo_Real/Trabalho/microros_ros/microros_ws/build/micro_ros_msgs': CMAKE_PREFIX_PATH=${CMAKE_PREFIX_PATH}:/opt/ros/jazzy DEBUGINFOD_URLS=https://debuginfod.ubuntu.com /usr/bin/cmake /home/ivan/Desktop/Unicamp/IvanUnicamp/Disciplinas/IM_420_Sistemas_Embarcados_de_Tempo_Real/Trabalho/microros_ros/microros_ws/src/uros/micro_ros_msgs -DCMAKE_INSTALL_PREFIX=/home/ivan/Desktop/Unicamp/IvanUnicamp/Disciplinas/IM_420_Sistemas_Embarcados_de_Tempo_Real/Trabalho/microros_ros/microros_ws/install/micro_ros_msgs
[0.027s] -- Found ament_cmake: 2.5.2 (/opt/ros/jazzy/share/ament_cmake/cmake)
[0.049s] -- Found Python3: /usr/bin/python3 (found version "3.12.3") found components: Interpreter 
[0.141s] -- Found rosidl_default_generators: 1.6.0 (/opt/ros/jazzy/share/rosidl_default_generators/cmake)
[0.142s] -- Using all available rosidl_typesupport_c: rosidl_typesupport_fastrtps_c;rosidl_typesupport_introspection_c
[0.174s] -- Using all available rosidl_typesupport_cpp: rosidl_typesupport_fastrtps_cpp;rosidl_typesupport_introspection_cpp
[0.197s] -- Found rosidl_adapter: 4.6.4 (/opt/ros/jazzy/share/rosidl_adapter/cmake)
[0.198s] -- Found ament_lint_auto: 0.17.1 (/opt/ros/jazzy/share/ament_lint_auto/cmake)
[0.403s] -- Found ament_cmake_ros: 0.12.0 (/opt/ros/jazzy/share/ament_cmake_ros/cmake)
[0.474s] -- Using all available rosidl_typesupport_c: rosidl_typesupport_fastrtps_c;rosidl_typesupport_introspection_c
[0.568s] -- Using all available rosidl_typesupport_cpp: rosidl_typesupport_fastrtps_cpp;rosidl_typesupport_introspection_cpp
[0.569s] -- Found python_cmake_module: 0.11.1 (/opt/ros/jazzy/share/python_cmake_module/cmake)
[0.888s] -- Found Python3: /usr/bin/python3 (found version "3.12.3") found components: Interpreter Development NumPy Development.Module Development.Embed 
[0.895s] -- Added test 'copyright' to check source files copyright and LICENSE
[0.901s] -- Added test 'lint_cmake' to check CMake code style
[0.904s] -- Added test 'xmllint' to check XML markup files
[0.908s] -- Configuring done (0.9s)
[0.937s] -- Generating done (0.0s)
[0.939s] -- Build files have been written to: /home/ivan/Desktop/Unicamp/IvanUnicamp/Disciplinas/IM_420_Sistemas_Embarcados_de_Tempo_Real/Trabalho/microros_ros/microros_ws/build/micro_ros_msgs
[0.945s] Invoked command in '/home/ivan/Desktop/Unicamp/IvanUnicamp/Disciplinas/IM_420_Sistemas_Embarcados_de_Tempo_Real/Trabalho/microros_ros/microros_ws/build/micro_ros_msgs' returned '0': CMAKE_PREFIX_PATH=${CMAKE_PREFIX_PATH}:/opt/ros/jazzy DEBUGINFOD_URLS=https://debuginfod.ubuntu.com /usr/bin/cmake /home/ivan/Desktop/Unicamp/IvanUnicamp/Disciplinas/IM_420_Sistemas_Embarcados_de_Tempo_Real/Trabalho/microros_ros/microros_ws/src/uros/micro_ros_msgs -DCMAKE_INSTALL_PREFIX=/home/ivan/Desktop/Unicamp/IvanUnicamp/Disciplinas/IM_420_Sistemas_Embarcados_de_Tempo_Real/Trabalho/microros_ros/microros_ws/install/micro_ros_msgs
[0.946s] Invoking command in '/home/ivan/Desktop/Unicamp/IvanUnicamp/Disciplinas/IM_420_Sistemas_Embarcados_de_Tempo_Real/Trabalho/microros_ros/microros_ws/build/micro_ros_msgs': CMAKE_PREFIX_PATH=${CMAKE_PREFIX_PATH}:/opt/ros/jazzy DEBUGINFOD_URLS=https://debuginfod.ubuntu.com /usr/bin/cmake --build /home/ivan/Desktop/Unicamp/IvanUnicamp/Disciplinas/IM_420_Sistemas_Embarcados_de_Tempo_Real/Trabalho/microros_ros/microros_ws/build/micro_ros_msgs -- -j8 -l8
[0.983s] [  1%] Built target micro_ros_msgs__rosidl_generator_type_description
[0.990s] [  1%] Built target ament_cmake_python_copy_micro_ros_msgs
[0.998s] [  3%] Built target micro_ros_msgs__cpp
[1.001s] [ 24%] Built target micro_ros_msgs__rosidl_generator_c
[1.031s] [ 42%] Built target micro_ros_msgs__rosidl_typesupport_introspection_c
[1.031s] [ 42%] Built target micro_ros_msgs__rosidl_typesupport_fastrtps_c
[1.036s] [ 51%] Built target micro_ros_msgs__rosidl_typesupport_fastrtps_cpp
[1.038s] [ 61%] Built target micro_ros_msgs__rosidl_typesupport_c
[1.039s] [ 70%] Built target micro_ros_msgs__rosidl_typesupport_introspection_cpp
[1.040s] [ 79%] Built target micro_ros_msgs__rosidl_typesupport_cpp
[1.059s] [ 79%] Built target micro_ros_msgs
[1.075s] [ 81%] Built target micro_ros_msgs__py
[1.085s] Traceback (most recent call last):
[1.085s]   File "/home/ivan/Desktop/Unicamp/IvanUnicamp/Disciplinas/IM_420_Sistemas_Embarcados_de_Tempo_Real/Trabalho/microros_ros/microros_ws/build/micro_ros_msgs/ament_cmake_python/micro_ros_msgs/setup.py", line 1, in <module>
[1.085s]     from setuptools import find_packages
[1.085s]   File "/usr/lib/python3/dist-packages/setuptools/__init__.py", line 17, in <module>
[1.085s] gmake[2]: *** [CMakeFiles/micro_ros_msgs__rosidl_generator_py.dir/build.make:145: CMakeFiles/micro_ros_msgs__rosidl_generator_py.dir/depend] Interrupt
[1.085s] gmake[1]: *** [CMakeFiles/Makefile2:505: CMakeFiles/micro_ros_msgs__rosidl_generator_py.dir/all] Interrupt
[1.086s]     from setuptools.dist import Distribution
[1.086s]   File "/usr/lib/python3/dist-packages/setuptools/dist.py", line 37, in <module>
[1.086s]     from setuptools.config import setupcfg, pyprojecttoml
[1.086s]   File "/usr/lib/python3/dist-packages/setuptools/config/__init__.py", line 8, in <module>
[1.086s]     from . import setupcfg
[1.086s]   File "/usr/lib/python3/dist-packages/setuptools/config/setupcfg.py", line 33, in <module>
[1.086s]     from ..extern.packaging.markers import default_environment as marker_env
[1.086s]   File "/usr/lib/python3/dist-packages/setuptools/_vendor/packaging/markers.py", line 11, in <module>
[1.087s]     from ._parser import (
[1.087s]   File "/usr/lib/python3/dist-packages/setuptools/_vendor/packaging/_parser.py", line 10, in <module>
[1.087s]     from ._tokenizer import DEFAULT_RULES, Tokenizer
[1.087s]   File "/usr/lib/python3/dist-packages/setuptools/_vendor/packaging/_tokenizer.py", line 6, in <module>
[1.088s]     from .specifiers import Specifier
[1.088s]   File "/usr/lib/python3/dist-packages/setuptools/_vendor/packaging/specifiers.py", line 26, in <module>
[1.089s]     from .utils import canonicalize_version
[1.089s]   File "/usr/lib/python3/dist-packages/setuptools/_vendor/packaging/utils.py", line 9, in <module>
[1.089s]     from .version import InvalidVersion, Version
[1.089s]   File "/usr/lib/python3/dist-packages/setuptools/_vendor/packaging/version.py", line 157, in <module>
[1.089s]     class Version(_BaseVersion):
[1.089s]   File "/usr/lib/python3/dist-packages/setuptools/_vendor/packaging/version.py", line 181, in Version
[1.089s]     _regex = re.compile(r"^\s*" + VERSION_PATTERN + r"\s*$", re.VERBOSE | re.IGNORECASE)
[1.090s]              ^^^^^^^^^^^^^^^^^^^^^^^^^^^^^^^^^^^^^^^^^^^^^^^^^^^^^^^^^^^^^^^^^^^^^^^^^^^
[1.090s]   File "/usr/lib/python3.12/re/__init__.py", line 228, in compile
[1.090s]     return _compile(pattern, flags)
[1.090s]            ^^^^^^^^^^^^^^^^^^^^^^^^
[1.090s]   File "/usr/lib/python3.12/re/__init__.py", line 307, in _compile
[1.090s]     p = _compiler.compile(pattern, flags)
[1.091s]         ^^^^^^^^^^^^^^^^^^^^^^^^^^^^^^^^^
[1.091s]   File "/usr/lib/python3.12/re/_compiler.py", line 745, in compile
[1.091s]     p = _parser.parse(p, flags)
[1.091s]         ^^^^^^^^^^^^^^^^^^^^^^^
[1.091s]   File "/usr/lib/python3.12/re/_parser.py", line 979, in parse
[1.091s]     p = _parse_sub(source, state, flags & SRE_FLAG_VERBOSE, 0)
[1.091s]         ^^^^^^^^^^^^^^^^^^^^^^^^^^^^^^^^^^^^^^^^^^^^^^^^^^^^^^
[1.091s]   File "/usr/lib/python3.12/re/_parser.py", line 460, in _parse_sub
[1.091s]     itemsappend(_parse(source, state, verbose, nested + 1,
[1.091s]                 ^^^^^^^^^^^^^^^^^^^^^^^^^^^^^^^^^^^^^^^^^^
[1.091s]   File "/usr/lib/python3.12/re/_parser.py", line 878, in _parse
[1.092s]     subpatternappend((AT, AT_END))
[1.092s]   File "/usr/lib/python3.12/re/_parser.py", line 176, in append
[1.092s]     def append(self, code):
[1.092s] 
[1.092s] KeyboardInterrupt
[1.103s] gmake[2]: *** [CMakeFiles/ament_cmake_python_build_micro_ros_msgs_egg.dir/build.make:70: CMakeFiles/ament_cmake_python_build_micro_ros_msgs_egg] Interrupt
[1.103s] gmake[1]: *** [CMakeFiles/Makefile2:478: CMakeFiles/ament_cmake_python_build_micro_ros_msgs_egg.dir/all] Interrupt
[1.103s] gmake: *** [Makefile:146: all] Interrupt
[1.104s] Invoked command in '/home/ivan/Desktop/Unicamp/IvanUnicamp/Disciplinas/IM_420_Sistemas_Embarcados_de_Tempo_Real/Trabalho/microros_ros/microros_ws/build/micro_ros_msgs' returned '-2': CMAKE_PREFIX_PATH=${CMAKE_PREFIX_PATH}:/opt/ros/jazzy DEBUGINFOD_URLS=https://debuginfod.ubuntu.com /usr/bin/cmake --build /home/ivan/Desktop/Unicamp/IvanUnicamp/Disciplinas/IM_420_Sistemas_Embarcados_de_Tempo_Real/Trabalho/microros_ros/microros_ws/build/micro_ros_msgs -- -j8 -l8
