2024-11-05 11:47:14,019 [INFO] Activator:176 - 


2024-11-05 11:47:14,021 [INFO] Activator:177 - !SESSION log4j initialized
2024-11-05 11:47:15,929 [INFO] LogOutputStream:77 - [STDOUT_REDIRECT] 
2024-11-05 11:47:18,121 [INFO] ApplicationProperties:184 - Using Application install path: /home/ivan/st/stm32cubeide_1.16.0/plugins/com.st.stm32cube.common.mx_6.12.1.202409122256
2024-11-05 11:47:18,138 [INFO] DbMcusXml:78 - Set database path to: /home/ivan/st/stm32cubeide_1.16.0/plugins/com.st.stm32cube.common.mx_6.12.1.202409122256//db//mcu/
2024-11-05 11:47:18,138 [INFO] ApiDb:274 - Set plugin database path to: /home/ivan/st/stm32cubeide_1.16.0/plugins/com.st.stm32cube.common.mx_6.12.1.202409122256//db//plugins/boardmanager/
2024-11-05 11:47:18,138 [WARN] ApiDb:259 - Overriding images path with different value:  => /home/ivan/st/stm32cubeide_1.16.0/plugins/com.st.stm32cube.common.mx_6.12.1.202409122256//db//plugins/mcufinder/images/
2024-11-05 11:47:18,142 [INFO] ApiDb:250 - Set database path to: /home/ivan/.stmcufinder/plugins/mcufinder//mcu/
2024-11-05 11:47:18,143 [INFO] DbMcusAds:125 - Set database path to: /home/ivan/.stmcufinder/plugins/mcufinder//mcu/
2024-11-05 11:47:18,145 [INFO] CrossReferenceDbSqlite:203 - Set database path to: /home/ivan/.stmcufinder/plugins/mcufinder//mcu/cs/
2024-11-05 11:47:18,256 [INFO] RulesReader:64 - Compatibility file has been processed (297 Rules)
2024-11-05 11:47:18,312 [INFO] DbMcusXml:78 - Set database path to: /home/ivan/st/stm32cubeide_1.16.0/plugins/com.st.stm32cube.common.mx_6.12.1.202409122256//db//mcu/
2024-11-05 11:47:18,313 [INFO] ApiDb:274 - Set plugin database path to: /home/ivan/st/stm32cubeide_1.16.0/plugins/com.st.stm32cube.common.mx_6.12.1.202409122256//db//plugins/boardmanager/
2024-11-05 11:47:18,313 [INFO] ApiDb:261 - Set plugin images path to: /home/ivan/st/stm32cubeide_1.16.0/plugins/com.st.stm32cube.common.mx_6.12.1.202409122256//db//plugins/mcufinder/images/
2024-11-05 11:47:18,314 [WARN] DbFile:41 - Overriding database path with different value: /home/ivan/.stmcufinder/plugins/mcufinder/ => /home/ivan/.stmcufinder/plugins/mcufinder
2024-11-05 11:47:18,314 [INFO] ApiDb:250 - Set database path to: /home/ivan/.stmcufinder/plugins/mcufinder//mcu/
2024-11-05 11:47:18,314 [WARN] DbFile:41 - Overriding database path with different value: /home/ivan/.stmcufinder/plugins/mcufinder/ => /home/ivan/.stmcufinder/plugins/mcufinder
2024-11-05 11:47:18,314 [INFO] DbMcusAds:125 - Set database path to: /home/ivan/.stmcufinder/plugins/mcufinder//mcu/
2024-11-05 11:47:18,314 [WARN] DbFile:41 - Overriding database path with different value: /home/ivan/.stmcufinder/plugins/mcufinder/ => /home/ivan/.stmcufinder/plugins/mcufinder
2024-11-05 11:47:18,314 [WARN] DbFile:41 - Overriding database path with different value: /home/ivan/.stmcufinder/plugins/mcufinder/ => /home/ivan/.stmcufinder/plugins/mcufinder
2024-11-05 11:47:18,315 [INFO] CrossReferenceDbSqlite:203 - Set database path to: /home/ivan/.stmcufinder/plugins/mcufinder//mcu/cs/
2024-11-05 11:47:18,382 [INFO] MainPanel:268 - HeapMemory: 268435456
2024-11-05 11:47:18,484 [INFO] DbMcusXml:78 - Set database path to: /home/ivan/st/stm32cubeide_1.16.0/plugins/com.st.stm32cube.common.mx_6.12.1.202409122256//db//mcu/
2024-11-05 11:47:18,484 [INFO] ApiDb:274 - Set plugin database path to: /home/ivan/st/stm32cubeide_1.16.0/plugins/com.st.stm32cube.common.mx_6.12.1.202409122256//db//plugins/boardmanager/
2024-11-05 11:47:18,484 [INFO] ApiDb:261 - Set plugin images path to: /home/ivan/st/stm32cubeide_1.16.0/plugins/com.st.stm32cube.common.mx_6.12.1.202409122256//db//plugins/mcufinder/images/
2024-11-05 11:47:18,484 [WARN] DbFile:41 - Overriding database path with different value: /home/ivan/.stmcufinder/plugins/mcufinder/ => /home/ivan/.stmcufinder/plugins/mcufinder
2024-11-05 11:47:18,485 [INFO] ApiDb:250 - Set database path to: /home/ivan/.stmcufinder/plugins/mcufinder//mcu/
2024-11-05 11:47:18,485 [WARN] DbFile:41 - Overriding database path with different value: /home/ivan/.stmcufinder/plugins/mcufinder/ => /home/ivan/.stmcufinder/plugins/mcufinder
2024-11-05 11:47:18,485 [INFO] DbMcusAds:125 - Set database path to: /home/ivan/.stmcufinder/plugins/mcufinder//mcu/
2024-11-05 11:47:18,485 [WARN] DbFile:41 - Overriding database path with different value: /home/ivan/.stmcufinder/plugins/mcufinder/ => /home/ivan/.stmcufinder/plugins/mcufinder
2024-11-05 11:47:18,485 [WARN] DbFile:41 - Overriding database path with different value: /home/ivan/.stmcufinder/plugins/mcufinder/ => /home/ivan/.stmcufinder/plugins/mcufinder
2024-11-05 11:47:18,485 [INFO] CrossReferenceDbSqlite:203 - Set database path to: /home/ivan/.stmcufinder/plugins/mcufinder//mcu/cs/
2024-11-05 11:47:18,498 [INFO] ApplicationProperties:184 - Using Application install path: /home/ivan/st/stm32cubeide_1.16.0/plugins/com.st.stm32cube.common.mx_6.12.1.202409122256
2024-11-05 11:47:18,499 [INFO] PluginManage:196 - Search for loadable plugins [exclusion list=, ]
2024-11-05 11:47:18,501 [INFO] PluginManage:310 - Check plugin analytics
2024-11-05 11:47:18,676 [INFO] AnalyticsPlugin:253 - Accepted Software Licenses: 
2024-11-05 11:47:18,676 [INFO] AnalyticsPlugin:255 - Accepted CMSIS Pack Licenses: 
2024-11-05 11:47:18,677 [INFO] AnalyticsPlugin:257 - Accepted Firmware Licenses: FW.G4.1.6.0
2024-11-05 11:47:18,679 [INFO] PluginManage:359 - Loaded plugin analytics (category:tool,tabindex:-1)
2024-11-05 11:47:18,680 [INFO] PluginManage:310 - Check plugin cadmodel
2024-11-05 11:47:18,682 [INFO] CADModel:105 - Init CAD model plugin
2024-11-05 11:47:18,683 [INFO] PluginManage:359 - Loaded plugin cadmodel (category:power,tabindex:5)
2024-11-05 11:47:18,683 [INFO] PluginManage:310 - Check plugin clock
2024-11-05 11:47:18,691 [INFO] PluginManage:359 - Loaded plugin clock (category:base,tabindex:2)
2024-11-05 11:47:18,691 [INFO] PluginManage:310 - Check plugin ddr
2024-11-05 11:47:18,693 [INFO] PluginManage:359 - Loaded plugin ddr (category:tool,tabindex:6)
2024-11-05 11:47:18,694 [INFO] PluginManage:310 - Check plugin filemanager
2024-11-05 11:47:18,850 [INFO] PluginManage:359 - Loaded plugin filemanager (category:base,tabindex:10)
2024-11-05 11:47:18,851 [INFO] PluginManage:310 - Check plugin ipmanager
2024-11-05 11:47:18,856 [INFO] PluginManage:359 - Loaded plugin ipmanager (category:base,tabindex:5)
2024-11-05 11:47:18,857 [INFO] PluginManage:310 - Check plugin lpbam
2024-11-05 11:47:18,866 [INFO] PluginManage:359 - Loaded plugin lpbam (category:base,tabindex:0)
2024-11-05 11:47:18,866 [INFO] PluginManage:310 - Check plugin memorymap
2024-11-05 11:47:18,875 [INFO] PluginManage:359 - Loaded plugin memorymap (category:base,tabindex:4)
2024-11-05 11:47:18,876 [INFO] PluginManage:310 - Check plugin pinoutandconfiguration
2024-11-05 11:47:18,885 [INFO] PluginManage:359 - Loaded plugin pinoutandconfiguration (category:base,tabindex:1)
2024-11-05 11:47:18,885 [INFO] PluginManage:310 - Check plugin pinoutconfig
2024-11-05 11:47:18,980 [WARN] SupportedApi:132 - Cannot load RTOS API schema: s4s-elt-must-match.1: The content of 'definitions' must match (annotation?, (simpleType | complexType)?, (unique | key | keyref)*)). A problem was found starting at: attribute.
2024-11-05 11:47:19,188 [INFO] PluginManage:359 - Loaded plugin pinoutconfig (category:base,tabindex:0)
2024-11-05 11:47:19,189 [INFO] PluginManage:310 - Check plugin power
2024-11-05 11:47:19,204 [INFO] PluginManage:359 - Loaded plugin power (category:power,tabindex:4)
2024-11-05 11:47:19,205 [INFO] PluginManage:310 - Check plugin projectmanager
2024-11-05 11:47:19,222 [INFO] PluginManage:359 - Loaded plugin projectmanager (category:projectmanager,tabindex:4)
2024-11-05 11:47:19,223 [INFO] PluginManage:310 - Check plugin rif
2024-11-05 11:47:19,227 [INFO] PluginManage:359 - Loaded plugin rif (category:base,tabindex:3)
2024-11-05 11:47:19,227 [INFO] PluginManage:310 - Check plugin thirdparty
2024-11-05 11:47:19,341 [INFO] PluginManage:359 - Loaded plugin thirdparty (category:base,tabindex:-1)
2024-11-05 11:47:19,340 [WARN] IntegrityCheckThread:84 - waiting for thirdparty lock release [integrity check]
2024-11-05 11:47:19,341 [INFO] PluginManage:310 - Check plugin tools
2024-11-05 11:47:19,341 [INFO] IntegrityCheckThread:86 - entering critical section [integrity check]
2024-11-05 11:47:19,342 [INFO] ThirdPartyUpdaterWithRetryManager:70 - Updater plugin not ready yet. [1/15]
2024-11-05 11:47:19,343 [INFO] PluginManage:359 - Loaded plugin tools (category:base,tabindex:7)
2024-11-05 11:47:19,343 [INFO] PluginManage:310 - Check plugin tutovideos
2024-11-05 11:47:19,493 [INFO] PluginManage:359 - Loaded plugin tutovideos (category:base,tabindex:-1)
2024-11-05 11:47:19,493 [INFO] PluginManage:310 - Check plugin updater
2024-11-05 11:47:19,509 [INFO] PluginManage:359 - Loaded plugin updater (category:base,tabindex:12)
2024-11-05 11:47:19,509 [INFO] PluginManage:310 - Check plugin userauth
2024-11-05 11:47:19,515 [INFO] UserAuth:113 - Init User Auth plugin
2024-11-05 11:47:19,515 [INFO] PluginManage:359 - Loaded plugin userauth (category:base,tabindex:14)
2024-11-05 11:47:19,516 [INFO] PluginManage:283 - PluginManage : Loaded plugins [18]
2024-11-05 11:47:19,683 [INFO] PinOutPanel:1561 - setPackage(No Configuration,No Configuration)
2024-11-05 11:47:19,757 [INFO] CADModel:165 - CPN selected for project level
2024-11-05 11:47:19,757 [INFO] CADModel:114 - Register for checkConnection events
2024-11-05 11:47:19,766 [INFO] IPUIPlugin:80 - create IPUIPlugin
2024-11-05 11:47:19,766 [INFO] PluginManager:220 - loadIPPluginJar : add tracer_emb
2024-11-05 11:47:19,768 [INFO] IPUIPlugin:80 - create IPUIPlugin
2024-11-05 11:47:19,769 [INFO] PluginManager:220 - loadIPPluginJar : add tsc
2024-11-05 11:47:19,777 [INFO] IPUIPlugin:80 - create IPUIPlugin
2024-11-05 11:47:19,777 [INFO] PluginManager:220 - loadIPPluginJar : add opamp
2024-11-05 11:47:19,779 [INFO] IPUIPlugin:80 - create IPUIPlugin
2024-11-05 11:47:19,779 [INFO] PluginManager:220 - loadIPPluginJar : add gtzc
2024-11-05 11:47:19,781 [INFO] IPUIPlugin:80 - create IPUIPlugin
2024-11-05 11:47:19,781 [INFO] PluginManager:220 - loadIPPluginJar : add dfsdm
2024-11-05 11:47:19,784 [INFO] IPUIPlugin:80 - create IPUIPlugin
2024-11-05 11:47:19,784 [INFO] PluginManager:220 - loadIPPluginJar : add gpio
2024-11-05 11:47:19,788 [INFO] IPUIPlugin:80 - create IPUIPlugin
2024-11-05 11:47:19,788 [INFO] PluginManager:220 - loadIPPluginJar : add fmc
2024-11-05 11:47:19,790 [INFO] IPUIPlugin:80 - create IPUIPlugin
2024-11-05 11:47:19,790 [INFO] PluginManager:220 - loadIPPluginJar : add i3c
2024-11-05 11:47:19,792 [INFO] IPUIPlugin:80 - create IPUIPlugin
2024-11-05 11:47:19,792 [INFO] PluginManager:220 - loadIPPluginJar : add ucpd
2024-11-05 11:47:19,794 [INFO] IPUIPlugin:80 - create IPUIPlugin
2024-11-05 11:47:19,794 [INFO] PluginManager:220 - loadIPPluginJar : add pdm2pcm
2024-11-05 11:47:19,795 [INFO] IPUIPlugin:80 - create IPUIPlugin
2024-11-05 11:47:19,796 [INFO] PluginManager:220 - loadIPPluginJar : add ts
2024-11-05 11:47:19,801 [INFO] IPUIPlugin:80 - create IPUIPlugin
2024-11-05 11:47:19,801 [INFO] PluginManager:220 - loadIPPluginJar : add stm32_wpan
2024-11-05 11:47:19,804 [INFO] IPUIPlugin:80 - create IPUIPlugin
2024-11-05 11:47:19,804 [INFO] PluginManager:220 - loadIPPluginJar : add cryp
2024-11-05 11:47:19,811 [INFO] IPUIPlugin:80 - create IPUIPlugin
2024-11-05 11:47:19,811 [INFO] PluginManager:220 - loadIPPluginJar : add adc
2024-11-05 11:47:19,814 [INFO] IPUIPlugin:80 - create IPUIPlugin
2024-11-05 11:47:19,814 [INFO] PluginManager:220 - loadIPPluginJar : add openamp
2024-11-05 11:47:19,815 [INFO] IPUIPlugin:80 - create IPUIPlugin
2024-11-05 11:47:19,815 [INFO] PluginManager:220 - loadIPPluginJar : add genericplugin
2024-11-05 11:47:19,816 [INFO] IPUIPlugin:80 - create IPUIPlugin
2024-11-05 11:47:19,817 [INFO] PluginManager:220 - loadIPPluginJar : add i2c
2024-11-05 11:47:19,818 [INFO] IPUIPlugin:80 - create IPUIPlugin
2024-11-05 11:47:19,819 [INFO] PluginManager:220 - loadIPPluginJar : add sai
2024-11-05 11:47:19,821 [INFO] IPUIPlugin:80 - create IPUIPlugin
2024-11-05 11:47:19,821 [INFO] PluginManager:220 - loadIPPluginJar : add extmemmanager
2024-11-05 11:47:19,823 [INFO] IPUIPlugin:80 - create IPUIPlugin
2024-11-05 11:47:19,823 [INFO] PluginManager:220 - loadIPPluginJar : add usart
2024-11-05 11:47:19,827 [INFO] IPUIPlugin:80 - create IPUIPlugin
2024-11-05 11:47:19,827 [INFO] PluginManager:220 - loadIPPluginJar : add freertos
2024-11-05 11:47:19,832 [INFO] IPUIPlugin:80 - create IPUIPlugin
2024-11-05 11:47:19,832 [INFO] PluginManager:220 - loadIPPluginJar : add dma
2024-11-05 11:47:19,838 [INFO] IPUIPlugin:80 - create IPUIPlugin
2024-11-05 11:47:19,840 [INFO] PluginManager:220 - loadIPPluginJar : add plateformsettings
2024-11-05 11:47:19,842 [INFO] IPUIPlugin:80 - create IPUIPlugin
2024-11-05 11:47:19,842 [INFO] PluginManager:220 - loadIPPluginJar : add spi
2024-11-05 11:47:19,844 [INFO] IPUIPlugin:80 - create IPUIPlugin
2024-11-05 11:47:19,844 [INFO] PluginManager:220 - loadIPPluginJar : add ipddr
2024-11-05 11:47:19,846 [INFO] IPUIPlugin:80 - create IPUIPlugin
2024-11-05 11:47:19,846 [INFO] PluginManager:220 - loadIPPluginJar : add nvic
2024-11-05 11:47:19,848 [INFO] IPUIPlugin:80 - create IPUIPlugin
2024-11-05 11:47:19,848 [INFO] PluginManager:220 - loadIPPluginJar : add lorawan
2024-11-05 11:47:19,849 [INFO] IPUIPlugin:80 - create IPUIPlugin
2024-11-05 11:47:19,849 [INFO] PluginManager:220 - loadIPPluginJar : add ltdc
2024-11-05 11:47:19,850 [INFO] IPUIPlugin:80 - create IPUIPlugin
2024-11-05 11:47:19,851 [INFO] PluginManager:220 - loadIPPluginJar : add can
2024-11-05 11:47:19,852 [INFO] IPUIPlugin:80 - create IPUIPlugin
2024-11-05 11:47:19,852 [INFO] PluginManager:220 - loadIPPluginJar : add hash
2024-11-05 11:47:19,853 [INFO] IPUIPlugin:80 - create IPUIPlugin
2024-11-05 11:47:19,853 [INFO] PluginManager:220 - loadIPPluginJar : add quadspi
2024-11-05 11:47:19,853 [INFO] IPUIPlugin:80 - create IPUIPlugin
2024-11-05 11:47:19,854 [INFO] PluginManager:220 - loadIPPluginJar : add fatfs
2024-11-05 11:47:19,855 [INFO] IPUIPlugin:80 - create IPUIPlugin
2024-11-05 11:47:19,855 [INFO] PluginManager:220 - loadIPPluginJar : add dma3
2024-11-05 11:47:19,857 [INFO] IPUIPlugin:80 - create IPUIPlugin
2024-11-05 11:47:19,857 [INFO] PluginManager:220 - loadIPPluginJar : add ddr_ctrl_phy
2024-11-05 11:47:19,858 [INFO] IPUIPlugin:80 - create IPUIPlugin
2024-11-05 11:47:19,858 [INFO] PluginManager:220 - loadIPPluginJar : add usbx
2024-11-05 11:47:19,859 [INFO] IPUIPlugin:80 - create IPUIPlugin
2024-11-05 11:47:19,862 [INFO] PluginManager:220 - loadIPPluginJar : add radio
2024-11-05 11:47:19,864 [INFO] IPUIPlugin:80 - create IPUIPlugin
2024-11-05 11:47:19,864 [INFO] PluginManager:220 - loadIPPluginJar : add tim
2024-11-05 11:47:19,869 [INFO] IPUIPlugin:80 - create IPUIPlugin
2024-11-05 11:47:19,869 [INFO] PluginManager:220 - loadIPPluginJar : add gic
2024-11-05 11:47:19,872 [INFO] IPUIPlugin:80 - create IPUIPlugin
2024-11-05 11:47:19,872 [INFO] PluginManager:220 - loadIPPluginJar : add i2s
2024-11-05 11:47:19,874 [INFO] IPUIPlugin:80 - create IPUIPlugin
2024-11-05 11:47:19,874 [INFO] PluginManager:220 - loadIPPluginJar : add aes
2024-11-05 11:47:19,881 [INFO] IPUIPlugin:80 - create IPUIPlugin
2024-11-05 11:47:19,881 [INFO] PluginManager:220 - loadIPPluginJar : add linkedlist
2024-11-05 11:47:19,882 [INFO] IPUIPlugin:80 - create IPUIPlugin
2024-11-05 11:47:19,882 [INFO] PluginManager:220 - loadIPPluginJar : add gfxmmu
2024-11-05 11:47:19,886 [INFO] IPUIPlugin:80 - create IPUIPlugin
2024-11-05 11:47:19,886 [INFO] PluginManager:220 - loadIPPluginJar : add touchsensing
2024-11-05 11:47:19,892 [INFO] IPUIPlugin:80 - create IPUIPlugin
2024-11-05 11:47:19,892 [INFO] PluginManager:220 - loadIPPluginJar : add mdma
2024-11-05 11:47:19,893 [INFO] IPUIPlugin:80 - create IPUIPlugin
2024-11-05 11:47:19,893 [INFO] PluginManager:220 - loadIPPluginJar : add comp
2024-11-05 11:47:19,896 [INFO] IPUIPlugin:80 - create IPUIPlugin
2024-11-05 11:47:19,896 [INFO] PluginManager:220 - loadIPPluginJar : add resmgrutility
2024-11-05 11:47:19,996 [INFO] CADModel:165 - CPN selected for project level
2024-11-05 11:47:19,996 [INFO] CADModel:114 - Register for checkConnection events
2024-11-05 11:47:19,996 [FATAL] Updater:334 - Updater called before beeing initialized
2024-11-05 11:47:19,997 [ERROR] CADModel:125 - Updater not yet initialized, retry later 
2024-11-05 11:47:20,145 [INFO] CADModel:165 - CPN selected for project level
2024-11-05 11:47:20,146 [INFO] CADModel:114 - Register for checkConnection events
2024-11-05 11:47:20,146 [FATAL] Updater:334 - Updater called before beeing initialized
2024-11-05 11:47:20,146 [ERROR] CADModel:125 - Updater not yet initialized, retry later 
2024-11-05 11:47:20,150 [FATAL] Updater:334 - Updater called before beeing initialized
2024-11-05 11:47:20,236 [FATAL] Updater:334 - Updater called before beeing initialized
2024-11-05 11:47:20,240 [INFO] DbMcusAds:53 - JSON generation date=Fri Sep 20 10:04:38 BRT 2024 (1726837478367)
2024-11-05 11:47:20,240 [FATAL] Updater:334 - Updater called before beeing initialized
2024-11-05 11:47:20,275 [WARN] DetailPanel:346 - Failed to get advertising image, set to default
2024-11-05 11:47:20,352 [FATAL] Updater:334 - Updater called before beeing initialized
2024-11-05 11:47:20,353 [FATAL] Updater:334 - Updater called before beeing initialized
2024-11-05 11:47:20,353 [FATAL] Updater:334 - Updater called before beeing initialized
2024-11-05 11:47:20,353 [WARN] DetailPanel:346 - Failed to get advertising image, set to default
2024-11-05 11:47:20,355 [FATAL] Updater:334 - Updater called before beeing initialized
2024-11-05 11:47:20,386 [ERROR] Updater:1164 - MainUpdater not yet initialized. External WinMGr cannot be set.
2024-11-05 11:47:20,389 [INFO] Updater:1100 - Updater Version found : 6.12.1
2024-11-05 11:47:20,413 [INFO] ApplicationProperties:184 - Using Application install path: /home/ivan/st/stm32cubeide_1.16.0/plugins/com.st.stm32cube.common.mx_6.12.1.202409122256
2024-11-05 11:47:21,385 [INFO] MainUpdater:2873 - connection check result : 10
2024-11-05 11:47:21,386 [INFO] MainUpdater:290 - Updater Check For Update Now.
2024-11-05 11:47:21,386 [INFO] MicroXplorer:498 - Change Database Version : DB.6.0.121
2024-11-05 11:47:21,393 [INFO] McuFinderGlobals:63 - Set McuFinder mode to 2 (CubeIDE integrated)
2024-11-05 11:47:21,394 [INFO] UserAuth:417 - Internet connection configuration mode: 1
2024-11-05 11:47:21,408 [INFO] JxBrowserEngine:152 - Initiate JxBrowser Engine with user profile folder
2024-11-05 11:47:21,617 [INFO] CheckServerUpdateThread:120 - End of CheckServer Thread
2024-11-05 11:47:22,131 [INFO] WebApp:167 - Instantiating new browser for Auth
2024-11-05 11:47:22,485 [WARN] PackLoader:240 - Cannot read IP mode file for STMicroelectronics.FP-SNS-MOTENVWB1.1.4.0
2024-11-05 11:47:22,495 [WARN] PackLoader:240 - Cannot read IP mode file for STMicroelectronics.X-CUBE-SMBUS.2.1.0
2024-11-05 11:47:22,505 [WARN] PackLoader:240 - Cannot read IP mode file for STMicroelectronics.X-CUBE-WB05N.1.1.0
2024-11-05 11:47:22,548 [WARN] PackLoader:240 - Cannot read IP mode file for STMicroelectronics.X-CUBE-AZRTOS-F7.1.1.0
2024-11-05 11:47:22,634 [WARN] PackLoader:240 - Cannot read IP mode file for STMicroelectronics.X-CUBE-MEMS1.11.0.0
2024-11-05 11:47:22,859 [WARN] PackLoader:240 - Cannot read IP mode file for STMicroelectronics.FP-SNS-FLIGHT1.5.0.2
2024-11-05 11:47:22,866 [WARN] PackLoader:240 - Cannot read IP mode file for STMicroelectronics.X-CUBE-DISPLAY.3.0.0
2024-11-05 11:47:22,875 [WARN] PackLoader:240 - Cannot read IP mode file for STMicroelectronics.X-CUBE-BLE1.7.0.0
2024-11-05 11:47:22,883 [WARN] PackLoader:240 - Cannot read IP mode file for STMicroelectronics.X-CUBE-NFC10.1.0.0
2024-11-05 11:47:22,890 [WARN] PackLoader:240 - Cannot read IP mode file for emotas.I-CUBE-CANOPEN.1.3.0
2024-11-05 11:47:22,900 [WARN] PackLoader:240 - Cannot read IP mode file for STMicroelectronics.X-CUBE-BLEMGR.3.1.0
2024-11-05 11:47:22,908 [WARN] PackLoader:240 - Cannot read IP mode file for STMicroelectronics.FP-SNS-SMARTAG2.1.2.0
2024-11-05 11:47:22,918 [INFO] LogOutputStream:77 - [STDOUT_REDIRECT] 1 : Invalid condition id : UX_CORESTACK_Condition cause : null
2024-11-05 11:47:22,919 [INFO] LogOutputStream:77 - [STDOUT_REDIRECT] 1 : Invalid condition id : UX_CORESTACK_Condition cause : null
2024-11-05 11:47:22,919 [INFO] LogOutputStream:77 - [STDOUT_REDIRECT] 1 : Invalid condition id : UX_CORESTACK_Condition cause : null
2024-11-05 11:47:22,920 [INFO] LogOutputStream:77 - [STDOUT_REDIRECT] 1 : Invalid condition id : UX_CORESTACK_Condition cause : null
2024-11-05 11:47:22,920 [INFO] LogOutputStream:77 - [STDOUT_REDIRECT] 1 : Invalid condition id : UX_CORESTACK_Condition cause : null
2024-11-05 11:47:22,925 [WARN] PackLoader:240 - Cannot read IP mode file for STMicroelectronics.X-CUBE-AZRTOS-WL.2.0.0
2024-11-05 11:47:22,932 [WARN] PackLoader:240 - Cannot read IP mode file for STMicroelectronics.FP-SNS-MOTENV1.5.0.0
2024-11-05 11:47:22,937 [WARN] PackLoader:240 - Cannot read IP mode file for wolfSSL.I-CUBE-wolfMQTT.1.19.0
2024-11-05 11:47:22,944 [WARN] PackLoader:240 - Cannot read IP mode file for WES.I-CUBE-Cesium.1.3.0
2024-11-05 11:47:22,948 [WARN] PackLoader:240 - Cannot read IP mode file for STMicroelectronics.X-CUBE-BLE2.3.3.0
2024-11-05 11:47:22,955 [WARN] PackLoader:240 - Cannot read IP mode file for STMicroelectronics.X-CUBE-NFC9.1.0.0
2024-11-05 11:47:22,961 [WARN] PackLoader:240 - Cannot read IP mode file for STMicroelectronics.X-CUBE-TCPP.4.1.0
2024-11-05 11:47:22,976 [WARN] PackLoader:240 - Cannot read IP mode file for STMicroelectronics.X-CUBE-AZRTOS-G0.1.1.0
2024-11-05 11:47:22,979 [INFO] WebApp:448 - Apply proxy settings
2024-11-05 11:47:22,987 [INFO] WebApp:533 - Chromium requires no authentication
2024-11-05 11:47:22,993 [WARN] PackLoader:240 - Cannot read IP mode file for STMicroelectronics.X-CUBE-SAFEA1.1.2.2
2024-11-05 11:47:22,997 [INFO] WebApp:476 - Direct internet connection detected
2024-11-05 11:47:23,001 [WARN] PackLoader:240 - Cannot read IP mode file for STMicroelectronics.X-CUBE-NFC4.3.0.0
2024-11-05 11:47:23,011 [WARN] PackLoader:240 - Cannot read IP mode file for EmbeddedOffice.I-CUBE-FS-RTOS.1.0.1
2024-11-05 11:47:23,012 [ERROR] ConditionMgr:805 - Attr not supported : Dmpu
2024-11-05 11:47:23,012 [ERROR] ConditionMgr:805 - Attr not supported : Dmpu
2024-11-05 11:47:23,012 [ERROR] ConditionMgr:805 - Attr not supported : Dmpu
2024-11-05 11:47:23,012 [ERROR] ConditionMgr:805 - Attr not supported : Dmpu
2024-11-05 11:47:23,013 [ERROR] ConditionMgr:805 - Attr not supported : Dmpu
2024-11-05 11:47:23,013 [ERROR] ConditionMgr:805 - Attr not supported : Dmpu
2024-11-05 11:47:23,013 [ERROR] ConditionMgr:805 - Attr not supported : Dmpu
2024-11-05 11:47:23,013 [ERROR] ConditionMgr:805 - Attr not supported : Dmpu
2024-11-05 11:47:23,013 [ERROR] ConditionMgr:805 - Attr not supported : Dmpu
2024-11-05 11:47:23,013 [ERROR] ConditionMgr:805 - Attr not supported : Dmpu
2024-11-05 11:47:23,013 [ERROR] ConditionMgr:805 - Attr not supported : Dmpu
2024-11-05 11:47:23,013 [ERROR] ConditionMgr:805 - Attr not supported : Dmpu
2024-11-05 11:47:23,013 [ERROR] ConditionMgr:805 - Attr not supported : Dmpu
2024-11-05 11:47:23,014 [ERROR] ConditionMgr:805 - Attr not supported : Dmpu
2024-11-05 11:47:23,014 [ERROR] ConditionMgr:805 - Attr not supported : Dmpu
2024-11-05 11:47:23,014 [ERROR] ConditionMgr:805 - Attr not supported : Dmpu
2024-11-05 11:47:23,014 [ERROR] ConditionMgr:805 - Attr not supported : Dmpu
2024-11-05 11:47:23,014 [ERROR] ConditionMgr:805 - Attr not supported : Dmpu
2024-11-05 11:47:23,014 [ERROR] ConditionMgr:805 - Attr not supported : Dmpu
2024-11-05 11:47:23,014 [ERROR] ConditionMgr:805 - Attr not supported : Dmpu
2024-11-05 11:47:23,015 [ERROR] ConditionMgr:805 - Attr not supported : Dmpu
2024-11-05 11:47:23,015 [ERROR] ConditionMgr:805 - Attr not supported : Dmpu
2024-11-05 11:47:23,015 [ERROR] ConditionMgr:805 - Attr not supported : Dmpu
2024-11-05 11:47:23,015 [ERROR] ConditionMgr:805 - Attr not supported : Dmpu
2024-11-05 11:47:23,015 [ERROR] ConditionMgr:805 - Attr not supported : Dmpu
2024-11-05 11:47:23,015 [ERROR] ConditionMgr:805 - Attr not supported : Dmpu
2024-11-05 11:47:23,015 [ERROR] ConditionMgr:805 - Attr not supported : Dmpu
2024-11-05 11:47:23,015 [ERROR] ConditionMgr:805 - Attr not supported : Dmpu
2024-11-05 11:47:23,015 [ERROR] ConditionMgr:805 - Attr not supported : Dmpu
2024-11-05 11:47:23,016 [ERROR] ConditionMgr:805 - Attr not supported : Dmpu
2024-11-05 11:47:23,016 [ERROR] ConditionMgr:805 - Attr not supported : Dmpu
2024-11-05 11:47:23,016 [ERROR] ConditionMgr:805 - Attr not supported : Dmpu
2024-11-05 11:47:23,016 [ERROR] ConditionMgr:805 - Attr not supported : Dmpu
2024-11-05 11:47:23,016 [ERROR] ConditionMgr:805 - Attr not supported : Dmpu
2024-11-05 11:47:23,016 [ERROR] ConditionMgr:805 - Attr not supported : Dmpu
2024-11-05 11:47:23,016 [ERROR] ConditionMgr:805 - Attr not supported : Dmpu
2024-11-05 11:47:23,016 [ERROR] ConditionMgr:805 - Attr not supported : Dmpu
2024-11-05 11:47:23,016 [ERROR] ConditionMgr:805 - Attr not supported : Dmpu
2024-11-05 11:47:23,016 [ERROR] ConditionMgr:805 - Attr not supported : Dmpu
2024-11-05 11:47:23,017 [ERROR] ConditionMgr:805 - Attr not supported : Dmpu
2024-11-05 11:47:23,017 [ERROR] ConditionMgr:805 - Attr not supported : Dmpu
2024-11-05 11:47:23,017 [ERROR] ConditionMgr:805 - Attr not supported : Dmpu
2024-11-05 11:47:23,017 [ERROR] ConditionMgr:805 - Attr not supported : Dmpu
2024-11-05 11:47:23,017 [ERROR] ConditionMgr:805 - Attr not supported : Dmpu
2024-11-05 11:47:23,017 [ERROR] ConditionMgr:805 - Attr not supported : Dmpu
2024-11-05 11:47:23,017 [ERROR] ConditionMgr:805 - Attr not supported : Dmpu
2024-11-05 11:47:23,017 [ERROR] ConditionMgr:805 - Attr not supported : Dmpu
2024-11-05 11:47:23,017 [ERROR] ConditionMgr:805 - Attr not supported : Dmpu
2024-11-05 11:47:23,017 [ERROR] ConditionMgr:805 - Attr not supported : Dmpu
2024-11-05 11:47:23,017 [ERROR] ConditionMgr:805 - Attr not supported : Dmpu
2024-11-05 11:47:23,018 [ERROR] ConditionMgr:805 - Attr not supported : Dmpu
2024-11-05 11:47:23,018 [ERROR] ConditionMgr:805 - Attr not supported : Dmpu
2024-11-05 11:47:23,018 [ERROR] ConditionMgr:805 - Attr not supported : Dmpu
2024-11-05 11:47:23,018 [ERROR] ConditionMgr:805 - Attr not supported : Dmpu
2024-11-05 11:47:23,018 [ERROR] ConditionMgr:805 - Attr not supported : Dmpu
2024-11-05 11:47:23,018 [ERROR] ConditionMgr:805 - Attr not supported : Dmpu
2024-11-05 11:47:23,018 [ERROR] ConditionMgr:805 - Attr not supported : Dmpu
2024-11-05 11:47:23,018 [ERROR] ConditionMgr:805 - Attr not supported : Dmpu
2024-11-05 11:47:23,018 [ERROR] ConditionMgr:805 - Attr not supported : Dmpu
2024-11-05 11:47:23,018 [ERROR] ConditionMgr:805 - Attr not supported : Dmpu
2024-11-05 11:47:23,018 [ERROR] ConditionMgr:805 - Attr not supported : Dmpu
2024-11-05 11:47:23,018 [ERROR] ConditionMgr:805 - Attr not supported : Dmpu
2024-11-05 11:47:23,019 [ERROR] ConditionMgr:805 - Attr not supported : Dmpu
2024-11-05 11:47:23,019 [ERROR] ConditionMgr:805 - Attr not supported : Dmpu
2024-11-05 11:47:23,023 [WARN] PackLoader:240 - Cannot read IP mode file for RealThread.X-CUBE-RT-Thread_Nano.4.1.1
2024-11-05 11:47:23,023 [INFO] WebApp:869 - Register for checkConnection events
2024-11-05 11:47:23,023 [INFO] WebApp:448 - Apply proxy settings
2024-11-05 11:47:23,024 [INFO] WebApp:533 - Chromium requires no authentication
2024-11-05 11:47:23,026 [INFO] WebApp:476 - Direct internet connection detected
2024-11-05 11:47:23,027 [WARN] PackLoader:240 - Cannot read IP mode file for STMicroelectronics.FP-ATR-SIGFOX1.3.2.0
2024-11-05 11:47:23,030 [WARN] PackLoader:240 - Cannot read IP mode file for wolfSSL.I-CUBE-wolfSSL.5.7.2
2024-11-05 11:47:23,036 [WARN] PackLoader:240 - Cannot read IP mode file for STMicroelectronics.X-CUBE-EEPRMA1.5.1.0
2024-11-05 11:47:23,043 [WARN] PackLoader:240 - Cannot read IP mode file for ITTIA_DB.I-CUBE-ITTIADB.8.9.0
2024-11-05 11:47:23,083 [WARN] PackLoader:240 - Cannot read IP mode file for SEGGER.I-CUBE-embOS.1.3.1
2024-11-05 11:47:23,136 [WARN] PackLoader:240 - Cannot read IP mode file for STMicroelectronics.X-CUBE-ALGOBUILD.1.4.0
2024-11-05 11:47:23,139 [WARN] PackLoader:240 - Cannot read IP mode file for STMicroelectronics.X-CUBE-AI.9.1.0
2024-11-05 11:47:23,156 [WARN] PackLoader:240 - Cannot read IP mode file for STMicroelectronics.X-CUBE-AZRTOS-F4.1.1.0
2024-11-05 11:47:23,163 [WARN] PackLoader:240 - Cannot read IP mode file for STMicroelectronics.X-CUBE-ISPU.2.1.0
2024-11-05 11:47:23,163 [INFO] WebApp:220 - Starting web application
2024-11-05 11:47:23,163 [INFO] WebApp:578 - Web application path used /home/ivan/st/stm32cubeide_1.16.0/plugins/com.st.stm32cube.common.mx_6.12.1.202409122256/db/plugins/mcufinder/reactClient1/index.html
2024-11-05 11:47:23,168 [WARN] PackLoader:240 - Cannot read IP mode file for STMicroelectronics.X-CUBE-FREERTOS.1.2.0
2024-11-05 11:47:23,196 [WARN] PackLoader:240 - Cannot read IP mode file for STMicroelectronics.X-CUBE-AZRTOS-L5.2.0.0
2024-11-05 11:47:23,211 [WARN] PackLoader:240 - Cannot read IP mode file for STMicroelectronics.X-CUBE-NFC6.3.1.0
2024-11-05 11:47:23,224 [WARN] PackLoader:240 - Cannot read IP mode file for STMicroelectronics.X-CUBE-DPower.1.2.0
2024-11-05 11:47:23,230 [WARN] PackLoader:240 - Cannot read IP mode file for STMicroelectronics.X-CUBE-AI.9.0.0
2024-11-05 11:47:23,241 [WARN] PackLoader:240 - Cannot read IP mode file for STMicroelectronics.X-CUBE-NFC7.1.0.1
2024-11-05 11:47:23,259 [WARN] ConditionMgr:438 - getConditionDescription Invalid condition id : LAN8742 Phy interface Condition cause : null
2024-11-05 11:47:23,260 [WARN] PackLoader:240 - Cannot read IP mode file for STMicroelectronics.X-CUBE-AZRTOS-L4.2.0.0
2024-11-05 11:47:23,261 [WARN] ConditionMgr:1039 - genDependencies : Invalid condition id : LAN8742 Phy interface Condition cause : null
2024-11-05 11:47:23,261 [WARN] ConditionMgr:1039 - genDependencies : Invalid condition id : LAN8742 Phy interface Condition cause : null
2024-11-05 11:47:23,262 [WARN] ConditionMgr:1039 - genDependencies : Invalid condition id : LAN8742 Phy interface Condition cause : null
2024-11-05 11:47:23,274 [WARN] PackLoader:240 - Cannot read IP mode file for STMicroelectronics.X-CUBE-SFXS2LP1.4.0.0
2024-11-05 11:47:23,298 [WARN] PackLoader:240 - Cannot read IP mode file for STMicroelectronics.X-CUBE-AZRTOS-H7.3.3.0
2024-11-05 11:47:23,305 [INFO] WebApp:186 - Connection restablished
2024-11-05 11:47:23,314 [WARN] PackLoader:240 - Cannot read IP mode file for STMicroelectronics.X-CUBE-IPS.3.0.0
2024-11-05 11:47:23,338 [WARN] ConditionMgr:438 - getConditionDescription Invalid condition id : UX DEVICE CLASS RTOS Condition cause : null
2024-11-05 11:47:23,338 [WARN] ConditionMgr:438 - getConditionDescription Invalid condition id : UX DEVICE CLASS RTOS Condition cause : null
2024-11-05 11:47:23,341 [WARN] PackLoader:240 - Cannot read IP mode file for STMicroelectronics.X-CUBE-AZRTOS-WB.2.0.0
2024-11-05 11:47:23,342 [WARN] ConditionMgr:1039 - genDependencies : Invalid condition id : UX DEVICE CLASS RTOS Condition cause : null
2024-11-05 11:47:23,345 [WARN] ConditionMgr:1039 - genDependencies : Invalid condition id : UX DEVICE CLASS RTOS Condition cause : null
2024-11-05 11:47:23,345 [WARN] ConditionMgr:1039 - genDependencies : Invalid condition id : UX DEVICE CLASS RTOS Condition cause : null
2024-11-05 11:47:23,346 [WARN] ConditionMgr:1039 - genDependencies : Invalid condition id : UX DEVICE CLASS RTOS Condition cause : null
2024-11-05 11:47:23,344 [INFO] UserAuth:417 - Internet connection configuration mode: 1
2024-11-05 11:47:23,346 [WARN] ConditionMgr:1039 - genDependencies : Invalid condition id : UX DEVICE CLASS RTOS Condition cause : null
2024-11-05 11:47:23,357 [WARN] PackLoader:240 - Cannot read IP mode file for STMicroelectronics.X-CUBE-GNSS1.7.0.0
2024-11-05 11:47:23,371 [WARN] PackLoader:240 - Cannot read IP mode file for STMicroelectronics.FP-SNS-STBOX1.2.0.0
2024-11-05 11:47:23,386 [WARN] PackLoader:240 - Cannot read IP mode file for STMicroelectronics.X-CUBE-SUBG2.5.0.0
2024-11-05 11:47:23,395 [WARN] PackLoader:240 - Cannot read IP mode file for Cesanta.I-CUBE-Mongoose.7.13.0
2024-11-05 11:47:23,411 [WARN] PackLoader:240 - Cannot read IP mode file for STMicroelectronics.X-CUBE-AZRTOS-G4.2.0.0
2024-11-05 11:47:23,419 [WARN] PackLoader:240 - Cannot read IP mode file for STMicroelectronics.X-CUBE-ALS.1.0.2
2024-11-05 11:47:23,424 [WARN] PackLoader:240 - Cannot read IP mode file for STMicroelectronics.X-CUBE-TOUCHGFX.4.24.0
2024-11-05 11:47:23,427 [WARN] PackLoader:240 - Cannot read IP mode file for STMicroelectronics.X-CUBE-TOUCHGFX.4.24.1
2024-11-05 11:47:23,430 [WARN] PackLoader:240 - Cannot read IP mode file for wolfSSL.I-CUBE-wolfTPM.3.4.0
2024-11-05 11:47:23,434 [WARN] PackLoader:240 - Cannot read IP mode file for portGmbH.I-Cube-SoM-uGOAL.1.1.0
2024-11-05 11:47:23,466 [WARN] PackLoader:240 - Cannot read IP mode file for STMicroelectronics.X-CUBE-AZRTOS-H7RS.1.0.0
2024-11-05 11:47:23,475 [WARN] PackLoader:240 - Cannot read IP mode file for STMicroelectronics.FP-ATR-ASTRA1.2.0.0
2024-11-05 11:47:23,498 [WARN] PackLoader:240 - Cannot read IP mode file for STMicroelectronics.X-CUBE-TOF1.3.4.2
2024-11-05 11:47:23,538 [WARN] PackLoader:240 - Cannot read IP mode file for Infineon.AIROC-Wi-Fi-Bluetooth-STM32.1.6.1
2024-11-05 11:47:23,547 [WARN] PackLoader:240 - Cannot read IP mode file for wolfSSL.I-CUBE-wolfSSH.1.4.17
2024-11-05 11:47:23,548 [INFO] ThirdParty:978 - Integrity check success = true
2024-11-05 11:47:23,548 [INFO] IntegrityCheckThread:100 - exiting critical section [integrity check]
2024-11-05 11:47:23,548 [INFO] IntegrityCheckThread:103 - End integrity checks thread
2024-11-05 13:10:23,707 [INFO] WebApp:189 - Connection lost
2024-11-05 13:10:29,725 [INFO] WebApp:186 - Connection restablished
2024-11-05 13:10:33,382 [INFO] WebApp:189 - Connection lost
2024-11-05 13:10:33,781 [INFO] WebApp:186 - Connection restablished
2024-11-05 14:14:41,311 [ERROR] LogOutputStream:75 - [STDERR_REDIRECT] 
