[0.025s] Invoking command in '/home/ivan/Desktop/Unicamp/IvanUnicamp/Disciplinas/IM_420_Sistemas_Embarcados_de_Tempo_Real/Trabalho/microros_ros/banana/build/micro_ros_msgs': CMAKE_PREFIX_PATH=${CMAKE_PREFIX_PATH}:/opt/ros/jazzy DEBUGINFOD_URLS=https://debuginfod.ubuntu.com my_kill_session=tmux kill-session -t /home/ivan/st/stm32cubeclt_1.16.0/CMake/bin/cmake /home/ivan/Desktop/Unicamp/IvanUnicamp/Disciplinas/IM_420_Sistemas_Embarcados_de_Tempo_Real/Trabalho/microros_ros/banana/src/uros/micro_ros_msgs -DCMAKE_INSTALL_PREFIX=/home/ivan/Desktop/Unicamp/IvanUnicamp/Disciplinas/IM_420_Sistemas_Embarcados_de_Tempo_Real/Trabalho/microros_ros/banana/install/micro_ros_msgs
[0.049s] -- Found ament_cmake: 2.5.2 (/opt/ros/jazzy/share/ament_cmake/cmake)
[0.094s] -- Found Python3: /usr/bin/python3 (found version "3.12.3") found components: Interpreter 
[0.273s] -- Found rosidl_default_generators: 1.6.0 (/opt/ros/jazzy/share/rosidl_default_generators/cmake)
[0.275s] -- Using all available rosidl_typesupport_c: rosidl_typesupport_fastrtps_c;rosidl_typesupport_introspection_c
[0.337s] -- Using all available rosidl_typesupport_cpp: rosidl_typesupport_fastrtps_cpp;rosidl_typesupport_introspection_cpp
[0.395s] -- Found rosidl_adapter: 4.6.4 (/opt/ros/jazzy/share/rosidl_adapter/cmake)
[0.399s] -- Found ament_lint_auto: 0.17.1 (/opt/ros/jazzy/share/ament_lint_auto/cmake)
[0.838s] -- Found ament_cmake_ros: 0.12.0 (/opt/ros/jazzy/share/ament_cmake_ros/cmake)
[1.006s] -- Using all available rosidl_typesupport_c: rosidl_typesupport_fastrtps_c;rosidl_typesupport_introspection_c
[1.229s] -- Using all available rosidl_typesupport_cpp: rosidl_typesupport_fastrtps_cpp;rosidl_typesupport_introspection_cpp
[1.231s] -- Found python_cmake_module: 0.11.1 (/opt/ros/jazzy/share/python_cmake_module/cmake)
[1.794s] -- Found Python3: /usr/bin/python3 (found version "3.12.3") found components: Interpreter Development NumPy Development.Module Development.Embed 
[1.816s] -- Added test 'copyright' to check source files copyright and LICENSE
[1.823s] -- Added test 'lint_cmake' to check CMake code style
[1.827s] -- Added test 'xmllint' to check XML markup files
[1.831s] -- Configuring done (1.8s)
[1.940s] -- Generating done (0.1s)
[1.949s] -- Build files have been written to: /home/ivan/Desktop/Unicamp/IvanUnicamp/Disciplinas/IM_420_Sistemas_Embarcados_de_Tempo_Real/Trabalho/microros_ros/banana/build/micro_ros_msgs
[1.965s] Invoked command in '/home/ivan/Desktop/Unicamp/IvanUnicamp/Disciplinas/IM_420_Sistemas_Embarcados_de_Tempo_Real/Trabalho/microros_ros/banana/build/micro_ros_msgs' returned '0': CMAKE_PREFIX_PATH=${CMAKE_PREFIX_PATH}:/opt/ros/jazzy DEBUGINFOD_URLS=https://debuginfod.ubuntu.com my_kill_session=tmux kill-session -t /home/ivan/st/stm32cubeclt_1.16.0/CMake/bin/cmake /home/ivan/Desktop/Unicamp/IvanUnicamp/Disciplinas/IM_420_Sistemas_Embarcados_de_Tempo_Real/Trabalho/microros_ros/banana/src/uros/micro_ros_msgs -DCMAKE_INSTALL_PREFIX=/home/ivan/Desktop/Unicamp/IvanUnicamp/Disciplinas/IM_420_Sistemas_Embarcados_de_Tempo_Real/Trabalho/microros_ros/banana/install/micro_ros_msgs
[1.966s] Invoking command in '/home/ivan/Desktop/Unicamp/IvanUnicamp/Disciplinas/IM_420_Sistemas_Embarcados_de_Tempo_Real/Trabalho/microros_ros/banana/build/micro_ros_msgs': CMAKE_PREFIX_PATH=${CMAKE_PREFIX_PATH}:/opt/ros/jazzy DEBUGINFOD_URLS=https://debuginfod.ubuntu.com my_kill_session=tmux kill-session -t /home/ivan/st/stm32cubeclt_1.16.0/CMake/bin/cmake --build /home/ivan/Desktop/Unicamp/IvanUnicamp/Disciplinas/IM_420_Sistemas_Embarcados_de_Tempo_Real/Trabalho/microros_ros/banana/build/micro_ros_msgs -- -j8 -l8
[1.996s] [  1%] Built target micro_ros_msgs__rosidl_generator_type_description
[2.000s] [  1%] Built target ament_cmake_python_copy_micro_ros_msgs
[2.005s] [  3%] Built target micro_ros_msgs__cpp
[2.010s] [ 24%] Built target micro_ros_msgs__rosidl_generator_c
[2.029s] [ 33%] Built target micro_ros_msgs__rosidl_typesupport_introspection_c
[2.032s] [ 42%] Built target micro_ros_msgs__rosidl_typesupport_c
[2.038s] [ 51%] Built target micro_ros_msgs__rosidl_typesupport_fastrtps_c
[2.040s] [ 61%] Built target micro_ros_msgs__rosidl_typesupport_fastrtps_cpp
[2.041s] [ 70%] Built target micro_ros_msgs__rosidl_typesupport_introspection_cpp
[2.042s] [ 79%] Built target micro_ros_msgs__rosidl_typesupport_cpp
[2.048s] [ 79%] Built target micro_ros_msgs
[2.068s] [ 81%] Built target micro_ros_msgs__py
[2.088s] [ 88%] Built target micro_ros_msgs__rosidl_generator_py
[2.112s] [100%] Built target micro_ros_msgs_s__rosidl_typesupport_introspection_c
[2.112s] [100%] Built target micro_ros_msgs_s__rosidl_typesupport_c
[2.112s] [100%] Built target micro_ros_msgs_s__rosidl_typesupport_fastrtps_c
[2.314s] running egg_info
[2.339s] writing micro_ros_msgs.egg-info/PKG-INFO
[2.340s] writing dependency_links to micro_ros_msgs.egg-info/dependency_links.txt
[2.340s] writing top-level names to micro_ros_msgs.egg-info/top_level.txt
[2.413s] reading manifest file 'micro_ros_msgs.egg-info/SOURCES.txt'
[2.414s] writing manifest file 'micro_ros_msgs.egg-info/SOURCES.txt'
[2.464s] [100%] Built target ament_cmake_python_build_micro_ros_msgs_egg
[2.474s] Invoked command in '/home/ivan/Desktop/Unicamp/IvanUnicamp/Disciplinas/IM_420_Sistemas_Embarcados_de_Tempo_Real/Trabalho/microros_ros/banana/build/micro_ros_msgs' returned '0': CMAKE_PREFIX_PATH=${CMAKE_PREFIX_PATH}:/opt/ros/jazzy DEBUGINFOD_URLS=https://debuginfod.ubuntu.com my_kill_session=tmux kill-session -t /home/ivan/st/stm32cubeclt_1.16.0/CMake/bin/cmake --build /home/ivan/Desktop/Unicamp/IvanUnicamp/Disciplinas/IM_420_Sistemas_Embarcados_de_Tempo_Real/Trabalho/microros_ros/banana/build/micro_ros_msgs -- -j8 -l8
[2.623s] Invoking command in '/home/ivan/Desktop/Unicamp/IvanUnicamp/Disciplinas/IM_420_Sistemas_Embarcados_de_Tempo_Real/Trabalho/microros_ros/banana/build/micro_ros_msgs': CMAKE_PREFIX_PATH=${CMAKE_PREFIX_PATH}:/opt/ros/jazzy DEBUGINFOD_URLS=https://debuginfod.ubuntu.com my_kill_session=tmux kill-session -t /home/ivan/st/stm32cubeclt_1.16.0/CMake/bin/cmake --install /home/ivan/Desktop/Unicamp/IvanUnicamp/Disciplinas/IM_420_Sistemas_Embarcados_de_Tempo_Real/Trabalho/microros_ros/banana/build/micro_ros_msgs
[2.629s] -- Install configuration: ""
[2.629s] -- Up-to-date: /home/ivan/Desktop/Unicamp/IvanUnicamp/Disciplinas/IM_420_Sistemas_Embarcados_de_Tempo_Real/Trabalho/microros_ros/banana/install/micro_ros_msgs/share/ament_index/resource_index/rosidl_interfaces/micro_ros_msgs
[2.630s] -- Up-to-date: /home/ivan/Desktop/Unicamp/IvanUnicamp/Disciplinas/IM_420_Sistemas_Embarcados_de_Tempo_Real/Trabalho/microros_ros/banana/install/micro_ros_msgs/share/micro_ros_msgs/msg/Graph.json
[2.631s] -- Up-to-date: /home/ivan/Desktop/Unicamp/IvanUnicamp/Disciplinas/IM_420_Sistemas_Embarcados_de_Tempo_Real/Trabalho/microros_ros/banana/install/micro_ros_msgs/share/micro_ros_msgs/msg/Node.json
[2.631s] -- Up-to-date: /home/ivan/Desktop/Unicamp/IvanUnicamp/Disciplinas/IM_420_Sistemas_Embarcados_de_Tempo_Real/Trabalho/microros_ros/banana/install/micro_ros_msgs/share/micro_ros_msgs/msg/Entity.json
[2.631s] -- Up-to-date: /home/ivan/Desktop/Unicamp/IvanUnicamp/Disciplinas/IM_420_Sistemas_Embarcados_de_Tempo_Real/Trabalho/microros_ros/banana/install/micro_ros_msgs/include/micro_ros_msgs/micro_ros_msgs
[2.631s] -- Up-to-date: /home/ivan/Desktop/Unicamp/IvanUnicamp/Disciplinas/IM_420_Sistemas_Embarcados_de_Tempo_Real/Trabalho/microros_ros/banana/install/micro_ros_msgs/include/micro_ros_msgs/micro_ros_msgs/msg
[2.631s] -- Up-to-date: /home/ivan/Desktop/Unicamp/IvanUnicamp/Disciplinas/IM_420_Sistemas_Embarcados_de_Tempo_Real/Trabalho/microros_ros/banana/install/micro_ros_msgs/include/micro_ros_msgs/micro_ros_msgs/msg/detail
[2.631s] -- Up-to-date: /home/ivan/Desktop/Unicamp/IvanUnicamp/Disciplinas/IM_420_Sistemas_Embarcados_de_Tempo_Real/Trabalho/microros_ros/banana/install/micro_ros_msgs/include/micro_ros_msgs/micro_ros_msgs/msg/detail/node__type_support.c
[2.632s] -- Up-to-date: /home/ivan/Desktop/Unicamp/IvanUnicamp/Disciplinas/IM_420_Sistemas_Embarcados_de_Tempo_Real/Trabalho/microros_ros/banana/install/micro_ros_msgs/include/micro_ros_msgs/micro_ros_msgs/msg/detail/entity__functions.c
[2.632s] -- Up-to-date: /home/ivan/Desktop/Unicamp/IvanUnicamp/Disciplinas/IM_420_Sistemas_Embarcados_de_Tempo_Real/Trabalho/microros_ros/banana/install/micro_ros_msgs/include/micro_ros_msgs/micro_ros_msgs/msg/detail/graph__type_support.c
[2.632s] -- Up-to-date: /home/ivan/Desktop/Unicamp/IvanUnicamp/Disciplinas/IM_420_Sistemas_Embarcados_de_Tempo_Real/Trabalho/microros_ros/banana/install/micro_ros_msgs/include/micro_ros_msgs/micro_ros_msgs/msg/detail/graph__type_support.h
[2.632s] -- Up-to-date: /home/ivan/Desktop/Unicamp/IvanUnicamp/Disciplinas/IM_420_Sistemas_Embarcados_de_Tempo_Real/Trabalho/microros_ros/banana/install/micro_ros_msgs/include/micro_ros_msgs/micro_ros_msgs/msg/detail/node__type_support.h
[2.632s] -- Up-to-date: /home/ivan/Desktop/Unicamp/IvanUnicamp/Disciplinas/IM_420_Sistemas_Embarcados_de_Tempo_Real/Trabalho/microros_ros/banana/install/micro_ros_msgs/include/micro_ros_msgs/micro_ros_msgs/msg/detail/graph__struct.h
[2.632s] -- Up-to-date: /home/ivan/Desktop/Unicamp/IvanUnicamp/Disciplinas/IM_420_Sistemas_Embarcados_de_Tempo_Real/Trabalho/microros_ros/banana/install/micro_ros_msgs/include/micro_ros_msgs/micro_ros_msgs/msg/detail/graph__description.c
[2.632s] -- Up-to-date: /home/ivan/Desktop/Unicamp/IvanUnicamp/Disciplinas/IM_420_Sistemas_Embarcados_de_Tempo_Real/Trabalho/microros_ros/banana/install/micro_ros_msgs/include/micro_ros_msgs/micro_ros_msgs/msg/detail/entity__functions.h
[2.632s] -- Up-to-date: /home/ivan/Desktop/Unicamp/IvanUnicamp/Disciplinas/IM_420_Sistemas_Embarcados_de_Tempo_Real/Trabalho/microros_ros/banana/install/micro_ros_msgs/include/micro_ros_msgs/micro_ros_msgs/msg/detail/entity__struct.h
[2.633s] -- Up-to-date: /home/ivan/Desktop/Unicamp/IvanUnicamp/Disciplinas/IM_420_Sistemas_Embarcados_de_Tempo_Real/Trabalho/microros_ros/banana/install/micro_ros_msgs/include/micro_ros_msgs/micro_ros_msgs/msg/detail/graph__functions.h
[2.633s] -- Up-to-date: /home/ivan/Desktop/Unicamp/IvanUnicamp/Disciplinas/IM_420_Sistemas_Embarcados_de_Tempo_Real/Trabalho/microros_ros/banana/install/micro_ros_msgs/include/micro_ros_msgs/micro_ros_msgs/msg/detail/entity__type_support.c
[2.633s] -- Up-to-date: /home/ivan/Desktop/Unicamp/IvanUnicamp/Disciplinas/IM_420_Sistemas_Embarcados_de_Tempo_Real/Trabalho/microros_ros/banana/install/micro_ros_msgs/include/micro_ros_msgs/micro_ros_msgs/msg/detail/node__functions.h
[2.633s] -- Up-to-date: /home/ivan/Desktop/Unicamp/IvanUnicamp/Disciplinas/IM_420_Sistemas_Embarcados_de_Tempo_Real/Trabalho/microros_ros/banana/install/micro_ros_msgs/include/micro_ros_msgs/micro_ros_msgs/msg/detail/entity__type_support.h
[2.633s] -- Up-to-date: /home/ivan/Desktop/Unicamp/IvanUnicamp/Disciplinas/IM_420_Sistemas_Embarcados_de_Tempo_Real/Trabalho/microros_ros/banana/install/micro_ros_msgs/include/micro_ros_msgs/micro_ros_msgs/msg/detail/entity__description.c
[2.633s] -- Up-to-date: /home/ivan/Desktop/Unicamp/IvanUnicamp/Disciplinas/IM_420_Sistemas_Embarcados_de_Tempo_Real/Trabalho/microros_ros/banana/install/micro_ros_msgs/include/micro_ros_msgs/micro_ros_msgs/msg/detail/graph__functions.c
[2.633s] -- Up-to-date: /home/ivan/Desktop/Unicamp/IvanUnicamp/Disciplinas/IM_420_Sistemas_Embarcados_de_Tempo_Real/Trabalho/microros_ros/banana/install/micro_ros_msgs/include/micro_ros_msgs/micro_ros_msgs/msg/detail/node__description.c
[2.633s] -- Up-to-date: /home/ivan/Desktop/Unicamp/IvanUnicamp/Disciplinas/IM_420_Sistemas_Embarcados_de_Tempo_Real/Trabalho/microros_ros/banana/install/micro_ros_msgs/include/micro_ros_msgs/micro_ros_msgs/msg/detail/node__struct.h
[2.633s] -- Up-to-date: /home/ivan/Desktop/Unicamp/IvanUnicamp/Disciplinas/IM_420_Sistemas_Embarcados_de_Tempo_Real/Trabalho/microros_ros/banana/install/micro_ros_msgs/include/micro_ros_msgs/micro_ros_msgs/msg/detail/node__functions.c
[2.633s] -- Up-to-date: /home/ivan/Desktop/Unicamp/IvanUnicamp/Disciplinas/IM_420_Sistemas_Embarcados_de_Tempo_Real/Trabalho/microros_ros/banana/install/micro_ros_msgs/include/micro_ros_msgs/micro_ros_msgs/msg/graph.h
[2.634s] -- Up-to-date: /home/ivan/Desktop/Unicamp/IvanUnicamp/Disciplinas/IM_420_Sistemas_Embarcados_de_Tempo_Real/Trabalho/microros_ros/banana/install/micro_ros_msgs/include/micro_ros_msgs/micro_ros_msgs/msg/node.h
[2.634s] -- Up-to-date: /home/ivan/Desktop/Unicamp/IvanUnicamp/Disciplinas/IM_420_Sistemas_Embarcados_de_Tempo_Real/Trabalho/microros_ros/banana/install/micro_ros_msgs/include/micro_ros_msgs/micro_ros_msgs/msg/rosidl_generator_c__visibility_control.h
[2.634s] -- Up-to-date: /home/ivan/Desktop/Unicamp/IvanUnicamp/Disciplinas/IM_420_Sistemas_Embarcados_de_Tempo_Real/Trabalho/microros_ros/banana/install/micro_ros_msgs/include/micro_ros_msgs/micro_ros_msgs/msg/entity.h
[2.634s] -- Up-to-date: /home/ivan/Desktop/Unicamp/IvanUnicamp/Disciplinas/IM_420_Sistemas_Embarcados_de_Tempo_Real/Trabalho/microros_ros/banana/install/micro_ros_msgs/share/micro_ros_msgs/environment/library_path.sh
[2.634s] -- Up-to-date: /home/ivan/Desktop/Unicamp/IvanUnicamp/Disciplinas/IM_420_Sistemas_Embarcados_de_Tempo_Real/Trabalho/microros_ros/banana/install/micro_ros_msgs/share/micro_ros_msgs/environment/library_path.dsv
[2.634s] -- Up-to-date: /home/ivan/Desktop/Unicamp/IvanUnicamp/Disciplinas/IM_420_Sistemas_Embarcados_de_Tempo_Real/Trabalho/microros_ros/banana/install/micro_ros_msgs/lib/libmicro_ros_msgs__rosidl_generator_c.so
[2.634s] -- Up-to-date: /home/ivan/Desktop/Unicamp/IvanUnicamp/Disciplinas/IM_420_Sistemas_Embarcados_de_Tempo_Real/Trabalho/microros_ros/banana/install/micro_ros_msgs/include/micro_ros_msgs/micro_ros_msgs
[2.634s] -- Up-to-date: /home/ivan/Desktop/Unicamp/IvanUnicamp/Disciplinas/IM_420_Sistemas_Embarcados_de_Tempo_Real/Trabalho/microros_ros/banana/install/micro_ros_msgs/include/micro_ros_msgs/micro_ros_msgs/msg
[2.634s] -- Up-to-date: /home/ivan/Desktop/Unicamp/IvanUnicamp/Disciplinas/IM_420_Sistemas_Embarcados_de_Tempo_Real/Trabalho/microros_ros/banana/install/micro_ros_msgs/include/micro_ros_msgs/micro_ros_msgs/msg/detail
[2.635s] -- Up-to-date: /home/ivan/Desktop/Unicamp/IvanUnicamp/Disciplinas/IM_420_Sistemas_Embarcados_de_Tempo_Real/Trabalho/microros_ros/banana/install/micro_ros_msgs/include/micro_ros_msgs/micro_ros_msgs/msg/detail/graph__rosidl_typesupport_fastrtps_c.h
[2.635s] -- Up-to-date: /home/ivan/Desktop/Unicamp/IvanUnicamp/Disciplinas/IM_420_Sistemas_Embarcados_de_Tempo_Real/Trabalho/microros_ros/banana/install/micro_ros_msgs/include/micro_ros_msgs/micro_ros_msgs/msg/detail/node__rosidl_typesupport_fastrtps_c.h
[2.635s] -- Up-to-date: /home/ivan/Desktop/Unicamp/IvanUnicamp/Disciplinas/IM_420_Sistemas_Embarcados_de_Tempo_Real/Trabalho/microros_ros/banana/install/micro_ros_msgs/include/micro_ros_msgs/micro_ros_msgs/msg/detail/entity__rosidl_typesupport_fastrtps_c.h
[2.635s] -- Up-to-date: /home/ivan/Desktop/Unicamp/IvanUnicamp/Disciplinas/IM_420_Sistemas_Embarcados_de_Tempo_Real/Trabalho/microros_ros/banana/install/micro_ros_msgs/include/micro_ros_msgs/micro_ros_msgs/msg/rosidl_typesupport_fastrtps_c__visibility_control.h
[2.635s] -- Up-to-date: /home/ivan/Desktop/Unicamp/IvanUnicamp/Disciplinas/IM_420_Sistemas_Embarcados_de_Tempo_Real/Trabalho/microros_ros/banana/install/micro_ros_msgs/lib/libmicro_ros_msgs__rosidl_typesupport_fastrtps_c.so
[2.635s] -- Up-to-date: /home/ivan/Desktop/Unicamp/IvanUnicamp/Disciplinas/IM_420_Sistemas_Embarcados_de_Tempo_Real/Trabalho/microros_ros/banana/install/micro_ros_msgs/include/micro_ros_msgs/micro_ros_msgs
[2.636s] -- Up-to-date: /home/ivan/Desktop/Unicamp/IvanUnicamp/Disciplinas/IM_420_Sistemas_Embarcados_de_Tempo_Real/Trabalho/microros_ros/banana/install/micro_ros_msgs/include/micro_ros_msgs/micro_ros_msgs/msg
[2.636s] -- Up-to-date: /home/ivan/Desktop/Unicamp/IvanUnicamp/Disciplinas/IM_420_Sistemas_Embarcados_de_Tempo_Real/Trabalho/microros_ros/banana/install/micro_ros_msgs/include/micro_ros_msgs/micro_ros_msgs/msg/detail
[2.636s] -- Up-to-date: /home/ivan/Desktop/Unicamp/IvanUnicamp/Disciplinas/IM_420_Sistemas_Embarcados_de_Tempo_Real/Trabalho/microros_ros/banana/install/micro_ros_msgs/include/micro_ros_msgs/micro_ros_msgs/msg/detail/node__type_support.c
[2.636s] -- Up-to-date: /home/ivan/Desktop/Unicamp/IvanUnicamp/Disciplinas/IM_420_Sistemas_Embarcados_de_Tempo_Real/Trabalho/microros_ros/banana/install/micro_ros_msgs/include/micro_ros_msgs/micro_ros_msgs/msg/detail/entity__rosidl_typesupport_introspection_c.h
[2.636s] -- Up-to-date: /home/ivan/Desktop/Unicamp/IvanUnicamp/Disciplinas/IM_420_Sistemas_Embarcados_de_Tempo_Real/Trabalho/microros_ros/banana/install/micro_ros_msgs/include/micro_ros_msgs/micro_ros_msgs/msg/detail/graph__type_support.c
[2.636s] -- Up-to-date: /home/ivan/Desktop/Unicamp/IvanUnicamp/Disciplinas/IM_420_Sistemas_Embarcados_de_Tempo_Real/Trabalho/microros_ros/banana/install/micro_ros_msgs/include/micro_ros_msgs/micro_ros_msgs/msg/detail/graph__rosidl_typesupport_introspection_c.h
[2.636s] -- Up-to-date: /home/ivan/Desktop/Unicamp/IvanUnicamp/Disciplinas/IM_420_Sistemas_Embarcados_de_Tempo_Real/Trabalho/microros_ros/banana/install/micro_ros_msgs/include/micro_ros_msgs/micro_ros_msgs/msg/detail/entity__type_support.c
[2.636s] -- Up-to-date: /home/ivan/Desktop/Unicamp/IvanUnicamp/Disciplinas/IM_420_Sistemas_Embarcados_de_Tempo_Real/Trabalho/microros_ros/banana/install/micro_ros_msgs/include/micro_ros_msgs/micro_ros_msgs/msg/detail/node__rosidl_typesupport_introspection_c.h
[2.636s] -- Up-to-date: /home/ivan/Desktop/Unicamp/IvanUnicamp/Disciplinas/IM_420_Sistemas_Embarcados_de_Tempo_Real/Trabalho/microros_ros/banana/install/micro_ros_msgs/include/micro_ros_msgs/micro_ros_msgs/msg/rosidl_typesupport_introspection_c__visibility_control.h
[2.636s] -- Up-to-date: /home/ivan/Desktop/Unicamp/IvanUnicamp/Disciplinas/IM_420_Sistemas_Embarcados_de_Tempo_Real/Trabalho/microros_ros/banana/install/micro_ros_msgs/lib/libmicro_ros_msgs__rosidl_typesupport_introspection_c.so
[2.637s] -- Up-to-date: /home/ivan/Desktop/Unicamp/IvanUnicamp/Disciplinas/IM_420_Sistemas_Embarcados_de_Tempo_Real/Trabalho/microros_ros/banana/install/micro_ros_msgs/lib/libmicro_ros_msgs__rosidl_typesupport_c.so
[2.637s] -- Up-to-date: /home/ivan/Desktop/Unicamp/IvanUnicamp/Disciplinas/IM_420_Sistemas_Embarcados_de_Tempo_Real/Trabalho/microros_ros/banana/install/micro_ros_msgs/include/micro_ros_msgs/micro_ros_msgs
[2.637s] -- Up-to-date: /home/ivan/Desktop/Unicamp/IvanUnicamp/Disciplinas/IM_420_Sistemas_Embarcados_de_Tempo_Real/Trabalho/microros_ros/banana/install/micro_ros_msgs/include/micro_ros_msgs/micro_ros_msgs/msg
[2.637s] -- Up-to-date: /home/ivan/Desktop/Unicamp/IvanUnicamp/Disciplinas/IM_420_Sistemas_Embarcados_de_Tempo_Real/Trabalho/microros_ros/banana/install/micro_ros_msgs/include/micro_ros_msgs/micro_ros_msgs/msg/detail
[2.637s] -- Up-to-date: /home/ivan/Desktop/Unicamp/IvanUnicamp/Disciplinas/IM_420_Sistemas_Embarcados_de_Tempo_Real/Trabalho/microros_ros/banana/install/micro_ros_msgs/include/micro_ros_msgs/micro_ros_msgs/msg/detail/node__type_support.hpp
[2.637s] -- Up-to-date: /home/ivan/Desktop/Unicamp/IvanUnicamp/Disciplinas/IM_420_Sistemas_Embarcados_de_Tempo_Real/Trabalho/microros_ros/banana/install/micro_ros_msgs/include/micro_ros_msgs/micro_ros_msgs/msg/detail/entity__struct.hpp
[2.637s] -- Up-to-date: /home/ivan/Desktop/Unicamp/IvanUnicamp/Disciplinas/IM_420_Sistemas_Embarcados_de_Tempo_Real/Trabalho/microros_ros/banana/install/micro_ros_msgs/include/micro_ros_msgs/micro_ros_msgs/msg/detail/graph__builder.hpp
[2.637s] -- Up-to-date: /home/ivan/Desktop/Unicamp/IvanUnicamp/Disciplinas/IM_420_Sistemas_Embarcados_de_Tempo_Real/Trabalho/microros_ros/banana/install/micro_ros_msgs/include/micro_ros_msgs/micro_ros_msgs/msg/detail/node__traits.hpp
[2.637s] -- Up-to-date: /home/ivan/Desktop/Unicamp/IvanUnicamp/Disciplinas/IM_420_Sistemas_Embarcados_de_Tempo_Real/Trabalho/microros_ros/banana/install/micro_ros_msgs/include/micro_ros_msgs/micro_ros_msgs/msg/detail/entity__traits.hpp
[2.637s] -- Up-to-date: /home/ivan/Desktop/Unicamp/IvanUnicamp/Disciplinas/IM_420_Sistemas_Embarcados_de_Tempo_Real/Trabalho/microros_ros/banana/install/micro_ros_msgs/include/micro_ros_msgs/micro_ros_msgs/msg/detail/entity__builder.hpp
[2.637s] -- Up-to-date: /home/ivan/Desktop/Unicamp/IvanUnicamp/Disciplinas/IM_420_Sistemas_Embarcados_de_Tempo_Real/Trabalho/microros_ros/banana/install/micro_ros_msgs/include/micro_ros_msgs/micro_ros_msgs/msg/detail/graph__struct.hpp
[2.638s] -- Up-to-date: /home/ivan/Desktop/Unicamp/IvanUnicamp/Disciplinas/IM_420_Sistemas_Embarcados_de_Tempo_Real/Trabalho/microros_ros/banana/install/micro_ros_msgs/include/micro_ros_msgs/micro_ros_msgs/msg/detail/graph__traits.hpp
[2.638s] -- Up-to-date: /home/ivan/Desktop/Unicamp/IvanUnicamp/Disciplinas/IM_420_Sistemas_Embarcados_de_Tempo_Real/Trabalho/microros_ros/banana/install/micro_ros_msgs/include/micro_ros_msgs/micro_ros_msgs/msg/detail/node__builder.hpp
[2.638s] -- Up-to-date: /home/ivan/Desktop/Unicamp/IvanUnicamp/Disciplinas/IM_420_Sistemas_Embarcados_de_Tempo_Real/Trabalho/microros_ros/banana/install/micro_ros_msgs/include/micro_ros_msgs/micro_ros_msgs/msg/detail/node__struct.hpp
[2.638s] -- Up-to-date: /home/ivan/Desktop/Unicamp/IvanUnicamp/Disciplinas/IM_420_Sistemas_Embarcados_de_Tempo_Real/Trabalho/microros_ros/banana/install/micro_ros_msgs/include/micro_ros_msgs/micro_ros_msgs/msg/detail/graph__type_support.hpp
[2.638s] -- Up-to-date: /home/ivan/Desktop/Unicamp/IvanUnicamp/Disciplinas/IM_420_Sistemas_Embarcados_de_Tempo_Real/Trabalho/microros_ros/banana/install/micro_ros_msgs/include/micro_ros_msgs/micro_ros_msgs/msg/detail/entity__type_support.hpp
[2.638s] -- Up-to-date: /home/ivan/Desktop/Unicamp/IvanUnicamp/Disciplinas/IM_420_Sistemas_Embarcados_de_Tempo_Real/Trabalho/microros_ros/banana/install/micro_ros_msgs/include/micro_ros_msgs/micro_ros_msgs/msg/entity.hpp
[2.638s] -- Up-to-date: /home/ivan/Desktop/Unicamp/IvanUnicamp/Disciplinas/IM_420_Sistemas_Embarcados_de_Tempo_Real/Trabalho/microros_ros/banana/install/micro_ros_msgs/include/micro_ros_msgs/micro_ros_msgs/msg/graph.hpp
[2.638s] -- Up-to-date: /home/ivan/Desktop/Unicamp/IvanUnicamp/Disciplinas/IM_420_Sistemas_Embarcados_de_Tempo_Real/Trabalho/microros_ros/banana/install/micro_ros_msgs/include/micro_ros_msgs/micro_ros_msgs/msg/rosidl_generator_cpp__visibility_control.hpp
[2.638s] -- Up-to-date: /home/ivan/Desktop/Unicamp/IvanUnicamp/Disciplinas/IM_420_Sistemas_Embarcados_de_Tempo_Real/Trabalho/microros_ros/banana/install/micro_ros_msgs/include/micro_ros_msgs/micro_ros_msgs/msg/node.hpp
[2.638s] -- Up-to-date: /home/ivan/Desktop/Unicamp/IvanUnicamp/Disciplinas/IM_420_Sistemas_Embarcados_de_Tempo_Real/Trabalho/microros_ros/banana/install/micro_ros_msgs/include/micro_ros_msgs/micro_ros_msgs
[2.638s] -- Up-to-date: /home/ivan/Desktop/Unicamp/IvanUnicamp/Disciplinas/IM_420_Sistemas_Embarcados_de_Tempo_Real/Trabalho/microros_ros/banana/install/micro_ros_msgs/include/micro_ros_msgs/micro_ros_msgs/msg
[2.638s] -- Up-to-date: /home/ivan/Desktop/Unicamp/IvanUnicamp/Disciplinas/IM_420_Sistemas_Embarcados_de_Tempo_Real/Trabalho/microros_ros/banana/install/micro_ros_msgs/include/micro_ros_msgs/micro_ros_msgs/msg/detail
[2.638s] -- Up-to-date: /home/ivan/Desktop/Unicamp/IvanUnicamp/Disciplinas/IM_420_Sistemas_Embarcados_de_Tempo_Real/Trabalho/microros_ros/banana/install/micro_ros_msgs/include/micro_ros_msgs/micro_ros_msgs/msg/detail/node__rosidl_typesupport_fastrtps_cpp.hpp
[2.639s] -- Up-to-date: /home/ivan/Desktop/Unicamp/IvanUnicamp/Disciplinas/IM_420_Sistemas_Embarcados_de_Tempo_Real/Trabalho/microros_ros/banana/install/micro_ros_msgs/include/micro_ros_msgs/micro_ros_msgs/msg/detail/entity__rosidl_typesupport_fastrtps_cpp.hpp
[2.639s] -- Up-to-date: /home/ivan/Desktop/Unicamp/IvanUnicamp/Disciplinas/IM_420_Sistemas_Embarcados_de_Tempo_Real/Trabalho/microros_ros/banana/install/micro_ros_msgs/include/micro_ros_msgs/micro_ros_msgs/msg/detail/dds_fastrtps
[2.639s] -- Up-to-date: /home/ivan/Desktop/Unicamp/IvanUnicamp/Disciplinas/IM_420_Sistemas_Embarcados_de_Tempo_Real/Trabalho/microros_ros/banana/install/micro_ros_msgs/include/micro_ros_msgs/micro_ros_msgs/msg/detail/graph__rosidl_typesupport_fastrtps_cpp.hpp
[2.639s] -- Up-to-date: /home/ivan/Desktop/Unicamp/IvanUnicamp/Disciplinas/IM_420_Sistemas_Embarcados_de_Tempo_Real/Trabalho/microros_ros/banana/install/micro_ros_msgs/include/micro_ros_msgs/micro_ros_msgs/msg/rosidl_typesupport_fastrtps_cpp__visibility_control.h
[2.643s] -- Up-to-date: /home/ivan/Desktop/Unicamp/IvanUnicamp/Disciplinas/IM_420_Sistemas_Embarcados_de_Tempo_Real/Trabalho/microros_ros/banana/install/micro_ros_msgs/lib/libmicro_ros_msgs__rosidl_typesupport_fastrtps_cpp.so
[2.643s] -- Up-to-date: /home/ivan/Desktop/Unicamp/IvanUnicamp/Disciplinas/IM_420_Sistemas_Embarcados_de_Tempo_Real/Trabalho/microros_ros/banana/install/micro_ros_msgs/include/micro_ros_msgs/micro_ros_msgs
[2.643s] -- Up-to-date: /home/ivan/Desktop/Unicamp/IvanUnicamp/Disciplinas/IM_420_Sistemas_Embarcados_de_Tempo_Real/Trabalho/microros_ros/banana/install/micro_ros_msgs/include/micro_ros_msgs/micro_ros_msgs/msg
[2.643s] -- Up-to-date: /home/ivan/Desktop/Unicamp/IvanUnicamp/Disciplinas/IM_420_Sistemas_Embarcados_de_Tempo_Real/Trabalho/microros_ros/banana/install/micro_ros_msgs/include/micro_ros_msgs/micro_ros_msgs/msg/detail
[2.643s] -- Up-to-date: /home/ivan/Desktop/Unicamp/IvanUnicamp/Disciplinas/IM_420_Sistemas_Embarcados_de_Tempo_Real/Trabalho/microros_ros/banana/install/micro_ros_msgs/include/micro_ros_msgs/micro_ros_msgs/msg/detail/entity__type_support.cpp
[2.643s] -- Up-to-date: /home/ivan/Desktop/Unicamp/IvanUnicamp/Disciplinas/IM_420_Sistemas_Embarcados_de_Tempo_Real/Trabalho/microros_ros/banana/install/micro_ros_msgs/include/micro_ros_msgs/micro_ros_msgs/msg/detail/entity__rosidl_typesupport_introspection_cpp.hpp
[2.643s] -- Up-to-date: /home/ivan/Desktop/Unicamp/IvanUnicamp/Disciplinas/IM_420_Sistemas_Embarcados_de_Tempo_Real/Trabalho/microros_ros/banana/install/micro_ros_msgs/include/micro_ros_msgs/micro_ros_msgs/msg/detail/node__rosidl_typesupport_introspection_cpp.hpp
[2.643s] -- Up-to-date: /home/ivan/Desktop/Unicamp/IvanUnicamp/Disciplinas/IM_420_Sistemas_Embarcados_de_Tempo_Real/Trabalho/microros_ros/banana/install/micro_ros_msgs/include/micro_ros_msgs/micro_ros_msgs/msg/detail/graph__type_support.cpp
[2.643s] -- Up-to-date: /home/ivan/Desktop/Unicamp/IvanUnicamp/Disciplinas/IM_420_Sistemas_Embarcados_de_Tempo_Real/Trabalho/microros_ros/banana/install/micro_ros_msgs/include/micro_ros_msgs/micro_ros_msgs/msg/detail/node__type_support.cpp
[2.643s] -- Up-to-date: /home/ivan/Desktop/Unicamp/IvanUnicamp/Disciplinas/IM_420_Sistemas_Embarcados_de_Tempo_Real/Trabalho/microros_ros/banana/install/micro_ros_msgs/include/micro_ros_msgs/micro_ros_msgs/msg/detail/graph__rosidl_typesupport_introspection_cpp.hpp
[2.643s] -- Up-to-date: /home/ivan/Desktop/Unicamp/IvanUnicamp/Disciplinas/IM_420_Sistemas_Embarcados_de_Tempo_Real/Trabalho/microros_ros/banana/install/micro_ros_msgs/lib/libmicro_ros_msgs__rosidl_typesupport_introspection_cpp.so
[2.643s] -- Up-to-date: /home/ivan/Desktop/Unicamp/IvanUnicamp/Disciplinas/IM_420_Sistemas_Embarcados_de_Tempo_Real/Trabalho/microros_ros/banana/install/micro_ros_msgs/lib/libmicro_ros_msgs__rosidl_typesupport_cpp.so
[2.643s] -- Up-to-date: /home/ivan/Desktop/Unicamp/IvanUnicamp/Disciplinas/IM_420_Sistemas_Embarcados_de_Tempo_Real/Trabalho/microros_ros/banana/install/micro_ros_msgs/share/micro_ros_msgs/environment/pythonpath.sh
[2.644s] -- Up-to-date: /home/ivan/Desktop/Unicamp/IvanUnicamp/Disciplinas/IM_420_Sistemas_Embarcados_de_Tempo_Real/Trabalho/microros_ros/banana/install/micro_ros_msgs/share/micro_ros_msgs/environment/pythonpath.dsv
[2.644s] -- Up-to-date: /home/ivan/Desktop/Unicamp/IvanUnicamp/Disciplinas/IM_420_Sistemas_Embarcados_de_Tempo_Real/Trabalho/microros_ros/banana/install/micro_ros_msgs/lib/python3.12/site-packages/micro_ros_msgs-5.0.2-py3.12.egg-info
[2.644s] -- Installing: /home/ivan/Desktop/Unicamp/IvanUnicamp/Disciplinas/IM_420_Sistemas_Embarcados_de_Tempo_Real/Trabalho/microros_ros/banana/install/micro_ros_msgs/lib/python3.12/site-packages/micro_ros_msgs-5.0.2-py3.12.egg-info/PKG-INFO
[2.644s] -- Installing: /home/ivan/Desktop/Unicamp/IvanUnicamp/Disciplinas/IM_420_Sistemas_Embarcados_de_Tempo_Real/Trabalho/microros_ros/banana/install/micro_ros_msgs/lib/python3.12/site-packages/micro_ros_msgs-5.0.2-py3.12.egg-info/top_level.txt
[2.644s] -- Installing: /home/ivan/Desktop/Unicamp/IvanUnicamp/Disciplinas/IM_420_Sistemas_Embarcados_de_Tempo_Real/Trabalho/microros_ros/banana/install/micro_ros_msgs/lib/python3.12/site-packages/micro_ros_msgs-5.0.2-py3.12.egg-info/dependency_links.txt
[2.644s] -- Installing: /home/ivan/Desktop/Unicamp/IvanUnicamp/Disciplinas/IM_420_Sistemas_Embarcados_de_Tempo_Real/Trabalho/microros_ros/banana/install/micro_ros_msgs/lib/python3.12/site-packages/micro_ros_msgs-5.0.2-py3.12.egg-info/SOURCES.txt
[2.644s] -- Up-to-date: /home/ivan/Desktop/Unicamp/IvanUnicamp/Disciplinas/IM_420_Sistemas_Embarcados_de_Tempo_Real/Trabalho/microros_ros/banana/install/micro_ros_msgs/lib/python3.12/site-packages/micro_ros_msgs
[2.644s] -- Up-to-date: /home/ivan/Desktop/Unicamp/IvanUnicamp/Disciplinas/IM_420_Sistemas_Embarcados_de_Tempo_Real/Trabalho/microros_ros/banana/install/micro_ros_msgs/lib/python3.12/site-packages/micro_ros_msgs/_micro_ros_msgs_s.ep.rosidl_typesupport_fastrtps_c.c
[2.644s] -- Up-to-date: /home/ivan/Desktop/Unicamp/IvanUnicamp/Disciplinas/IM_420_Sistemas_Embarcados_de_Tempo_Real/Trabalho/microros_ros/banana/install/micro_ros_msgs/lib/python3.12/site-packages/micro_ros_msgs/msg
[2.644s] -- Up-to-date: /home/ivan/Desktop/Unicamp/IvanUnicamp/Disciplinas/IM_420_Sistemas_Embarcados_de_Tempo_Real/Trabalho/microros_ros/banana/install/micro_ros_msgs/lib/python3.12/site-packages/micro_ros_msgs/msg/_node.py
[2.644s] -- Up-to-date: /home/ivan/Desktop/Unicamp/IvanUnicamp/Disciplinas/IM_420_Sistemas_Embarcados_de_Tempo_Real/Trabalho/microros_ros/banana/install/micro_ros_msgs/lib/python3.12/site-packages/micro_ros_msgs/msg/_node_s.c
[2.644s] -- Up-to-date: /home/ivan/Desktop/Unicamp/IvanUnicamp/Disciplinas/IM_420_Sistemas_Embarcados_de_Tempo_Real/Trabalho/microros_ros/banana/install/micro_ros_msgs/lib/python3.12/site-packages/micro_ros_msgs/msg/_entity.py
[2.645s] -- Up-to-date: /home/ivan/Desktop/Unicamp/IvanUnicamp/Disciplinas/IM_420_Sistemas_Embarcados_de_Tempo_Real/Trabalho/microros_ros/banana/install/micro_ros_msgs/lib/python3.12/site-packages/micro_ros_msgs/msg/_graph.py
[2.645s] -- Up-to-date: /home/ivan/Desktop/Unicamp/IvanUnicamp/Disciplinas/IM_420_Sistemas_Embarcados_de_Tempo_Real/Trabalho/microros_ros/banana/install/micro_ros_msgs/lib/python3.12/site-packages/micro_ros_msgs/msg/_graph_s.c
[2.645s] -- Up-to-date: /home/ivan/Desktop/Unicamp/IvanUnicamp/Disciplinas/IM_420_Sistemas_Embarcados_de_Tempo_Real/Trabalho/microros_ros/banana/install/micro_ros_msgs/lib/python3.12/site-packages/micro_ros_msgs/msg/_entity_s.c
[2.645s] -- Up-to-date: /home/ivan/Desktop/Unicamp/IvanUnicamp/Disciplinas/IM_420_Sistemas_Embarcados_de_Tempo_Real/Trabalho/microros_ros/banana/install/micro_ros_msgs/lib/python3.12/site-packages/micro_ros_msgs/msg/__init__.py
[2.646s] -- Up-to-date: /home/ivan/Desktop/Unicamp/IvanUnicamp/Disciplinas/IM_420_Sistemas_Embarcados_de_Tempo_Real/Trabalho/microros_ros/banana/install/micro_ros_msgs/lib/python3.12/site-packages/micro_ros_msgs/micro_ros_msgs_s__rosidl_typesupport_introspection_c.so
[2.646s] -- Up-to-date: /home/ivan/Desktop/Unicamp/IvanUnicamp/Disciplinas/IM_420_Sistemas_Embarcados_de_Tempo_Real/Trabalho/microros_ros/banana/install/micro_ros_msgs/lib/python3.12/site-packages/micro_ros_msgs/micro_ros_msgs_s__rosidl_typesupport_c.so
[2.646s] -- Up-to-date: /home/ivan/Desktop/Unicamp/IvanUnicamp/Disciplinas/IM_420_Sistemas_Embarcados_de_Tempo_Real/Trabalho/microros_ros/banana/install/micro_ros_msgs/lib/python3.12/site-packages/micro_ros_msgs/_micro_ros_msgs_s.ep.rosidl_typesupport_introspection_c.c
[2.646s] -- Up-to-date: /home/ivan/Desktop/Unicamp/IvanUnicamp/Disciplinas/IM_420_Sistemas_Embarcados_de_Tempo_Real/Trabalho/microros_ros/banana/install/micro_ros_msgs/lib/python3.12/site-packages/micro_ros_msgs/_micro_ros_msgs_s.ep.rosidl_typesupport_c.c
[2.646s] -- Installing: /home/ivan/Desktop/Unicamp/IvanUnicamp/Disciplinas/IM_420_Sistemas_Embarcados_de_Tempo_Real/Trabalho/microros_ros/banana/install/micro_ros_msgs/lib/python3.12/site-packages/micro_ros_msgs/__init__.py
[2.646s] -- Up-to-date: /home/ivan/Desktop/Unicamp/IvanUnicamp/Disciplinas/IM_420_Sistemas_Embarcados_de_Tempo_Real/Trabalho/microros_ros/banana/install/micro_ros_msgs/lib/python3.12/site-packages/micro_ros_msgs/micro_ros_msgs_s__rosidl_typesupport_fastrtps_c.so
[2.704s] Listing '/home/ivan/Desktop/Unicamp/IvanUnicamp/Disciplinas/IM_420_Sistemas_Embarcados_de_Tempo_Real/Trabalho/microros_ros/banana/install/micro_ros_msgs/lib/python3.12/site-packages/micro_ros_msgs'...
[2.704s] Compiling '/home/ivan/Desktop/Unicamp/IvanUnicamp/Disciplinas/IM_420_Sistemas_Embarcados_de_Tempo_Real/Trabalho/microros_ros/banana/install/micro_ros_msgs/lib/python3.12/site-packages/micro_ros_msgs/__init__.py'...
[2.704s] Listing '/home/ivan/Desktop/Unicamp/IvanUnicamp/Disciplinas/IM_420_Sistemas_Embarcados_de_Tempo_Real/Trabalho/microros_ros/banana/install/micro_ros_msgs/lib/python3.12/site-packages/micro_ros_msgs/msg'...
[2.713s] -- Up-to-date: /home/ivan/Desktop/Unicamp/IvanUnicamp/Disciplinas/IM_420_Sistemas_Embarcados_de_Tempo_Real/Trabalho/microros_ros/banana/install/micro_ros_msgs/lib/python3.12/site-packages/micro_ros_msgs/micro_ros_msgs_s__rosidl_typesupport_fastrtps_c.so
[2.713s] -- Up-to-date: /home/ivan/Desktop/Unicamp/IvanUnicamp/Disciplinas/IM_420_Sistemas_Embarcados_de_Tempo_Real/Trabalho/microros_ros/banana/install/micro_ros_msgs/lib/python3.12/site-packages/micro_ros_msgs/micro_ros_msgs_s__rosidl_typesupport_introspection_c.so
[2.714s] -- Up-to-date: /home/ivan/Desktop/Unicamp/IvanUnicamp/Disciplinas/IM_420_Sistemas_Embarcados_de_Tempo_Real/Trabalho/microros_ros/banana/install/micro_ros_msgs/lib/python3.12/site-packages/micro_ros_msgs/micro_ros_msgs_s__rosidl_typesupport_c.so
[2.714s] -- Up-to-date: /home/ivan/Desktop/Unicamp/IvanUnicamp/Disciplinas/IM_420_Sistemas_Embarcados_de_Tempo_Real/Trabalho/microros_ros/banana/install/micro_ros_msgs/lib/libmicro_ros_msgs__rosidl_generator_py.so
[2.714s] -- Up-to-date: /home/ivan/Desktop/Unicamp/IvanUnicamp/Disciplinas/IM_420_Sistemas_Embarcados_de_Tempo_Real/Trabalho/microros_ros/banana/install/micro_ros_msgs/share/micro_ros_msgs/msg/Graph.idl
[2.714s] -- Up-to-date: /home/ivan/Desktop/Unicamp/IvanUnicamp/Disciplinas/IM_420_Sistemas_Embarcados_de_Tempo_Real/Trabalho/microros_ros/banana/install/micro_ros_msgs/share/micro_ros_msgs/msg/Node.idl
[2.714s] -- Up-to-date: /home/ivan/Desktop/Unicamp/IvanUnicamp/Disciplinas/IM_420_Sistemas_Embarcados_de_Tempo_Real/Trabalho/microros_ros/banana/install/micro_ros_msgs/share/micro_ros_msgs/msg/Entity.idl
[2.714s] -- Up-to-date: /home/ivan/Desktop/Unicamp/IvanUnicamp/Disciplinas/IM_420_Sistemas_Embarcados_de_Tempo_Real/Trabalho/microros_ros/banana/install/micro_ros_msgs/share/micro_ros_msgs/msg/Graph.msg
[2.714s] -- Up-to-date: /home/ivan/Desktop/Unicamp/IvanUnicamp/Disciplinas/IM_420_Sistemas_Embarcados_de_Tempo_Real/Trabalho/microros_ros/banana/install/micro_ros_msgs/share/micro_ros_msgs/msg/Node.msg
[2.715s] -- Up-to-date: /home/ivan/Desktop/Unicamp/IvanUnicamp/Disciplinas/IM_420_Sistemas_Embarcados_de_Tempo_Real/Trabalho/microros_ros/banana/install/micro_ros_msgs/share/micro_ros_msgs/msg/Entity.msg
[2.715s] -- Up-to-date: /home/ivan/Desktop/Unicamp/IvanUnicamp/Disciplinas/IM_420_Sistemas_Embarcados_de_Tempo_Real/Trabalho/microros_ros/banana/install/micro_ros_msgs/share/ament_index/resource_index/package_run_dependencies/micro_ros_msgs
[2.715s] -- Installing: /home/ivan/Desktop/Unicamp/IvanUnicamp/Disciplinas/IM_420_Sistemas_Embarcados_de_Tempo_Real/Trabalho/microros_ros/banana/install/micro_ros_msgs/share/ament_index/resource_index/parent_prefix_path/micro_ros_msgs
[2.715s] -- Up-to-date: /home/ivan/Desktop/Unicamp/IvanUnicamp/Disciplinas/IM_420_Sistemas_Embarcados_de_Tempo_Real/Trabalho/microros_ros/banana/install/micro_ros_msgs/share/micro_ros_msgs/environment/ament_prefix_path.sh
[2.715s] -- Up-to-date: /home/ivan/Desktop/Unicamp/IvanUnicamp/Disciplinas/IM_420_Sistemas_Embarcados_de_Tempo_Real/Trabalho/microros_ros/banana/install/micro_ros_msgs/share/micro_ros_msgs/environment/ament_prefix_path.dsv
[2.715s] -- Up-to-date: /home/ivan/Desktop/Unicamp/IvanUnicamp/Disciplinas/IM_420_Sistemas_Embarcados_de_Tempo_Real/Trabalho/microros_ros/banana/install/micro_ros_msgs/share/micro_ros_msgs/environment/path.sh
[2.715s] -- Up-to-date: /home/ivan/Desktop/Unicamp/IvanUnicamp/Disciplinas/IM_420_Sistemas_Embarcados_de_Tempo_Real/Trabalho/microros_ros/banana/install/micro_ros_msgs/share/micro_ros_msgs/environment/path.dsv
[2.715s] -- Up-to-date: /home/ivan/Desktop/Unicamp/IvanUnicamp/Disciplinas/IM_420_Sistemas_Embarcados_de_Tempo_Real/Trabalho/microros_ros/banana/install/micro_ros_msgs/share/micro_ros_msgs/local_setup.bash
[2.715s] -- Up-to-date: /home/ivan/Desktop/Unicamp/IvanUnicamp/Disciplinas/IM_420_Sistemas_Embarcados_de_Tempo_Real/Trabalho/microros_ros/banana/install/micro_ros_msgs/share/micro_ros_msgs/local_setup.sh
[2.716s] -- Up-to-date: /home/ivan/Desktop/Unicamp/IvanUnicamp/Disciplinas/IM_420_Sistemas_Embarcados_de_Tempo_Real/Trabalho/microros_ros/banana/install/micro_ros_msgs/share/micro_ros_msgs/local_setup.zsh
[2.716s] -- Up-to-date: /home/ivan/Desktop/Unicamp/IvanUnicamp/Disciplinas/IM_420_Sistemas_Embarcados_de_Tempo_Real/Trabalho/microros_ros/banana/install/micro_ros_msgs/share/micro_ros_msgs/local_setup.dsv
[2.716s] -- Installing: /home/ivan/Desktop/Unicamp/IvanUnicamp/Disciplinas/IM_420_Sistemas_Embarcados_de_Tempo_Real/Trabalho/microros_ros/banana/install/micro_ros_msgs/share/micro_ros_msgs/package.dsv
[2.716s] -- Up-to-date: /home/ivan/Desktop/Unicamp/IvanUnicamp/Disciplinas/IM_420_Sistemas_Embarcados_de_Tempo_Real/Trabalho/microros_ros/banana/install/micro_ros_msgs/share/ament_index/resource_index/packages/micro_ros_msgs
[2.716s] -- Up-to-date: /home/ivan/Desktop/Unicamp/IvanUnicamp/Disciplinas/IM_420_Sistemas_Embarcados_de_Tempo_Real/Trabalho/microros_ros/banana/install/micro_ros_msgs/share/micro_ros_msgs/cmake/export_micro_ros_msgs__rosidl_generator_cExport.cmake
[2.716s] -- Up-to-date: /home/ivan/Desktop/Unicamp/IvanUnicamp/Disciplinas/IM_420_Sistemas_Embarcados_de_Tempo_Real/Trabalho/microros_ros/banana/install/micro_ros_msgs/share/micro_ros_msgs/cmake/export_micro_ros_msgs__rosidl_generator_cExport-noconfig.cmake
[2.716s] -- Up-to-date: /home/ivan/Desktop/Unicamp/IvanUnicamp/Disciplinas/IM_420_Sistemas_Embarcados_de_Tempo_Real/Trabalho/microros_ros/banana/install/micro_ros_msgs/share/micro_ros_msgs/cmake/export_micro_ros_msgs__rosidl_typesupport_fastrtps_cExport.cmake
[2.716s] -- Up-to-date: /home/ivan/Desktop/Unicamp/IvanUnicamp/Disciplinas/IM_420_Sistemas_Embarcados_de_Tempo_Real/Trabalho/microros_ros/banana/install/micro_ros_msgs/share/micro_ros_msgs/cmake/export_micro_ros_msgs__rosidl_typesupport_fastrtps_cExport-noconfig.cmake
[2.716s] -- Up-to-date: /home/ivan/Desktop/Unicamp/IvanUnicamp/Disciplinas/IM_420_Sistemas_Embarcados_de_Tempo_Real/Trabalho/microros_ros/banana/install/micro_ros_msgs/share/micro_ros_msgs/cmake/micro_ros_msgs__rosidl_typesupport_introspection_cExport.cmake
[2.716s] -- Up-to-date: /home/ivan/Desktop/Unicamp/IvanUnicamp/Disciplinas/IM_420_Sistemas_Embarcados_de_Tempo_Real/Trabalho/microros_ros/banana/install/micro_ros_msgs/share/micro_ros_msgs/cmake/micro_ros_msgs__rosidl_typesupport_introspection_cExport-noconfig.cmake
[2.717s] -- Up-to-date: /home/ivan/Desktop/Unicamp/IvanUnicamp/Disciplinas/IM_420_Sistemas_Embarcados_de_Tempo_Real/Trabalho/microros_ros/banana/install/micro_ros_msgs/share/micro_ros_msgs/cmake/micro_ros_msgs__rosidl_typesupport_cExport.cmake
[2.717s] -- Up-to-date: /home/ivan/Desktop/Unicamp/IvanUnicamp/Disciplinas/IM_420_Sistemas_Embarcados_de_Tempo_Real/Trabalho/microros_ros/banana/install/micro_ros_msgs/share/micro_ros_msgs/cmake/micro_ros_msgs__rosidl_typesupport_cExport-noconfig.cmake
[2.717s] -- Up-to-date: /home/ivan/Desktop/Unicamp/IvanUnicamp/Disciplinas/IM_420_Sistemas_Embarcados_de_Tempo_Real/Trabalho/microros_ros/banana/install/micro_ros_msgs/share/micro_ros_msgs/cmake/export_micro_ros_msgs__rosidl_generator_cppExport.cmake
[2.717s] -- Up-to-date: /home/ivan/Desktop/Unicamp/IvanUnicamp/Disciplinas/IM_420_Sistemas_Embarcados_de_Tempo_Real/Trabalho/microros_ros/banana/install/micro_ros_msgs/share/micro_ros_msgs/cmake/export_micro_ros_msgs__rosidl_typesupport_fastrtps_cppExport.cmake
[2.717s] -- Up-to-date: /home/ivan/Desktop/Unicamp/IvanUnicamp/Disciplinas/IM_420_Sistemas_Embarcados_de_Tempo_Real/Trabalho/microros_ros/banana/install/micro_ros_msgs/share/micro_ros_msgs/cmake/export_micro_ros_msgs__rosidl_typesupport_fastrtps_cppExport-noconfig.cmake
[2.717s] -- Up-to-date: /home/ivan/Desktop/Unicamp/IvanUnicamp/Disciplinas/IM_420_Sistemas_Embarcados_de_Tempo_Real/Trabalho/microros_ros/banana/install/micro_ros_msgs/share/micro_ros_msgs/cmake/micro_ros_msgs__rosidl_typesupport_introspection_cppExport.cmake
[2.717s] -- Up-to-date: /home/ivan/Desktop/Unicamp/IvanUnicamp/Disciplinas/IM_420_Sistemas_Embarcados_de_Tempo_Real/Trabalho/microros_ros/banana/install/micro_ros_msgs/share/micro_ros_msgs/cmake/micro_ros_msgs__rosidl_typesupport_introspection_cppExport-noconfig.cmake
[2.717s] -- Up-to-date: /home/ivan/Desktop/Unicamp/IvanUnicamp/Disciplinas/IM_420_Sistemas_Embarcados_de_Tempo_Real/Trabalho/microros_ros/banana/install/micro_ros_msgs/share/micro_ros_msgs/cmake/micro_ros_msgs__rosidl_typesupport_cppExport.cmake
[2.717s] -- Up-to-date: /home/ivan/Desktop/Unicamp/IvanUnicamp/Disciplinas/IM_420_Sistemas_Embarcados_de_Tempo_Real/Trabalho/microros_ros/banana/install/micro_ros_msgs/share/micro_ros_msgs/cmake/micro_ros_msgs__rosidl_typesupport_cppExport-noconfig.cmake
[2.717s] -- Up-to-date: /home/ivan/Desktop/Unicamp/IvanUnicamp/Disciplinas/IM_420_Sistemas_Embarcados_de_Tempo_Real/Trabalho/microros_ros/banana/install/micro_ros_msgs/share/micro_ros_msgs/cmake/export_micro_ros_msgs__rosidl_generator_pyExport.cmake
[2.718s] -- Up-to-date: /home/ivan/Desktop/Unicamp/IvanUnicamp/Disciplinas/IM_420_Sistemas_Embarcados_de_Tempo_Real/Trabalho/microros_ros/banana/install/micro_ros_msgs/share/micro_ros_msgs/cmake/export_micro_ros_msgs__rosidl_generator_pyExport-noconfig.cmake
[2.718s] -- Up-to-date: /home/ivan/Desktop/Unicamp/IvanUnicamp/Disciplinas/IM_420_Sistemas_Embarcados_de_Tempo_Real/Trabalho/microros_ros/banana/install/micro_ros_msgs/share/micro_ros_msgs/cmake/rosidl_cmake-extras.cmake
[2.718s] -- Up-to-date: /home/ivan/Desktop/Unicamp/IvanUnicamp/Disciplinas/IM_420_Sistemas_Embarcados_de_Tempo_Real/Trabalho/microros_ros/banana/install/micro_ros_msgs/share/micro_ros_msgs/cmake/ament_cmake_export_include_directories-extras.cmake
[2.718s] -- Up-to-date: /home/ivan/Desktop/Unicamp/IvanUnicamp/Disciplinas/IM_420_Sistemas_Embarcados_de_Tempo_Real/Trabalho/microros_ros/banana/install/micro_ros_msgs/share/micro_ros_msgs/cmake/ament_cmake_export_libraries-extras.cmake
[2.718s] -- Up-to-date: /home/ivan/Desktop/Unicamp/IvanUnicamp/Disciplinas/IM_420_Sistemas_Embarcados_de_Tempo_Real/Trabalho/microros_ros/banana/install/micro_ros_msgs/share/micro_ros_msgs/cmake/ament_cmake_export_targets-extras.cmake
[2.718s] -- Up-to-date: /home/ivan/Desktop/Unicamp/IvanUnicamp/Disciplinas/IM_420_Sistemas_Embarcados_de_Tempo_Real/Trabalho/microros_ros/banana/install/micro_ros_msgs/share/micro_ros_msgs/cmake/rosidl_cmake_export_typesupport_targets-extras.cmake
[2.718s] -- Up-to-date: /home/ivan/Desktop/Unicamp/IvanUnicamp/Disciplinas/IM_420_Sistemas_Embarcados_de_Tempo_Real/Trabalho/microros_ros/banana/install/micro_ros_msgs/share/micro_ros_msgs/cmake/ament_cmake_export_dependencies-extras.cmake
[2.718s] -- Up-to-date: /home/ivan/Desktop/Unicamp/IvanUnicamp/Disciplinas/IM_420_Sistemas_Embarcados_de_Tempo_Real/Trabalho/microros_ros/banana/install/micro_ros_msgs/share/micro_ros_msgs/cmake/rosidl_cmake_export_typesupport_libraries-extras.cmake
[2.718s] -- Up-to-date: /home/ivan/Desktop/Unicamp/IvanUnicamp/Disciplinas/IM_420_Sistemas_Embarcados_de_Tempo_Real/Trabalho/microros_ros/banana/install/micro_ros_msgs/share/micro_ros_msgs/cmake/micro_ros_msgsConfig.cmake
[2.718s] -- Up-to-date: /home/ivan/Desktop/Unicamp/IvanUnicamp/Disciplinas/IM_420_Sistemas_Embarcados_de_Tempo_Real/Trabalho/microros_ros/banana/install/micro_ros_msgs/share/micro_ros_msgs/cmake/micro_ros_msgsConfig-version.cmake
[2.718s] -- Up-to-date: /home/ivan/Desktop/Unicamp/IvanUnicamp/Disciplinas/IM_420_Sistemas_Embarcados_de_Tempo_Real/Trabalho/microros_ros/banana/install/micro_ros_msgs/share/micro_ros_msgs/package.xml
[2.721s] Invoked command in '/home/ivan/Desktop/Unicamp/IvanUnicamp/Disciplinas/IM_420_Sistemas_Embarcados_de_Tempo_Real/Trabalho/microros_ros/banana/build/micro_ros_msgs' returned '0': CMAKE_PREFIX_PATH=${CMAKE_PREFIX_PATH}:/opt/ros/jazzy DEBUGINFOD_URLS=https://debuginfod.ubuntu.com my_kill_session=tmux kill-session -t /home/ivan/st/stm32cubeclt_1.16.0/CMake/bin/cmake --install /home/ivan/Desktop/Unicamp/IvanUnicamp/Disciplinas/IM_420_Sistemas_Embarcados_de_Tempo_Real/Trabalho/microros_ros/banana/build/micro_ros_msgs
