[0.016s] Invoking command in '/home/ivan/Desktop/Unicamp/IvanUnicamp/Disciplinas/IM_420_Sistemas_Embarcados_de_Tempo_Real/Trabalho/microros_ros/microros_ws/build/drive_base_msgs': CMAKE_PREFIX_PATH=${CMAKE_PREFIX_PATH}:/opt/ros/jazzy DEBUGINFOD_URLS=https://debuginfod.ubuntu.com /usr/bin/cmake --build /home/ivan/Desktop/Unicamp/IvanUnicamp/Disciplinas/IM_420_Sistemas_Embarcados_de_Tempo_Real/Trabalho/microros_ros/microros_ws/build/drive_base_msgs -- -j8 -l8
[0.069s] [  1%] Built target drive_base_msgs__rosidl_generator_type_description
[0.085s] [  1%] Built target ament_cmake_python_copy_drive_base_msgs
[0.106s] [ 21%] Built target drive_base_msgs__cpp
[0.106s] [ 25%] Built target drive_base_msgs__rosidl_generator_c
[0.161s] [ 34%] Built target drive_base_msgs__rosidl_typesupport_introspection_cpp
[0.161s] [ 43%] Built target drive_base_msgs__rosidl_typesupport_c
[0.161s] [ 53%] Built target drive_base_msgs__rosidl_typesupport_introspection_c
[0.161s] [ 62%] Built target drive_base_msgs__rosidl_typesupport_fastrtps_c
[0.162s] [ 71%] Built target drive_base_msgs__rosidl_typesupport_cpp
[0.165s] [ 81%] Built target drive_base_msgs__rosidl_typesupport_fastrtps_cpp
[0.187s] [ 81%] Built target drive_base_msgs
[0.211s] [ 82%] Built target drive_base_msgs__py
[0.238s] [ 90%] Built target drive_base_msgs__rosidl_generator_py
[0.263s] [ 93%] Built target drive_base_msgs_s__rosidl_typesupport_fastrtps_c
[0.263s] [ 96%] Built target drive_base_msgs_s__rosidl_typesupport_introspection_c
[0.268s] [100%] Built target drive_base_msgs_s__rosidl_typesupport_c
[0.373s] running egg_info
[0.405s] writing drive_base_msgs.egg-info/PKG-INFO
[0.405s] writing dependency_links to drive_base_msgs.egg-info/dependency_links.txt
[0.406s] writing top-level names to drive_base_msgs.egg-info/top_level.txt
[0.478s] reading manifest file 'drive_base_msgs.egg-info/SOURCES.txt'
[0.479s] writing manifest file 'drive_base_msgs.egg-info/SOURCES.txt'
[0.508s] [100%] Built target ament_cmake_python_build_drive_base_msgs_egg
[0.520s] Invoked command in '/home/ivan/Desktop/Unicamp/IvanUnicamp/Disciplinas/IM_420_Sistemas_Embarcados_de_Tempo_Real/Trabalho/microros_ros/microros_ws/build/drive_base_msgs' returned '0': CMAKE_PREFIX_PATH=${CMAKE_PREFIX_PATH}:/opt/ros/jazzy DEBUGINFOD_URLS=https://debuginfod.ubuntu.com /usr/bin/cmake --build /home/ivan/Desktop/Unicamp/IvanUnicamp/Disciplinas/IM_420_Sistemas_Embarcados_de_Tempo_Real/Trabalho/microros_ros/microros_ws/build/drive_base_msgs -- -j8 -l8
[0.689s] Invoking command in '/home/ivan/Desktop/Unicamp/IvanUnicamp/Disciplinas/IM_420_Sistemas_Embarcados_de_Tempo_Real/Trabalho/microros_ros/microros_ws/build/drive_base_msgs': CMAKE_PREFIX_PATH=${CMAKE_PREFIX_PATH}:/opt/ros/jazzy DEBUGINFOD_URLS=https://debuginfod.ubuntu.com /usr/bin/cmake --install /home/ivan/Desktop/Unicamp/IvanUnicamp/Disciplinas/IM_420_Sistemas_Embarcados_de_Tempo_Real/Trabalho/microros_ros/microros_ws/build/drive_base_msgs
[0.705s] -- Install configuration: ""
[0.705s] -- Up-to-date: /home/ivan/Desktop/Unicamp/IvanUnicamp/Disciplinas/IM_420_Sistemas_Embarcados_de_Tempo_Real/Trabalho/microros_ros/microros_ws/install/drive_base_msgs/share/ament_index/resource_index/rosidl_interfaces/drive_base_msgs
[0.706s] -- Up-to-date: /home/ivan/Desktop/Unicamp/IvanUnicamp/Disciplinas/IM_420_Sistemas_Embarcados_de_Tempo_Real/Trabalho/microros_ros/microros_ws/install/drive_base_msgs/share/drive_base_msgs/msg/CommandHeader.json
[0.706s] -- Up-to-date: /home/ivan/Desktop/Unicamp/IvanUnicamp/Disciplinas/IM_420_Sistemas_Embarcados_de_Tempo_Real/Trabalho/microros_ros/microros_ws/install/drive_base_msgs/share/drive_base_msgs/msg/BaseInfo.json
[0.706s] -- Up-to-date: /home/ivan/Desktop/Unicamp/IvanUnicamp/Disciplinas/IM_420_Sistemas_Embarcados_de_Tempo_Real/Trabalho/microros_ros/microros_ws/install/drive_base_msgs/share/drive_base_msgs/msg/CommandStatus.json
[0.706s] -- Up-to-date: /home/ivan/Desktop/Unicamp/IvanUnicamp/Disciplinas/IM_420_Sistemas_Embarcados_de_Tempo_Real/Trabalho/microros_ros/microros_ws/install/drive_base_msgs/share/drive_base_msgs/msg/TRVCommand.json
[0.706s] -- Up-to-date: /home/ivan/Desktop/Unicamp/IvanUnicamp/Disciplinas/IM_420_Sistemas_Embarcados_de_Tempo_Real/Trabalho/microros_ros/microros_ws/install/drive_base_msgs/include/drive_base_msgs/drive_base_msgs
[0.707s] -- Up-to-date: /home/ivan/Desktop/Unicamp/IvanUnicamp/Disciplinas/IM_420_Sistemas_Embarcados_de_Tempo_Real/Trabalho/microros_ros/microros_ws/install/drive_base_msgs/include/drive_base_msgs/drive_base_msgs/msg
[0.707s] -- Up-to-date: /home/ivan/Desktop/Unicamp/IvanUnicamp/Disciplinas/IM_420_Sistemas_Embarcados_de_Tempo_Real/Trabalho/microros_ros/microros_ws/install/drive_base_msgs/include/drive_base_msgs/drive_base_msgs/msg/command_header.h
[0.707s] -- Up-to-date: /home/ivan/Desktop/Unicamp/IvanUnicamp/Disciplinas/IM_420_Sistemas_Embarcados_de_Tempo_Real/Trabalho/microros_ros/microros_ws/install/drive_base_msgs/include/drive_base_msgs/drive_base_msgs/msg/detail
[0.707s] -- Up-to-date: /home/ivan/Desktop/Unicamp/IvanUnicamp/Disciplinas/IM_420_Sistemas_Embarcados_de_Tempo_Real/Trabalho/microros_ros/microros_ws/install/drive_base_msgs/include/drive_base_msgs/drive_base_msgs/msg/detail/base_info__functions.h
[0.707s] -- Up-to-date: /home/ivan/Desktop/Unicamp/IvanUnicamp/Disciplinas/IM_420_Sistemas_Embarcados_de_Tempo_Real/Trabalho/microros_ros/microros_ws/install/drive_base_msgs/include/drive_base_msgs/drive_base_msgs/msg/detail/trv_command__struct.h
[0.707s] -- Up-to-date: /home/ivan/Desktop/Unicamp/IvanUnicamp/Disciplinas/IM_420_Sistemas_Embarcados_de_Tempo_Real/Trabalho/microros_ros/microros_ws/install/drive_base_msgs/include/drive_base_msgs/drive_base_msgs/msg/detail/command_header__functions.c
[0.708s] -- Up-to-date: /home/ivan/Desktop/Unicamp/IvanUnicamp/Disciplinas/IM_420_Sistemas_Embarcados_de_Tempo_Real/Trabalho/microros_ros/microros_ws/install/drive_base_msgs/include/drive_base_msgs/drive_base_msgs/msg/detail/command_header__description.c
[0.708s] -- Up-to-date: /home/ivan/Desktop/Unicamp/IvanUnicamp/Disciplinas/IM_420_Sistemas_Embarcados_de_Tempo_Real/Trabalho/microros_ros/microros_ws/install/drive_base_msgs/include/drive_base_msgs/drive_base_msgs/msg/detail/command_status__type_support.c
[0.708s] -- Up-to-date: /home/ivan/Desktop/Unicamp/IvanUnicamp/Disciplinas/IM_420_Sistemas_Embarcados_de_Tempo_Real/Trabalho/microros_ros/microros_ws/install/drive_base_msgs/include/drive_base_msgs/drive_base_msgs/msg/detail/trv_command__description.c
[0.708s] -- Up-to-date: /home/ivan/Desktop/Unicamp/IvanUnicamp/Disciplinas/IM_420_Sistemas_Embarcados_de_Tempo_Real/Trabalho/microros_ros/microros_ws/install/drive_base_msgs/include/drive_base_msgs/drive_base_msgs/msg/detail/base_info__description.c
[0.709s] -- Up-to-date: /home/ivan/Desktop/Unicamp/IvanUnicamp/Disciplinas/IM_420_Sistemas_Embarcados_de_Tempo_Real/Trabalho/microros_ros/microros_ws/install/drive_base_msgs/include/drive_base_msgs/drive_base_msgs/msg/detail/base_info__type_support.c
[0.709s] -- Up-to-date: /home/ivan/Desktop/Unicamp/IvanUnicamp/Disciplinas/IM_420_Sistemas_Embarcados_de_Tempo_Real/Trabalho/microros_ros/microros_ws/install/drive_base_msgs/include/drive_base_msgs/drive_base_msgs/msg/detail/command_status__struct.h
[0.709s] -- Up-to-date: /home/ivan/Desktop/Unicamp/IvanUnicamp/Disciplinas/IM_420_Sistemas_Embarcados_de_Tempo_Real/Trabalho/microros_ros/microros_ws/install/drive_base_msgs/include/drive_base_msgs/drive_base_msgs/msg/detail/trv_command__functions.c
[0.709s] -- Up-to-date: /home/ivan/Desktop/Unicamp/IvanUnicamp/Disciplinas/IM_420_Sistemas_Embarcados_de_Tempo_Real/Trabalho/microros_ros/microros_ws/install/drive_base_msgs/include/drive_base_msgs/drive_base_msgs/msg/detail/base_info__type_support.h
[0.710s] -- Up-to-date: /home/ivan/Desktop/Unicamp/IvanUnicamp/Disciplinas/IM_420_Sistemas_Embarcados_de_Tempo_Real/Trabalho/microros_ros/microros_ws/install/drive_base_msgs/include/drive_base_msgs/drive_base_msgs/msg/detail/command_status__description.c
[0.710s] -- Up-to-date: /home/ivan/Desktop/Unicamp/IvanUnicamp/Disciplinas/IM_420_Sistemas_Embarcados_de_Tempo_Real/Trabalho/microros_ros/microros_ws/install/drive_base_msgs/include/drive_base_msgs/drive_base_msgs/msg/detail/trv_command__type_support.h
[0.710s] -- Up-to-date: /home/ivan/Desktop/Unicamp/IvanUnicamp/Disciplinas/IM_420_Sistemas_Embarcados_de_Tempo_Real/Trabalho/microros_ros/microros_ws/install/drive_base_msgs/include/drive_base_msgs/drive_base_msgs/msg/detail/base_info__functions.c
[0.710s] -- Up-to-date: /home/ivan/Desktop/Unicamp/IvanUnicamp/Disciplinas/IM_420_Sistemas_Embarcados_de_Tempo_Real/Trabalho/microros_ros/microros_ws/install/drive_base_msgs/include/drive_base_msgs/drive_base_msgs/msg/detail/command_status__functions.h
[0.710s] -- Up-to-date: /home/ivan/Desktop/Unicamp/IvanUnicamp/Disciplinas/IM_420_Sistemas_Embarcados_de_Tempo_Real/Trabalho/microros_ros/microros_ws/install/drive_base_msgs/include/drive_base_msgs/drive_base_msgs/msg/detail/command_header__struct.h
[0.710s] -- Up-to-date: /home/ivan/Desktop/Unicamp/IvanUnicamp/Disciplinas/IM_420_Sistemas_Embarcados_de_Tempo_Real/Trabalho/microros_ros/microros_ws/install/drive_base_msgs/include/drive_base_msgs/drive_base_msgs/msg/detail/command_header__type_support.h
[0.710s] -- Up-to-date: /home/ivan/Desktop/Unicamp/IvanUnicamp/Disciplinas/IM_420_Sistemas_Embarcados_de_Tempo_Real/Trabalho/microros_ros/microros_ws/install/drive_base_msgs/include/drive_base_msgs/drive_base_msgs/msg/detail/trv_command__functions.h
[0.710s] -- Up-to-date: /home/ivan/Desktop/Unicamp/IvanUnicamp/Disciplinas/IM_420_Sistemas_Embarcados_de_Tempo_Real/Trabalho/microros_ros/microros_ws/install/drive_base_msgs/include/drive_base_msgs/drive_base_msgs/msg/detail/command_header__type_support.c
[0.711s] -- Up-to-date: /home/ivan/Desktop/Unicamp/IvanUnicamp/Disciplinas/IM_420_Sistemas_Embarcados_de_Tempo_Real/Trabalho/microros_ros/microros_ws/install/drive_base_msgs/include/drive_base_msgs/drive_base_msgs/msg/detail/command_status__type_support.h
[0.711s] -- Up-to-date: /home/ivan/Desktop/Unicamp/IvanUnicamp/Disciplinas/IM_420_Sistemas_Embarcados_de_Tempo_Real/Trabalho/microros_ros/microros_ws/install/drive_base_msgs/include/drive_base_msgs/drive_base_msgs/msg/detail/trv_command__type_support.c
[0.711s] -- Up-to-date: /home/ivan/Desktop/Unicamp/IvanUnicamp/Disciplinas/IM_420_Sistemas_Embarcados_de_Tempo_Real/Trabalho/microros_ros/microros_ws/install/drive_base_msgs/include/drive_base_msgs/drive_base_msgs/msg/detail/command_header__functions.h
[0.711s] -- Up-to-date: /home/ivan/Desktop/Unicamp/IvanUnicamp/Disciplinas/IM_420_Sistemas_Embarcados_de_Tempo_Real/Trabalho/microros_ros/microros_ws/install/drive_base_msgs/include/drive_base_msgs/drive_base_msgs/msg/detail/command_status__functions.c
[0.711s] -- Up-to-date: /home/ivan/Desktop/Unicamp/IvanUnicamp/Disciplinas/IM_420_Sistemas_Embarcados_de_Tempo_Real/Trabalho/microros_ros/microros_ws/install/drive_base_msgs/include/drive_base_msgs/drive_base_msgs/msg/detail/base_info__struct.h
[0.711s] -- Up-to-date: /home/ivan/Desktop/Unicamp/IvanUnicamp/Disciplinas/IM_420_Sistemas_Embarcados_de_Tempo_Real/Trabalho/microros_ros/microros_ws/install/drive_base_msgs/include/drive_base_msgs/drive_base_msgs/msg/base_info.h
[0.711s] -- Up-to-date: /home/ivan/Desktop/Unicamp/IvanUnicamp/Disciplinas/IM_420_Sistemas_Embarcados_de_Tempo_Real/Trabalho/microros_ros/microros_ws/install/drive_base_msgs/include/drive_base_msgs/drive_base_msgs/msg/rosidl_generator_c__visibility_control.h
[0.712s] -- Up-to-date: /home/ivan/Desktop/Unicamp/IvanUnicamp/Disciplinas/IM_420_Sistemas_Embarcados_de_Tempo_Real/Trabalho/microros_ros/microros_ws/install/drive_base_msgs/include/drive_base_msgs/drive_base_msgs/msg/command_status.h
[0.712s] -- Up-to-date: /home/ivan/Desktop/Unicamp/IvanUnicamp/Disciplinas/IM_420_Sistemas_Embarcados_de_Tempo_Real/Trabalho/microros_ros/microros_ws/install/drive_base_msgs/include/drive_base_msgs/drive_base_msgs/msg/trv_command.h
[0.712s] -- Up-to-date: /home/ivan/Desktop/Unicamp/IvanUnicamp/Disciplinas/IM_420_Sistemas_Embarcados_de_Tempo_Real/Trabalho/microros_ros/microros_ws/install/drive_base_msgs/share/drive_base_msgs/environment/library_path.sh
[0.712s] -- Up-to-date: /home/ivan/Desktop/Unicamp/IvanUnicamp/Disciplinas/IM_420_Sistemas_Embarcados_de_Tempo_Real/Trabalho/microros_ros/microros_ws/install/drive_base_msgs/share/drive_base_msgs/environment/library_path.dsv
[0.712s] -- Up-to-date: /home/ivan/Desktop/Unicamp/IvanUnicamp/Disciplinas/IM_420_Sistemas_Embarcados_de_Tempo_Real/Trabalho/microros_ros/microros_ws/install/drive_base_msgs/lib/libdrive_base_msgs__rosidl_generator_c.so
[0.712s] -- Up-to-date: /home/ivan/Desktop/Unicamp/IvanUnicamp/Disciplinas/IM_420_Sistemas_Embarcados_de_Tempo_Real/Trabalho/microros_ros/microros_ws/install/drive_base_msgs/include/drive_base_msgs/drive_base_msgs
[0.712s] -- Up-to-date: /home/ivan/Desktop/Unicamp/IvanUnicamp/Disciplinas/IM_420_Sistemas_Embarcados_de_Tempo_Real/Trabalho/microros_ros/microros_ws/install/drive_base_msgs/include/drive_base_msgs/drive_base_msgs/msg
[0.712s] -- Up-to-date: /home/ivan/Desktop/Unicamp/IvanUnicamp/Disciplinas/IM_420_Sistemas_Embarcados_de_Tempo_Real/Trabalho/microros_ros/microros_ws/install/drive_base_msgs/include/drive_base_msgs/drive_base_msgs/msg/detail
[0.713s] -- Up-to-date: /home/ivan/Desktop/Unicamp/IvanUnicamp/Disciplinas/IM_420_Sistemas_Embarcados_de_Tempo_Real/Trabalho/microros_ros/microros_ws/install/drive_base_msgs/include/drive_base_msgs/drive_base_msgs/msg/detail/command_header__rosidl_typesupport_fastrtps_c.h
[0.713s] -- Up-to-date: /home/ivan/Desktop/Unicamp/IvanUnicamp/Disciplinas/IM_420_Sistemas_Embarcados_de_Tempo_Real/Trabalho/microros_ros/microros_ws/install/drive_base_msgs/include/drive_base_msgs/drive_base_msgs/msg/detail/base_info__rosidl_typesupport_fastrtps_c.h
[0.713s] -- Up-to-date: /home/ivan/Desktop/Unicamp/IvanUnicamp/Disciplinas/IM_420_Sistemas_Embarcados_de_Tempo_Real/Trabalho/microros_ros/microros_ws/install/drive_base_msgs/include/drive_base_msgs/drive_base_msgs/msg/detail/command_status__rosidl_typesupport_fastrtps_c.h
[0.713s] -- Up-to-date: /home/ivan/Desktop/Unicamp/IvanUnicamp/Disciplinas/IM_420_Sistemas_Embarcados_de_Tempo_Real/Trabalho/microros_ros/microros_ws/install/drive_base_msgs/include/drive_base_msgs/drive_base_msgs/msg/detail/trv_command__rosidl_typesupport_fastrtps_c.h
[0.713s] -- Up-to-date: /home/ivan/Desktop/Unicamp/IvanUnicamp/Disciplinas/IM_420_Sistemas_Embarcados_de_Tempo_Real/Trabalho/microros_ros/microros_ws/install/drive_base_msgs/include/drive_base_msgs/drive_base_msgs/msg/rosidl_typesupport_fastrtps_c__visibility_control.h
[0.713s] -- Up-to-date: /home/ivan/Desktop/Unicamp/IvanUnicamp/Disciplinas/IM_420_Sistemas_Embarcados_de_Tempo_Real/Trabalho/microros_ros/microros_ws/install/drive_base_msgs/lib/libdrive_base_msgs__rosidl_typesupport_fastrtps_c.so
[0.713s] -- Up-to-date: /home/ivan/Desktop/Unicamp/IvanUnicamp/Disciplinas/IM_420_Sistemas_Embarcados_de_Tempo_Real/Trabalho/microros_ros/microros_ws/install/drive_base_msgs/include/drive_base_msgs/drive_base_msgs
[0.713s] -- Up-to-date: /home/ivan/Desktop/Unicamp/IvanUnicamp/Disciplinas/IM_420_Sistemas_Embarcados_de_Tempo_Real/Trabalho/microros_ros/microros_ws/install/drive_base_msgs/include/drive_base_msgs/drive_base_msgs/msg
[0.714s] -- Up-to-date: /home/ivan/Desktop/Unicamp/IvanUnicamp/Disciplinas/IM_420_Sistemas_Embarcados_de_Tempo_Real/Trabalho/microros_ros/microros_ws/install/drive_base_msgs/include/drive_base_msgs/drive_base_msgs/msg/detail
[0.714s] -- Up-to-date: /home/ivan/Desktop/Unicamp/IvanUnicamp/Disciplinas/IM_420_Sistemas_Embarcados_de_Tempo_Real/Trabalho/microros_ros/microros_ws/install/drive_base_msgs/include/drive_base_msgs/drive_base_msgs/msg/detail/trv_command__traits.hpp
[0.714s] -- Up-to-date: /home/ivan/Desktop/Unicamp/IvanUnicamp/Disciplinas/IM_420_Sistemas_Embarcados_de_Tempo_Real/Trabalho/microros_ros/microros_ws/install/drive_base_msgs/include/drive_base_msgs/drive_base_msgs/msg/detail/command_header__type_support.hpp
[0.714s] -- Up-to-date: /home/ivan/Desktop/Unicamp/IvanUnicamp/Disciplinas/IM_420_Sistemas_Embarcados_de_Tempo_Real/Trabalho/microros_ros/microros_ws/install/drive_base_msgs/include/drive_base_msgs/drive_base_msgs/msg/detail/trv_command__struct.hpp
[0.714s] -- Up-to-date: /home/ivan/Desktop/Unicamp/IvanUnicamp/Disciplinas/IM_420_Sistemas_Embarcados_de_Tempo_Real/Trabalho/microros_ros/microros_ws/install/drive_base_msgs/include/drive_base_msgs/drive_base_msgs/msg/detail/base_info__builder.hpp
[0.714s] -- Up-to-date: /home/ivan/Desktop/Unicamp/IvanUnicamp/Disciplinas/IM_420_Sistemas_Embarcados_de_Tempo_Real/Trabalho/microros_ros/microros_ws/install/drive_base_msgs/include/drive_base_msgs/drive_base_msgs/msg/detail/base_info__type_support.hpp
[0.714s] -- Up-to-date: /home/ivan/Desktop/Unicamp/IvanUnicamp/Disciplinas/IM_420_Sistemas_Embarcados_de_Tempo_Real/Trabalho/microros_ros/microros_ws/install/drive_base_msgs/include/drive_base_msgs/drive_base_msgs/msg/detail/base_info__traits.hpp
[0.714s] -- Up-to-date: /home/ivan/Desktop/Unicamp/IvanUnicamp/Disciplinas/IM_420_Sistemas_Embarcados_de_Tempo_Real/Trabalho/microros_ros/microros_ws/install/drive_base_msgs/include/drive_base_msgs/drive_base_msgs/msg/detail/command_status__struct.hpp
[0.715s] -- Up-to-date: /home/ivan/Desktop/Unicamp/IvanUnicamp/Disciplinas/IM_420_Sistemas_Embarcados_de_Tempo_Real/Trabalho/microros_ros/microros_ws/install/drive_base_msgs/include/drive_base_msgs/drive_base_msgs/msg/detail/command_header__struct.hpp
[0.715s] -- Up-to-date: /home/ivan/Desktop/Unicamp/IvanUnicamp/Disciplinas/IM_420_Sistemas_Embarcados_de_Tempo_Real/Trabalho/microros_ros/microros_ws/install/drive_base_msgs/include/drive_base_msgs/drive_base_msgs/msg/detail/command_status__builder.hpp
[0.715s] -- Up-to-date: /home/ivan/Desktop/Unicamp/IvanUnicamp/Disciplinas/IM_420_Sistemas_Embarcados_de_Tempo_Real/Trabalho/microros_ros/microros_ws/install/drive_base_msgs/include/drive_base_msgs/drive_base_msgs/msg/detail/command_status__traits.hpp
[0.715s] -- Up-to-date: /home/ivan/Desktop/Unicamp/IvanUnicamp/Disciplinas/IM_420_Sistemas_Embarcados_de_Tempo_Real/Trabalho/microros_ros/microros_ws/install/drive_base_msgs/include/drive_base_msgs/drive_base_msgs/msg/detail/command_header__traits.hpp
[0.715s] -- Up-to-date: /home/ivan/Desktop/Unicamp/IvanUnicamp/Disciplinas/IM_420_Sistemas_Embarcados_de_Tempo_Real/Trabalho/microros_ros/microros_ws/install/drive_base_msgs/include/drive_base_msgs/drive_base_msgs/msg/detail/trv_command__type_support.hpp
[0.715s] -- Up-to-date: /home/ivan/Desktop/Unicamp/IvanUnicamp/Disciplinas/IM_420_Sistemas_Embarcados_de_Tempo_Real/Trabalho/microros_ros/microros_ws/install/drive_base_msgs/include/drive_base_msgs/drive_base_msgs/msg/detail/base_info__struct.hpp
[0.715s] -- Up-to-date: /home/ivan/Desktop/Unicamp/IvanUnicamp/Disciplinas/IM_420_Sistemas_Embarcados_de_Tempo_Real/Trabalho/microros_ros/microros_ws/install/drive_base_msgs/include/drive_base_msgs/drive_base_msgs/msg/detail/trv_command__builder.hpp
[0.715s] -- Up-to-date: /home/ivan/Desktop/Unicamp/IvanUnicamp/Disciplinas/IM_420_Sistemas_Embarcados_de_Tempo_Real/Trabalho/microros_ros/microros_ws/install/drive_base_msgs/include/drive_base_msgs/drive_base_msgs/msg/detail/command_header__builder.hpp
[0.715s] -- Up-to-date: /home/ivan/Desktop/Unicamp/IvanUnicamp/Disciplinas/IM_420_Sistemas_Embarcados_de_Tempo_Real/Trabalho/microros_ros/microros_ws/install/drive_base_msgs/include/drive_base_msgs/drive_base_msgs/msg/detail/command_status__type_support.hpp
[0.715s] -- Up-to-date: /home/ivan/Desktop/Unicamp/IvanUnicamp/Disciplinas/IM_420_Sistemas_Embarcados_de_Tempo_Real/Trabalho/microros_ros/microros_ws/install/drive_base_msgs/include/drive_base_msgs/drive_base_msgs/msg/base_info.hpp
[0.716s] -- Up-to-date: /home/ivan/Desktop/Unicamp/IvanUnicamp/Disciplinas/IM_420_Sistemas_Embarcados_de_Tempo_Real/Trabalho/microros_ros/microros_ws/install/drive_base_msgs/include/drive_base_msgs/drive_base_msgs/msg/command_header.hpp
[0.716s] -- Up-to-date: /home/ivan/Desktop/Unicamp/IvanUnicamp/Disciplinas/IM_420_Sistemas_Embarcados_de_Tempo_Real/Trabalho/microros_ros/microros_ws/install/drive_base_msgs/include/drive_base_msgs/drive_base_msgs/msg/command_status.hpp
[0.716s] -- Up-to-date: /home/ivan/Desktop/Unicamp/IvanUnicamp/Disciplinas/IM_420_Sistemas_Embarcados_de_Tempo_Real/Trabalho/microros_ros/microros_ws/install/drive_base_msgs/include/drive_base_msgs/drive_base_msgs/msg/trv_command.hpp
[0.716s] -- Up-to-date: /home/ivan/Desktop/Unicamp/IvanUnicamp/Disciplinas/IM_420_Sistemas_Embarcados_de_Tempo_Real/Trabalho/microros_ros/microros_ws/install/drive_base_msgs/include/drive_base_msgs/drive_base_msgs/msg/rosidl_generator_cpp__visibility_control.hpp
[0.716s] -- Up-to-date: /home/ivan/Desktop/Unicamp/IvanUnicamp/Disciplinas/IM_420_Sistemas_Embarcados_de_Tempo_Real/Trabalho/microros_ros/microros_ws/install/drive_base_msgs/include/drive_base_msgs/drive_base_msgs
[0.717s] -- Up-to-date: /home/ivan/Desktop/Unicamp/IvanUnicamp/Disciplinas/IM_420_Sistemas_Embarcados_de_Tempo_Real/Trabalho/microros_ros/microros_ws/install/drive_base_msgs/include/drive_base_msgs/drive_base_msgs/msg
[0.717s] -- Up-to-date: /home/ivan/Desktop/Unicamp/IvanUnicamp/Disciplinas/IM_420_Sistemas_Embarcados_de_Tempo_Real/Trabalho/microros_ros/microros_ws/install/drive_base_msgs/include/drive_base_msgs/drive_base_msgs/msg/detail
[0.717s] -- Up-to-date: /home/ivan/Desktop/Unicamp/IvanUnicamp/Disciplinas/IM_420_Sistemas_Embarcados_de_Tempo_Real/Trabalho/microros_ros/microros_ws/install/drive_base_msgs/include/drive_base_msgs/drive_base_msgs/msg/detail/dds_fastrtps
[0.717s] -- Up-to-date: /home/ivan/Desktop/Unicamp/IvanUnicamp/Disciplinas/IM_420_Sistemas_Embarcados_de_Tempo_Real/Trabalho/microros_ros/microros_ws/install/drive_base_msgs/include/drive_base_msgs/drive_base_msgs/msg/detail/trv_command__rosidl_typesupport_fastrtps_cpp.hpp
[0.717s] -- Up-to-date: /home/ivan/Desktop/Unicamp/IvanUnicamp/Disciplinas/IM_420_Sistemas_Embarcados_de_Tempo_Real/Trabalho/microros_ros/microros_ws/install/drive_base_msgs/include/drive_base_msgs/drive_base_msgs/msg/detail/command_header__rosidl_typesupport_fastrtps_cpp.hpp
[0.717s] -- Up-to-date: /home/ivan/Desktop/Unicamp/IvanUnicamp/Disciplinas/IM_420_Sistemas_Embarcados_de_Tempo_Real/Trabalho/microros_ros/microros_ws/install/drive_base_msgs/include/drive_base_msgs/drive_base_msgs/msg/detail/base_info__rosidl_typesupport_fastrtps_cpp.hpp
[0.718s] -- Up-to-date: /home/ivan/Desktop/Unicamp/IvanUnicamp/Disciplinas/IM_420_Sistemas_Embarcados_de_Tempo_Real/Trabalho/microros_ros/microros_ws/install/drive_base_msgs/include/drive_base_msgs/drive_base_msgs/msg/detail/command_status__rosidl_typesupport_fastrtps_cpp.hpp
[0.718s] -- Up-to-date: /home/ivan/Desktop/Unicamp/IvanUnicamp/Disciplinas/IM_420_Sistemas_Embarcados_de_Tempo_Real/Trabalho/microros_ros/microros_ws/install/drive_base_msgs/include/drive_base_msgs/drive_base_msgs/msg/rosidl_typesupport_fastrtps_cpp__visibility_control.h
[0.718s] -- Up-to-date: /home/ivan/Desktop/Unicamp/IvanUnicamp/Disciplinas/IM_420_Sistemas_Embarcados_de_Tempo_Real/Trabalho/microros_ros/microros_ws/install/drive_base_msgs/lib/libdrive_base_msgs__rosidl_typesupport_fastrtps_cpp.so
[0.718s] -- Up-to-date: /home/ivan/Desktop/Unicamp/IvanUnicamp/Disciplinas/IM_420_Sistemas_Embarcados_de_Tempo_Real/Trabalho/microros_ros/microros_ws/install/drive_base_msgs/include/drive_base_msgs/drive_base_msgs
[0.718s] -- Up-to-date: /home/ivan/Desktop/Unicamp/IvanUnicamp/Disciplinas/IM_420_Sistemas_Embarcados_de_Tempo_Real/Trabalho/microros_ros/microros_ws/install/drive_base_msgs/include/drive_base_msgs/drive_base_msgs/msg
[0.719s] -- Up-to-date: /home/ivan/Desktop/Unicamp/IvanUnicamp/Disciplinas/IM_420_Sistemas_Embarcados_de_Tempo_Real/Trabalho/microros_ros/microros_ws/install/drive_base_msgs/include/drive_base_msgs/drive_base_msgs/msg/detail
[0.719s] -- Up-to-date: /home/ivan/Desktop/Unicamp/IvanUnicamp/Disciplinas/IM_420_Sistemas_Embarcados_de_Tempo_Real/Trabalho/microros_ros/microros_ws/install/drive_base_msgs/include/drive_base_msgs/drive_base_msgs/msg/detail/command_status__rosidl_typesupport_introspection_c.h
[0.719s] -- Up-to-date: /home/ivan/Desktop/Unicamp/IvanUnicamp/Disciplinas/IM_420_Sistemas_Embarcados_de_Tempo_Real/Trabalho/microros_ros/microros_ws/install/drive_base_msgs/include/drive_base_msgs/drive_base_msgs/msg/detail/trv_command__rosidl_typesupport_introspection_c.h
[0.719s] -- Up-to-date: /home/ivan/Desktop/Unicamp/IvanUnicamp/Disciplinas/IM_420_Sistemas_Embarcados_de_Tempo_Real/Trabalho/microros_ros/microros_ws/install/drive_base_msgs/include/drive_base_msgs/drive_base_msgs/msg/detail/base_info__rosidl_typesupport_introspection_c.h
[0.719s] -- Up-to-date: /home/ivan/Desktop/Unicamp/IvanUnicamp/Disciplinas/IM_420_Sistemas_Embarcados_de_Tempo_Real/Trabalho/microros_ros/microros_ws/install/drive_base_msgs/include/drive_base_msgs/drive_base_msgs/msg/detail/command_header__rosidl_typesupport_introspection_c.h
[0.719s] -- Up-to-date: /home/ivan/Desktop/Unicamp/IvanUnicamp/Disciplinas/IM_420_Sistemas_Embarcados_de_Tempo_Real/Trabalho/microros_ros/microros_ws/install/drive_base_msgs/include/drive_base_msgs/drive_base_msgs/msg/detail/command_status__type_support.c
[0.720s] -- Up-to-date: /home/ivan/Desktop/Unicamp/IvanUnicamp/Disciplinas/IM_420_Sistemas_Embarcados_de_Tempo_Real/Trabalho/microros_ros/microros_ws/install/drive_base_msgs/include/drive_base_msgs/drive_base_msgs/msg/detail/base_info__type_support.c
[0.720s] -- Up-to-date: /home/ivan/Desktop/Unicamp/IvanUnicamp/Disciplinas/IM_420_Sistemas_Embarcados_de_Tempo_Real/Trabalho/microros_ros/microros_ws/install/drive_base_msgs/include/drive_base_msgs/drive_base_msgs/msg/detail/command_header__type_support.c
[0.720s] -- Up-to-date: /home/ivan/Desktop/Unicamp/IvanUnicamp/Disciplinas/IM_420_Sistemas_Embarcados_de_Tempo_Real/Trabalho/microros_ros/microros_ws/install/drive_base_msgs/include/drive_base_msgs/drive_base_msgs/msg/detail/trv_command__type_support.c
[0.720s] -- Up-to-date: /home/ivan/Desktop/Unicamp/IvanUnicamp/Disciplinas/IM_420_Sistemas_Embarcados_de_Tempo_Real/Trabalho/microros_ros/microros_ws/install/drive_base_msgs/include/drive_base_msgs/drive_base_msgs/msg/rosidl_typesupport_introspection_c__visibility_control.h
[0.720s] -- Up-to-date: /home/ivan/Desktop/Unicamp/IvanUnicamp/Disciplinas/IM_420_Sistemas_Embarcados_de_Tempo_Real/Trabalho/microros_ros/microros_ws/install/drive_base_msgs/lib/libdrive_base_msgs__rosidl_typesupport_introspection_c.so
[0.720s] -- Up-to-date: /home/ivan/Desktop/Unicamp/IvanUnicamp/Disciplinas/IM_420_Sistemas_Embarcados_de_Tempo_Real/Trabalho/microros_ros/microros_ws/install/drive_base_msgs/lib/libdrive_base_msgs__rosidl_typesupport_c.so
[0.721s] -- Up-to-date: /home/ivan/Desktop/Unicamp/IvanUnicamp/Disciplinas/IM_420_Sistemas_Embarcados_de_Tempo_Real/Trabalho/microros_ros/microros_ws/install/drive_base_msgs/include/drive_base_msgs/drive_base_msgs
[0.721s] -- Up-to-date: /home/ivan/Desktop/Unicamp/IvanUnicamp/Disciplinas/IM_420_Sistemas_Embarcados_de_Tempo_Real/Trabalho/microros_ros/microros_ws/install/drive_base_msgs/include/drive_base_msgs/drive_base_msgs/msg
[0.721s] -- Up-to-date: /home/ivan/Desktop/Unicamp/IvanUnicamp/Disciplinas/IM_420_Sistemas_Embarcados_de_Tempo_Real/Trabalho/microros_ros/microros_ws/install/drive_base_msgs/include/drive_base_msgs/drive_base_msgs/msg/detail
[0.721s] -- Up-to-date: /home/ivan/Desktop/Unicamp/IvanUnicamp/Disciplinas/IM_420_Sistemas_Embarcados_de_Tempo_Real/Trabalho/microros_ros/microros_ws/install/drive_base_msgs/include/drive_base_msgs/drive_base_msgs/msg/detail/command_status__rosidl_typesupport_introspection_cpp.hpp
[0.721s] -- Up-to-date: /home/ivan/Desktop/Unicamp/IvanUnicamp/Disciplinas/IM_420_Sistemas_Embarcados_de_Tempo_Real/Trabalho/microros_ros/microros_ws/install/drive_base_msgs/include/drive_base_msgs/drive_base_msgs/msg/detail/command_status__type_support.cpp
[0.722s] -- Up-to-date: /home/ivan/Desktop/Unicamp/IvanUnicamp/Disciplinas/IM_420_Sistemas_Embarcados_de_Tempo_Real/Trabalho/microros_ros/microros_ws/install/drive_base_msgs/include/drive_base_msgs/drive_base_msgs/msg/detail/base_info__type_support.cpp
[0.722s] -- Up-to-date: /home/ivan/Desktop/Unicamp/IvanUnicamp/Disciplinas/IM_420_Sistemas_Embarcados_de_Tempo_Real/Trabalho/microros_ros/microros_ws/install/drive_base_msgs/include/drive_base_msgs/drive_base_msgs/msg/detail/command_header__rosidl_typesupport_introspection_cpp.hpp
[0.722s] -- Up-to-date: /home/ivan/Desktop/Unicamp/IvanUnicamp/Disciplinas/IM_420_Sistemas_Embarcados_de_Tempo_Real/Trabalho/microros_ros/microros_ws/install/drive_base_msgs/include/drive_base_msgs/drive_base_msgs/msg/detail/trv_command__rosidl_typesupport_introspection_cpp.hpp
[0.722s] -- Up-to-date: /home/ivan/Desktop/Unicamp/IvanUnicamp/Disciplinas/IM_420_Sistemas_Embarcados_de_Tempo_Real/Trabalho/microros_ros/microros_ws/install/drive_base_msgs/include/drive_base_msgs/drive_base_msgs/msg/detail/base_info__rosidl_typesupport_introspection_cpp.hpp
[0.722s] -- Up-to-date: /home/ivan/Desktop/Unicamp/IvanUnicamp/Disciplinas/IM_420_Sistemas_Embarcados_de_Tempo_Real/Trabalho/microros_ros/microros_ws/install/drive_base_msgs/include/drive_base_msgs/drive_base_msgs/msg/detail/trv_command__type_support.cpp
[0.722s] -- Up-to-date: /home/ivan/Desktop/Unicamp/IvanUnicamp/Disciplinas/IM_420_Sistemas_Embarcados_de_Tempo_Real/Trabalho/microros_ros/microros_ws/install/drive_base_msgs/include/drive_base_msgs/drive_base_msgs/msg/detail/command_header__type_support.cpp
[0.723s] -- Up-to-date: /home/ivan/Desktop/Unicamp/IvanUnicamp/Disciplinas/IM_420_Sistemas_Embarcados_de_Tempo_Real/Trabalho/microros_ros/microros_ws/install/drive_base_msgs/lib/libdrive_base_msgs__rosidl_typesupport_introspection_cpp.so
[0.723s] -- Up-to-date: /home/ivan/Desktop/Unicamp/IvanUnicamp/Disciplinas/IM_420_Sistemas_Embarcados_de_Tempo_Real/Trabalho/microros_ros/microros_ws/install/drive_base_msgs/lib/libdrive_base_msgs__rosidl_typesupport_cpp.so
[0.723s] -- Up-to-date: /home/ivan/Desktop/Unicamp/IvanUnicamp/Disciplinas/IM_420_Sistemas_Embarcados_de_Tempo_Real/Trabalho/microros_ros/microros_ws/install/drive_base_msgs/share/drive_base_msgs/environment/pythonpath.sh
[0.723s] -- Up-to-date: /home/ivan/Desktop/Unicamp/IvanUnicamp/Disciplinas/IM_420_Sistemas_Embarcados_de_Tempo_Real/Trabalho/microros_ros/microros_ws/install/drive_base_msgs/share/drive_base_msgs/environment/pythonpath.dsv
[0.723s] -- Up-to-date: /home/ivan/Desktop/Unicamp/IvanUnicamp/Disciplinas/IM_420_Sistemas_Embarcados_de_Tempo_Real/Trabalho/microros_ros/microros_ws/install/drive_base_msgs/lib/python3.12/site-packages/drive_base_msgs-0.0.0-py3.12.egg-info
[0.723s] -- Installing: /home/ivan/Desktop/Unicamp/IvanUnicamp/Disciplinas/IM_420_Sistemas_Embarcados_de_Tempo_Real/Trabalho/microros_ros/microros_ws/install/drive_base_msgs/lib/python3.12/site-packages/drive_base_msgs-0.0.0-py3.12.egg-info/PKG-INFO
[0.724s] -- Installing: /home/ivan/Desktop/Unicamp/IvanUnicamp/Disciplinas/IM_420_Sistemas_Embarcados_de_Tempo_Real/Trabalho/microros_ros/microros_ws/install/drive_base_msgs/lib/python3.12/site-packages/drive_base_msgs-0.0.0-py3.12.egg-info/top_level.txt
[0.724s] -- Installing: /home/ivan/Desktop/Unicamp/IvanUnicamp/Disciplinas/IM_420_Sistemas_Embarcados_de_Tempo_Real/Trabalho/microros_ros/microros_ws/install/drive_base_msgs/lib/python3.12/site-packages/drive_base_msgs-0.0.0-py3.12.egg-info/dependency_links.txt
[0.724s] -- Installing: /home/ivan/Desktop/Unicamp/IvanUnicamp/Disciplinas/IM_420_Sistemas_Embarcados_de_Tempo_Real/Trabalho/microros_ros/microros_ws/install/drive_base_msgs/lib/python3.12/site-packages/drive_base_msgs-0.0.0-py3.12.egg-info/SOURCES.txt
[0.724s] -- Up-to-date: /home/ivan/Desktop/Unicamp/IvanUnicamp/Disciplinas/IM_420_Sistemas_Embarcados_de_Tempo_Real/Trabalho/microros_ros/microros_ws/install/drive_base_msgs/lib/python3.12/site-packages/drive_base_msgs
[0.724s] -- Up-to-date: /home/ivan/Desktop/Unicamp/IvanUnicamp/Disciplinas/IM_420_Sistemas_Embarcados_de_Tempo_Real/Trabalho/microros_ros/microros_ws/install/drive_base_msgs/lib/python3.12/site-packages/drive_base_msgs/_drive_base_msgs_s.ep.rosidl_typesupport_fastrtps_c.c
[0.724s] -- Up-to-date: /home/ivan/Desktop/Unicamp/IvanUnicamp/Disciplinas/IM_420_Sistemas_Embarcados_de_Tempo_Real/Trabalho/microros_ros/microros_ws/install/drive_base_msgs/lib/python3.12/site-packages/drive_base_msgs/drive_base_msgs_s__rosidl_typesupport_c.so
[0.725s] -- Up-to-date: /home/ivan/Desktop/Unicamp/IvanUnicamp/Disciplinas/IM_420_Sistemas_Embarcados_de_Tempo_Real/Trabalho/microros_ros/microros_ws/install/drive_base_msgs/lib/python3.12/site-packages/drive_base_msgs/msg
[0.725s] -- Up-to-date: /home/ivan/Desktop/Unicamp/IvanUnicamp/Disciplinas/IM_420_Sistemas_Embarcados_de_Tempo_Real/Trabalho/microros_ros/microros_ws/install/drive_base_msgs/lib/python3.12/site-packages/drive_base_msgs/msg/_command_status.py
[0.725s] -- Up-to-date: /home/ivan/Desktop/Unicamp/IvanUnicamp/Disciplinas/IM_420_Sistemas_Embarcados_de_Tempo_Real/Trabalho/microros_ros/microros_ws/install/drive_base_msgs/lib/python3.12/site-packages/drive_base_msgs/msg/_command_header.py
[0.725s] -- Up-to-date: /home/ivan/Desktop/Unicamp/IvanUnicamp/Disciplinas/IM_420_Sistemas_Embarcados_de_Tempo_Real/Trabalho/microros_ros/microros_ws/install/drive_base_msgs/lib/python3.12/site-packages/drive_base_msgs/msg/_command_status_s.c
[0.725s] -- Up-to-date: /home/ivan/Desktop/Unicamp/IvanUnicamp/Disciplinas/IM_420_Sistemas_Embarcados_de_Tempo_Real/Trabalho/microros_ros/microros_ws/install/drive_base_msgs/lib/python3.12/site-packages/drive_base_msgs/msg/_base_info_s.c
[0.726s] -- Up-to-date: /home/ivan/Desktop/Unicamp/IvanUnicamp/Disciplinas/IM_420_Sistemas_Embarcados_de_Tempo_Real/Trabalho/microros_ros/microros_ws/install/drive_base_msgs/lib/python3.12/site-packages/drive_base_msgs/msg/_command_header_s.c
[0.726s] -- Up-to-date: /home/ivan/Desktop/Unicamp/IvanUnicamp/Disciplinas/IM_420_Sistemas_Embarcados_de_Tempo_Real/Trabalho/microros_ros/microros_ws/install/drive_base_msgs/lib/python3.12/site-packages/drive_base_msgs/msg/_trv_command_s.c
[0.726s] -- Up-to-date: /home/ivan/Desktop/Unicamp/IvanUnicamp/Disciplinas/IM_420_Sistemas_Embarcados_de_Tempo_Real/Trabalho/microros_ros/microros_ws/install/drive_base_msgs/lib/python3.12/site-packages/drive_base_msgs/msg/_trv_command.py
[0.726s] -- Up-to-date: /home/ivan/Desktop/Unicamp/IvanUnicamp/Disciplinas/IM_420_Sistemas_Embarcados_de_Tempo_Real/Trabalho/microros_ros/microros_ws/install/drive_base_msgs/lib/python3.12/site-packages/drive_base_msgs/msg/_base_info.py
[0.726s] -- Up-to-date: /home/ivan/Desktop/Unicamp/IvanUnicamp/Disciplinas/IM_420_Sistemas_Embarcados_de_Tempo_Real/Trabalho/microros_ros/microros_ws/install/drive_base_msgs/lib/python3.12/site-packages/drive_base_msgs/msg/__init__.py
[0.726s] -- Up-to-date: /home/ivan/Desktop/Unicamp/IvanUnicamp/Disciplinas/IM_420_Sistemas_Embarcados_de_Tempo_Real/Trabalho/microros_ros/microros_ws/install/drive_base_msgs/lib/python3.12/site-packages/drive_base_msgs/drive_base_msgs_s__rosidl_typesupport_fastrtps_c.so
[0.727s] -- Up-to-date: /home/ivan/Desktop/Unicamp/IvanUnicamp/Disciplinas/IM_420_Sistemas_Embarcados_de_Tempo_Real/Trabalho/microros_ros/microros_ws/install/drive_base_msgs/lib/python3.12/site-packages/drive_base_msgs/drive_base_msgs_s__rosidl_typesupport_introspection_c.so
[0.727s] -- Up-to-date: /home/ivan/Desktop/Unicamp/IvanUnicamp/Disciplinas/IM_420_Sistemas_Embarcados_de_Tempo_Real/Trabalho/microros_ros/microros_ws/install/drive_base_msgs/lib/python3.12/site-packages/drive_base_msgs/_drive_base_msgs_s.ep.rosidl_typesupport_c.c
[0.727s] -- Up-to-date: /home/ivan/Desktop/Unicamp/IvanUnicamp/Disciplinas/IM_420_Sistemas_Embarcados_de_Tempo_Real/Trabalho/microros_ros/microros_ws/install/drive_base_msgs/lib/python3.12/site-packages/drive_base_msgs/_drive_base_msgs_s.ep.rosidl_typesupport_introspection_c.c
[0.727s] -- Up-to-date: /home/ivan/Desktop/Unicamp/IvanUnicamp/Disciplinas/IM_420_Sistemas_Embarcados_de_Tempo_Real/Trabalho/microros_ros/microros_ws/install/drive_base_msgs/lib/python3.12/site-packages/drive_base_msgs/__init__.py
[0.780s] Listing '/home/ivan/Desktop/Unicamp/IvanUnicamp/Disciplinas/IM_420_Sistemas_Embarcados_de_Tempo_Real/Trabalho/microros_ros/microros_ws/install/drive_base_msgs/lib/python3.12/site-packages/drive_base_msgs'...
[0.780s] Listing '/home/ivan/Desktop/Unicamp/IvanUnicamp/Disciplinas/IM_420_Sistemas_Embarcados_de_Tempo_Real/Trabalho/microros_ros/microros_ws/install/drive_base_msgs/lib/python3.12/site-packages/drive_base_msgs/msg'...
[0.790s] -- Up-to-date: /home/ivan/Desktop/Unicamp/IvanUnicamp/Disciplinas/IM_420_Sistemas_Embarcados_de_Tempo_Real/Trabalho/microros_ros/microros_ws/install/drive_base_msgs/lib/python3.12/site-packages/drive_base_msgs/drive_base_msgs_s__rosidl_typesupport_fastrtps_c.so
[0.791s] -- Up-to-date: /home/ivan/Desktop/Unicamp/IvanUnicamp/Disciplinas/IM_420_Sistemas_Embarcados_de_Tempo_Real/Trabalho/microros_ros/microros_ws/install/drive_base_msgs/lib/python3.12/site-packages/drive_base_msgs/drive_base_msgs_s__rosidl_typesupport_introspection_c.so
[0.791s] -- Up-to-date: /home/ivan/Desktop/Unicamp/IvanUnicamp/Disciplinas/IM_420_Sistemas_Embarcados_de_Tempo_Real/Trabalho/microros_ros/microros_ws/install/drive_base_msgs/lib/python3.12/site-packages/drive_base_msgs/drive_base_msgs_s__rosidl_typesupport_c.so
[0.791s] -- Up-to-date: /home/ivan/Desktop/Unicamp/IvanUnicamp/Disciplinas/IM_420_Sistemas_Embarcados_de_Tempo_Real/Trabalho/microros_ros/microros_ws/install/drive_base_msgs/lib/libdrive_base_msgs__rosidl_generator_py.so
[0.792s] -- Up-to-date: /home/ivan/Desktop/Unicamp/IvanUnicamp/Disciplinas/IM_420_Sistemas_Embarcados_de_Tempo_Real/Trabalho/microros_ros/microros_ws/install/drive_base_msgs/share/drive_base_msgs/msg/CommandHeader.idl
[0.792s] -- Up-to-date: /home/ivan/Desktop/Unicamp/IvanUnicamp/Disciplinas/IM_420_Sistemas_Embarcados_de_Tempo_Real/Trabalho/microros_ros/microros_ws/install/drive_base_msgs/share/drive_base_msgs/msg/BaseInfo.idl
[0.792s] -- Up-to-date: /home/ivan/Desktop/Unicamp/IvanUnicamp/Disciplinas/IM_420_Sistemas_Embarcados_de_Tempo_Real/Trabalho/microros_ros/microros_ws/install/drive_base_msgs/share/drive_base_msgs/msg/CommandStatus.idl
[0.792s] -- Up-to-date: /home/ivan/Desktop/Unicamp/IvanUnicamp/Disciplinas/IM_420_Sistemas_Embarcados_de_Tempo_Real/Trabalho/microros_ros/microros_ws/install/drive_base_msgs/share/drive_base_msgs/msg/TRVCommand.idl
[0.792s] -- Up-to-date: /home/ivan/Desktop/Unicamp/IvanUnicamp/Disciplinas/IM_420_Sistemas_Embarcados_de_Tempo_Real/Trabalho/microros_ros/microros_ws/install/drive_base_msgs/share/drive_base_msgs/msg/CommandHeader.msg
[0.792s] -- Up-to-date: /home/ivan/Desktop/Unicamp/IvanUnicamp/Disciplinas/IM_420_Sistemas_Embarcados_de_Tempo_Real/Trabalho/microros_ros/microros_ws/install/drive_base_msgs/share/drive_base_msgs/msg/BaseInfo.msg
[0.792s] -- Up-to-date: /home/ivan/Desktop/Unicamp/IvanUnicamp/Disciplinas/IM_420_Sistemas_Embarcados_de_Tempo_Real/Trabalho/microros_ros/microros_ws/install/drive_base_msgs/share/drive_base_msgs/msg/CommandStatus.msg
[0.792s] -- Up-to-date: /home/ivan/Desktop/Unicamp/IvanUnicamp/Disciplinas/IM_420_Sistemas_Embarcados_de_Tempo_Real/Trabalho/microros_ros/microros_ws/install/drive_base_msgs/share/drive_base_msgs/msg/TRVCommand.msg
[0.793s] -- Up-to-date: /home/ivan/Desktop/Unicamp/IvanUnicamp/Disciplinas/IM_420_Sistemas_Embarcados_de_Tempo_Real/Trabalho/microros_ros/microros_ws/install/drive_base_msgs/share/ament_index/resource_index/package_run_dependencies/drive_base_msgs
[0.793s] -- Up-to-date: /home/ivan/Desktop/Unicamp/IvanUnicamp/Disciplinas/IM_420_Sistemas_Embarcados_de_Tempo_Real/Trabalho/microros_ros/microros_ws/install/drive_base_msgs/share/ament_index/resource_index/parent_prefix_path/drive_base_msgs
[0.793s] -- Up-to-date: /home/ivan/Desktop/Unicamp/IvanUnicamp/Disciplinas/IM_420_Sistemas_Embarcados_de_Tempo_Real/Trabalho/microros_ros/microros_ws/install/drive_base_msgs/share/drive_base_msgs/environment/ament_prefix_path.sh
[0.793s] -- Up-to-date: /home/ivan/Desktop/Unicamp/IvanUnicamp/Disciplinas/IM_420_Sistemas_Embarcados_de_Tempo_Real/Trabalho/microros_ros/microros_ws/install/drive_base_msgs/share/drive_base_msgs/environment/ament_prefix_path.dsv
[0.793s] -- Up-to-date: /home/ivan/Desktop/Unicamp/IvanUnicamp/Disciplinas/IM_420_Sistemas_Embarcados_de_Tempo_Real/Trabalho/microros_ros/microros_ws/install/drive_base_msgs/share/drive_base_msgs/environment/path.sh
[0.794s] -- Up-to-date: /home/ivan/Desktop/Unicamp/IvanUnicamp/Disciplinas/IM_420_Sistemas_Embarcados_de_Tempo_Real/Trabalho/microros_ros/microros_ws/install/drive_base_msgs/share/drive_base_msgs/environment/path.dsv
[0.794s] -- Up-to-date: /home/ivan/Desktop/Unicamp/IvanUnicamp/Disciplinas/IM_420_Sistemas_Embarcados_de_Tempo_Real/Trabalho/microros_ros/microros_ws/install/drive_base_msgs/share/drive_base_msgs/local_setup.bash
[0.794s] -- Up-to-date: /home/ivan/Desktop/Unicamp/IvanUnicamp/Disciplinas/IM_420_Sistemas_Embarcados_de_Tempo_Real/Trabalho/microros_ros/microros_ws/install/drive_base_msgs/share/drive_base_msgs/local_setup.sh
[0.794s] -- Up-to-date: /home/ivan/Desktop/Unicamp/IvanUnicamp/Disciplinas/IM_420_Sistemas_Embarcados_de_Tempo_Real/Trabalho/microros_ros/microros_ws/install/drive_base_msgs/share/drive_base_msgs/local_setup.zsh
[0.794s] -- Up-to-date: /home/ivan/Desktop/Unicamp/IvanUnicamp/Disciplinas/IM_420_Sistemas_Embarcados_de_Tempo_Real/Trabalho/microros_ros/microros_ws/install/drive_base_msgs/share/drive_base_msgs/local_setup.dsv
[0.794s] -- Installing: /home/ivan/Desktop/Unicamp/IvanUnicamp/Disciplinas/IM_420_Sistemas_Embarcados_de_Tempo_Real/Trabalho/microros_ros/microros_ws/install/drive_base_msgs/share/drive_base_msgs/package.dsv
[0.795s] -- Up-to-date: /home/ivan/Desktop/Unicamp/IvanUnicamp/Disciplinas/IM_420_Sistemas_Embarcados_de_Tempo_Real/Trabalho/microros_ros/microros_ws/install/drive_base_msgs/share/ament_index/resource_index/packages/drive_base_msgs
[0.795s] -- Up-to-date: /home/ivan/Desktop/Unicamp/IvanUnicamp/Disciplinas/IM_420_Sistemas_Embarcados_de_Tempo_Real/Trabalho/microros_ros/microros_ws/install/drive_base_msgs/share/drive_base_msgs/cmake/export_drive_base_msgs__rosidl_generator_cExport.cmake
[0.795s] -- Up-to-date: /home/ivan/Desktop/Unicamp/IvanUnicamp/Disciplinas/IM_420_Sistemas_Embarcados_de_Tempo_Real/Trabalho/microros_ros/microros_ws/install/drive_base_msgs/share/drive_base_msgs/cmake/export_drive_base_msgs__rosidl_generator_cExport-noconfig.cmake
[0.795s] -- Up-to-date: /home/ivan/Desktop/Unicamp/IvanUnicamp/Disciplinas/IM_420_Sistemas_Embarcados_de_Tempo_Real/Trabalho/microros_ros/microros_ws/install/drive_base_msgs/share/drive_base_msgs/cmake/export_drive_base_msgs__rosidl_typesupport_fastrtps_cExport.cmake
[0.796s] -- Up-to-date: /home/ivan/Desktop/Unicamp/IvanUnicamp/Disciplinas/IM_420_Sistemas_Embarcados_de_Tempo_Real/Trabalho/microros_ros/microros_ws/install/drive_base_msgs/share/drive_base_msgs/cmake/export_drive_base_msgs__rosidl_typesupport_fastrtps_cExport-noconfig.cmake
[0.796s] -- Up-to-date: /home/ivan/Desktop/Unicamp/IvanUnicamp/Disciplinas/IM_420_Sistemas_Embarcados_de_Tempo_Real/Trabalho/microros_ros/microros_ws/install/drive_base_msgs/share/drive_base_msgs/cmake/export_drive_base_msgs__rosidl_generator_cppExport.cmake
[0.796s] -- Up-to-date: /home/ivan/Desktop/Unicamp/IvanUnicamp/Disciplinas/IM_420_Sistemas_Embarcados_de_Tempo_Real/Trabalho/microros_ros/microros_ws/install/drive_base_msgs/share/drive_base_msgs/cmake/export_drive_base_msgs__rosidl_typesupport_fastrtps_cppExport.cmake
[0.796s] -- Up-to-date: /home/ivan/Desktop/Unicamp/IvanUnicamp/Disciplinas/IM_420_Sistemas_Embarcados_de_Tempo_Real/Trabalho/microros_ros/microros_ws/install/drive_base_msgs/share/drive_base_msgs/cmake/export_drive_base_msgs__rosidl_typesupport_fastrtps_cppExport-noconfig.cmake
[0.796s] -- Up-to-date: /home/ivan/Desktop/Unicamp/IvanUnicamp/Disciplinas/IM_420_Sistemas_Embarcados_de_Tempo_Real/Trabalho/microros_ros/microros_ws/install/drive_base_msgs/share/drive_base_msgs/cmake/drive_base_msgs__rosidl_typesupport_introspection_cExport.cmake
[0.797s] -- Up-to-date: /home/ivan/Desktop/Unicamp/IvanUnicamp/Disciplinas/IM_420_Sistemas_Embarcados_de_Tempo_Real/Trabalho/microros_ros/microros_ws/install/drive_base_msgs/share/drive_base_msgs/cmake/drive_base_msgs__rosidl_typesupport_introspection_cExport-noconfig.cmake
[0.797s] -- Up-to-date: /home/ivan/Desktop/Unicamp/IvanUnicamp/Disciplinas/IM_420_Sistemas_Embarcados_de_Tempo_Real/Trabalho/microros_ros/microros_ws/install/drive_base_msgs/share/drive_base_msgs/cmake/drive_base_msgs__rosidl_typesupport_cExport.cmake
[0.797s] -- Up-to-date: /home/ivan/Desktop/Unicamp/IvanUnicamp/Disciplinas/IM_420_Sistemas_Embarcados_de_Tempo_Real/Trabalho/microros_ros/microros_ws/install/drive_base_msgs/share/drive_base_msgs/cmake/drive_base_msgs__rosidl_typesupport_cExport-noconfig.cmake
[0.797s] -- Up-to-date: /home/ivan/Desktop/Unicamp/IvanUnicamp/Disciplinas/IM_420_Sistemas_Embarcados_de_Tempo_Real/Trabalho/microros_ros/microros_ws/install/drive_base_msgs/share/drive_base_msgs/cmake/drive_base_msgs__rosidl_typesupport_introspection_cppExport.cmake
[0.797s] -- Up-to-date: /home/ivan/Desktop/Unicamp/IvanUnicamp/Disciplinas/IM_420_Sistemas_Embarcados_de_Tempo_Real/Trabalho/microros_ros/microros_ws/install/drive_base_msgs/share/drive_base_msgs/cmake/drive_base_msgs__rosidl_typesupport_introspection_cppExport-noconfig.cmake
[0.798s] -- Up-to-date: /home/ivan/Desktop/Unicamp/IvanUnicamp/Disciplinas/IM_420_Sistemas_Embarcados_de_Tempo_Real/Trabalho/microros_ros/microros_ws/install/drive_base_msgs/share/drive_base_msgs/cmake/drive_base_msgs__rosidl_typesupport_cppExport.cmake
[0.798s] -- Up-to-date: /home/ivan/Desktop/Unicamp/IvanUnicamp/Disciplinas/IM_420_Sistemas_Embarcados_de_Tempo_Real/Trabalho/microros_ros/microros_ws/install/drive_base_msgs/share/drive_base_msgs/cmake/drive_base_msgs__rosidl_typesupport_cppExport-noconfig.cmake
[0.798s] -- Up-to-date: /home/ivan/Desktop/Unicamp/IvanUnicamp/Disciplinas/IM_420_Sistemas_Embarcados_de_Tempo_Real/Trabalho/microros_ros/microros_ws/install/drive_base_msgs/share/drive_base_msgs/cmake/export_drive_base_msgs__rosidl_generator_pyExport.cmake
[0.798s] -- Up-to-date: /home/ivan/Desktop/Unicamp/IvanUnicamp/Disciplinas/IM_420_Sistemas_Embarcados_de_Tempo_Real/Trabalho/microros_ros/microros_ws/install/drive_base_msgs/share/drive_base_msgs/cmake/export_drive_base_msgs__rosidl_generator_pyExport-noconfig.cmake
[0.799s] -- Up-to-date: /home/ivan/Desktop/Unicamp/IvanUnicamp/Disciplinas/IM_420_Sistemas_Embarcados_de_Tempo_Real/Trabalho/microros_ros/microros_ws/install/drive_base_msgs/share/drive_base_msgs/cmake/rosidl_cmake-extras.cmake
[0.799s] -- Up-to-date: /home/ivan/Desktop/Unicamp/IvanUnicamp/Disciplinas/IM_420_Sistemas_Embarcados_de_Tempo_Real/Trabalho/microros_ros/microros_ws/install/drive_base_msgs/share/drive_base_msgs/cmake/ament_cmake_export_dependencies-extras.cmake
[0.799s] -- Up-to-date: /home/ivan/Desktop/Unicamp/IvanUnicamp/Disciplinas/IM_420_Sistemas_Embarcados_de_Tempo_Real/Trabalho/microros_ros/microros_ws/install/drive_base_msgs/share/drive_base_msgs/cmake/ament_cmake_export_include_directories-extras.cmake
[0.800s] -- Up-to-date: /home/ivan/Desktop/Unicamp/IvanUnicamp/Disciplinas/IM_420_Sistemas_Embarcados_de_Tempo_Real/Trabalho/microros_ros/microros_ws/install/drive_base_msgs/share/drive_base_msgs/cmake/ament_cmake_export_libraries-extras.cmake
[0.801s] -- Up-to-date: /home/ivan/Desktop/Unicamp/IvanUnicamp/Disciplinas/IM_420_Sistemas_Embarcados_de_Tempo_Real/Trabalho/microros_ros/microros_ws/install/drive_base_msgs/share/drive_base_msgs/cmake/ament_cmake_export_targets-extras.cmake
[0.801s] -- Up-to-date: /home/ivan/Desktop/Unicamp/IvanUnicamp/Disciplinas/IM_420_Sistemas_Embarcados_de_Tempo_Real/Trabalho/microros_ros/microros_ws/install/drive_base_msgs/share/drive_base_msgs/cmake/rosidl_cmake_export_typesupport_targets-extras.cmake
[0.801s] -- Up-to-date: /home/ivan/Desktop/Unicamp/IvanUnicamp/Disciplinas/IM_420_Sistemas_Embarcados_de_Tempo_Real/Trabalho/microros_ros/microros_ws/install/drive_base_msgs/share/drive_base_msgs/cmake/rosidl_cmake_export_typesupport_libraries-extras.cmake
[0.801s] -- Up-to-date: /home/ivan/Desktop/Unicamp/IvanUnicamp/Disciplinas/IM_420_Sistemas_Embarcados_de_Tempo_Real/Trabalho/microros_ros/microros_ws/install/drive_base_msgs/share/drive_base_msgs/cmake/drive_base_msgsConfig.cmake
[0.802s] -- Up-to-date: /home/ivan/Desktop/Unicamp/IvanUnicamp/Disciplinas/IM_420_Sistemas_Embarcados_de_Tempo_Real/Trabalho/microros_ros/microros_ws/install/drive_base_msgs/share/drive_base_msgs/cmake/drive_base_msgsConfig-version.cmake
[0.802s] -- Up-to-date: /home/ivan/Desktop/Unicamp/IvanUnicamp/Disciplinas/IM_420_Sistemas_Embarcados_de_Tempo_Real/Trabalho/microros_ros/microros_ws/install/drive_base_msgs/share/drive_base_msgs/package.xml
[0.802s] Invoked command in '/home/ivan/Desktop/Unicamp/IvanUnicamp/Disciplinas/IM_420_Sistemas_Embarcados_de_Tempo_Real/Trabalho/microros_ros/microros_ws/build/drive_base_msgs' returned '0': CMAKE_PREFIX_PATH=${CMAKE_PREFIX_PATH}:/opt/ros/jazzy DEBUGINFOD_URLS=https://debuginfod.ubuntu.com /usr/bin/cmake --install /home/ivan/Desktop/Unicamp/IvanUnicamp/Disciplinas/IM_420_Sistemas_Embarcados_de_Tempo_Real/Trabalho/microros_ros/microros_ws/build/drive_base_msgs
