[0.011s] Invoking command in '/home/ivan/Desktop/Unicamp/IvanUnicamp/Disciplinas/IM_420_Sistemas_Embarcados_de_Tempo_Real/Trabalho/gazebo_ros/build/my_drone_package': CMAKE_PREFIX_PATH=${CMAKE_PREFIX_PATH}:/opt/ros/jazzy DEBUGINFOD_URLS=https://debuginfod.ubuntu.com /usr/bin/cmake --build /home/ivan/Desktop/Unicamp/IvanUnicamp/Disciplinas/IM_420_Sistemas_Embarcados_de_Tempo_Real/Trabalho/gazebo_ros/build/my_drone_package -- -j8 -l8
[0.095s] [ 50%] [32mBuilding CXX object CMakeFiles/my_drone_node.dir/src/my_drone_node.cpp.o[0m
[1.931s] [100%] [32m[1mLinking CXX executable my_drone_node[0m
[2.158s] [100%] Built target my_drone_node
[2.174s] Invoked command in '/home/ivan/Desktop/Unicamp/IvanUnicamp/Disciplinas/IM_420_Sistemas_Embarcados_de_Tempo_Real/Trabalho/gazebo_ros/build/my_drone_package' returned '0': CMAKE_PREFIX_PATH=${CMAKE_PREFIX_PATH}:/opt/ros/jazzy DEBUGINFOD_URLS=https://debuginfod.ubuntu.com /usr/bin/cmake --build /home/ivan/Desktop/Unicamp/IvanUnicamp/Disciplinas/IM_420_Sistemas_Embarcados_de_Tempo_Real/Trabalho/gazebo_ros/build/my_drone_package -- -j8 -l8
[2.233s] Invoking command in '/home/ivan/Desktop/Unicamp/IvanUnicamp/Disciplinas/IM_420_Sistemas_Embarcados_de_Tempo_Real/Trabalho/gazebo_ros/build/my_drone_package': CMAKE_PREFIX_PATH=${CMAKE_PREFIX_PATH}:/opt/ros/jazzy DEBUGINFOD_URLS=https://debuginfod.ubuntu.com /usr/bin/cmake --install /home/ivan/Desktop/Unicamp/IvanUnicamp/Disciplinas/IM_420_Sistemas_Embarcados_de_Tempo_Real/Trabalho/gazebo_ros/build/my_drone_package
[2.246s] -- Install configuration: ""
[2.246s] -- Installing: /home/ivan/Desktop/Unicamp/IvanUnicamp/Disciplinas/IM_420_Sistemas_Embarcados_de_Tempo_Real/Trabalho/gazebo_ros/install/my_drone_package/lib/my_drone_package/my_drone_node
[2.247s] -- Set non-toolchain portion of runtime path of "/home/ivan/Desktop/Unicamp/IvanUnicamp/Disciplinas/IM_420_Sistemas_Embarcados_de_Tempo_Real/Trabalho/gazebo_ros/install/my_drone_package/lib/my_drone_package/my_drone_node" to ""
[2.247s] -- Up-to-date: /home/ivan/Desktop/Unicamp/IvanUnicamp/Disciplinas/IM_420_Sistemas_Embarcados_de_Tempo_Real/Trabalho/gazebo_ros/install/my_drone_package/share/ament_index/resource_index/package_run_dependencies/my_drone_package
[2.247s] -- Up-to-date: /home/ivan/Desktop/Unicamp/IvanUnicamp/Disciplinas/IM_420_Sistemas_Embarcados_de_Tempo_Real/Trabalho/gazebo_ros/install/my_drone_package/share/ament_index/resource_index/parent_prefix_path/my_drone_package
[2.247s] -- Up-to-date: /home/ivan/Desktop/Unicamp/IvanUnicamp/Disciplinas/IM_420_Sistemas_Embarcados_de_Tempo_Real/Trabalho/gazebo_ros/install/my_drone_package/share/my_drone_package/environment/ament_prefix_path.sh
[2.248s] -- Up-to-date: /home/ivan/Desktop/Unicamp/IvanUnicamp/Disciplinas/IM_420_Sistemas_Embarcados_de_Tempo_Real/Trabalho/gazebo_ros/install/my_drone_package/share/my_drone_package/environment/ament_prefix_path.dsv
[2.248s] -- Up-to-date: /home/ivan/Desktop/Unicamp/IvanUnicamp/Disciplinas/IM_420_Sistemas_Embarcados_de_Tempo_Real/Trabalho/gazebo_ros/install/my_drone_package/share/my_drone_package/environment/path.sh
[2.249s] -- Up-to-date: /home/ivan/Desktop/Unicamp/IvanUnicamp/Disciplinas/IM_420_Sistemas_Embarcados_de_Tempo_Real/Trabalho/gazebo_ros/install/my_drone_package/share/my_drone_package/environment/path.dsv
[2.249s] -- Up-to-date: /home/ivan/Desktop/Unicamp/IvanUnicamp/Disciplinas/IM_420_Sistemas_Embarcados_de_Tempo_Real/Trabalho/gazebo_ros/install/my_drone_package/share/my_drone_package/local_setup.bash
[2.249s] -- Up-to-date: /home/ivan/Desktop/Unicamp/IvanUnicamp/Disciplinas/IM_420_Sistemas_Embarcados_de_Tempo_Real/Trabalho/gazebo_ros/install/my_drone_package/share/my_drone_package/local_setup.sh
[2.249s] -- Up-to-date: /home/ivan/Desktop/Unicamp/IvanUnicamp/Disciplinas/IM_420_Sistemas_Embarcados_de_Tempo_Real/Trabalho/gazebo_ros/install/my_drone_package/share/my_drone_package/local_setup.zsh
[2.250s] -- Up-to-date: /home/ivan/Desktop/Unicamp/IvanUnicamp/Disciplinas/IM_420_Sistemas_Embarcados_de_Tempo_Real/Trabalho/gazebo_ros/install/my_drone_package/share/my_drone_package/local_setup.dsv
[2.250s] -- Installing: /home/ivan/Desktop/Unicamp/IvanUnicamp/Disciplinas/IM_420_Sistemas_Embarcados_de_Tempo_Real/Trabalho/gazebo_ros/install/my_drone_package/share/my_drone_package/package.dsv
[2.250s] -- Up-to-date: /home/ivan/Desktop/Unicamp/IvanUnicamp/Disciplinas/IM_420_Sistemas_Embarcados_de_Tempo_Real/Trabalho/gazebo_ros/install/my_drone_package/share/ament_index/resource_index/packages/my_drone_package
[2.250s] -- Up-to-date: /home/ivan/Desktop/Unicamp/IvanUnicamp/Disciplinas/IM_420_Sistemas_Embarcados_de_Tempo_Real/Trabalho/gazebo_ros/install/my_drone_package/share/my_drone_package/cmake/my_drone_packageConfig.cmake
[2.250s] -- Up-to-date: /home/ivan/Desktop/Unicamp/IvanUnicamp/Disciplinas/IM_420_Sistemas_Embarcados_de_Tempo_Real/Trabalho/gazebo_ros/install/my_drone_package/share/my_drone_package/cmake/my_drone_packageConfig-version.cmake
[2.250s] -- Up-to-date: /home/ivan/Desktop/Unicamp/IvanUnicamp/Disciplinas/IM_420_Sistemas_Embarcados_de_Tempo_Real/Trabalho/gazebo_ros/install/my_drone_package/share/my_drone_package/package.xml
[2.255s] Invoked command in '/home/ivan/Desktop/Unicamp/IvanUnicamp/Disciplinas/IM_420_Sistemas_Embarcados_de_Tempo_Real/Trabalho/gazebo_ros/build/my_drone_package' returned '0': CMAKE_PREFIX_PATH=${CMAKE_PREFIX_PATH}:/opt/ros/jazzy DEBUGINFOD_URLS=https://debuginfod.ubuntu.com /usr/bin/cmake --install /home/ivan/Desktop/Unicamp/IvanUnicamp/Disciplinas/IM_420_Sistemas_Embarcados_de_Tempo_Real/Trabalho/gazebo_ros/build/my_drone_package
